Shoreburn Greencliff Redlake Ironhedge Mistwick Fallden Westerlight Bushgate Corbank Bluedell Corbank Bushgate Westerlight Fallden Strongford Cleargrass Fairice Freymere Fairice Linville Morwald Clearland Ostham Irondeer Ostham Clearland Deephedge Fairfort Ironshore Ironriver Newmill Stoneglass Hollowwynne Lochmage Hollowwynne Stoneglass Newmill Ironriver Ironshore Fairfort Deephedge Marblehaven Courtwall Marblehaven Deephedge Clearland Aldley Greygrass Silverlea Butterway Seamoor Butterway Silverlea Deerdell Silverlea Greygrass Shadowgrass Southpine Shadowgrass Greygrass Aldley Woodice Mallowway Icebridge Mistshore Icebridge Shadowhaven Valhaven Windkeep Wolflea Windkeep Valhaven Wellbank Valhaven Starryhill Valhaven Shadowhaven Icebridge Mallowway Woodice Aldley Clearland Morwald Fogmarsh Applecastle Fogmarsh Morwald Linville Morwall Highwell Bellhollow Starrywolf Silverbarrow Starrywolf Bellhollow Highwell Morwall Linville Bluewyn Stonecrystal Bluewyn Brightelf Stonewolf Eastwald Redby Courtbush Butterbush Orbarrow Rosegate Esterfall Springfalcon Courtedge Lightkeep Blackbush Lightkeep Courtedge Springfalcon Esterfall Rosegate Fairsage Strongfall Fairsage Rosegate Orbarrow Butterbush Fogland Butterbush Courtbush Oakmere Courtbush Redby Eastwald Stonewolf Brightelf Bluewyn Linville Fairice Cleargrass Strongford Fallden Mistwick Ironhedge Pinepond Redwell Erilyn Whiteelf Shorebarrow Springburn Osttown Oldmoor Osttown Springburn Springfox Snowwinter Wintershore Aelbush Goldcrest Aelbush Wintershore Newley Barrowdale Snowsage Greyice Snowsage Barrowdale Newley Wintershore Snowwinter Springfox Springburn Shorebarrow Whiteelf Erilyn Redwell Pinepond Ironhedge Redlake Greencliff Shoreburn
63
Butterway Butterway Esterash
Lochmage Lochmage Butterhill
Goldcrest Stonefair Goldcrest Lightmere
Shorebarrow Highmont Violetley
Oldmoor Oldmoor Wooddell
Clearland Clearland
Bellhollow Wellmage
Fairsage Fairsage
Blackbush Fieldedge Clearnesse Blackbush
Shadowgrass Bluedale
Greyice Greyice Mallowness
Stoneglass Stoneglass
Pinepond Northriver
Bluedell Bluedell Greenshore
Orbarrow Orbarrow
Deerdell Foxvale Silverwitch
Irondeer Newby Freyview Irondeer
Ironriver Mallowbridge Ironriver
Stonecrystal Foxhaven Windbridge
Mistshore Dellwyn Mistshore
Redwell Redwell
Snowsage Snowsage Goldwyvern
Valhaven Valhaven
Starryhill Starryhill Ostwynne
Deephedge Deephedge
Wolflea Wolflea Eriwall
Erilyn Erilyn
Courtedge Courtedge Coldville
Westerlight Westerlight
Osttown Verthedge Southwheat
Butterbush Butterbush
Courtwall Courtwall Flowerfield
Corbank Corbank
Seamoor Seamoor Flowermill
Redlake Bluelake Redlake
Oakmere Oakmere Greensummer Orfort
Newmill Rosemill Newmill
Strongfall Strongfall Westvale
Silverbarrow Snowshore Silverbarrow
Stonewolf Brightmere
Rosegate Rosegate
Fogland Brightrock Fogland Wildemarsh
Bushgate Bushgate
Shoreburn Shoreburn
Mallowway Mallowway
Springfox Springfox
Applecastle Applecastle Violetfay
Southpine Icenesse Southpine
Esterfall Esterfall
Wellbank Janholt Wellbank
Ironshore Ironshore
Highwell Courtcastle
Bluewyn Bluewyn
Mistwick Westmill
Ironhedge Summermage
Woodice Woodice Eastcastle
Freymere Buttermead Northwynne Freymere
Eastwald Marbleiron
Fairice Fairice
Newley Newley
Morwall Morwall
Morwald Morwald
Silverlea Silverlea
