129 15 41 157 110 154 196 154 110 157 4 2 46 2 4 157 41 15 129 99 145 180 86 188 179 92 124 92 13 118 10 118 45 118 13 92 179 161 185 158 84 7 19 43 72 21 72 79 72 43 19 7 84 158 185 65 123 103 98 48 97 101 170 73 170 101 97 48 34 51 197 5 197 51 24 94 27 94 24 51 62 71 64 71 62 51 34 109 184 85 133 106 133 85 184 109 34 48 98 103 192 103 123 65 185 161 179 188 86 180 145 32 181 8 142 8 181 32 145 99 31 88 1 88 31 99 129
45
1 1 130
4 4
7 7
10 10 100
13 13
124 16 124
19 19
45 22 160
46 25 46
5 28 148
31 31
34 34
196 37 196
27 40 172
43 43
62 49
101 52
2 55
170 58
142 61 142
64 64 163
21 67 151 190
185 70
73 73 136
179 76
79 79 112
197 82
85 85
88 88 127
71 91
94 94 139
97 97
103 103
106 106 178
109 109
84 115
118 118 166
192 121 175
133 133
145 145
154 154 193
157 157
181 169 181
184 184
32 187
