FacultyClub EarthquakeLibrary FacultyClub MLK Moses Minor EnvDesignLibrary BrainImagingCenter WooHonFai Bechtel Bowles AquaticCenter MSRI SatherGate Koshland MathLibrary EllsworthParking ClarkKerrCampus Kroeber OldArtGallery CITRIS BerkeleyLawLibrary HearstMining Zellerbach BanwayBuilding Zellerbach HearstMining BerkeleyLawLibrary CITRIS OldArtGallery Kroeber ClarkKerrCampus EllsworthParking Hildebrand Mulford PhilosophyLibrary Cleary BancroftDance Cleary PhilosophyLibrary Mulford Hildebrand EllsworthParking MathLibrary Koshland SatherGate MSRI LawSchool Boalt ArtHistoryLibrary Durham WomensFacultyClub HaasClubhouse Unit3 BerkeleyWayWest NatrLaboratory DataLab CounselingLibrary Birge Classof54Gate Stephens Classof54Gate Birge CounselingLibrary LeConte Campbell IRLE Campbell LeConte CounselingLibrary DataLab NatrLaboratory GraduateServices EngineeringLibrary FoundersRock SEAsianLibrary InsectaryGreenhouse BioscienceLibrary Jacobs Stanley HearstFountain Stanley Jacobs BioscienceLibrary InsectaryGreenhouse SEAsianLibrary FoundersRock Haas Warren OxfordResearchUnit UniversityHouse OxfordResearchUnit Warren Haas FSM Blum JuliaMorgan SharedServices Wellman Simon EnergyBuilding Simon Wellman LiKaShingCenter Wheeler CareerCenter Wheeler LiKaShingCenter Wellman SharedServices JuliaMorgan Blum FSM Haas FoundersRock EngineeringLibrary GraduateServices NatrLaboratory BerkeleyWayWest Unit3 HaasClubhouse WomensFacultyClub Durham ArtHistoryLibrary Boalt McCone VisitorCenter HearstFieldAnnex NewspapersLibrary AnthropologyLibrary StudentUnion LawrenceofScience SproulPlaza KoretVisitorCenter Underhill LowerHearstParking EarthLibrary NorthGate BusinessLibrary HearstGym BusinessLibrary NorthGate EarthLibrary TAAP EarthLibrary LowerHearstParking University LudwigsFountain MusicLibrary ChildStudyCenter Parking EthnicLibrary Hertz Foothill UCBExtension HearstGreekTheatre Unit1 Hilgard DonnerLaboratory Cory MediaCenter Cory DonnerLaboratory Hilgard Unit1 HearstGreekTheatre UCBExtension StowPlaza BancroftParking Barker PacificFilmArchive MartinezCommons MemorialPool Demography VisualCenter Tan SummerSession MaxwellField Wurster PublicAffairs FoxCottage TennisCenter Davis TennisCenter FoxCottage PublicAffairs Wurster MaxwellField SummerSession Tan VisualCenter Demography MemorialPool MartinezCommons PacificFilmArchive Barker BancroftParking StowPlaza UCBExtension Foothill Hertz EthnicLibrary Parking ChildStudyCenter MusicLibrary LudwigsFountain ChanningBowditch LudwigsFountain University LowerHearstParking Underhill KoretVisitorCenter SproulPlaza LawrenceofScience StudentUnion AnthropologyLibrary NewspapersLibrary HearstFieldAnnex VisitorCenter McCone Boalt LawSchool MSRI AquaticCenter Bowles Bechtel WooHonFai BrainImagingCenter SocialLibrary Barrows Gilman Morgan LBNL EastAsianLibrary LBNL Morgan Gilman Barrows SocialLibrary BrainImagingCenter EnvDesignLibrary Minor Moses MLK BancroftLibrary Library BancroftLibrary MLK FacultyClub
75
FacultyClub FacultyClub
BioscienceLibrary BioscienceLibrary
BancroftLibrary SutardjaDai BancroftLibrary
Underhill Etcheverry Underhill
SproulPlaza SproulPlaza
Hilgard Hilgard
StudentUnion StudentUnion
EarthquakeLibrary EarthquakeLibrary Morrison
UniversityHouse UniversityHouse CesarChavez
LawrenceofScience LawrenceofScience
HearstGym Pimentel HearstGym
Mulford Mulford
CareerCenter CareerCenter Soda
Durham Durham
Stephens OBrien Stephens
Library Library FPF
Kroeber Spieker
PacificFilmArchive PacificFilmArchive Cheit
BrainImagingCenter BrainImagingCenter
Wheeler Wheeler
TAAP Manville TAAP
Koshland Koshland
Jacobs Jacobs OptometryLibrary
ChanningBowditch Investigative MelvinLaboratory
EarthLibrary EarthLibrary
EnergyBuilding EnergyBuilding IdaHouse
MediaCenter MediaCenter UpperHearstParking
StowPlaza StowPlaza
MartinezCommons MartinezCommons
BancroftDance BancroftDance Giauque
Tan AndersenAuditorium
Unit3 Unit3
AnthropologyLibrary AnthropologyLibrary
Davis InternationalHouse Davis
IRLE IRLE SpringerGateway
DonnerLaboratory DonnerLaboratory
ArtHistoryLibrary ArtHistoryLibrary AlumniHouse
BanwayBuilding Sproul BanwayBuilding
Birge Birge
CITRIS CITRIS
NewspapersLibrary NewspapersLibrary
Warren Warren
EastAsianLibrary PhysicsLibrary Evans EastAsianLibrary
BerkeleyWayWest BerkeleyWayWest LatinAmerican
MSRI MSRI
LBNL HealthServices
WooHonFai WooHonFai
MathLibrary MathLibrary
AquaticCenter AquaticCenter
HearstFieldAnnex HearstFieldAnnex
HearstFountain HearstFountain VLSB
BerkeleyLawLibrary BerkeleyLawLibrary
Campbell Campbell
NorthGate NorthGate
Bowles Bowles
Wellman Wellman
EthnicLibrary Senior EthnicLibrary
Stanley Stanley
SocialLibrary SocialLibrary
Wurster SimpsonCenter Latimer
FoxCottage FoxCottage
Hildebrand Hildebrand
MaxwellField MaxwellField
SEAsianLibrary SEAsianLibrary
Bechtel Bechtel
EngineeringLibrary EngineeringLibrary
FSM Durant
McCone McCone
VisualCenter VisualCenter
LawSchool LawSchool
LeConte LeConte
HearstGreekTheatre HearstGreekTheatre
MLK MLK
Boalt Boalt
FoundersRock FoundersRock
