FacultyClub IRLE Cheit IRLE FacultyClub Durham HealthServices VLSB BerkeleyLawLibrary MartinezCommons PhysicsLibrary NorthGate UniversityHouse SproulPlaza FoundersRock CesarChavez OBrien Koshland MelvinLaboratory Campbell FPF Birge Wellman Bowles Stanley BioscienceLibrary Stanley AlumniHouse MediaCenter IdaHouse ArtHistoryLibrary Durant BancroftDance Evans Mulford McCone EnergyBuilding Davis HearstGym Unit3 BerkeleyWayWest Jacobs BerkeleyWayWest Unit3 HearstGym Davis EnergyBuilding McCone Mulford Evans BancroftDance NewspapersLibrary BancroftDance Durant ArtHistoryLibrary IdaHouse MediaCenter AlumniHouse VisualCenter MLK Etcheverry SocialLibrary Hildebrand DonnerLaboratory Hildebrand SocialLibrary Etcheverry MLK VisualCenter AlumniHouse Stanley Bowles Wellman Birge FPF Underhill UpperHearstParking Morrison Stephens Morrison UpperHearstParking HearstFountain EthnicLibrary HearstFieldAnnex Sproul HearstFieldAnnex EthnicLibrary HearstFountain UpperHearstParking Underhill FPF Campbell MelvinLaboratory Koshland OBrien CesarChavez EarthLibrary StudentUnion EarthLibrary CesarChavez FoundersRock SproulPlaza UniversityHouse NorthGate OptometryLibrary NorthGate PhysicsLibrary MartinezCommons BerkeleyLawLibrary VLSB HealthServices BanwayBuilding TAAP Warren TAAP BanwayBuilding HealthServices Durham FacultyClub
35
FacultyClub FacultyClub EarthquakeLibrary
BioscienceLibrary BioscienceLibrary Hilgard
StudentUnion SutardjaDai StudentUnion
Etcheverry Etcheverry
SproulPlaza SproulPlaza
UniversityHouse UniversityHouse
NewspapersLibrary LawrenceofScience NewspapersLibrary
Jacobs Pimentel Jacobs
Mulford Mulford
HearstFountain CareerCenter StowPlaza
HearstGym HearstGym
Durham Durham
OBrien OBrien
OptometryLibrary Library OptometryLibrary
Evans Spieker
FPF FPF
Warren PacificFilmArchive Warren
EnergyBuilding BrainImagingCenter EnergyBuilding
Morrison Morrison
Cheit Wheeler Cheit
Unit3 Manville Unit3
Koshland Koshland
MartinezCommons Investigative MartinezCommons
EarthLibrary EarthLibrary
MediaCenter MediaCenter
MelvinLaboratory MelvinLaboratory
BancroftDance BancroftDance
Stephens AndersenAuditorium Stephens
Sproul AnthropologyLibrary Sproul
McCone InternationalHouse
IRLE IRLE
DonnerLaboratory SpringerGateway DonnerLaboratory
ArtHistoryLibrary ArtHistoryLibrary
Birge Birge
MLK CITRIS
