1 15 177 123 55 53 95 42 95 151 95 53 55 27 55 123 25 123 177 122 134 31 159 14 22 14 159 31 66 13 69 30 141 12 141 30 69 161 58 35 58 161 69 68 76 68 69 13 66 90 111 157 111 90 66 31 134 172 62 92 18 114 26 130 75 65 137 139 77 139 137 65 75 130 26 48 26 114 18 100 194 23 194 100 18 92 97 24 97 92 62 172 84 172 134 122 177 15 105 166 105 15 2 61 147 85 33 59 44 88 149 165 78 165 149 88 44 59 33 140 168 32 87 107 128 112 67 167 101 179 39 71 39 179 101 167 67 41 67 112 80 112 128 107 87 32 168 140 33 85 147 61 2 164 94 52 94 164 118 50 118 164 2 15 1
62
2 2
78 3 78
25 4 25
13 5 13
53 6 53
1 7
27 8 27
71 9 71
157 10 60
94 11 94
12 12 51
14 14
15 15
41 16 41 72
50 17 50
18 18 96
161 19
80 20 70 80
151 21 81
22 22 63
23 23 73
24 24 37
26 26
84 28 84
33 29 33
30 30
31 31 45
32 32
88 34 88
35 35 57
62 36 62
61 38 56 61 93
39 39
44 40 44
42 42 64
66 43 66
166 46 98
114 47
48 48 89
77 49 77
52 52 82
65 54 65
55 55
58 58
59 59
67 67
68 68
69 69
149 74 99
75 75
76 76 79
167 83
85 85
164 86
87 87
90 90
111 91
92 92
95 95
97 97
100 100
101 101
