159 77 140 149 76 149 140 14 56 156 56 93 65 93 154 93 56 84 118 195 152 173 27 173 152 172 119 172 152 195 118 84 56 14 140 77 159 22 95 57 64 177 111 177 64 130 107 189 32 79 32 189 92 158 74 158 92 114 92 189 8 193 53 137 127 109 180 109 127 142 46 142 129 41 129 15 129 142 127 137 101 1 94 108 94 1 101 25 45 72 45 25 138 69 171 10 66 36 66 10 171 69 138 81 164 6 164 81 138 25 101 137 53 193 153 5 102 5 153 193 8 189 117 48 182 47 148 47 182 48 117 189 59 100 59 147 157 147 59 189 107 134 107 130 64 57 63 13 63 57 95 22 159
57
180 122 180
164 43
157 157 71
27 169 145
100 100 199 181 139
111 128 111 34
36 36 17
134 134 120
15 15 167
32 32
119 86 191
127 146 61
101 101 132
107 107
76 76 165
93 93
114 35 114
77 77 190
72 72 7
172 126 172
193 193 24
74 185 74
63 63 121
47 47
6 52 6
92 116
46 46 37 192
65 65 98 26
45 45
138 138
158 158 99
154 2 154
14 97 14
79 79 3
137 137 85
177 174
156 31 156
148 51 148
64 64
13 106 13
10 10 200
53 53
149 21 4
41 41 87
108 38 60 88
56 96
173 133
69 155
102 82 102 123
81 28 11
8 178
48 48
140 140
147 40
59 59
109 109
22 22
