Home46 Home49 Home9 Home28 Home26 Home3 Home30 Home55 Home51 Home78 Home51 Home55 Home30 Home2 Home84 Home40 Home64 Home24 Home86 Home35 Home13 Home17 Home82 Home89 Home31 Home32 Home88 Home85 Home88 Home32 Home31 Home89 Home82 Home17 Home13 Home35 Home39 Home35 Home86 Home24 Home64 Home40 Home84 Home2 Home30 Home3 Home26 Home28 Home9 Home6 Home45 Home6 Home9 Home49 Home83 Home63 Home83 Home49 Home46
20
Home24 Home62 Home27
Home84 Home69
Home63 Home66 Home63
Home82 Home82 Home48
Home85 Home85 Home12
Home39 Home41 Home42 Home39
Home9 Home9
Home45 Home45 Home80
Home30 Home30 Home5
Home31 Home31
Home49 Home49
Home40 Home40
Home55 Home55
Home35 Home57 Home68
Home28 Home28
Home78 Home11 Home71
Home83 Home83
Home88 Home33
Home86 Home60
Home13 Home13
