K AL CK AL DC R GH H AZ H EL AK FZ C AI P BQ Q BE G BT M AH FP A BV AG DD BY DV AF J CO FM EM AR GS DH GR BW GR DH GS AR EM FM CO J AF DV BY DD AG BV A FP AH M BT G FH F AS FW AP U AP FW AS F FH G BE AT BE BC CA Z CA CP BZ CP CA BC CI AO CJ AO CI BC BE BI I BI AC O AC BS CC BS AC BI FA AQ BA AQ FA BI BE Q BN BK BN Q FR Y FR CN FR Q BQ P AI C FZ D EY D FZ AK EL H GH R DC AY DC BR DC AL K GG BX GG K
57
A A
CP B CP
C C
D D
AY E AY CQ CT
F F
G G
H H T AW
I I BB
J J CS
K K
Y L X Y BG BH
M M
BC N BC
O O AM BU
P P CR
Q Q
R R AU
FR S CG
U U AV
BZ V BZ
AC W AC
Z Z CL
BN AA BN
BA AB BA
BX AD BX
BW AE BW
AF AF
AG AG
AH AH
AI AI
AT AJ AT
AK AK BD
AL AL AX
EY AN BP
AO AO
AP AP CU
AQ AQ
AR AR
AS AS
AZ AZ BJ BM
BE BE
CC BF CC
BI BI CB
BK BK BO CD
BR BL BR CH
BQ BQ
BS BS
BT BT
BV BV
BY BY
CA CA CE
CN CF CN
CI CI
CJ CJ CM
CK CK CV
CO CO
