129 19 137 117 89 80 161 80 84 101 3 4 81 158 81 4 147 30 111 13 180 18 140 94 114 78 90 42 43 21 73 39 73 34 172 31 172 34 73 21 43 26 128 190 54 118 28 177 28 27 0 135 79 135 35 127 173 20 191 63 96 87 33 5 40 5 106 133 24 168 183 47 183 168 24 133 106 5 33 87 96 63 191 20 155 49 53 121 53 49 155 17 8 17 155 20 173 127 35 135 0 27 28 93 68 93 28 118 54 16 54 190 128 26 43 42 90 78 114 94 140 196 25 7 59 71 99 56 85 6 85 195 157 29 32 105 32 29 157 195 85 56 99 71 156 71 59 7 25 196 140 18 180 13 111 112 46 112 111 30 147 4 3 101 84 80 89 117 137 19 92 83 92 19 129
64
180 180
161 161 9
111 142
121 121 150 189 171
4 11 4
5 5
53 53
96 97 2 96 76
87 87
156 95 156
183 183
128 128
177 65 177
17 17 57
24 174
46 122 100 107 109
40 40 88
8 48 8
31 110 55
85 23 85
78 125 163
83 36 130
158 158 103
101 101
56 56
63 63
84 84
195 195
13 50 13
49 123 49
33 33 175
27 160
32 98
79 152 61
137 137
28 15
30 184
47 62 58 44
29 29
6 51 6
92 92
0 145 0 82
68 126 14
16 16 188
114 114 108
155 155
20 91
21 21
157 157
196 196
191 191
99 99
39 178 39
26 26
71 194
89 89
59 59
105 105 192
147 66
140 151
25 25
190 190 64
81 81
19 197
