845LWU7Kg6167HQY i7lmV5iDIgl5f 96Ta5ZXc8I5gnTIcF8 Uyj5raM7C9SGCHQGUC y B4mQOl023dn1 y Uyj5raM7C9SGCHQGUC 0CwgepgS85xC4gx KKUFV29x8iO 0CwgepgS85xC4gx 4 KpBvy 4 TU76UjE52906 3 3k k r geUO1h r pbE3R4QsB76l 3i80K09a 7qu 9 7qu 3i80K09a pbE3R4QsB76l r k 3k 3 TU76UjE52906 48783322I5q9PFVPT 9vq8gscs7dz1 eDv5MBdo MVvh 11l6P71DgEau1baEX4 xaM1q4jQi3efYb0 2qgWbB40Ya16 MY3aL96Y u3Qv MY3aL96Y 2qgWbB40Ya16 xaM1q4jQi3efYb0 11l6P71DgEau1baEX4 77yN7eHZwfF99R2 J ElUTL D FL4V06094CU0zO3gJava H6pXAnE0KypnExX FL4V06094CU0zO3gJava D ElUTL J 77yN7eHZwfF99R2 11l6P71DgEau1baEX4 MVvh DUiYDuR9yYFD5 MVvh eDv5MBdo 9vq8gscs7dz1 6RiHvQ4xTN5 fgM12T 6RiHvQ4xTN5 9vq8gscs7dz1 48783322I5q9PFVPT a O58T a 48783322I5q9PFVPT TU76UjE52906 4 0CwgepgS85xC4gx Uyj5raM7C9SGCHQGUC 96Ta5ZXc8I5gnTIcF8 i7lmV5iDIgl5f 845LWU7Kg6167HQY
31
MVvh MVvh
48783322I5q9PFVPT 48783322I5q9PFVPT
ElUTL 122gt ElUTL
u3Qv 42U0k6JhTQxPvUw8 EnhLq7BgTj8IN3Z2m u3Qv
4 4
77yN7eHZwfF99R2 TBk5Pt5vt5SInt
KpBvy 95E0752p51t 4l4aqvNKB KpBvy
r r ZT3 ICQxh0Q58799CUd2
H6pXAnE0KypnExX H6pXAnE0KypnExX SmI7f
MY3aL96Y MY3aL96Y
6RiHvQ4xTN5 6RiHvQ4xTN5
fgM12T fgM12T eqYzN7b19UgNo1K
O58T O41Muu 5CCl0n2r5512 O58T
2qgWbB40Ya16 2qgWbB40Ya16
9 9 SL88w66v7
B4mQOl023dn1 NQ3vX6W6H74aK53np B4mQOl023dn1
11l6P71DgEau1baEX4 11l6P71DgEau1baEX4
xaM1q4jQi3efYb0 xaM1q4jQi3efYb0
geUO1h geUO1h 8M2OK8Px58
3k 3k
J X6SrYf57mSUQQ28C 7L 672Pt4Ytw8LW
KKUFV29x8iO KKUFV29x8iO ftk2
i7lmV5iDIgl5f 5
DUiYDuR9yYFD5 DUiYDuR9yYFD5 YKpC4gQmPKaU311w9eOT
TU76UjE52906 TU76UjE52906
pbE3R4QsB76l YLKBD54k
845LWU7Kg6167HQY 845LWU7Kg6167HQY
y y
3 3
eDv5MBdo 5Qkzz260R7 eDv5MBdo
D D
