loc0 loc58 loc158 loc103 loc42 loc138 loc32 loc189 loc146 loc64 loc191 loc64 loc156 loc126 loc155 loc56 loc129 loc77 loc198 loc131 loc95 loc193 loc168 loc66 loc168 loc193 loc95 loc131 loc198 loc157 loc112 loc87 loc111 loc96 loc111 loc87 loc112 loc75 loc33 loc144 loc46 loc144 loc49 loc144 loc33 loc75 loc112 loc157 loc62 loc157 loc198 loc77 loc129 loc15 loc142 loc114 loc60 loc192 loc51 loc59 loc190 loc78 loc53 loc160 loc106 loc160 loc53 loc122 loc53 loc78 loc190 loc59 loc51 loc192 loc60 loc114 loc142 loc15 loc129 loc56 loc155 loc107 loc170 loc81 loc115 loc20 loc165 loc164 loc4 loc178 loc110 loc178 loc4 loc164 loc165 loc20 loc115 loc81 loc170 loc107 loc187 loc107 loc155 loc126 loc156 loc64 loc9 loc41 loc9 loc64 loc146 loc189 loc32 loc10 loc32 loc150 loc197 loc94 loc116 loc94 loc197 loc150 loc109 loc150 loc32 loc138 loc118 loc79 loc83 loc186 loc83 loc79 loc118 loc138 loc25 loc183 loc188 loc120 loc188 loc183 loc25 loc138 loc42 loc103 loc158 loc58 loc0
51
loc53 loc54
loc46 loc37 loc46
loc41 loc85 loc41 loc119
loc129 loc129
loc32 loc167 loc14 loc32
loc168 loc168 loc93 loc11
loc62 loc82 loc182
loc106 loc52 loc106
loc49 loc49 loc130
loc187 loc187 loc67
loc192 loc192
loc191 loc191 loc39
loc96 loc96 loc134
loc110 loc147 loc57
loc150 loc36 loc150
loc118 loc118 loc179
loc15 loc15
loc109 loc109 loc177 loc47
loc164 loc164 loc184
loc198 loc172 loc198
loc197 loc28 loc197
loc58 loc185
loc95 loc27
loc116 loc116 loc89
loc66 loc66 loc31
loc20 loc20
loc10 loc10 loc84
loc156 loc156
loc146 loc97
loc115 loc113
loc122 loc122 loc196
loc25 loc25
loc158 loc69
loc160 loc160 loc45
loc188 loc188
loc112 loc112
loc144 loc144
loc186 loc186 loc100
loc138 loc138
loc165 loc165 loc92
loc42 loc42
loc157 loc157
loc75 loc75
loc183 loc183
loc170 loc17
loc107 loc162
loc120 loc8 loc120
loc60 loc105
loc78 loc78
loc131 loc131
loc83 loc83
