74 123 109 161 11 99 137 97 100 73 125 103 125 73 146 8 42 8 141 8 146 45 186 28 1 18 34 52 153 32 153 52 34 94 34 138 116 70 79 175 165 64 165 175 79 70 116 138 34 151 33 76 112 76 166 14 59 60 35 188 183 25 44 25 183 188 35 60 59 65 91 131 53 37 152 37 53 131 91 65 170 63 57 86 57 63 66 122 26 193 51 199 133 199 51 193 26 122 66 63 170 172 5 172 170 65 59 14 166 76 33 151 34 18 1 13 15 148 105 117 3 180 158 43 187 75 4 75 187 43 158 180 3 117 105 148 15 13 121 13 1 28 113 28 186 45 146 73 100 97 137 99 11 161 20 96 20 161 109 123 74
61
4 4 39 179
5 5 132
11 11 140
172 12
14 14 118
152 16 152
64 17 90 167
18 18 72
20 20
25 23
32 27 32
76 31 56 76 154
42 42 142
45 45
44 44 107
1 47
66 50 66
51 51 77 190
52 52
53 53
28 58 130
59 59
60 60
141 61 129
133 54 133
63 63 139 174
73 73
34 80
123 81 123
33 83 108
86 86 128
113 88 113
121 89 111
91 91
94 94 163
103 95 103
96 96 184
97 97
125 98 125 157
99 99
100 100 134 173 198
105 105
109 109
112 112 114
8 115
116 116 120
186 127
151 135
57 136
138 138
122 143
146 146
175 155
158 158
161 161
165 165 171
37 178
13 192
193 193
199 199
65 200
