112 123 8 73 8 103 65 113 168 86 129 172 129 2 4 189 91 26 120 37 15 136 15 37 120 66 120 26 91 189 4 2 129 86 168 113 133 83 52 81 164 174 152 107 152 174 23 101 77 146 84 127 126 29 69 61 155 147 155 61 69 29 126 127 84 146 77 101 53 50 135 183 34 191 72 191 78 181 78 134 24 198 140 42 48 9 79 54 51 32 124 32 157 188 21 44 182 19 75 19 182 44 21 188 157 32 51 54 79 9 170 9 48 42 140 198 24 131 163 131 24 134 160 154 76 167 187 88 187 167 76 154 160 134 78 191 34 183 135 50 53 27 46 27 53 101 23 174 164 81 52 71 190 36 190 33 197 159 156 14 162 199 162 14 156 58 89 59 141 57 119 150 144 150 119 57 141 59 89 58 156 159 197 33 190 71 52 83 133 113 65 103 40 13 143 13 40 103 8 123 95 28 117 153 0 153 117 28 95 35 102 35 95 123 112 118 112
75
83 83
52 52
71 71
147 20 147
46 11 158
160 160
170 170 17
66 149 66
84 84
72 171 72
157 157
58 58
40 40
143 143 60
27 27
102 102 151
42 42 56
131 131
150 138
75 114 75
117 117 166
26 121
78 78
59 59
81 81
120 120
199 80 64
73 73 109
152 152
126 126
36 85 36
127 127
23 23
136 136 169
88 41 99
118 96 118
13 13 94
34 34
156 130
129 129
181 184 181
135 70
174 174
33 33
182 182
183 183
53 53
168 168
172 172 97
124 124 194
107 107 49
14 14
123 123
28 28
29 29
146 146
163 163 68
21 21
144 144 165
188 188 105
167 6
9 9
44 44
24 24
190 190
0 104 0
154 154
69 69
8 8
54 54
95 95
187 187
119 119
162 162
35 35
