75 55 68 59 68 21 5 73 0 40 11 86 25 93 63 98 69 98 63 93 25 52 4 47 64 2 36 2 64 47 4 52 25 86 48 84 32 84 48 49 48 86 31 41 33 14 72 58 72 14 33 41 31 86 11 40 0 82 92 15 61 16 81 18 13 7 13 18 81 16 61 15 50 17 43 29 80 29 43 17 50 15 92 82 0 73 5 21 68 55 75
32
82 94 82
86 86
7 87 7 34
18 76 62
80 97 80
75 75 89
21 21
13 13
36 36 74
15 57
69 69 90
59 3 59
73 73 96
4 4
64 64
98 98 56
52 52
63 46 91
48 48
25 25 9
32 42 32
47 47
55 55
29 29
31 31
84 84
49 49 65
92 92 26
43 77 43
81 81
58 58 12
5 44
