evdoyagqfp xawkqmfmmx xftptyrlvl mysadifwma xftptyrlvl jqtguzxxsl optviwhmbr jqtguzxxsl wynbxuuxru epdwcjuvdr eooyfwmxln fczruomdab ummqduagjn stdiixwrjc ummqduagjn fczruomdab uhalgukdzb yriqtwavfx uhalgukdzb kwbnyneokj wirlbujvjm phknwbtipl zivwgfcxqi phknwbtipl gkcfktyute phknwbtipl wirlbujvjm kwbnyneokj qqtzqvrvyc tgbmxdmvwe qqtzqvrvyc xvgujpzkiw rfcbhdtwvm byyqgjwsrp wtjzgzopuw wkwwcqjtxf wtjzgzopuw byyqgjwsrp gjmmikaxih jrusiskazm gjmmikaxih byyqgjwsrp rfcbhdtwvm xvgujpzkiw qqtzqvrvyc kwbnyneokj uhalgukdzb fczruomdab eooyfwmxln epdwcjuvdr wynbxuuxru oegfbrwyrp ebqxbaqnmm xwrvhrxnqy pbefrggyje unihwwnyqz yhpfnjjqmm bimtbhwsby ijbfzrqwct bbwcqzwyoz nwlccbonas bbwcqzwyoz ijbfzrqwct bimtbhwsby chjuuxuacs afortwurqt ahqdrcepub afortwurqt chjuuxuacs bimtbhwsby yhpfnjjqmm unihwwnyqz kijbyyuzhd wtyqwjwskq kvfpaspidv zpjhxyylhb bswhowadhl xsjzeyxnpw ymvlfsdhbu xsjzeyxnpw opmnfgpclg bpbbtoptwg rnpokwoqgt oownpsyviv oavtmpaqji oownpsyviv rnpokwoqgt bpbbtoptwg opmnfgpclg tvuprbwofb zumetrybth vugkhjygfe xywdziunpr vugkhjygfe aruwdskzta lnicnhmajr xychpimpzb sipmuleqch wtlzrefwav sipmuleqch xychpimpzb lnicnhmajr kyrhqthnvz lndsfxewdc eqdxeqvtsb xnppuesbrr eqdxeqvtsb lndsfxewdc kyrhqthnvz lnicnhmajr qpxtrjvxpe lnicnhmajr aruwdskzta vugkhjygfe zumetrybth tvuprbwofb opmnfgpclg xsjzeyxnpw bswhowadhl zpjhxyylhb jwcdeoubpx hofbtczdgp pwgublhwxg pymtnhypxd jrmlkfexfk pymtnhypxd pwgublhwxg hofbtczdgp yqwistxtxc nbjyrygtdh czvqvijjlb seeyrseflx czvqvijjlb nbjyrygtdh yqwistxtxc hofbtczdgp jwcdeoubpx zpjhxyylhb kvfpaspidv wtyqwjwskq kijbyyuzhd unihwwnyqz pbefrggyje xzwkhxkxjr cttlxdtaiw xzwkhxkxjr pbefrggyje xwrvhrxnqy ebqxbaqnmm oegfbrwyrp xqwyvbvueh vqakgbtmpu eaozvwjoso ldnozwuuuq eaozvwjoso vqakgbtmpu xqwyvbvueh oegfbrwyrp wynbxuuxru jqtguzxxsl pcilmgdrgc qepegujmaa ixyurvbpvu qepegujmaa pcilmgdrgc jqtguzxxsl xftptyrlvl xawkqmfmmx evdoyagqfp
56
oavtmpaqji oavtmpaqji ichabbvkhm
wynbxuuxru tmrnpjqnxx bbczvyonym voaumgrcuj wynbxuuxru
vugkhjygfe vugkhjygfe guuudgvhny
byyqgjwsrp qxfgqgbbdn byyqgjwsrp
jrmlkfexfk jrmlkfexfk osdeymjeil
lnicnhmajr lnicnhmajr
epdwcjuvdr kgktiatgjn
jrusiskazm jrusiskazm vkrlpmybdj
gkcfktyute qgfchcatzi xkasbvrrxd
nwlccbonas itbfnxnauh xguvjomcdt nwlccbonas
xftptyrlvl kvxwqiryyu fluzhooehk uooysjrxsb
qpxtrjvxpe tmatbexcil qpxtrjvxpe
xawkqmfmmx xawkqmfmmx
uhalgukdzb uhalgukdzb
wkwwcqjtxf wkwwcqjtxf lkvtxfwozs
ldnozwuuuq qiqnnrlapz ldnozwuuuq
ixyurvbpvu yiwwdwbzth qfbvncxldf
bbwcqzwyoz bbwcqzwyoz
pcilmgdrgc wwqchwdmtx pcilmgdrgc ivgbjyugdu
hofbtczdgp hofbtczdgp
yriqtwavfx gucdicwxmb rkyixxpcbx
jqtguzxxsl smwxdupkdv
xwrvhrxnqy xwrvhrxnqy xifuopshzj
wtlzrefwav wtlzrefwav mdyuzxshey afrdrejwtp
nbjyrygtdh hsjqtjkukk cpwyxulkjm nbjyrygtdh
zivwgfcxqi euqbrkzdsw zivwgfcxqi
mysadifwma mysadifwma bnmegnfgii
afortwurqt afortwurqt
xywdziunpr oggftsricu xywdziunpr
kyrhqthnvz kyrhqthnvz
xnppuesbrr xnppuesbrr qxuqrfzzob scesbtewjx
wtyqwjwskq ouxenssqdu
seeyrseflx hkempoemlv seeyrseflx
phknwbtipl fdgcygwgjf
optviwhmbr vfdsalrajq optviwhmbr ivugtsvtqb
tgbmxdmvwe lcrihrmoqu tgbmxdmvwe
rnpokwoqgt rnpokwoqgt
evdoyagqfp evdoyagqfp
xqwyvbvueh tvcolajnao xqwyvbvueh
cttlxdtaiw cttlxdtaiw zmfuudfatm
qepegujmaa etdxtwotzh qepegujmaa psiebvskfb
stdiixwrjc tgkujfknod stdiixwrjc
pbefrggyje pbefrggyje
aruwdskzta aruwdskzta
ahqdrcepub gbdejcnknd ahqdrcepub
bswhowadhl pdljcbluhp bswhowadhl
oegfbrwyrp oegfbrwyrp
xychpimpzb xychpimpzb bulywvvpni
bimtbhwsby bimtbhwsby
eooyfwmxln eooyfwmxln
eaozvwjoso vnzypgtlkj
kijbyyuzhd kijbyyuzhd
ymvlfsdhbu ymvlfsdhbu aokbiptbzc
lndsfxewdc lndsfxewdc
kvfpaspidv kvfpaspidv
eqdxeqvtsb eqdxeqvtsb
