0 6 5 15 58 100 58 15 96 12 138 12 96 15 5 116 5 6 0 11 35 90 182 90 35 11 83 167 83 11 130 11 179 11 0 18 9 17 25 49 194 49 25 94 126 94 25 124 25 17 47 152 47 164 47 17 78 185 78 17 9 57 136 57 188 57 9 161 9 18 102 18 0 33 1 7 69 110 69 7 1 155 1 33 4 77 13 16 23 21 140 21 23 45 173 45 23 16 13 41 112 41 122 41 13 77 4 84 132 84 143 84 4 33 10 26 38 34 120 34 38 146 38 26 158 26 10 28 87 8 31 53 176 53 31 118 31 8 87 149 87 28 10 114 10 197 10 33 0 40 2 63 60 108 60 128 60 63 2 40 134 40 0 46 27 39 44 104 44 39 106 39 27 46 170 46 0 54 191 54 0
59
100 100 101
102 102 103
104 104 105
106 106 107
108 108 109
110 110 111
112 112 113
114 114 115
116 116 117
118 118 119
120 120 121
122 122 123
124 124 125
126 126 127
128 128 129
130 130 131
132 132 133
134 134 135
136 136 137
138 138 139
140 140 141
21 142
143 143 144
84 145
146 146 147
38 148
149 149 150
87 151
152 152 153
47 154 166
155 155 156
1 157
158 158 159
26 160
161 161 162
9 163
164 164 165
167 167 168
83 169
170 170 171
46 172
173 173 174
45 175
176 176 177
53 178
179 179 180
11 181
182 182 183
90 184
185 185 186
78 187
188 188 189
57 190
191 191 192
54 193
194 194 195
49 196
197 197 198
10 199
