0 127 109 187 180 115 76 28 76 55 31 97 31 55 76 115 180 187 181 46 87 5 62 17 89 17 62 5 87 46 181 108 7 139 20 35 103 99 78 99 27 49 195 186 195 49 27 99 103 35 20 81 84 158 6 96 157 93 10 43 74 37 74 43 10 2 10 93 71 21 71 93 191 66 4 179 144 14 144 193 197 85 197 193 144 179 4 66 191 101 26 69 40 59 11 59 40 69 26 101 191 93 157 96 6 158 84 81 23 81 20 139 63 159 138 113 12 113 138 159 24 159 63 139 7 54 7 108 102 192 57 170 3 111 3 170 57 192 172 22 183 67 183 22 172 36 172 192 102 108 181 187 109 61 88 61 109 127 0
63
11 1 11 34
2 2 30
3 3 58
4 4 32
5 5
6 6
7 7
88 8 88 98
78 9 78
10 10 83
12 12 90
21 13 21
14 14 29
170 15
85 16 85
17 17 70
54 18 54
67 19 25 64 67
20 20
22 22
23 23 60
24 24 92
26 26
27 27 39
28 28 42
31 31
76 33 76 79
35 35 56
36 36 41 77
37 37 47
46 38 46
40 40
43 43
97 44 97
89 45 89
111 48 100
49 49
183 50
180 51
144 52 73
195 53
55 55
57 57
59 59
61 61
62 62
63 63
181 65 72
66 66
186 68 75
69 69
71 71
74 74
138 80
81 81
113 82
84 84
99 86 99
87 87
0 91
93 93 94
191 95
96 96
