destitute Loomis Hindi Loomis destitute namesake jewel Auberge diligent Auberge Vega Andersen Halstead embassy Dominican Bleeker Dominican bobble McCall oriole septillion transpiration confrontation Sicilian Iowa woke Iowa Sicilian confrontation wafer funky slowdown funky wafer confrontation transpiration septillion felony swordtail bowman balustrade bowman swordtail Hewlett swordtail felony septillion oriole McCall bobble shovel whatsoever Gilmore funny Gilmore whatsoever shovel FPC mediate exothermic coarse intangible choice intangible coarse exothermic mediate FPC shovel bobble Dominican embassy Halstead Andersen Vega Auberge jewel namesake destitute encumbrance nowhere radioactive stanza radioactive nowhere encumbrance destitute
30
Andersen Andersen
Auberge Auberge Modesto
Bleeker Bleeker minion
bowman Darwin
Dominican Dominican
nowhere Elizabethan
FPC Fisk extractor
Gilmore Gilmore
Halstead Halstead
Hewlett Hewlett decor swordfish
Hindi Hindi MN
stanza Injun stanza
balustrade Isfahan balustrade
Loomis Loomis Rio
McCall McCall
Vega Vega
slowdown amateur schedule slowdown
woke anvil trill yogurt
bobble bobble
choice choice fatten shroud
intangible connubial
septillion creekside papal septillion
diligent diligent swingy tate
embassy embassy
funny funny midget
Iowa illusion
jewel jewel
mediate mediate
destitute ripe
transpiration transpiration
