153 170 24 134 143 158 96 128 96 158 143 9 109 104 47 120 84 21 84 120 47 58 47 106 93 12 93 106 47 104 176 95 77 53 145 178 45 155 60 0 139 138 131 154 130 180 70 180 130 154 131 138 139 0 60 155 45 178 145 53 77 95 176 104 109 29 192 69 118 69 192 29 109 9 125 79 172 26 181 146 75 16 144 117 135 117 144 110 22 86 13 196 76 196 13 86 22 110 144 16 75 67 28 72 89 49 89 72 28 59 28 67 75 146 181 26 172 133 91 19 186 83 92 169 35 90 23 151 17 48 103 98 2 100 56 191 14 163 78 189 78 163 14 191 56 100 160 100 2 98 103 48 17 151 23 90 35 169 92 83 186 19 91 41 108 41 91 137 91 133 190 71 11 168 11 71 190 133 172 79 125 9 143 134 24 170 15 170 153
70
168 168 150
100 127
29 29
12 12 129
158 119
108 81 108
70 140 70
196 196
145 145
59 126 152
118 118 68
2 2
58 58 113
15 15 188
26 26
13 13
76 124 7
86 86 4
21 21 184 161
48 3
130 197
160 160 37
75 182
90 90 40
89 89 74 20
60 112 60
163 163
16 16
11 11
98 98 122 88
178 178
153 153
135 135 194
9 156
186 52
189 8 147
47 47 34
138 61 138
137 137 177
41 41
93 93
172 172
120 120 36
49 49 167
17 42 187
56 56
96 96
23 23
95 95
109 99
19 19
35 35
192 192 5
53 53
180 180
128 128 50
181 136
131 131
146 146
169 169
0 0
77 77
134 134
83 83
155 195
170 170
139 43
79 79
92 171 179
28 28
