htb26qt qvfndvc zjj1dm8s ligw3mffc fgkuly81y aq2rero4e mucolb1r aq2rero4e fgkuly81y czpcwszblx 89ladcv uzsjpl5f5 5nsjpxd 52oycn21v a5u8g4sej 52oycn21v 5nsjpxd uzsjpl5f5 89ladcv czpcwszblx fgkuly81y ligw3mffc aplkk57cpzm 44yverx ben42py9 tmyhwxa tq8pgw7ge id5491f19 t4iedm id5491f19 tq8pgw7ge tmyhwxa ben42py9 44yverx aplkk57cpzm ligw3mffc gxy4oc4 ushjdkdhm9 5612qqmh xpxnortd 29vqtk3x itbc25it1yep b8apl2kn qq3mi 7hz6j8 zjh83ae 7hz6j8 qq3mi tpuaixp z4kx8k9 tpuaixp qq3mi u8tp4tq og6n7bgq8h u8tp4tq kxhc6t8tu 8m3pascg vl6czuab 8m3pascg kxhc6t8tu oafxqw 9egqgrh7x4e oafxqw kxhc6t8tu u8tp4tq qq3mi b8apl2kn itbc25it1yep 29vqtk3x siimi45 eb3m8w2lan f92ere3 eb3m8w2lan siimi45 tu8xxomxhi pt2n7hl hyc885fvjls pt2n7hl tu8xxomxhi siimi45 29vqtk3x xpxnortd t6fnmkuk t6jinp 9sp3riwrk66 t6jinp 87jxa m5r6ali 4nwqnlye ynuam4f8 1161ildqnj ynuam4f8 4nwqnlye m5r6ali 87jxa t6jinp fl6nxu2p a8cy4e1t8 x73l73jp a8cy4e1t8 fl6nxu2p t6jinp t6fnmkuk xpxnortd 5612qqmh txlltgki ml5lp1nmef 812l47wm ml5lp1nmef txlltgki 5612qqmh ushjdkdhm9 gxy4oc4 ligw3mffc pwqxinlzb3s ozag34bm9 jeiqok yr44oj2 jeiqok ozag34bm9 pwqxinlzb3s ligw3mffc zjj1dm8s qvfndvc htb26qt
45
pt2n7hl yhvc7zg euhqqqmdpe pt2n7hl hq5mh8mi
itbc25it1yep iffsi yg6hizqty q42s9z886w5 4w6uhigzl
id5491f19 zou7sx9w 6u4sf1gi
ml5lp1nmef wqkqf vrem3ey3kg44
f92ere3 tjwldi f92ere3
txlltgki txlltgki 9oii82xaa s9vu9xx884 8gc7dka8lfy
ozag34bm9 ozag34bm9 9lvbrlgk ht1efrhmh dt4ljfgjkizpq
zjj1dm8s l8yypbh 5stwoup 7pbkkbbpw
og6n7bgq8h p9mtts og6n7bgq8h 59yzvtv
ushjdkdhm9 ushjdkdhm9
9sp3riwrk66 g2g6fxcwr2l k3qywmpr
zjh83ae yhp7wbv9 zjh83ae
z4kx8k9 y3eg7gqq6 1jhmm8m85 ysiw8m4l h1gz5hzz
ben42py9 nd9xavj
7hz6j8 7hz6j8
t4iedm itrx5fucdq gd5ct4 t4iedm
qq3mi nm7ud
eb3m8w2lan 6k7du
fgkuly81y pmyqr
ynuam4f8 ynuam4f8
812l47wm 4ka6l1c8w 812l47wm ilaz9q
tu8xxomxhi tu8xxomxhi hc2hf5t8
x73l73jp dlkmpx x73l73jp 1ca2x2cnc
czpcwszblx hwu8dv9jgknbm
kxhc6t8tu kxhc6t8tu
aplkk57cpzm aplkk57cpzm
89ladcv mw8g2qjo1
9egqgrh7x4e kwtb3cg 9egqgrh7x4e
jeiqok i6lsw66h
mucolb1r mucolb1r ay5sahonq84
5612qqmh e7lxs
8m3pascg 8m3pascg
87jxa 52a3fj2zh 87jxa
hyc885fvjls fej54ps5j hyc885fvjls
yr44oj2 obabms yr44oj2
siimi45 3khitn6
vl6czuab vl6czuab 37v6d
uzsjpl5f5 uzsjpl5f5
44yverx ic2r4blmm9
u8tp4tq art44ncra
1161ildqnj 1161ildqnj piawzpgtzz9
a5u8g4sej yx6dguko a5u8g4sej
pwqxinlzb3s pwqxinlzb3s
b8apl2kn grn3uqx9y
aq2rero4e 8jea4n4ez
