Chattanooga Cleveland NewOrleans ElPaso Dayton Plano Fresno OuterHaven Greensboro PembrokePines Greensboro OuterHaven Fresno Portland JerseyCity Portland Fresno Plano ElkGrove Savannah FortLauderdale Miami Sacramento Huntsville Tacoma Huntsville Fremont Honolulu Peoria Corona Peoria Jerusalem NewportNews Minneapolis Garland Naperville Garland Minneapolis HuntingtonBeach Jackson HuntingtonBeach Minneapolis WinstonSalem Cincinnati Albuquerque Cincinnati WinstonSalem Knoxville Berkeley Springfield Berkeley Knoxville WinstonSalem Minneapolis NewportNews Jerusalem Peoria Honolulu Fremont SanBernardino Boise Sunnyvale StPetersburg Sunnyvale Boise Lakewood Augusta SantaClarita Hayward Akron RanchoCucamonga Akron Hayward Norfolk Irvine OklahomaCity Lincoln Madison Lincoln OklahomaCity Irvine Norfolk SaintPaul Norfolk Hayward SantaClarita Augusta Lakewood Boise SanBernardino Fremont Huntsville Sacramento Miami FortLauderdale Indianapolis Riverside Scottsdale OverlandPark Surprise Anchorage Surprise OverlandPark BatonRouge Bakersfield Salinas Murfreesboro Salinas Bakersfield BatonRouge Detroit Vancouver Detroit BatonRouge OverlandPark Scottsdale Riverside Indianapolis FortLauderdale Tulsa Montgomery Macon LittleRock Macon Orange Frisco Orange Aurora Orange Macon Montgomery Tulsa Memphis Roseville MorenoValley Anaheim MorenoValley Roseville FortWorth Roseville Memphis Tulsa FortLauderdale Savannah ElkGrove Plano Dayton ElPaso NewOrleans Cleveland Chattanooga
56
Roseville Yonkers Durham
NewportNews Alexandria DesMoines NewportNews
Madison Joliet Madison
PembrokePines Orlando Denton Salem
Lincoln Lincoln
Fresno Worcester GrandRapids
LittleRock LittleRock Shreveport CapeCoral
Salinas GardenGrove
Aurora Aurora Baltimore Lexington Fayetteville
Surprise Surprise Richmond
Indianapolis Phoenix Indianapolis
Knoxville Knoxville
StPetersburg Jacksonville Toledo
Bakersfield Oceanside Bakersfield
MorenoValley Henderson Tallahassee
Fremont Fremont
Riverside Riverside
Memphis Memphis Wichita SanAntonio
SanBernardino SanBernardino
Tacoma Tacoma Oxnard
Cincinnati Paterson GrandPrairie Cincinnati
SaintPaul Washington SaintPaul
RanchoCucamonga Ontario Newark
SantaClarita SantaClarita Pomona
Cleveland Cleveland
Jackson Brownsville Jackson
ElkGrove McAllen
Murfreesboro Charlotte Murfreesboro
Corona Corona Lubbock
Honolulu Honolulu SanFrancisco PortStLucie
Springfield Springfield Spokane
Scottsdale Tempe Scottsdale
FortWorth Glendale FortWorth
Irvine Irvine Syracuse
JerseyCity Olathe Buffalo
Vancouver Vancouver Austin
Anchorage Anchorage Midland
Norfolk Raleigh
Anaheim Anaheim ChulaVista NewYork
Montgomery SanJose
OklahomaCity SantaAna Fontana
FortLauderdale FortLauderdale
ElPaso ElPaso
Savannah Savannah
OuterHaven Louisville
Hayward Hayward
BatonRouge BatonRouge
Berkeley Boston Berkeley
Boise Boise
Albuquerque Waco LosAngeles
Naperville Chicago Naperville
Frisco KansasCity Frisco
Plano Plano
Orange Orange
Akron Akron
Sunnyvale SanDiego
