0 23 88 64 50 123 50 34 57 4 60 54 60 4 57 34 78 34 132 119 55 119 132 34 50 64 139 64 15 33 76 33 15 194 28 185 151 42 151 128 176 173 44 134 62 12 5 182 70 182 5 198 10 198 106 196 17 79 107 26 65 98 47 142 51 142 47 98 65 26 107 79 56 67 96 67 56 79 17 196 8 196 87 196 106 198 5 59 97 31 140 31 97 59 5 74 141 21 141 80 141 74 5 12 53 20 53 12 62 134 44 173 85 1 85 173 176 83 9 6 24 89 147 177 147 89 24 6 9 83 176 128 179 128 151 185 28 194 15 64 88 23 0
61
0 0 73
1 1 58 69
31 2 31
80 3 43 80
4 4
5 5 41 75
6 6
50 7 50
8 8 30
9 9 52
10 10 71
107 11
12 12
51 13 51
78 14 36 78
15 15
70 16 70
17 17
87 18 87 95
128 19
20 20 81
21 21 93
142 22
23 23
24 24 46
57 25 57
26 26
96 27 96
28 28
177 29 82
59 32 59
33 33
34 34
176 35 37
185 38
123 39 94
83 40 83
42 42 45
44 44
47 47
139 48 63
54 49 54
53 53
55 55 90
56 56
60 60
194 61 72
62 62
64 64
65 65
140 66 68 86
67 67
74 74
76 76 84
98 77 91 98
79 79
85 85
88 88
89 89
179 92 99
97 97
