AY BX AL BH AG B BR CG W AC CD CE AT AB CV AR BW AR CV BL A AA F CC F AZ X N U CQ H CQ U N X AZ F AA A BL CV AB AT CE CD AC W CG BR B AU BS J CK BK CF AK CF BK AH T CI AJ BE BV CB BP AW BU I CT AV AX BC CU BC AX AV CT I BU AW BP CB BV BE AJ CI T AH BK CK J BS AU CA AU B AG BH AL BX AY
34
B B
F F
H H CR
I I
AX O AX
CK P Q AS CK
T T
U U BJ
CD V BG CD
W W
AA AA
AB AB
BS AE
AH AH CL
CC AI CC
AK AK AQ BF
CU AM BO CU
BW AO CP
AU AU
AV AV
AW AW
AY AY
A BA
BE BE
CA BI CA
BP BP
BU BU
BX BX
BR BZ
CE CE
CF CF
CI CM
CQ CQ
CV CV
