dldkilltnmhfepsteins msddkilllthepsteinfn dlfdkilltepsteinhnms killmdshdtnflepstein sdndhepsteinltkillfm dkillfepsteinnhdmtls depsteinlfnmkilldsht tsmdepsteinkillhfdln lkilldtnmsepsteindfh tdnfmdhepsteinslkill epsteintfhndkilllmsd tdnfmdhepsteinslkill fmtnkilldepsteindhsl killtdslhfdepsteinnm shfnmltepsteindkilld killdldepsteinmfsthn nepsteinfthdldmkills fkillepsteinndmdlhts dtsmdnlhfepsteinkill fkillepsteinndmdlhts lntkillepsteinfsddhm fdmtdepsteinkilllsnh lntkillepsteinfsddhm mhdskillldftnepstein nmkilldepsteinhtldsf ltfnsdhepsteinkilldm nmkilldepsteinhtldsf mhdskillldftnepstein lntkillepsteinfsddhm dflstmkillepsteindhn killdepsteinmfltdshn dflstmkillepsteindhn lntkillepsteinfsddhm fkillepsteinndmdlhts nepsteinfthdldmkills lnepsteintdfmdshkill nepsteinfthdldmkills killdldepsteinmfsthn smtepsteinkilldfnhdl mfndlsdepsteinhkillt dsftepsteindhkillmnl hlfdskilldnepsteintm killthsepsteindmlfdn hlfdskilldnepsteintm dsftepsteindhkillmnl mfndlsdepsteinhkillt smtepsteinkilldfnhdl sepsteindhmnltkillfd hnddkilltslmfepstein thdlskillnfdmepstein hnddkilltslmfepstein lkillfthdsepsteindnm hnddkilltslmfepstein sepsteindhmnltkillfd killhtdmdlnsfepstein hmdkilllnepsteinfsdt msepsteintlhnfkilldd sldhnfmtdkillepstein tepsteinhsdkillmldfn shepsteinnkillftlddm ddkillnftsmhepsteinl tepsteinkilldflhnmsd lhsntdepsteindkillmf lmkillepsteintsndfhd hepsteinntdkillsdmfl lmkillepsteintsndfhd lhsntdepsteindkillmf tepsteinkilldflhnmsd ddkillnftsmhepsteinl shepsteinnkillftlddm tepsteinhsdkillmldfn sldhnfmtdkillepstein msepsteintlhnfkilldd hmdkilllnepsteinfsdt killhtdmdlnsfepstein sepsteindhmnltkillfd smtepsteinkilldfnhdl killdldepsteinmfsthn dkillnsepsteinfdmthl sfdntlkilldhmepstein epsteinfthkilldnslmd sfdntlkilldhmepstein dkillnsepsteinfdmthl killdldepsteinmfsthn shfnmltepsteindkilld killtdslhfdepsteinnm fmtnkilldepsteindhsl tdnfmdhepsteinslkill lkilldtnmsepsteindfh dhmkillfdltnsepstein hdepsteinkillnfdlmts dhmkillfdltnsepstein lkilldtnmsepsteindfh tsmdepsteinkillhfdln depsteinlfnmkilldsht dkillfepsteinnhdmtls sdndhepsteinltkillfm killshdlmftnepsteind hsepsteinfkillnmddtl killshdlmftnepsteind sdndhepsteinltkillfm killmdshdtnflepstein fthlkillnepsteindsdm depsteinftndhmkillsl fhnmkillepsteinsdltd depsteinfmkillhdsnlt mdkillntepsteindfhsl tndskilldfepsteinmhl mdkillntepsteindfhsl depsteinfmkillhdsnlt fhnmkillepsteinsdltd depsteinftndhmkillsl dhkillldsepsteintnmf fsepsteindkillhmtdln dkillnmhldstfepstein epsteinshlkilldmnfdt dfdepsteintlnskillhm epsteinshlkilldmnfdt dkillnmhldstfepstein fsepsteindkillhmtdln dhkillldsepsteintnmf depsteinftndhmkillsl fthlkillnepsteindsdm epsteinhnkillsldfdmt mkilldlshdtfepsteinn lepsteindsmnhftdkill mkilldlshdtfepsteinn epsteinhnkillsldfdmt fthlkillnepsteindsdm nftmskilldldepsteinh fthlkillnepsteindsdm killmdshdtnflepstein dlfdkilltepsteinhnms msddkilllthepsteinfn dldkilltnmhfepsteins
54
dlfdkilltepsteinhnms dlfdkilltepsteinhnms
sdndhepsteinltkillfm sdndhepsteinltkillfm dfkilllepsteinsnmhtd
depsteinlfnmkilldsht tldkillhsfnmepsteind depsteinlfnmkilldsht lhepsteintndkilldsmf
mdkillntepsteindfhsl mdkillntepsteindfhsl dmldfhskillntepstein
nftmskilldldepsteinh mdkillnlsdtepsteinhf nftmskilldldepsteinh
killdepsteinmfltdshn tsdnhkilllmepsteindf killdepsteinmfltdshn
tsmdepsteinkillhfdln tsmdepsteinkillhfdln killfthnmsdlepsteind
lepsteindsmnhftdkill dhsepsteintlkillmfnd epsteinldtnfmshdkill
sldhnfmtdkillepstein fhdmnepsteindkillslt sldhnfmtdkillepstein
epsteintfhndkilllmsd epsteintfhndkilllmsd tdkillepsteinsmhdfnl
killmdshdtnflepstein fdskillndtmepsteinlh
fsepsteindkillhmtdln killhdfnsepsteinmltd fsepsteindkillhmtdln epsteinlmkillfshnddt skillthlfndepsteindm
dhkillldsepsteintnmf killtdmsdfhnepsteinl fmltddhnepsteinskill
lnepsteintdfmdshkill fddsmepsteintnkillhl skillmfepsteinthddnl
thdlskillnfdmepstein lepsteinkilldhfmstnd thdlskillnfdmepstein
lkilldtnmsepsteindfh lkilldtnmsepsteindfh
mfndlsdepsteinhkillt killmfndshdtepsteinl
fkillepsteinndmdlhts mkillthfdlnepsteinds
fdmtdepsteinkilllsnh mdkilllfdnstepsteinh fdmtdepsteinkilllsnh
fhnmkillepsteinsdltd fhnmkillepsteinsdltd
msepsteintlhnfkilldd msepsteintlhnfkilldd
killtdslhfdepsteinnm slepsteinkillfmddhtn killtdslhfdepsteinnm
hnddkilltslmfepstein dmtlsfhnkilldepstein
dsftepsteindhkillmnl sdlhfnmdepsteintkill
depsteinftndhmkillsl hepsteinnfdmlsdtkill depsteinftndhmkillsl epsteindkilltlmnhsfd
lkillfthdsepsteindnm ndkillthdepsteinlsmf dtnkillsepsteinmdfhl hnskillepsteintfdmld
dkillnmhldstfepstein dkillnmhldstfepstein mhkillepsteinddlfsnt
epsteinhnkillsldfdmt lkillepsteintdshmfnd epsteinhnkillsldfdmt
lmkillepsteintsndfhd lmkillepsteintsndfhd ndshkilldmlepsteinft
shfnmltepsteindkilld shfnmltepsteindkilld killtepsteinddhlmnsf
msddkilllthepsteinfn msddkilllthepsteinfn
lhsntdepsteindkillmf lhsntdepsteindkillmf
dtsmdnlhfepsteinkill epsteinsnmflhtdkilld dtsmdnlhfepsteinkill
dfdepsteintlnskillhm ldepsteindhkilltsmfn dfdepsteintlnskillhm
tndskilldfepsteinmhl tndskilldfepsteinmhl dkillnmsfhtlepsteind
killhtdmdlnsfepstein killhtdmdlnsfepstein nfltdmkillsdepsteinh sndldftmkillepsteinh
epsteinfthkilldnslmd epsteinfthkilldnslmd ntmdhepsteinsdkillfl
mkilldlshdtfepsteinn epsteinhdkillltsmfdn mkilldlshdtfepsteinn
hepsteinntdkillsdmfl hepsteinntdkillsdmfl depsteintkilllnmsfdh
mhdskillldftnepstein mhdskillldftnepstein
hmdkilllnepsteinfsdt hmdkilllnepsteinfsdt
hdepsteinkillnfdlmts dlshdtepsteinnkillfm mndtkillepsteindlfhs
ltfnsdhepsteinkilldm ltfnsdhepsteinkilldm tepsteinmdfldhnskill
tepsteinhsdkillmldfn tepsteinhsdkillmldfn
fmtnkilldepsteindhsl mkillldnhepsteinstfd fmtnkilldepsteindhsl
depsteinfmkillhdsnlt tdfkillslepsteinhdmn
nepsteinfthdldmkills hnsepsteinmkillfddtl
hsepsteinfkillnmddtl hsepsteinfkillnmddtl hmndfkillslepsteintd nmdhepsteinkilltfsld ldfsmnepsteinkilltdh epsteindmshtfldnkill
killthsepsteindmlfdn killthsepsteindmlfdn depsteinslkillhdftmn nepsteindhkillltmsfd
fthlkillnepsteindsdm lepsteindnhstfdmkill thnkillmddsepsteinfl
dhmkillfdltnsepstein dhmkillfdltnsepstein
killdldepsteinmfsthn killdldepsteinmfsthn dnldkillhmfstepstein
dflstmkillepsteindhn lsmftnepsteinkillhdd dflstmkillepsteindhn
sfdntlkilldhmepstein dhtepsteinkillsdflmn
