149 000 001 002 013 024 025 035 027 018 029 028 038 028 029 018 027 035 025 024 013 002 001 000 149 060 062 054 053 056 053 054 063 072 073 085 074 075 076 077 078 077 076 075 074 086 074 085 073 072 063 090 091 092 091 090 063 054 062 070 069 070 062 060 149 100 105 108 145 114 118 115 117 126 122 121 122 126 117 115 118 114 145 108 105 100 101 102 101 100 149
22
024 006 031
025 026
038 037 048
053 050 053
054 054 059
056 056 066
060 060
063 064 065
069 067 069
070 068
078 078 079 083
076 080 081
085 085
086 086 089
072 088
091 091
092 096 097
102 103 104
105 111
115 115
121 123 142
126 126
