152 75 50 183 185 111 185 183 50 184 7 14 85 14 187 156 1 58 129 115 59 53 82 53 59 115 129 58 1 156 45 156 187 8 108 136 108 74 21 74 166 74 108 89 108 8 187 14 7 184 179 0 62 155 62 0 95 0 154 51 88 130 180 16 52 107 135 26 41 149 24 173 94 13 94 173 24 143 24 149 41 133 116 147 84 56 161 4 113 5 113 4 161 56 84 147 116 165 116 133 41 26 135 107 52 16 180 130 88 51 154 78 123 170 123 78 154 0 179 119 101 139 65 144 6 162 97 162 6 144 65 110 171 110 65 139 36 142 36 169 36 139 101 119 179 184 50 75 152
48
170 31 170
142 142 28
97 97 27
116 116
89 89 60
169 105 169
149 79 163 149
162 157
45 45 175
129 112
56 56
165 134 165
51 172 51
136 37 136
183 9 183
41 41
95 35 95
171 171 66
111 111 168
139 139
78 78
143 143 151
21 73 92
166 81 166
155 12 121
58 58
50 50 153
36 87
85 85 96
5 5 182
130 130
133 90
65 65
62 145
82 126 181
113 113
13 13 42 38
94 94
184 184
180 180
144 144
53 53
154 2
101 101
115 54
8 8
0 0
75 75
