location34 location59 location89 location59 location98 location19 location126 location88 location126 location19 location98 location59 location186 location33 location113 location142 location158 location142 location113 location116 location5 location181 location168 location79 location180 location79 location75 location153 location184 location71 location184 location153 location137 location153 location75 location32 location109 location144 location109 location32 location104 location128 location188 location128 location104 location76 location104 location32 location81 location134 location92 location53 location177 location53 location92 location196 location90 location196 location92 location114 location92 location134 location63 location199 location83 location151 location165 location40 location30 location163 location4 location23 location4 location163 location30 location40 location165 location155 location165 location151 location83 location199 location63 location44 location193 location61 location149 location183 location42 location1 location175 location99 location97 location99 location123 location140 location179 location72 location179 location140 location123 location99 location175 location1 location42 location183 location149 location61 location193 location44 location63 location134 location81 location32 location75 location79 location168 location181 location5 location116 location161 location116 location113 location33 location159 location135 location159 location33 location186 location59 location34
47
location34 location34
location128 location46
location72 location72 location136
location71 location132 location71
location97 location189 location194 location157 location38
location155 location155 location162 location125
location23 location23 location27
location89 location89 location176 location3
location92 location52 location170 location92
location144 location45 location144
location158 location39 location158
location177 location177 location68 location28 location187
location159 location159
location123 location131 location115 location121
location181 location181
location149 location149 location91
location63 location11 location172 location54
location40 location197
location135 location55 location135
location76 location111 location76
location140 location140
location30 location192
location134 location134
location99 location99
location188 location143 location12 location24 location188
location59 location167 location59
location180 location164 location180
location88 location15 location88
location165 location37 location107
location161 location161 location122
location79 location9 location96 location64 location6 location119 location117 location79
location104 location130
location163 location163
location142 location142 location120
location75 location47
location137 location137 location174
location113 location0
location151 location151
location109 location109
location90 location90 location2
location116 location103 location86
location98 location98
location126 location139 location21
location114 location60 location114
location199 location199
location175 location175 location105
location4 location17
