0 161 0 92 45 197 198 152 51 11 79 41 181 127 77 127 181 41 79 66 91 133 185 33 179 180 125 97 56 95 130 183 49 100 163 164 2 88 148 88 149 196 23 118 50 118 23 109 110 109 21 12 178 122 94 121 94 122 178 12 21 154 93 14 116 25 115 25 116 14 93 154 21 109 23 196 149 88 2 67 85 136 187 136 85 67 2 164 15 144 60 143 192 191 192 143 60 64 35 113 35 112 35 64 60 65 30 104 103 104 30 189 139 96 140 96 139 189 30 65 60 144 15 164 163 100 43 100 49 183 130 95 131 95 56 97 125 180 179 33 185 133 91 78 31 107 168 107 31 78 91 66 79 11 51 7 146 194 146 80 146 7 51 152 198 197 45 92 0
67
100 100
43 101 102
103 103 105 165
104 104
31 106 108
107 107
109 109 169
110 110 111 170
112 112 171
113 113 172
35 114
115 115 173
116 116 174
25 117
118 118 175
50 119 120
121 121 177
122 122
94 123
97 124 126
125 125
127 127
77 128 129
130 130
131 131 184
95 132
133 133
91 134 135
136 136
85 137 138
139 139
140 140 190
96 141
191 142 191
143 143
144 144
80 145 147
146 146
148 148 195
149 149
88 150
51 151 153
152 152
154 154
93 155 156
92 157 158 159
161 160 161
0 162
163 163
164 164
30 166
168 167 168
2 176
178 178
179 179
180 180
181 181 182
183 183
185 185
33 186
187 187 188
189 189
192 192
194 193 194
196 196
197 197
198 198
