5 4 33 137 42 165 7 121 34 133 68 195 56 118 113 197 149 90 149 28 149 197 113 88 40 155 96 155 40 88 113 118 56 195 68 133 120 158 120 133 186 112 82 27 0 53 199 166 199 53 0 27 174 101 174 27 82 112 171 104 83 79 105 79 83 104 171 112 186 189 77 196 77 189 186 133 34 62 36 91 150 130 64 37 64 130 150 191 150 91 36 62 106 47 106 62 34 138 69 183 69 138 116 138 55 138 34 76 81 76 34 121 52 162 52 121 7 165 94 109 58 38 193 29 78 29 193 38 58 109 192 18 190 93 86 93 190 18 192 119 67 119 192 109 94 20 35 20 94 39 89 154 89 39 94 165 42 137 33 4 5
61
112 10
191 194 31
101 1 101
78 100 179 78
47 47 43
28 28 180
104 178 104 26
133 133
171 171
158 14 158 80
86 85 44
90 2 159
91 91
162 48 162
33 33
166 122 32
76 76
154 187 46 154
82 146
138 138
37 37 177
96 96 22
199 199
35 135 188 110
174 174
39 39 92
77 140 143 77
53 53
67 67 41
27 25
189 103 189
34 9 34
69 69 153
193 193
105 105 17
109 168 75
116 50 116 99
190 16
29 164
137 137
20 20
121 157
165 63 173
58 152 58
40 123
196 196 184
52 52
192 192
119 71 156
55 102 55
113 61
36 11
83 170 83
81 81 151
183 51 183
64 64
42 42
18 18
149 149
68 68
56 56
