DZA AGO GNB HND DMA ATA ASM CYP CHN CAF CHN CYP CYM CYP ASM ATA DMA HND GNB GLP BGR BDI BMU BHS DOM CUW DNK ARE ALB ARE DNK CUW DOM BHS BRA BLM BES BLR BES BLM BRA GRC GUY GTM GUY GUM GRD GUM GUY EST ETH GGY GIB FSM EGY ESH GBR FRA GBR ESH EGY FSM GIB FIN GIB GGY ETH EST GUY GRC BRA BHS BRB CAN COD CAN BRB BHS BMU BDI BGR GLP GNB AGO DZA
30
COD COD BRN
FIN FLK AND FIN ABW
DMA DJI
FRA FRO FRA
CAF CAF BVT
GTM HMD COG
ALB ARG ALB
GRD GRD GNQ
BHS BHS
HND HND GEO
BLM BLM BFA
BLR CCK BGD BEN BLR
GLP GLP HKG
CAN CHE CAN
GRC GRC
ATA ATA
FSM FSM GHA
ARE ARE
BES BES
DOM DOM AUS
GUY CUB
CYM CYM CXR CZE
DNK DNK
BDI BDI
GBR GBR
ASM ATF
ESH ECU
BRB BRB
CUW CUW
GGY ERI
