Soda 68 172 68 185 68 Soda 124 7 48 7 124 12 40 85 53 0 162 0 53 85 40 177 136 177 40 12 124 24 106 56 96 117 123 117 96 56 106 24 159 39 14 46 103 46 14 39 180 6 180 39 159 24 169 2 118 29 5 170 5 29 99 29 131 37 31 3 125 3 31 115 31 37 55 37 63 11 17 83 90 83 132 83 17 11 63 37 131 29 118 2 183 2 169 24 124 Soda 167 16 51 187 43 8 43 139 43 155 43 187 51 16 81 10 130 10 81 16 142 69 70 98 148 34 148 98 156 98 70 69 142 16 160 16 167 47 167 108 167 Soda
52
99 99 145
162 100 162
85 101 171
132 102 132
103 103 143 175
29 104 127 189
90 105 135
106 106
53 107 140
108 108 111 146 198
3 109
47 110 163 193
40 112 151 195
8 113 158
130 114 130
115 115 182
48 116 137
117 117
118 118
124 119 124
70 120 147 190
155 121 155
43 122 184
123 123 150
125 125 153
34 126 152
156 128 156
83 129
131 131 157
12 133
2 134 154
136 136 166 196
6 138 165
139 139 141
142 142 194
170 144 170
148 148 149 173
159 159
160 160 192
17 161 186
183 164 179 181 183
167 167
185 168 185
169 169
172 172 178
7 174
55 176 197
177 177
180 180
187 187
68 188
10 191
