Soda 14 37 26 4 48 67 36 34 49 34 36 67 48 4 26 77 43 55 97 76 97 80 81 35 30 25 70 79 44 61 20 91 6 17 6 91 20 52 15 52 93 13 33 50 3 50 33 13 93 52 20 61 7 61 44 79 70 25 30 35 81 80 97 45 12 32 11 75 58 64 92 98 83 41 83 98 92 64 58 75 11 32 12 45 97 55 43 77 26 37 14 Soda
33
67 2
3 3 8
4 4 28
36 5 36
6 6
7 7 24
17 9 17 23
26 10 26 42
11 11
12 12
13 13
14 14
15 15 29
30 16 30 31 46
61 18 22
76 19 21
20 20
25 25
41 27 41
32 32
33 33
34 34
35 35
37 37
64 38 40
49 39 49
43 43
44 44
45 45
81 47
48 48
50 50
58 51
