Soda 173 194 67 135 56 135 67 170 33 142 136 187 89 146 138 162 11 19 175 17 116 46 116 17 169 83 118 71 72 77 72 71 118 83 169 17 175 174 28 174 175 19 37 125 80 5 80 125 37 38 148 38 37 99 18 82 70 183 8 183 70 82 18 99 37 19 11 162 138 168 153 69 193 74 40 161 151 43 151 85 84 47 84 85 151 161 40 74 193 25 193 69 153 168 138 12 102 21 102 12 138 146 66 127 26 20 150 106 160 52 64 52 160 106 123 53 155 134 129 100 132 157 29 13 29 157 132 100 105 32 105 100 129 134 155 53 123 166 123 106 150 20 26 127 66 146 89 187 147 187 136 142 33 170 67 194 108 133 68 133 108 194 173 Soda
54
116 2 96
108 3
13 4 7 13
5 5 57 90 101
37 6 37 42
8 8 45
28 9 28
25 10 25
11 11 50
12 12
72 14 72 81
46 15 46
155 16
17 17
18 18
19 19 61 87
20 20
21 21 79
80 22 76 80
84 23 84
33 24 33
26 26 65
136 27
29 29
32 30 32 34
148 31 92 97
56 35 56
85 36 85
38 38
118 39
40 40 51
52 41 52 75
43 43 60
147 44 48
47 47 63
77 49 77
53 53
89 54 89
66 55 66
68 58 68
69 59 69
166 62 91
64 64 86
67 67
70 70 73
71 71
74 74
138 78 94
82 82
83 83 88
150 93
153 95
100 98 100
99 99
