LeonieHill ChangiPoint SungeiKadut KampongUbi WoodlandsSouth HougangCentral Outram MonksHill PasirRisCentralTown WaterwayEast GreenwoodPark Trafalgar Seletar ChangiBay Yishun ChangiBay TanglinHalt ChangiBay Seletar Trafalgar GreenwoodPark WaterwayEast PasirRisCentralTown KampongGlam ClarkeQuay SungeiRoad Semakau SungeiRoad Cecil Pandan Woodgrove YishunCentral ClementiCentral YishunCentral Woodgrove Pandan Cecil PasirPanjang2 TanjongRhu GeylangBahru TanjongRhu PasirPanjang2 Cecil SungeiRoad SembawangSprings PasirRisPark Sentosa PasirRisPark SembawangSprings SungeiRoad Novena Clementi Victoria Clementi Novena TampinesWest PasirRisWestElias ChoaChuKangCentral PasirRisWestElias TampinesWest Novena SungeiRoad KallangWay AnchorvaleBuangkok YioChuKang MandaiWest YioChuKang AnchorvaleBuangkok KallangWay SungeiRoad ClarkeQuay KampongGlam PasirRisCentralTown MonksHill Outram HougangCentral WoodlandsSouth Gombak ConeyIsland Gombak WoodlandsSouth KampongUbi Shipyard NeeSoon OrangeGrove DefuIndustrialPark OrangeGrove NeeSoon Shipyard KampongUbi SungeiKadut ChangiPoint LeonieHill
34
GreenwoodPark Guilin GreenwoodPark
Trafalgar Trafalgar
Cecil Townsville
Victoria SerangoonGarden Victoria
GeylangBahru Springleaf AirportRoad
ClementiCentral ClementiCentral ChangiWest
Novena Novena SingaporePolytechnic
Semakau FarrerPark Semakau
SungeiKadut SungeiKadut
YioChuKang Boulevard YioChuKang
MonksHill MonksHill
KallangWay KallangWay
Shipyard Shipyard
TampinesWest YuhuaWestBoonLay TampinesWest
SungeiRoad SungeiRoad
TanglinHalt TuasBay TanglinHalt
Yishun Phillip Yishun
Outram Sennett Outram
SembawangSprings SembawangSprings
Sentosa Kranji Sentosa
ConeyIsland Ridout ConeyIsland
PasirRisCentralTown BishanEast
MandaiWest MandaiWest NorthCoast
PasirPanjang2 PasirPanjang2
YishunCentral PunggolTownCentre
OrangeGrove OrangeGrove
NeeSoon NeeSoon
PasirRisWestElias BukitBatokCentral
ChoaChuKangCentral ChoaChuKangCentral LoyangEast
AnchorvaleBuangkok AnchorvaleBuangkok
HougangCentral JurongWestCentral
DefuIndustrialPark Tyersall DefuIndustrialPark
KampongGlam KampongGlam
Woodgrove Woodgrove
