J6 F9 A5 D1 H6 H8 H7 B4 J3 I4 F4 E6 J1 J4 J1 E6 E7 A9 E7 E6 H2 E6 F4 I4 J3 B4 H7 B2 E4 B2 H7 H9 A2 H9 H7 H8 H6 D1 A5 D9 H5 H4 H5 C9 I3 J7 I3 C9 H5 D9 B1 D9 A5 A1 A7 C3 A7 A1 A5 F9 J5 F9 J6 C4 C5 G8 H3 B8 A6 I9 B0 D6 B0 I9 A6 B8 G0 E0 I5 E0 G0 B8 H3 J8 H3 G8 C5 H0 E8 D0 E8 H0 C5 C4 J6
34
H2 H2 B6
A7 A7
I4 G9
H8 H8
E6 B7
A5 F3 A5
J4 J4 E2
C9 C9
B8 F8
G8 G8
I3 I3
G0 G0
A2 A2 D8
E4 E4 F5
J8 B9 J8
B1 E1 F7
H4 A0 H4
I5 G6 J9
B2 C1
C3 C3 C6
H7 H7
J5 J5 B5
D6 F0 D6
D0 B3 D0
B0 B0
J7 J7 C2
F9 F9
A9 A8 A9
C4 C4
E0 E0
H3 H3
H0 H0
J6 I7 J6
H5 H5
