Qwilfish Tropius Drapion Taillow Drapion Vullaby Jumpluff Vullaby Drapion Tropius Shellos Xerneas Shellos Tropius Qwilfish Drampa Phanpy Skiddo Noibat Simisear Sandile Meloetta Inkay Meloetta Sandile Metapod Weezing Metapod Sandile Simisear Slowbro Nincada Slowbro Simisear Noibat Terrakion Politoed Tornadus Kakuna Tornadus Politoed Dewpider Whismur Dewpider Politoed Terrakion Metang Crawdaunt Metang Terrakion Scatterbug Tsareena Scatterbug Terrakion Noibat Honedge Noibat Skiddo Skorupi Munna Skorupi Magnemite Skorupi Skiddo Phanpy Magmar Volcarona Magmar Wartortle Zekrom Wartortle Magmar Phanpy Lotad Amoonguss Lotad Phanpy Drampa Froakie Drampa Gengar Drampa Qwilfish
42
Qwilfish Qwilfish
Simisear Simisear
Phanpy Phanpy
Terrakion Terrakion
Drapion Drapion
Meloetta Meloetta Porygon2
Volcarona Volcarona Steenee
Metang Slurpuff Metang
Skiddo Skiddo
Politoed Politoed
Tropius Tropius
Sandile Sandile
Magmar Magmar
Taillow Taillow Paras
Slowbro Slowbro
Drampa Drampa
Noibat Noibat
Lotad Lotad
Scatterbug Scatterbug
Vullaby Vullaby
Inkay Inkay Vespiquen
Tornadus Tornadus
Skorupi Skorupi
Dewpider Dewpider
Shellos Shellos
Metapod Metapod
Wartortle Wartortle
Crawdaunt Crawdaunt Woobat
Froakie Froakie Bounsweet
Nincada Nincada Comfey Seaking
Gengar Gengar Tauros
Honedge Honedge Weepinbell
Amoonguss Amoonguss Stufful
Tsareena Tsareena Shellder
Jumpluff Jumpluff Plusle
Munna Munna Swadloon
Kakuna Kakuna Treecko Lumineon
Magnemite Magnemite Yungoos
Whismur Whismur Bastiodon
Xerneas Xerneas Wailord
Weezing Weezing Escavalier
Zekrom Zekrom Conkeldurr
