Monroe CSprings Lewisville CSprings Monroe Berkeley Moreno Two Hampton Modesto Hampton Two Melbourne Lacey Elizabeth Bloomington Corona Houston Arlington Bridgeport Abilene Charleston Johnson Charleston Abilene Bridgeport Arlington Houston Atlanta Boise Madison Gulfport Madison Boise Aribel Naperville Havre Marysville Viejo Hesperia Clarke Irvine Hagerstown Irvine Clarke Hesperia Viejo Lincoln Lorain Boulder Cathedral Elkhart Cathedral Boulder Lorain Lincoln Viejo Marysville Minneapolis Anchorage Apple Anchorage Minneapolis Marysville Havre Naperville Aribel Augusta Eleven Denver Eleven Augusta Aribel Boise Albany Champaign Milwaukee Hialeah Brighton Bremerton Bedford GreenBay Hickory Hartford Glendale Amarillo Glendale Hartford Hickory Ten Jacksonville Ten Lakeland Grays Aberdeen Grays Lakeland Ten Louisville Ten Hickory GreenBay Bedford Bremerton Kenosha Bremerton Brighton Hialeah Milwaukee Champaign Albany Boise Atlanta Houston Corona Bloomington Elizabeth Irving Bakersfield Gastonia Chesapeake Asheville Carrollton Asheville Escondido Miami Escondido Asheville Chesapeake Gastonia Bakersfield ElkGrove Evansville ElkGrove Bakersfield Irving Elizabeth Lacey Melbourne Two Moreno Montgomery Moreno Berkeley Monroe Clarksville Aurora Gainesville Hemet Hayward Hemet Gainesville Aurora Duluth Dayton Duluth Aurora Layton Canton Layton Aurora Clarksville Monroe
61
Denver Bradenton Kennewick Denver
Louisville Three Anaheim
Amarillo Mesquite Amarillo Birmingham
Hampton Hampton Prairie
Albany Albany Cambridge
Ten Ten
Johnson Burlington Johnson
Miami Miami Corpus
Kenosha Kenosha Baltimore
Melbourne Melbourne
Jacksonville Kissimmee Jacksonville
Carrollton Baton Carrollton
Lewisville Allentown Lewisville
Asheville Fairfield Asheville
Arlington Arlington Rapids
Canton Four Canton Leominster
Elizabeth Elizabeth
Chesapeake Chesapeake Manchester
Gainesville Gainesville
Clarke Clarke
Montgomery Montgomery Merced Detroit
Hialeah Mesa Hialeah
Bridgeport Kailua Bridgeport
Elkhart Elkhart Erie Huntington
Aberdeen Aberdeen Lowell
Hesperia Greensboro Hesperia
Corona Gilbert
Naperville Athens Julian
Evansville Akron Davidson
Cathedral Killeen Lancaster
Modesto Seven Modesto
Monroe Monroe
CSprings Naples Muskegon
Hagerstown Hagerstown Antioch
Havre Havre
Aurora Vista
Madison Brownsville
Anchorage Daytona Anchorage
Lacey Lacey
Boulder Boulder
Dayton Dayton Austin
Hartford Hartford
Gulfport Cleveland Huntsville
Irving Irving
Milwaukee Dallas
Bremerton Cary
Lakeland Lakeland
Charleston Laredo Charleston
Bakersfield Mobile
Brighton Bethlehem
Apple Apple Fayetteville
Hayward Hayward Denton
Hickory Lafayette Hickory
Gastonia Monterey
Glendale Glendale
Viejo Viejo
Boise Boise
Bedford Bedford
Abilene Abilene
Clarksville Clarksville
Layton Layton
