Myrtle Montgomery Lafayette Davidson Charles Bellevue Kansas Joliet Kansas Bellevue Charles Baton Hollywood Cedar Hollywood Brownsville Hollywood Baton Charles Cary Albuquerque Canton Bradenton Jacksonville Dallas Hemet Monterey Plen Erie Minneapolis Erie Plen Monterey Hemet Dallas Jacksonville Bradenton Canton Albuquerque Kissimmee Harlingen Lorain Harlingen Fayetteville Arvada Appleton Leominster Appleton Arvada Bloomington Arvada Fayetteville Barnstable Fayetteville Harlingen Kissimmee Nashua Moreno Aribel Abilene GreenBay Abilene Aribel Moreno Nashua Kissimmee Lacey Huntington Lacey Kissimmee Albuquerque Cary Charles Davidson Lafayette Montgomery Myrtle
31
Abilene Hartford Abilene
Joliet Joliet Deltona
Barnstable Barnstable Macon
Dallas Dallas Chandler
Jacksonville Grays
Huntington Muskegon Huntington
Moreno Merced Moreno
Erie Erie Huntsville
Fayetteville Chicago Albany
Hollywood Hollywood
Hemet Hemet
Cary Cary
Nashua Bridgeport Nashua
Harlingen Harlingen
Cedar Cedar Champaign
Plen Plen
Bradenton Bradenton
Bloomington Bloomington Medford
Brownsville Brownsville Mobile
Albuquerque Albuquerque
Lorain Lorain Lansing
Kissimmee Miramar Kissimmee
Montgomery Montgomery Cathedral
Davidson Davidson
Leominster Leominster Houma
Minneapolis Minneapolis Lexington Alexandria
GreenBay GreenBay Corpus
Aribel Aribel
Lafayette Baltimore
Kansas Kansas
Appleton Appleton
