Soda ResidenceHalls LowerSproulPlaza AlumniHouse HaasPavilion CheitHall BlumHall CheitHall HaasPavilion KroeberHall FacultyClub EvansDiamond BarrowLane BarrowsHall MinorHall DonnerLab MinorHall BarrowsHall BarrowLane GoldmanField LevineFrickeField EdwardsStadium KoshlandHall BerkeleyWayWest KoshlandHall EdwardsStadium LevineFrickeField GoldmanField BarrowLane EvansDiamond BerkeleyArtMuseum AnthonyHall GilmanHall HilgardHall LewisHall BancroftLibrary LewisHall HilgardHall GilmanHall AnthonyHall BerkeleyArtMuseum CalvinLaboratory ClarkKerrCampus McConeHall CampbellHall McConeHall ClarkKerrCampus CalvinLaboratory MLK BowlesHall HertzHall BowlesHall MLK CalvinLaboratory BerkeleyArtMuseum EvansDiamond FacultyClub KroeberHall HaasPavilion AlumniHouse LowerSproulPlaza CareerCenter LowerSproulPlaza ResidenceHalls Soda
21
AlumniHouse AlumniHouse BarkerHall DoeMemorialLibrary
AnthonyHall AnthonyHall Campanile ChouHall
BancroftLibrary BancroftLibrary BoaltHall
EdwardsStadium BanwayBldg CaliforniaHall CyclotronRd EdwardsStadium
BarrowLane BarrowLane
BarrowsHall BarrowsHall BARTStation
BerkeleyArtMuseum BerkeleyArtMuseum DavisHall
BerkeleyWayWest BerkeleyWayWest BrainImagingCenter
BlumHall BirgeHall BlumHall
CheitHall BlackwellHall CheitHall
KoshlandHall BotanicalGarden
CampbellHall EastAsianLibrary CampbellHall
CalvinLaboratory CalvinLaboratory
CareerCenter CareerCenter VLSB Dwinelle
DonnerLab ChanShunAuditorium DonnerLab
ClarkKerrCampus ClarkKerrCampus
HertzHall CNMAT EtcheverryHall
GoldmanField Cory
FacultyClub DurantHall EshlemanHall
GilmanHall EastGate
EvansDiamond EvansDiamond
