Soda EtcheverryHall WicksonNaturalArea OptometryClinic Piedmont NorthField FacultyGlade Emeryville HaasSchoolofBusiness LevineFrickeField UniversityHall Hayward FosterCity HertzHall FosterCity Hayward Saratoga MartinezCommons BerkeleyArtMuseum Dwinelle CNMAT EastGate ChouHall TangCenter Hillsborough TangCenter ChouHall EastGate CNMAT Dwinelle BerkeleyArtMuseum MartinezCommons MLK Healdsburg SutardjaDaiHall Insectary Novato McConeHall SpiekerPlaza EastAsianLibrary CareerCenter OBrienHall ObservatoryHill GianniniHall WarrenHall Albany SanRafael IshiCourt SanRafael Albany WarrenHall GianniniHall ObservatoryHill OBrienHall CareerCenter EastAsianLibrary ResidenceHalls GoldmanField BirgeHall WheelerHall BirgeHall GoldmanField GilmanHall HearstGreekTheatre GilmanHall GoldmanField ResidenceHalls EastAsianLibrary SpiekerPlaza McConeHall Novato Insectary SutardjaDaiHall Healdsburg MLK LifeSciencesAddition SantaRosa BrainImagingCenter HildebrandHall Antioch MinorHallAddition StHelena MinorHallAddition Antioch HildebrandHall BrainImagingCenter SantaRosa LifeSciencesAddition MLK MartinezCommons SimonHall ClearyHall KrutchTheater MulfordHall KrutchTheater ClearyHall SimonHall MartinezCommons StanleyHall Orinda Oakley BarrowsHall Oakley Orinda GiauqueHall Orinda McLaughlinHall WellmanHall McLaughlinHall Orinda StanleyHall MartinezCommons Saratoga Hayward UniversityHall DonnerLab NorthGateHall DonnerLab UniversityHall UCBerkeleyExtension BanwayBldg AlumniHouse BanwayBldg UCBerkeleyExtension UniversityHall BarkerHall UniversityHall LevineFrickeField HaasSchoolofBusiness Emeryville FacultyGlade NorthField Piedmont OptometryClinic WicksonNaturalArea EtcheverryHall Soda
42
SutardjaDaiHall Campanile EvansHall
GiauqueHall GiauqueHall StadiumRimWay Alameda
ClearyHall ClearyHall
IshiCourt IshiCourt Pacifica Benicia
SanRafael Fairfield SanPablo SanRafael
McLaughlinHall LowerSproulPlaza
UniversityHall ZellerbachPlayhouse
SimonHall SatherTower Pinole
MulfordHall ZellerbachHall MulfordHall
Antioch AnthonyHall
AlumniHouse ClarkKerrCampus WursterHall
Healdsburg Healdsburg
DonnerLab DonnerLab
Saratoga Saratoga
EtcheverryHall EtcheverryHall
NorthGateHall NorthGateHall HargroveMusicLibrary
MLK Brisbane WomenFacultyClub
ChouHall Belmont ChouHall
CareerCenter HearstMiningCircle
BarkerHall PimentelHall BarkerHall FrankSchlessingerWay
EastGate BancroftLibrary EastGate
Novato KroeberHall Pittsburg BlumHall
StHelena KleebergerFieldHouse StHelena
Oakley Oakley
GilmanHall GilmanHall
WellmanHall SternHall WellmanHall
WheelerHall WheelerHall WestCircle
HertzHall HertzHall Unit1
BarrowsHall LewisHall WestGate
GoldmanField GoldmanField
MartinezCommons MartinezCommons
Insectary Insectary
HearstGreekTheatre HearstGreekTheatre CalvinLaboratory
MinorHallAddition FoundersRock MinorHallAddition
Piedmont Piedmont
BerkeleyArtMuseum Cory
Orinda Orinda
Hayward Hayward Unit3
Albany Albany
Hillsborough SanRamon Hillsborough
Emeryville Emeryville SproulPlaza
WicksonNaturalArea WicksonNaturalArea
