Fizz Earthshaker Anivia Katarina Nidalee Kennen Nidalee Katarina Gragas Malphite Vi Bard LoneDruid Medusa BountyHunter Fiddlesticks Camille Wukong Mirana Dazzle Akali Tidehunter Silencer Twitch Soraka WinterWyvern Soraka Sven Soraka Twitch Silencer Tidehunter Akali Dazzle Mirana KhaZix Mirana Wukong Camille Fiddlesticks BountyHunter Medusa LoneDruid ArcWarden Sivir Tiny Sivir Teemo Rengar Teemo Sivir ArcWarden LoneDruid Cassiopeia SpiritBreaker Doom Tryndamere Rumble Phoenix Venomancer Phoenix Rumble Tryndamere Doom SpiritBreaker CrystalMaiden Sniper Oracle Sniper Annie Heimerdinger Annie Sniper CrystalMaiden SpiritBreaker Cassiopeia LoneDruid Bard Vi Kayn Irelia Kayn Vi Malphite Gragas Slark Gragas Katarina Anivia Beastmaster FacelessVoid Thresh Jayce Sona Jayce Thresh Weaver Lina Janna Lina Weaver Thresh FacelessVoid Xerath FacelessVoid Beastmaster Orianna Bane Huskar Warlock Huskar Bane Orianna Kled Maokai Chen Malzahar Xayah Malzahar Chen Maokai Ashe TreantProtector Ziggs TreantProtector Ashe Maokai Kled Orianna Nunu Razor Nunu Orianna LeBlanc Orianna CentaurWarrunner ShadowDemon Hecarim Pantheon DeathProphet Pantheon Hecarim ShadowDemon CentaurWarrunner Orianna Beastmaster Anivia Quinn Anivia Earthshaker Fizz
57
Thresh Thresh
Heimerdinger Heimerdinger Azir
Huskar Huskar
Sven Sven Slardar
Silencer Nasus
Medusa Medusa
Tiny Tiny Puck
Katarina Katarina
Malzahar Terrorblade StormSpirit Visage
KhaZix KhaZix Morphling
Razor Kassadin Syndra
Gragas Gragas
Kennen Kennen Vladimir
CentaurWarrunner CentaurWarrunner Magnus
Sniper Sniper
WinterWyvern WinterWyvern Omniknight
Nidalee Nidalee
Quinn NightStalker Quinn
Annie Annie
Rengar Singed Rengar
Sona Ekko Sona Talon
Venomancer Venomancer Brewmaster
Jayce Karma Jayce
BountyHunter BountyHunter
Warlock Warlock Undying Viktor
Weaver Weaver
LeBlanc ShadowFiend LeBlanc
DeathProphet DeathProphet Timbersaw
Fiddlesticks Fiddlesticks
Janna Janna JarvanIV
Fizz Fizz
Xerath TrollWarlord Techies
Kled Kled
Nunu Jinx Nunu
LoneDruid LoneDruid Zilean
Soraka Zed Amumu
Anivia Rubick
Irelia Irelia Ryze
Beastmaster Beastmaster
FacelessVoid FacelessVoid
Xayah VelKoz Xayah
Pantheon Pantheon
ShadowDemon ShadowDemon
SpiritBreaker SpiritBreaker
Bane Bane
Slark Yorick Slark Trundle
Mirana Mirana
Orianna Orianna
Ziggs Ziggs Tristana
Cassiopeia Cassiopeia Lucian
Chen Chen
Oracle Leona Oracle
Vi Vi
Twitch ShadowShaman
Rumble Rumble
Hecarim TahmKench
Kayn Kayn
