Pantheon Spectre Kayn Skarner Jhin Skarner Kayn Spectre Kalista Jayce Shyvana Jayce Kalista Spectre Renekton Magnus Renekton Undying Renekton Spectre Pantheon Thresh Weaver LoneDruid Nautilus Nunu Nautilus LoneDruid Weaver Thresh Sona Rammus LegionCommander BountyHunter LegionCommander Rammus Chen SkywrathMage ChaosKnight SpiritBreaker Draven Bristleback Draven SpiritBreaker ChaosKnight Ziggs CentaurWarrunner Galio Phoenix Jax Phoenix Galio CentaurWarrunner Cassiopeia Talon Cassiopeia CentaurWarrunner Ziggs Akali Ziggs ChaosKnight SkywrathMage Chen Rammus Disruptor KogMaw Disruptor Rammus Sona Thresh Pantheon Ahri Pantheon
27
Draven Jinx Draven
Nunu Nunu Ezreal MasterYi
Akali Akali Heimerdinger
Spectre Spectre
Undying Anivia Morgana
KogMaw CrystalMaiden KogMaw
CentaurWarrunner CentaurWarrunner
LoneDruid Oracle LoneDruid
ChaosKnight Xerath Lich ChaosKnight
Jayce Jayce
Disruptor Disruptor
Jhin Lux Jhin Kled
BountyHunter BountyHunter Slark
Sona Malphite
Thresh Tiny
SpiritBreaker Rumble SpiritBreaker
Talon NightStalker Talon
Bristleback Tailyah Bristleback Maokai
Ziggs Ziggs
Skarner Skarner Bard
Magnus Magnus Lucian
Jax Jax WraithKing
Shyvana Ashe Shyvana
Ahri ArcWarden Ahri
Phoenix Phoenix
Cassiopeia TrollWarlord
Galio Galio
