0 2 90 2 0 4 10 6 7 76 84 76 104 76 7 6 9 133 131 133 9 6 11 15 21 16 23 28 23 31 36 31 100 105 113 105 100 31 23 16 21 15 11 6 10 13 10 4 12 19 24 29 30 29 24 19 26 32 40 118 87 93 97 93 99 106 111 106 122 106 99 93 87 118 40 32 26 19 60 19 12 20 27 35 43 42 73 77 73 42 43 51 43 54 56 64 91 103 98 96 98 103 91 64 56 54 43 35 27 20 12 4 49 50 58 62 67 75 80 119 80 75 82 81 82 75 67 62 58 50 49 4 0 108 1 38 34 38 1 108 0
60
73 73
11 18 11
118 118
77 78 77
76 76 95
31 31
64 64 68 137
23 141 23
82 82
104 110 104
12 12
36 36 44
9 9 8
19 19
56 56 138
30 69 30
49 55 49
75 132 75
29 29
15 127 22 15
26 26
20 128
131 131 142
0 145 0
108 108
90 143 94
42 45 42
60 65 60
62 146 62
51 51 53
27 27 33
4 4
32 32
28 85 28
81 86 81
16 16
10 10 25 135
133 133
24 109 24
96 96 101
105 105
58 66
122 122 120
67 67 70
40 40
119 123 134 119
34 39 34
111 117 111
43 47 43
97 97 89
113 113 114
84 84 83
1 148
6 5
93 93
35 35
80 80
7 7
98 98
13 13 125
