1 54 116 176 65 18 177 27 155 23 82 24 192 108 110 146 31 149 121 56 49 158 49 56 121 86 88 20 135 197 87 127 17 111 17 127 87 195 67 188 9 131 113 100 113 131 9 89 9 188 67 36 199 47 138 180 60 72 34 159 84 159 34 72 6 72 137 72 60 3 97 112 97 3 60 180 138 47 147 90 191 181 68 94 32 92 28 71 178 71 28 92 32 94 68 12 142 12 68 181 191 90 147 73 120 73 66 150 66 73 147 47 143 47 199 126 199 109 76 109 199 36 67 195 87 197 135 20 88 132 88 33 14 33 88 86 121 149 184 166 91 166 184 149 31 146 110 108 192 24 82 23 155 27 160 27 177 18 65 176 116 54 1
63
138 151
20 119 20
111 2 74
147 147
112 112 21
166 16
160 160 95
158 59 13
92 163 92
89 140 89
120 57 120 93
12 12
100 53 100 164
143 143 79
27 27
36 36
91 182 139 167 91
97 97
192 192 99
195 7
113 78
126 126 118
155 29 155
32 32 122
131 129 131
132 42 132
127 127 70
56 183
181 181 186
14 14 45
82 153 81
142 142 123
87 87
184 184
60 60
33 170
76 76 117
6 165 6
68 68
108 108 25
72 11
94 114 94
17 17
3 3
197 197
178 52 178
149 149
9 35 9
176 176
137 137 148
84 40 161
180 180
116 64 116
67 67
28 28 77
150 172 190
121 121
66 44
65 65
159 159
191 191
188 188
34 34
