16 33 63 43 67 55 40 9 52 57 84 96 0 38 86 99 82 20 82 99 86 38 0 72 0 96 84 56 15 56 37 59 94 48 4 71 51 71 4 61 23 95 17 29 50 29 17 95 28 1 5 45 3 46 74 46 3 45 5 1 28 95 23 61 4 48 94 59 37 56 84 57 52 9 40 55 67 43 63 33 16 39 78 73 75 92 19 85 19 92 83 60 88 60 83 92 75 73 78 39 16
34
86 86
72 93 31
75 75
83 90 83
51 51 18
85 7 85
23 23
33 33
88 35 88
94 94 53
17 17
60 60
92 92
84 84 21
37 37 65
29 29
50 58 50
0 0
96 96
5 5
19 19
82 82 62
74 68 74
40 40
15 80 15
63 36 25
20 11 20 81
61 61
78 6
3 3
55 55
71 44 77
52 52
39 39
