0 128 59 152 111 181 111 152 59 141 107 78 93 135 4 38 147 89 88 82 166 10 127 10 50 163 196 123 12 43 12 123 196 72 30 187 197 187 30 72 196 163 50 10 166 82 85 82 88 89 147 38 124 189 124 38 4 143 140 34 105 8 67 110 86 57 86 110 67 8 105 34 140 143 87 19 185 19 87 143 4 135 93 78 48 168 151 175 151 199 151 184 131 159 198 52 145 65 95 83 95 65 145 52 134 27 134 52 198 159 138 173 138 159 115 159 131 184 32 171 73 64 129 186 178 13 178 186 126 191 126 80 102 139 23 45 58 195 101 195 58 194 117 194 58 45 23 139 102 80 126 186 129 165 129 64 73 171 32 184 151 168 48 78 107 31 136 142 125 142 136 31 107 141 59 128 0
66
32 1 137
115 3 115
185 5 185
128 7
199 9 199
101 11 101
13 13 49
80 15 47
58 17
19 19
107 21 107
23 23
125 25 125
27 27 91
186 29
31 31
110 33
126 35
45 37 45
102 39
136 41
43 43 69
95 51 95
173 53 173
50 55
57 57 167
59 59 133
87 61 87
89 63 89
65 65
67 67
166 71 161
73 73
197 75 197
85 77 85
191 79 191
147 81 147 155
83 83 183
93 93
159 97 159
117 99 117
181 103 181
105 105
140 109
111 111
196 113
168 119
175 121 175
123 123
127 127 193
129 129
131 131
135 135 179
139 139
141 141
143 143
145 145
165 149 165
151 151
30 153
189 157 189
163 163
86 169 177
171 171
187 187
195 195
