0 17 37 17 51 3 8 160 8 3 26 47 36 47 26 3 119 3 126 14 79 18 33 18 93 18 149 20 149 18 185 11 24 6 24 11 185 18 79 130 2 130 79 14 126 15 32 19 131 19 32 15 53 15 145 12 30 16 123 5 7 29 74 29 7 165 4 165 7 5 9 5 25 62 77 62 25 5 123 16 30 12 145 15 126 3 51 17 0 39 0 41 80 41 179 46 179 41 0 58 31 94 31 58 0
44
6 199 142 177
39 39 52 78 195 183
58 58 192
14 188
3 3 174
36 125 50
160 160 129
12 12 109
19 19 96
32 32 191 35
46 136 46
8 116 143 8
119 119 170
80 197 80
126 126
31 31
179 179
2 2 180
94 94 86
33 33 68
41 105
74 74 156
37 184 133
77 21 77
24 24 70
9 157 9
16 16 159
0 0 158
131 131 178
30 115
185 185
93 194 93
11 103 43
20 38 198
53 69 163
17 17
4 4 189
5 190 182
15 60
18 18
29 29
62 62
51 51
130 193
