Loc1 Loc165 Loc5 Loc93 Loc63 Loc81 Loc85 Loc81 Loc63 Loc93 Loc5 Loc165 Loc121 Loc165 Loc161 Loc173 Loc161 Loc45 Loc168 Loc51 Loc108 Loc49 Loc60 Loc49 Loc108 Loc77 Loc100 Loc134 Loc130 Loc102 Loc130 Loc134 Loc100 Loc77 Loc108 Loc51 Loc168 Loc45 Loc88 Loc19 Loc136 Loc131 Loc144 Loc129 Loc91 Loc16 Loc127 Loc152 Loc101 Loc160 Loc187 Loc46 Loc59 Loc46 Loc166 Loc112 Loc29 Loc184 Loc167 Loc38 Loc167 Loc184 Loc29 Loc112 Loc31 Loc112 Loc166 Loc46 Loc187 Loc160 Loc183 Loc92 Loc183 Loc160 Loc101 Loc152 Loc171 Loc140 Loc39 Loc6 Loc39 Loc140 Loc171 Loc152 Loc127 Loc16 Loc175 Loc154 Loc82 Loc68 Loc17 Loc40 Loc13 Loc36 Loc150 Loc72 Loc98 Loc72 Loc150 Loc36 Loc13 Loc40 Loc17 Loc68 Loc82 Loc154 Loc175 Loc16 Loc135 Loc18 Loc135 Loc16 Loc91 Loc129 Loc144 Loc131 Loc193 Loc111 Loc176 Loc143 Loc176 Loc111 Loc196 Loc3 Loc196 Loc111 Loc193 Loc131 Loc74 Loc155 Loc164 Loc119 Loc8 Loc119 Loc164 Loc155 Loc74 Loc131 Loc136 Loc19 Loc88 Loc83 Loc78 Loc70 Loc78 Loc83 Loc88 Loc159 Loc20 Loc86 Loc126 Loc86 Loc20 Loc159 Loc88 Loc45 Loc161 Loc97 Loc73 Loc97 Loc161 Loc165 Loc1
64
Loc6 Loc115 Loc6
Loc164 Loc58 Loc164 Loc55
Loc45 Loc45
Loc83 Loc83
Loc3 Loc3 Loc188 Loc64
Loc82 Loc82
Loc39 Loc39 Loc89
Loc166 Loc166 Loc178
Loc183 Loc172 Loc183
Loc127 Loc127 Loc104
Loc121 Loc113 Loc121
Loc59 Loc59 Loc123
Loc130 Loc130
Loc160 Loc160
Loc68 Loc199 Loc99 Loc68
Loc143 Loc4 Loc110
Loc126 Loc126 Loc12
Loc97 Loc97 Loc26
Loc5 Loc5
Loc165 Loc37 Loc157 Loc153
Loc150 Loc44 Loc150
Loc173 Loc145 Loc132
Loc92 Loc106 Loc92
Loc8 Loc198 Loc8
Loc73 Loc117 Loc73
Loc51 Loc51 Loc69
Loc111 Loc111
Loc159 Loc156
Loc72 Loc72
Loc102 Loc102 Loc114
Loc91 Loc28 Loc91
Loc196 Loc196 Loc169
Loc13 Loc13
Loc29 Loc180 Loc29
Loc171 Loc171
Loc98 Loc98 Loc22
Loc60 Loc60 Loc186
Loc38 Loc122 Loc38
Loc70 Loc70 Loc194
Loc135 Loc135
Loc20 Loc87
Loc16 Loc66
Loc131 Loc131
Loc152 Loc152
Loc167 Loc167
Loc19 Loc19
Loc161 Loc161
Loc184 Loc177
Loc31 Loc76 Loc192 Loc31
Loc85 Loc85 Loc128
Loc144 Loc144
Loc155 Loc155
Loc78 Loc62
Loc136 Loc15
Loc119 Loc119
Loc101 Loc33
Loc112 Loc112
Loc175 Loc175
Loc63 Loc63
Loc18 Loc18 Loc50
Loc154 Loc154
Loc187 Loc187
Loc36 Loc36
Loc1 Loc1
