49 20 96 60 91 88 91 60 96 20 62 56 3 73 41 67 26 85 33 66 80 59 78 64 78 59 80 66 33 37 81 52 40 51 23 51 40 52 81 55 81 37 71 37 33 85 26 67 41 73 3 95 53 24 34 87 39 82 98 97 42 86 16 18 15 45 27 38 94 19 65 5 65 19 94 38 27 45 15 18 16 86 42 97 98 82 39 87 34 13 99 31 1 11 1 31 99 13 34 24 53 95 3 56 62 20 49
35
37 37
19 19
64 32 64
18 10 18
5 72 5
38 21 38
34 6
82 82
41 76
23 9 23 70
59 59
86 86
1 1 4
45 45
88 90 36 88
71 93 47 71
55 55 12
42 42
81 7
13 83
51 51
24 24
80 80 48
16 16 77
95 95
87 87
40 2
60 60
49 49
73 73
11 11 89
20 20
53 53
97 97
98 98
