114 49 58 102 97 174 97 88 122 31 14 162 90 180 16 130 176 183 138 146 169 146 138 183 176 104 87 104 176 130 16 180 90 162 72 3 72 162 125 70 43 113 89 59 27 55 79 20 83 139 143 139 83 20 79 15 48 136 50 112 181 112 50 136 48 15 79 55 42 55 27 59 89 113 43 70 125 162 14 31 122 88 97 102 58 49 67 91 28 85 62 108 51 46 173 175 173 46 0 29 0 46 187 135 187 46 51 80 133 10 133 80 51 108 62 149 45 164 45 149 129 92 47 26 18 26 47 92 129 149 95 149 62 85 28 91 67 98 100 73 81 182 57 117 57 182 81 73 100 98 67 49 114 78 161 99 128 19 171 64 127 165 111 82 60 195 5 37 5 65 5 195 60 140 137 44 11 32 24 179 17 147 96 147 17 179 24 32 11 44 137 140 60 82 111 165 127 64 171 19 128 99 161 78 114
69
16 16 12
174 174 150 94
183 183
78 78
81 188 81
85 199
102 102 170
181 21 148 181
96 167 96
57 75
10 191 10
51 51
175 175 74
3 103 7 4 3
50 166
42 42 66
182 182
49 49
111 111 69
65 196 134
48 33
24 24
26 26
146 146
43 197 43
18 63 18
70 70
164 154 164
127 127 155
0 0
37 37 115
15 15
195 195
173 173
112 112
169 169 84
143 105 109
133 133
59 131 59
171 171
117 1 117
28 28
149 149 35
187 187
98 98
67 67
92 92
147 147
135 135 93
100 100
95 95 53
108 108
29 76 29
91 91
161 161
31 31
14 14
62 62
114 114
5 41 5
176 176
89 89
17 36
140 177
90 124
19 119
32 32
87 87 38
47 47
