gc gk gc as co bw ax r q fr dg u fm bk et df bv j cp j bv gf fw dy bh gp ew cg fy cx db fa db cx fy fb br g br fb al er eu l go z de z go l eu er al fb fy cg ew gp bh dy fw gf bv df bn b aq dc dk v ai v gq bu fg eg aj du aj eg fg bu gq a c e c a gq v dk dc aq b bn df et bk fm u dg cm dg fr q r fx fd fo ft bo an bo ft fo fd fx r ax bw co as gc ej ad be gl dr bb bt f bf gd fp ag ao ev ct cl ee cj ee cl ct cw bc bs bz gn dx fv fq fv dx gn bz bs bc cw ct ev ao ag fp gd bf f bt bb dr gl be ad gj di gi d dh en dq bp cf fi cf aw h dj gg dj h aw cf bp dq en dh d gi di gj ad ej gc
71
d d eq
cm cm ab
bc ah bc by
cl cs cl
gn gn
dy dy
fd fd
er er
bk ds
fi bj fi
q q
de ep am
an an bl
br br
j j
c at bq
bt bt
fy fy
dg dg gm
ad ad
bf fn ey
dr ap
dc cz
gg gg dp
db az db
dq dq
gi gi
et et
ai dn ai
as as ac
aw do aw
di di
u u
fw fw
fo fo
bp bp
cj bi el cj
g cn g
cg cg
en en
gl cq
fr fr
ao ao cv
ee ee
bb ae bb
co co
z ck
gj gj
dx dx gh
du ga dw
e ff fe e
be bx
go go
bv bv
gk em gk
ft ft
fv p
aj y
eg es
dh dh
fq fk fq
cp cr cp
gq gq
dj dj
df fh
v v
a a
fa fa ge
b b
bn bn
bu bu
