Liam Elias Isaiah Leo Aaron Nathan Ryan Cameron Jace Gavin Parker Aiden William Aiden Parker Gavin Jace Cameron Ryan Nathan Aaron Leo Isaiah Joseph Mateo Alexander Mateo Joseph Jaxson Colton Levi Chase Hunter Theodore Nicholas Jordan Roman Maverick Cooper Maverick Roman Jordan Nicholas Theodore David Theodore Hunter Chase Levi Evan Josiah Eli Josiah Evan Levi Colton Jack Jameson Ayden Carter Ayden Jameson Jack Colton Sawyer Jose Owen Jose Sawyer Colton Jaxson Brayden Adam Brayden Jaxson Joseph Isaiah Elias Liam
18
Liam Liam
Owen Noah Owen
William William Logan
Aaron James
Carter Benjamin Carter
Alexander Mason Alexander
Cooper Elijah Matthew
Eli Oliver Lucas Jackson Wyatt
Roman Jacob
Jaxson Michael
Brayden Ethan Samuel
Adam Daniel Jayden Dylan
Aiden Aiden
Levi Henry
Joseph Joseph
David Sebastian David
Sawyer John
Chase Luke
