zero one eight nine ten eleven ten nine eight fifteen sixteen seventeen sixteen fifteen twentytwo twentythree twentyfour twentyfive twentysix twentyfive twentyfour twentythree twentytwo twentynine thirty thirtyone thirtytwo thirtythree thirtytwo thirtyone thirty twentynine thirtysix thirtyseven thirtysix fortythree fortyfour fortythree fifty fiftyone fiftytwo fiftythree fiftytwo fiftyone fifty fiftyseven fiftyeight fiftyseven sixtyfour sixtyfive sixtysix sixtyseven sixtysix sixtyfive sixtyfour seventyone seventytwo seventyone seventyeight seventynine eighty eightyone eightytwo eightyone eighty seventynine seventyeight eightyfive ninetytwo ninetynine onehunsix onehunseven onehuneight onehunnine onehunten onehunnine onehuneight onehunseven onehunsix onehunthirteen onehunfourteen onehunfifteen onehunsixteen onehunseventeen onehunsixteen onehunfifteen onehunfourteen onehunthirteen onehuntwenty onehuntwentyone onehuntwentytwo onehuntwentythree onehuntwentytwo onehuntwentyone onehuntwenty onehuntwentyseven onehuntwentyeight onehuntwentyseven onehunthirtyfour onehunfortyone onehunfortytwo onehunfortythree onehunfortyfour onehunfortyfive onehunfortyfour onehunfortythree onehunfortytwo onehunfortyone onehunfortyeight onehunfortynine onehunfortyeight onehunfiftyfive onehunfiftysix onehunfiftyseven onehunfiftyeight onehunfiftynine onehunfiftyeight onehunfiftyseven onehunfiftysix onehunfiftyfive onehunsixtytwo onehunsixtythree onehunsixtyfour onehunsixtyfive onehunsixtyfour onehunsixtythree onehunsixtytwo onehunsixtynine onehunseventy onehunseventyone onehunseventytwo onehunseventythree onehunseventytwo onehunseventyone onehunseventy onehunsixtynine onehunseventysix onehunseventyseven onehunseventyeight onehunseventynine onehuneighty onehunseventynine onehunseventyeight onehunseventyseven onehunseventysix onehuneightythree onehuneightyfour onehuneightythree onehunninety onehunninetyone onehunninetytwo onehunninetythree onehunninetytwo onehunninetyone onehunninety onehuneightythree onehunseventysix onehunsixtynine onehunsixtytwo onehunfiftyfive onehunfortyeight onehunfortyone onehunthirtyfour onehuntwentyseven onehuntwenty onehunthirteen onehunsix ninetynine ninetytwo eightyfive seventyeight seventyone sixtyfour fiftyseven fifty fortythree thirtysix twentynine twentytwo fifteen eight one zero
65
one one
zero two three six seven
ten ten
eleven eleven twelve
eight fourteen
fifteen fifteen
sixteen sixteen
seventeen seventeen twenty
twentythree twentythree
twentyfive twentyfive
twentysix twentysix twentyseven
twentynine twentynine
thirtythree thirtythree thirtyfour
thirtyseven thirtyseven thirtyeight
fortythree fortythree fortynine
fortyfour fortyfour fortyfive
fiftytwo fiftytwo
fiftythree fiftythree fiftyfive
fiftyseven fiftyseven
fiftyeight fiftyeight sixty
sixtyfour sixtyfour seventy
sixtysix sixtysix
sixtyseven sixtyseven sixtynine
seventyone seventyone seventyseven
seventytwo seventytwo seventyfive
seventyeight seventyeight eightyfour
seventynine seventynine
eightytwo eightytwo eightythree
eightyfive eightyseven
ninetytwo ninetyeight
ninetynine ninetynine onehunone
onehuneight onehuneight
onehunten onehunten onehuneleven
onehunthirteen onehunthirteen onehunnineteen
onehunsixteen onehunsixteen
onehunseventeen onehunseventeen onehuneighteen
onehuntwentyone onehuntwentyone
onehuntwentythree onehuntwentythree onehuntwentyfour
onehuntwenty onehuntwentysix
onehuntwentyseven onehuntwentyseven
onehuntwentyeight onehuntwentyeight onehunthirty
onehunthirtyfour onehunthirtyfive onehunforty
onehunfortythree onehunfortythree
onehunfortyfour onehunfortyfour
onehunfortyfive onehunfortyfive onehunfortysix
onehunfortynine onehunfortynine onehunfifty
onehunfortyeight onehunfiftyfour
onehunfiftyseven onehunfiftyseven
onehunfiftynine onehunfiftynine onehunsixty
onehunfiftyfive onehunsixtyone
onehunsixtythree onehunsixtythree
onehunsixtyfour onehunsixtyfour
onehunsixtyfive onehunsixtyfive onehunsixtysix
onehunsixtynine onehunsixtynine onehunseventyfive
onehunseventy onehunseventy
onehunseventyone onehunseventyone
onehunseventythree onehunseventythree onehunseventyfour
onehunseventysix onehunseventysix onehuneightytwo
onehunseventyeight onehunseventyeight
onehuneighty onehuneighty onehuneightyone
onehuneightyfour onehuneightyfour onehuneightyseven
onehunninety onehunninety
onehunninetyone onehunninetyone
onehunninetytwo onehunninetytwo
onehunninetythree onehunninetythree onehunninetyfour
