0 109 110 150 92 182 59 115 190 177 33 177 120 98 90 28 84 28 144 94 169 194 112 104 4 31 5 179 48 179 5 31 4 104 142 192 78 6 78 192 142 104 112 194 169 94 144 85 11 75 62 176 45 149 180 68 37 26 37 68 171 50 153 50 171 68 72 22 163 69 41 69 163 22 72 68 180 149 45 176 62 75 11 85 144 28 90 98 120 183 44 107 47 170 73 122 95 3 88 10 8 10 88 3 127 141 131 54 159 80 159 54 131 38 157 101 140 126 39 126 140 100 96 21 52 71 58 71 52 21 96 100 140 101 157 38 14 188 146 119 146 188 14 38 131 141 57 40 91 1 91 40 57 141 127 3 95 105 27 105 95 122 73 64 73 170 47 99 42 99 47 107 44 183 120 177 190 115 59 182 92 150 110 109 160 20 79 12 79 20 160 109 0
71
176 66 34
31 31
26 93 26
12 36 12
52 74 52
59 59 89
22 22
99 99 32
62 62
144 43
41 41 30
188 77
50 50
58 58 81
119 60 56
110 15
8 49 8
45 45
95 95
4 4
1 1 61
44 44
75 75 29
39 18 39
96 96 16
37 37
64 67 64
84 76 84
79 79
38 38 25
92 92
153 19 65
71 71
27 27 97
73 73
28 28
140 7
33 17 33
5 63 2 5 13
0 0
47 47
40 40
20 20 53
85 85
80 80 55
98 98
72 72
48 46 48
78 78
57 57
42 35 42
180 23
11 82 11
68 68
91 91
54 54
10 10
183 83
109 86
6 51 6
94 94
90 90
100 24
182 70
120 87
194 9
14 14
3 3
21 21
69 69
88 88
