equinox progress wilderness constant lamb improvement sell cycle approach advocate union liability chain presidential dry revise mastermind tropical mastermind revise dry presidential mirror bark glove bark fish brick fish bark mirror presidential chain liability union advocate essential paint seller paint essential advocate approach cycle sell improvement kitchen improve death uncertainty reinforce corpse balance flow balance corpse reinforce uncertainty death sustain hiccup sustain death improve explicit improve kitchen improvement lamb constant wilderness progress equinox
26
seller houseplant seller
lamb lamb
union fibre union
presidential presidential
chain chain
essential essential jurisdiction
brick brick analyst remark
mastermind mastermind
bark aisle bark twitch
glove novel glove
improve disposition
paint paint orange
cycle secretary
uncertainty uncertainty
hiccup photograph hiccup
explicit explicit clothes referee
flow slice flow
equinox band equinox funeral
kitchen farewell
fish fish
mirror prejudice
tropical muggy tropical
wilderness wilderness method
dry dry
progress dollar
corpse corpse
