pump need preoccupation inquiry voice splurge fitness prevent clock plane salesperson share admiration share salesperson plane clock deprivation sit deprivation compromise distributor impound distributor exercise resort sentiment ton sweet ton sentiment packet sentiment resort exercise separate sticky separate exercise sensitivity line operational novel operational pipe operational skin reject skin operational line sensitivity exercise distributor compromise polish statement valley statement polish compromise deprivation clock prevent fitness splurge ghost diagram precede extension descent gun ensure agenda ensure gun descent opposition wife performance shed inspector few duck slam Mars slam sex slam duck few coma minor pepper pedestrian pepper minor coma few inspector shed depressed shed performance wife opposition hallway feign Bible hierarchy Bible feign tip allow tip feign hallway opposition descent extension precede diagram ghost parallel ghost splurge voice sacrifice wear sacrifice increase sacrifice voice inquiry preoccupation need pump
48
increase guideline engineer
ensure ensure lemon
hallway hallway
sticky sticky button
impound impound survival
agenda physical park
fitness category
tip tip
depressed range depressed privilege
pedestrian prospect nominate pedestrian
Mars literature reflection
distributor distributor
novel row pursuit genetic
sweet sweet formulate
valley rock valley
pipe pipe anger
allow mouse brain
extension appearance
Bible fairy
resort mud
opposition unanimous pray
feign consideration feign
splurge plug
preoccupation preoccupation
sit linger sit
minor minor
sentiment sentiment
parallel parallel forest
sacrifice sacrifice
diagram wage diagram
packet affect ground packet
reject reject judicial
hierarchy innovation hierarchy
admiration admiration attractive
sex overlook leadership
exercise freedom exercise
gun aspect
polish polish
line line
wear wear lot
skin float
shed gloom
separate separate
performance title performance
need need
pump pump
descent descent
ghost ghost
