188645 0FB66D CEAE00 C0766C 7E5598 0FBCDC 7E5598 DDF3EB D27DC1 6D778A 36D08C 567883 36D08C 6D778A D27DC1 EC05F7 103C70 500783 35FF16 A5CCB5 DBDC9A A7E9D9 B7B073 657F93 24CE25 0D7DE7 24CE25 657F93 B833F0 FA567E 2EA2EE FA567E B833F0 657F93 B7B073 A7E9D9 DBDC9A A5CCB5 35FF16 E0E349 B3243F 628AB2 B3243F E0E349 35FF16 500783 298FDD 410DA1 31D332 35F60D 61EDA9 D9447D 61EDA9 3ADA02 61EDA9 35F60D 2C101C 35F60D 31D332 DD2694 AD298D AE6906 784F83 7BF2B5 D443EB 7BF2B5 784F83 AE6906 AD298D DD2694 31D332 410DA1 DF9F85 70146D 29B2A4 70146D DF9F85 410DA1 298FDD 500783 103C70 EC05F7 D27DC1 DDF3EB 7E5598 C0766C CEAE00 0FB66D 188645
34
2EA2EE 84EBFF 9B9BDD
EC05F7 FD1783 539A92
D9447D 19FFAB 48C2D5
29B2A4 29B2A4 724A76
DBDC9A DBDC9A 94D700 994F93
500783 500783
0D7DE7 467AB7 E954F7
188645 188645
2C101C CB09C0 2C101C
35F60D AA8E14 4FBDE1
D443EB D7CAF9 D443EB
A7E9D9 A7E9D9
DD2694 DD2694
DF9F85 D01E6B
35FF16 800641
567883 C98FE7 44716B
784F83 784F83
0FBCDC 0A5C0E 0FBCDC
E0E349 9B0EC2
C0766C 07D80A
6D778A 6D778A
B833F0 B833F0
B7B073 B7B073
628AB2 D04F40 628AB2
7E5598 3B1041 AFF8D1
7BF2B5 8D0852 37F745
61EDA9 E09D29
0FB66D 0FB66D
3ADA02 D5356A 3ADA02
B3243F 1276AF
298FDD FF8D45
A5CCB5 A5CCB5
FA567E EF4D57
70146D 7E18E9
