Bowles Calvin Bowles Mulford Latimer MLK Hearst Jacob Hertz CVStarr Unit3 CKerr Unit3 CVStarr Hertz Jacob TopDog Starbucks Chipotle Starbucks TopDog Jacob Cory Bechtel Minor Memorial Maxwell Memorial Minor Bechtel Baker Strada Baker Bechtel Cory Stanley LeConte VLSB Boalt Kresge Boalt VLSB LeConte Campanile Bongo Campanile Wurster McCone Spats Stonefire PiLambda Stonefire Spats McCone Wurster Campanile LeConte Stanley Moses Wellman Moses Greek Unit2 Wolf Unit2 Greek Moses Stanley Campbell Stanley Cory Jacob Evan Blackwell Evan Jacob Foothill Dwinelle Haas Crossroads Lawrence UCTheatre Lawrence Crossroads Haas Dwinelle HearstAnnex Dwinelle Foothill Davis Hildebrand Davis Foothill Haviland Morgan Haviland Foothill Jacob Hearst MLK Latimer Edwards Latimer South Pimentel Stacks Pimentel South Latimer Mulford Bowles
41
Evan Evan Cloyne BearFoodCourt
Foothill Foothill Unit1
Campbell Campbell Doe Koshland Safeway
Bechtel Birge Wilde
Campanile Campanile
Moses Moses Gypsys
VLSB VLSB NorthGate
Wellman Wellman Sutardja
Mulford Mulford Crescent
HearstAnnex HearstAnnex Lothlorien
LeConte RSF ALS
Haas Haas Pavilion
Boalt Boalt
Wurster Wurster Zellerbach
Blackwell Blackwell GenPlantBio
Greek Greek
Maxwell Maxwell Barrows
Calvin Calvin Etcheverry Graduate
Kresge Kresge PeoplesPark Castro
Hildebrand Hildebrand YogurtPark
Morgan Morgan Martinez
Baker Baker Simons Daiso
Unit2 Unit2 IndianRock
Unit3 Unit3
CKerr CKerr WayWest Ridge
Stacks Stacks Sherman
Bowles LaVals
Bongo Bongo ShengKee Cheeseboard
Memorial TacoBell AlphaSigmaPhi
Strada Strada RoseGarden
Edwards Edwards Easterly
Crossroads Crossroads
Davis Browns
MLK Rochdale
Wolf Wolf StrawberryCreek
Spats Spats
Chipotle Chipotle MFoundry
Cory Extension
UCTheatre UCTheatre NCEM
TopDog Barker GammaPhiBeta
PiLambda PiLambda PiAlphaPhi
