aa bo by al cv bj cf dm dt du dd ap bd ap dd do bs dc aj dc bs ak cq df bk ao bw bg aw cn ag bn ae cz dq ch dq cz ae bn ag cn aw bg bw ao bb au bb ao bk af bk df cq ak bs do dd du dt dm cf bj aq an bl av bc bm cp cs cp bm bc av bl an aq cy dk cy cj cy aq bj cv al by bo dr bf dr bo aa
35
ag ag
df df
bc bc
bf bf be
cy cy
ae ae
cj bv cj
cq ce
cs cs bu
dt cl
ch dv ch
bd db bd
cf cf dj
dq ax dq
dk de dk
bj bj
dd ab am
an az
aa aa
ao ao
al cm
av at
bb bb
bk bk
af ay af
au cb au
aj aj br
ap ap
by by
bs bs ct
ak ac dg ak
dr dr
bo bo
bl bl
bg bg
