57 95 70 10 17 42 39 61 66 56 6 80 15 1 81 55 68 38 94 38 31 52 31 38 68 55 13 45 76 89 50 11 29 82 60 12 24 73 26 73 24 12 60 82 29 11 50 89 76 45 47 93 27 36 27 93 47 45 13 55 71 91 71 55 81 1 15 80 6 56 66 61 39 42 5 23 86 49 54 14 62 67 92 67 62 14 54 49 86 23 5 42 17 10 70 95 57 53 57 75 78 85 46 64 46 85 78 75 57
38
86 86
54 54
76 58 76
61 48 61
80 80 7
55 55
64 25 64
46 84 46
10 21
13 13
11 11
47 47
94 43 94
75 75
91 4 91
92 87 51
78 78
17 17
26 26 88
50 50
14 14
70 70
23 77
68 68
1 98
29 29
24 24
56 56
38 38
52 52 99
6 83
57 57
5 5
62 62
36 34 36
53 2 53
42 42
12 12
