1 3 16 3 1 8 2 14 2 51 6 20 6 51 2 95 4 25 9 25 4 95 2 8 1 13 5 10 17 10 5 11 5 33 19 21 23 21 19 33 5 35 5 63 7 12 27 12 31 12 7 63 5 13 34 13 1
26
1 1 58 81 85 86 111 129 133 141 143 174 198
2 2 44 74 83 165
3 3 89 92 101 106 169 182 184
6 6 26 47 60 97 126 151
8 8 87 137 193
9 9 41 57 69 124 131 162
10 10 82 84 116
13 13 70
16 16 59 140
20 20 55 102
21 21
27 27 68
31 31 75
33 33
34 34 136
35 35 103
17 36 53 56
7 37 110 138 139 150 176
4 42 61 144 161 171
14 49 50 157
51 51
23 77 127
11 80 159
12 88 177 189
95 95
5 99 130 156 164 167 200
