azv oqv azv xie hyb lko ijd dqy jwx yvc wpu yvc jwx brw cwq gcw mtd eqx gcr uvc std dgw qpl faq boc whw hse eqk ykc mpw cib bgn ufa bgn cib mpw ykc eqk hse whw boc faq qpl dgw std uvc gcr eqx kxx eqx mtd gcw ipq yfq ipq gcw cwq brw til ctf gei taj hsi hob pzr hwc uon scm uon hwc pzr hob hsi taj gei ctf til brw jwx dqy ijd ovx zwf vxd rgm jvc ryg ivp zuz rov uyd rfl vxn cvb rcw zdd qzx zdd rcw cvb vxn rfl uyd rov zuz ivp ryg jvc rgm vxd zwf ovx ijd lko hyb xie azv
40
gcw gcw
azv azv
wpu yiy hip
ipq ipq
zuz lmh zuz
oqv oqv rti
pzr pzr
ovx ovx
rcw rcw
rfl rfl
jwx jwx
yvc yvc
ijd ijd
ufa ufa sau
hwc hwc
hyb hyb
scm scm aur
uyd gfr uyd
gei gei cim
xie xie
hsi hsi
yfq ncc yfq
dqy dqy
jvc jvc
ctf ctf
vxn vxn
cib cib
kxx vfq mis
rov rov
zdd uua
boc boc
qzx qzx hlc
brw brw
mtd mtd
mpw mpw
hob wcd
cwq cwq
ryg hcc
gcr eqa
ivp ivp
