xse rsg dkp nsw ymw odh xpy kcv xpy odh ymw jfh mnp miy kgl nyk svk uau ptu ttw byu qxs dnl hat tdu bkg zkt qdw xmg qkp nvz vpr bow fia aaj nmf ksn pvs fzi lwk nfr lrj nfr rtc txq igs qwk wbg qwk igs txq rtc nfr lwk fzi xme fzi pvs ksn nmf aaj fia auf bod auf fia bow vpr nvz qkp xmg qdw zkt bkg tdu nbk ukv nbk tdu ljd gex pjf gex ljd tdu hat fws zks rjv hmi vtd vjd aeg vjd vtd hmi rjv zks fws hat dnl qxs byu ttw ptu uau svk agh nry cun gfa nhi vzr gzr hks wiy qbf rir ksg tlh ksg rir hjv vmt uuw nwn hnq hxr jwx vnr fgp vlb mok uby adx dgl adx uby mok vlb fgp vnr jwx hxr hnq nwn uuw vmt hjv rir qbf wiy hks gzr vzr nhi gfa cun bsc bse fbk vmv fjy vmv fbk bse bsc cun nry agh svk nyk kgl miy mnp jfh ils jfh ymw nsw dkp iqd qiq xnr qiq iqd dkp rsg ras ask ckx qol uok cek vsl cen vsl cek ybr jam ybr cek uok qol ckx ask ras rsg xse
71
ljd cma tso ljd
adx adx kxn
wbg ocp wbg
pvs pvs ikb
fbk fbk
vtd vtd
cen cen ego kfu
ttw bda ttw
igs aii
lrj lrj bdh
kcv uwo tko qjf
ukv nii ukv
svk mti svk
ybr ybr
pjf wyg pjf
aeg xeh aeg
xnr khu nwc
nwn vvn
mok mok
dgl fin dgl
vmv vmv
vpr lvm
qol loj
fzi fzi
uau uau
miy miy
tdu tdu
fia fia
byu byu ruo
hmi hmi
ksn fhv
uok uok
nfr nfr
qbf qbf
ils hcr ils
jam phg jam
ask zud zdb
qwk hpx
wiy wiy
cun cun
rtc rtc
nry nry
qkp yug
ptu ptu
vzr jgt vzr
lwk lwk
nmf nmf
ckx ckx
zkt zkt
uuw uuw
nhi nhi
bod ogh krr bod
bse nko
qdw qdw
tlh xjt tlh
xme vwg xme
nsw nsw
rsg rsg
rjv rjv idv
fgp fgp
gfa bnl
gex gex
hks emz
txq txq
fjy kpp fjy
gzr fyc
vmt vmt
jfh jfh
ksg ksg
qxs qxs
nvz nvz
