Encanto Old Oceanside Armstrong Green Shafter Mount Jane Mount Smoke Mount Shafter Green Armstrong Oceanside 18th Brookdale Fiorini Warner Fiorini Merced Bangor Riverside Bangor Merced Fiorini Brookdale 18th Oceanside Old Chinese All Bonita Cherokee Oildale Yubadocs Homestead Manzanita Helm Robertsville Vista Robertsville Helm Manzanita Homestead South Coachella Kern Beach Ramona Clark Banning Marina Forest Cypress Forest Marina Banning Clark Ramona Beach Kern Coachella South Homestead Yubadocs Oildale Cherokee Clayton Cherokee Bonita All Welden Woodbridge Welden All Rossmoor Vernon Rossmoor All Chinese Sacramento Ida Fremont Granite Colonnade McAuley Colonnade Granite Fremont Ida Sacramento Chinese Old Encanto
33
Cherokee Cherokee
Ida Kentfield
Banning Banning
Vernon Vernon Garden
Bonita Bonita
Forest Forest
Vista Vista Ames
Ramona Laguna Moccasin Ramona
Homestead Homestead
Woodbridge Willow Woodbridge
Riverside Foothills Riverside
Armstrong Two
Beach Beach Sherman Richvale
Clayton Presidio Clayton
All All
Kern Kern Los
Warner Yurok Cabbage Warner
McAuley Glencoe McAuley
Jane Jane Woffard
Welden Welden
Mount Mount
Cypress Elmira Cypress
Shafter Shafter
Oildale City
Clark Quail
Helm Santa
Granite Granite
Chinese Chinese
Merced Alpaugh Delta
Marina Pumpkin
Smoke Costa Smoke
Encanto Encanto
Green Green
