Vernon Anaheim New Kaiser Hoffman Northern Lost Sherman Oildale Timbuctoo Oildale Sherman Lost Northern Hoffman Clayton Fountain Manzanita Fullerton Sonoma Sequoia Yurok Escondido Smoke Yale Escalon Yale Smoke Escondido Yurok Sequoia Sonoma Fullerton Manzanita Fountain Clayton Del Helm Tijuana Helm Del Blue Three Sunny Three Blue Del Clayton Hoffman Kaiser Clipper Warner Clipper Kaiser Rowland Kaiser New Pacheco Willow Wallace Stanislaus Wallace Willow Pacheco New Rough Le Lebec Bodad Lebec Terra Lebec Le Fremont Susan Chicken East Stone Mecca Flinn Mecca Stone Moores Creston Moores Stone East Palomar Patrick Fiorini Aguanga Ellis Roseland Skydive California Commonwealth Downtown Magic Calexico Bell Brundage Capuchino Brundage Bell Calexico Magic Downtown Commonwealth California Skydive Roseland Ellis Aguanga Fiorini Patrick Palomar East Chicken Susan Fremont Le Huron Cerro Huron Le Rough New Anaheim Jamul Welwood Aptos Davis Olivehurst Davis Visalia Newark Saint Bangor Saint Newark Marshall Ames Fox Chittenden Fox Ames Marshall Newark Visalia Louis Visalia Davis Aptos Inaja Stockdale Robertsville Stockdale Inaja Pleasant Inaja Aptos Welwood Jamul Anaheim Vernon
61
Olivehurst Davenport Santa
Magic Smith
Brundage Winterhaven Brundage
Robertsville Yankee Robertsville
Fountain Cressey Woody
Warner Warner Industry Parchester
Cerro Cerro Temecula
Terra Terra Quail
Wallace Wallace Donner
Stockdale Stockdale All
Flinn Carmel Flinn
Clayton Clayton
Bodad Richvale Bodad
Le Le
Downtown Downtown
Three Three
Jamul Presidio Calaveras
Louis Crestmont Louis
Anaheim Anaheim
Bell Bell Bradley
Northern Cabbage
Stone Forbestown Ramona
Mecca Mecca Collins
Helm Industrial Helm
Rowland Portola Civic Rowland
Timbuctoo Antelope Timbuctoo
Kaiser Kaiser
Creston Bakersfield Grasslands
Sunny Strawberry Sunny
Clipper Veterans Ritter
Roseland Dulzura Roseland
Pleasant Pleasant Cambridge
Escalon Escalon Coddingtown
Capuchino Hammer Capuchino
Tijuana Manker Tijuana
Moores Moores
Blue Blue Bonny
Saint Saint
Rough Rough Sulpizio
Fox Fox
Pacheco Pacheco
Huron Huron
Stanislaus Balboa Delta
California Beach California
Fullerton Fullerton
Newark Cudahy
Hoffman Potrero Hoffman
Bangor Bangor Glencoe
Skydive Garcia
Sherman Sherman
Fremont Costa
Fiorini Fiorini
Smoke Lake Buena Smoke
Yurok Alamo Yurok
Marshall Marshall
Visalia Sacramento
Chittenden Chittenden Armstrong
Willow South
East Cypress
Del Del
Escondido Escondido
