Potrero Meyers Calaveras Moores Vista Foothills Balsdon Sherman Banning Merced Oceanside Chinese Kentfield Richvale Carmel Old Campbell Ames Campbell Old Carmel Richvale Kentfield Chinese Fremont Chinese Oceanside Merced Banning Sherman Balsdon 18th Ramona Boulevard Colonnade Boulevard Ramona 18th Balsdon Foothills Vista Moores Calaveras Meyers Potrero
18
Balsdon Balsdon Fiorini
Chinese Chinese
Colonnade All Woffard
Kentfield Hume
Carmel Carmel
Calaveras Warner Clayton Calaveras
Oceanside Oceanside
Ramona Linden
Boulevard Boulevard
Ames Ida Ames
Merced Merced
Potrero Potrero
18th 18th Smoke
Meyers Meyers
Fremont Fremont Laguna
Banning Banning
Sherman Santa
Richvale Richvale
