loc0 loc60 loc8 loc27 loc37 loc27 loc8 loc80 loc18 loc51 loc18 loc80 loc8 loc60 loc0 loc77 loc1 loc17 loc15 loc43 loc53 loc43 loc15 loc17 loc19 loc17 loc1 loc20 loc1 loc26 loc12 loc5 loc4 loc14 loc33 loc10 loc29 loc7 loc50 loc23 loc9 loc11 loc9 loc23 loc50 loc7 loc65 loc7 loc29 loc10 loc33 loc14 loc4 loc5 loc21 loc54 loc21 loc5 loc12 loc26 loc1 loc77 loc0 loc87 loc40 loc41 loc40 loc87 loc0
28
loc1 loc1 loc91
loc51 loc3 loc51
loc5 loc5 loc71
loc7 loc7 loc47 loc85
loc9 loc9
loc11 loc11 loc59
loc19 loc13 loc19
loc15 loc15 loc75 loc79
loc17 loc17 loc35 loc69 loc81
loc21 loc21
loc23 loc23
loc54 loc25 loc61 loc93
loc27 loc27
loc29 loc29 loc63
loc20 loc31 loc83
loc33 loc33
loc37 loc37 loc99
loc8 loc39 loc67
loc41 loc41 loc55
loc43 loc43 loc95
loc53 loc45 loc53
loc26 loc49
loc14 loc57
loc65 loc65 loc97
loc0 loc73
loc77 loc77
loc87 loc87
loc40 loc89
