Soda Doe GreekTheatre LawrenceHall GreekTheatre Doe Soda BerkeleyWayWest Campanile Evans Campanile BerkeleyWayWest Soda LeConte Etcheverry Unit2 BancroftLibrary Blackwell Cory Gilman HilgardHall CaliforniaHall Barrows Unit3 Barrows CanyonPool Moffit DavisHall SouthHall DavisHall Moffit CanyonPool Barrows CaliforniaHall HilgardHall Gilman Cory Blackwell BancroftLibrary Unit2 Etcheverry LeConte Foothill HavilandHall Dwinelle HavilandHall Foothill LeConte Soda
18
Evans Evans BAMPFA
Doe Doe Bowles
Dwinelle HearstMining Dwinelle
BerkeleyWayWest Wheeler BerkeleyWayWest
Campanile Campanile
LeConte LeConte
Moffit Moffit
SouthHall SouthHall Unit1
Gilman Gilman
CaliforniaHall CaliforniaHall
BancroftLibrary BancroftLibrary
Blackwell DurantHall
DavisHall Stern
Unit3 Campbell Unit3
GreekTheatre GreekTheatre
LawrenceHall LawrenceHall InternationalHouse
Unit2 Unit2
Foothill Foothill
