Shelf0 Toolbox153 Ring169 Puppy140 Mail22 Toolbox147 Male149 Toolbox147 Mail22 Puppy140 Robot134 Android196 Ice198 Towel92 Poop5 Robot164 Whale114 Robot164 Poop5 Towel92 Bird43 Post158 Whale126 Clock61 Whale31 Cat187 Whale31 Shower57 Sink109 Fusion131 Allergies106 Settings75 Flowers178 Shoe111 Dislike27 Book24 Ice41 Shelf40 Solar59 BBQ167 Hnads182 BBQ167 Solar59 YouTube199 Shoe17 Body180 Rollers173 Boat67 Shoes8 Boat67 Shoe174 Elevator115 Toilet191 Horse26 Water21 Ring60 Solar71 Fusion104 Websites94 Fusion104 Solar71 Ring60 Water21 Horse26 Toilet191 Elevator115 Shoe174 Boat67 Rollers173 Sink96 Elevator120 Allergies176 Dislike143 Towel154 Leash136 Puppy133 Drugs39 Hnads116 Running177 Drugs195 System79 Running66 Cat70 Rollers42 Kitty138 Soda119 Solar192 Clock145 Water29 Laptop125 Kitty98 Rollers95 Water135 Dog101 Boat141 Leash77 Poop150 Laptop69 Nuclear18 Solar159 Toolbox72 Comics113 Book171 Solar130 Allergies23 Fusion179 Monster73 Fusion179 Allergies23 Solar130 Book171 Comics113 Toolbox72 Solar159 Dog128 Ice9 Solar162 Ice9 Dog128 Solar159 Nuclear18 Laptop69 Poop150 Leash77 Boat141 Dog101 Crab83 Soap64 Clock139 Soap64 Crab83 Dog101 Water135 Rollers95 Kitty98 Laptop125 Water29 Clock145 Solar192 Soda119 Kitty138 Rollers42 Cat70 Running66 System79 Drugs195 Running177 Hnads116 Drugs39 Puppy133 Leash136 Towel154 Dislike143 Allergies176 Elevator120 Sink96 Rollers173 Body180 Shoe17 YouTube199 Solar59 Shelf40 Ice41 Book24 Dislike27 Shoe111 Flowers178 Plus112 Ice50 Allergies7 Toolbox10 Comics105 Kitty89 Nuclear35 Rollers14 Ring161 BBQ36 Ring161 Rollers14 Nuclear35 Kitty89 Comics105 Toolbox10 Allergies7 Ice50 Plus112 Flowers178 Settings75 Allergies106 Fusion131 Sink109 Shower57 Whale31 Clock61 Whale126 Book99 BBQ172 Mail6 Body55 Clock2 Puppy117 Ice165 Puppy117 Clock2 Body55 Mail6 BBQ172 Book99 Whale126 Post158 Bird43 Towel92 Ice198 Android196 Robot134 Puppy140 Ring169 Toolbox153 Shelf0
73
Crab83 Crab83
Boat67 Boat67
Toolbox10 Horse148
Post158 Post158
Poop150 Robot93 Poop150
Solar59 Kitty194
Drugs39 Drugs39
Sink109 Sink109 Shower47
Shelf40 Shelf40
Leash77 Leash77
Laptop125 Laptop125
Clock139 Allergies88 Clock139 Websites4
Ring169 Toolbox146 Ring169
Ice9 Ice9
Book171 Light30 Book171
Shoes8 Soap58 Dislike12 Shoes8
Towel154 Towel154
Ring60 Plants118
Settings75 Settings75
Kitty89 Kitty89 System183
Body55 Body55
Towel92 Monster175 Towel92
Water135 Water135
Android196 Dog168 Android196
BBQ36 BBQ36 Urine20
Shoe174 Shoe174
Male149 Urine124 Male149
Nuclear35 Nuclear35
Mail22 Mail22 Allergies103
Dislike143 Dislike143
Ice41 Ice41 Robot51 Laptop19
Monster73 Monster73 Toilet13
Puppy117 Puppy117
Whale126 Whale126
Solar130 Solar130
Soda119 Soda119
Cat187 Printer188 Cat187
Rollers95 Rollers95
Water29 Water29
Drugs195 Drugs195
Toolbox72 Toolbox72
Clock2 Clock2
Hnads116 Hnads116
Nuclear18 Nuclear18
Soap64 Soap64
Robot164 Robot164
Dislike27 Soda197 Dislike27
Toilet191 Dog181
Toolbox153 Toolbox153
Ice165 Water38 Ice165
Laptop69 System156
Puppy140 Puppy140
Websites94 Poop80 Fusion34
Solar162 Solar162 Website190
Allergies176 Allergies176
Hnads182 Plus78 Hnads182
Solar192 Solar192
Mail6 Mail6 Poop76
Toolbox147 Whale137 Ring82
Rollers14 Rollers14
Book24 Book24
Ice50 Urine97
Fusion104 Fusion104
Flowers178 Flowers178
Shoe17 Shoe17
Cat70 Cat15
Solar71 Solar71 Breakfast85
Clock61 Clock61
Shelf0 Shelf0
Whale114 Whale114 Comics107
Shower57 Shower57
System79 System79
Kitty98 Kitty98
