Horse0 Poop43 Floppy64 Breakfast19 Soda57 Settings94 Towel16 Breakfast42 Running77 Ring97 Allergies3 Ring97 Running77 Water52 Laptop36 Allergies4 Ice30 Prints23 Website29 Shelf25 Whale22 Crab78 Book41 Male84 Leash68 Monster80 Kitty92 Water66 Towel12 Shoe87 Urine50 Printer75 Allergies54 Printer75 Urine50 Shoe87 Towel12 Ice10 Towel12 Water66 Kitty92 Monster80 Leash68 Male84 Book41 Crab78 Whale22 System90 Comics49 Dislike21 Post2 Rollers34 Websites17 Leash89 Websites17 Rollers34 Post2 Dislike21 Comics49 System90 Whale22 Shelf25 Website29 Prints23 Ice30 Allergies4 Laptop36 Water52 Running77 Breakfast42 Towel16 Settings94 Soda57 Breakfast19 Floppy64 Poop43 Shower11 Whale59 Ring45 Floppy40 Website24 Mail88 Website24 Floppy40 Ring45 Whale59 Shower11 Poop43 Horse0
33
Shower11 Shower11 Settings5
Leash89 Websites81 Ice38
Running77 Running77
Floppy64 Horse55
Allergies54 Monster39 Monster71
Websites17 Websites17
Male84 Male84 Kitty14
Ring45 Ring45
Allergies3 Solar58 Flowers98 Allergies3 Towel35
Dislike21 Plus62 Shower15
Allergies4 Allergies4
Whale59 Printer53 Whale59
Ice10 Ice10 Floppy63
Towel12 Toilet20
Website24 Towel37
Whale22 Bird82 Whale22
System90 Dislike51
Rollers34 Rollers34
Urine50 BBQ86
Horse0 Horse0 Breakfast74
Book41 Book41 Rollers48
Water52 Water52 Cat13
Leash68 Leash68
Water66 Water66 Bird93
Breakfast19 Breakfast19
Ring97 Ring97
Soda57 Soda57
Towel16 Towel16
Mail88 Robot9 Mail88
Ice30 Ice30
Shelf25 Shelf25
Prints23 Prints23
Comics49 Comics49 Post61
