S F K 2 X 3 L 13 18 22 50 131 F3 K3 F3 131 50 22 18 13 L 3 X 2 K F S A E J O W G 7 12 17 Q Q3 127 E3 J3 O3 J3 E3 127 Q3 Q 17 12 7 G W O J E A S B P 8 T 10 H 9 14 19 23 51 128 P3 128 51 23 19 14 9 H 10 T 8 P B C 4 M 6 Z 5 Y 15 20 W2 20 15 Y 5 Z 6 M 4 C D U N V 1 I 11 16 R X2 73 130 U3 N3 U3 130 73 X2 R 16 11 I B2 G2 L2 Q2 L2 G2 B2 C2 H2 M2 R2 Z2 Z3 55 60 66 80 W3 C3 W3 80 66 60 55 Z3 Z2 R2 M2 H2 C2 D2 I2 N2 T2 48 52 56 61 67 81 X3 D3 I3 D3 X3 81 67 61 56 52 48 T2 N2 I2 D2 E2 J2 O2 U2 A3 B3 A3 U2 O2 J2 E2 F2 K2 P2 V2 P2 K2 F2 E2 D2 C2 B2 I 1 V N U D C B S
65
A A
B B
C C
D D
E E
F F
G G
H H
I I
J J
K K
L L
M M
N N
O O
P P
Q Q
R R
T T
U U
V V
W W
X X
Y Y
Z Z
V2 A2 V2
B2 B2
C2 C2
D2 D2
E2 E2
F2 F2
G2 G2
H2 H2
I2 I2
J2 J2
K2 K2
L2 L2
M2 M2
N2 N2
O2 O2
P2 P2
Q2 Q2 Y2
R2 R2
T2 T2
U2 U2
W2 W2 M3
X2 X2
Z2 Z2
A3 A3
B3 B3 Y3
C3 C3 R3
D3 D3
E3 E3
F3 F3
O3 G3 O3
P3 H3 P3
I3 I3 T3
J3 J3
K3 K3 L3
N3 N3 V3
Q3 Q3
U3 U3
W3 W3
X3 X3
Z3 Z3
