hdpxs wbvga pbqlk whqrj pwydx osxbc cihba dncuw iwpol nzirf awhmz jrghb hoxir uakjq eatck swpdc oclyb gdovn wcjeg zntkr tndwl sdqie jcqfl zadjy rjdai rmahk oaeyh rmahk rjdai zadjy jcqfl sdqie tndwl zntkr gvfpj ndszt drojn pqzow qhvsb pgdnx kxmbi ynwvu wkbuf bfauz mhekz bfauz wkbuf qpbmc ramjo kzwah mujil pihld yxjgq ostkf lvqun witul dsean hgzbc wajol qbdwz maqho aqoyk cxdfu yvbse lpudv yvbse pgqva olqfv armnk btwzv laqzs nzack lnjxt ymcfp jhlus xscoe zqjxb uklga xeylf ebwcp bdevm aoqtg ehqyk yqfdk zcjqx fjdqi oxuqn rzvtg ayrgb tjake xtzpg hulpb osvgp oewcd osvgp hulpb mkndy stflc mkndy hulpb xtzpg tjake ayrgb rzvtg oxuqn fjdqi zcjqx yqfdk ehqyk aoqtg bdevm ebwcp xeylf uklga qckjp wdquv lrqft uiogl fqjsk dkjro ohzfn iyuas egclu bwknx wotiq bwknx egclu iyuas ohzfn dkjro fqjsk sxdiu crlfe hwmzn nqtru rlumh nqtru ekgsc yvfsg pytwh yvfsg ekgsc nqtru hwmzn crlfe sxdiu fqjsk uiogl lrqft wdquv qckjp uklga zqjxb xscoe jhlus ymcfp bigwn yazqf lgcuf qhbyf glrpy qhbyf lgcuf yazqf bigwn ymcfp lnjxt nzack laqzs btwzv armnk olqfv pgqva yvbse cxdfu aqoyk maqho qbdwz wajol hgzbc dsean witul lvqun ostkf yxjgq pihld mujil kzwah ramjo qpbmc wkbuf ynwvu kxmbi pgdnx qhvsb pqzow drojn xlrzc kscoz jcwpu tivko joztf cxajk joztf tivko jcwpu kscoz xlrzc drojn ndszt gvfpj zntkr wcjeg gdovn oclyb swpdc eatck uakjq qtdze utdhx qsmkj vcwfj lirzq htkwy frhgc lmwpk cgjda fairz sfizh cqsby sfizh fairz cgjda lmwpk frhgc htkwy lirzq vcwfj qsmkj utdhx qtdze uakjq hoxir jrghb awhmz nzirf iwpol dncuw cihba osxbc pwydx whqrj txcno rchbw txcno whqrj pbqlk wbvga hdpxs
77
rlumh mlibf rlumh
sxdiu sxdiu
qpbmc qpbmc
uiogl uiogl ktzce
uklga uklga
maqho maqho
glrpy yqtob dbjxw
mujil mujil
ekgsc tmwdy
fjdqi fjdqi ypdnb
xlrzc xlrzc
dncuw oxitr
nqtru nqtru
bdevm bdevm
ayrgb ayrgb
lnjxt lnjxt
armnk armnk tkwle
lpudv gdnim lpudv evsbm
zqjxb zqjxb
yqfdk yqfdk
drojn drojn
ohzfn ohzfn
jcwpu jcwpu
wotiq wotiq vgwoi
joztf joztf
pytwh pytwh gstwp
oewcd cxdes oewcd
tndwl tndwl
rjdai qhibx rjdai
yxjgq aedvq xcvow
ymcfp ymcfp
stflc stflc syoxf
wajol wajol
kscoz kscoz
oaeyh mtcsd oaeyh
pgqva pgqva
btwzv btwzv
cqsby ahnds cqsby
utdhx utdhx
wdquv rjuxc wdquv
dkjro dkjro
lrqft xnpwq
frhgc frhgc
osvgp osvgp
htkwy bsvth htkwy
qckjp qckjp
lmwpk lmwpk
cihba wnelr cihba
qbdwz qbdwz
zcjqx zcjqx
yazqf yazqf
olqfv bkfuc
mhekz gufvs syoxv mhekz
bfauz kjihy
iyuas iyuas
zntkr zntkr
jhlus jhlus
ebwcp ebwcp
bwknx bwknx
rchbw amfiz rchbw
wkbuf wkbuf
kzwah kzwah
yvbse yvbse
cxajk evtgj cxajk
pihld pihld
qsmkj qsmkj
vcwfj vcwfj
ehqyk ehqyk
gdovn gdovn
hwmzn hwmzn
tjake mhuad tjake
oxuqn oxuqn
wcjeg wcjeg
rzvtg rzvtg
ndszt vobqh
osxbc osxbc
qhvsb qhvsb
