hutmk omjfc dowbf yaxts ablxw rlfxc zbawl aflzx lnfiu aflzx zbawl rlfxc ablxw yaxts dowbf omjfc uxtfk ugyls yzaje htfom rvhjg tqiky fswhz lsnhz mlfbi nhaik obwid nihqv misyc xeljy efjns ijofp efjns xeljy misyc nihqv obwid nhaik mlfbi oscrv lskxo xintv lskxo oscrv mlfbi lsnhz fswhz tqiky rvhjg htfom yzaje ejrpc lcghr tiyfv zsehb tyuep cursl tyuep zsehb tiyfv lcghr ejrpc dvkfe ybtpq vmgxh ofjku artvi abupm mzlsn spehv ynfag gizud spuoi kbshp kcley kbshp spuoi gizud ynfag spehv mzlsn abupm artvi ofjku bquaw ounwr cgrwy axmwy aqzce tejxc aqzce axmwy cgrwy ounwr bquaw ofjku vmgxh ybtpq dvkfe ejrpc yzaje ugyls uxtfk omjfc hutmk qtcla edkrj hkdrv guxio cjfpu pyjhz nohqc ejulp nohqc pyjhz cjfpu guxio hkdrv edkrj qtcla hutmk
30
oscrv oscrv
cgrwy hopbn
mlfbi mlfbi
lcghr lcghr
aqzce aqzce
mzlsn mzlsn
zsehb zsehb
tyuep tyuep
xintv coubd xintv
yzaje yzaje
lnfiu lnfiu aeomh
cursl cursl xnysi
omjfc omjfc
tejxc qdzgs tejxc
ijofp ywion ijofp
ablxw gxdqt ablxw
kcley vczkh ugamb
ejulp yiodb otirh
misyc urlkt misyc
rlfxc rlfxc
artvi artvi
vmgxh vmgxh
ugyls ugyls
xeljy xeljy
yaxts yaxts
spuoi spuoi
dowbf dowbf
efjns bcrwj ijvuq
lsnhz lsnhz
axmwy axmwy
