0 199 190 199 0 1 2 3 4 3 2 1 19 20 32 42 43 51 52 54 52 62 63 64 65 73 75 88 90 104 105 106 107 111 112 121 126 127 128 129 130 137 138 147 148 149 150 156 157 173 174 173 157 156 150 149 148 147 138 137 139 137 130 129 128 127 126 121 112 111 107 106 105 104 90 88 89 88 75 73 74 73 65 64 63 62 52 51 43 42 32 20 19 1 0
29
2 2
4 7 4
1 17 15
32 23 33 44
20 25 30
51 40 48
42 42
54 53 54
52 56
64 64
62 67
73 72
74 76 83
75 86 87
89 91 94 101
90 99
105 105
104 108
112 114 120
121 124
127 127
130 130
137 136
139 142 146
148 148
147 154
157 172 168 158 163
174 182 186 178 176
190 192 194 198
