0 65 147 21 71 24 121 156 37 49 37 156 121 24 71 21 147 191 111 133 86 177 92 108 166 50 166 158 181 70 167 104 141 104 167 70 181 158 166 108 187 94 32 138 184 172 17 87 127 84 68 84 127 100 135 60 135 100 44 15 97 11 81 192 72 52 132 118 132 52 72 192 81 11 97 15 44 100 127 87 17 172 184 153 27 153 184 12 116 91 45 120 117 190 125 109 162 197 155 22 155 197 144 2 6 98 42 170 106 5 76 148 78 18 54 26 54 18 78 148 76 5 41 30 41 5 106 170 42 98 6 2 38 2 144 197 162 109 125 190 117 120 45 91 116 12 62 29 62 12 184 138 32 94 187 108 92 140 173 7 188 126 8 51 79 74 163 47 77 130 10 130 145 131 151 67 151 134 34 134 151 131 145 130 77 47 163 74 79 51 8 126 188 7 173 140 92 177 86 133 111 191 147 65 0 59 183 103 40 142 176 66 176 142 40 103 183 59 73 198 3 152 3 198 73 59 0
70
173 173 96
49 124 49
141 164 141
79 79 196 102
6 6
60 80 110 60
188 1
135 135
47 179
18 18 171
42 35 42
66 160 55 66
170 193 161
50 50 83
81 129
147 147
140 140
26 26 61
38 150 38
10 119 10
91 91
108 108
29 123 157
138 138
21 21
152 152 9
68 101 68
73 73
87 87
158 158
111 111
104 104
22 22 168
67 178 67
142 142
134 31
156 156
145 145
184 184
30 95 30
162 162
106 56 89
118 16 118
5 5
17 17
40 40
59 59
187 187
27 27 39 75
163 163
34 36 34
191 194
78 25
125 189
71 71 93
109 109
12 12
52 122
11 136 105 11
24 24
151 151
172 172
155 155
197 23
7 7
198 198
144 144
15 15
62 62
130 130
