Florges Vespiquen Persian Furfrou Bayleef Bisharp Pidgey Sentret Purrloin Kricketune Infernape Bouffalant Palossand Bidoof Celebi Bidoof Palossand Bouffalant Infernape Lillipup Hakamoo Hoopa Hippopotas Machoke Hippopotas Hoopa Moltres Hoopa Hakamoo Palkia Girafarig Palkia Hakamoo Buzzwole Hakamoo Lillipup Infernape Kricketune Purrloin Delibird Cascoon Caterpie Dialga Caterpie Tentacruel Caterpie Cascoon Delibird Nuzleaf Nidoking Wailmer Nidoking Nuzleaf Delibird Purrloin Sentret Hitmonlee Doublade Carracosta Doublade Hitmonlee Sentret Pidgey Bisharp Bayleef Furfrou Persian Vespiquen Florges Zoroark Zubat Zoroark Florges Masquerain Celesteela Snorlax Celesteela Masquerain Drapion Genesect Drapion Masquerain Florges
33
Hippopotas Cherrim
Girafarig Zapdos Girafarig
Zubat Zubat Manectric
Delibird Delibird
Celebi Ralts Celebi
Snorlax Togetic Shaymin
Lillipup Lillipup
Dialga Dialga Pichu
Genesect Dusknoir Kricketot
Persian Persian
Vespiquen Weepinbell
Buzzwole Volbeat Buzzwole
Carracosta Carracosta Tsareena
Tentacruel Tentacruel Regice
Moltres Moltres Gastrodon
Palkia Yanmega Omastar
Wailmer Wailmer Wormadam Primarina
Bidoof Piloswine Bidoof
Doublade Aurorus
Purrloin Purrloin Poliwag
Machoke Timburr Machoke
Drapion Poliwrath
Sentret Sentret
Cascoon Cascoon
Bayleef Bayleef
Pidgey Scolipede
Celesteela Celesteela
Infernape Infernape
Hitmonlee Hitmonlee
Bouffalant Bouffalant
Hakamoo Hakamoo
Florges Bergmite Stufful
Bisharp Bisharp
