0 52 115 198 187 108 18 193 136 113 121 113 136 193 18 108 187 139 187 198 9 120 31 138 31 60 141 155 141 60 31 120 9 198 115 52 0 158 175 179 103 114 1 38 131 73 177 157 110 199 110 157 149 157 63 157 177 73 131 16 17 16 98 16 131 38 1 114 85 114 103 179 175 158 0 68 126 37 13 67 7 122 7 67 13 37 126 68 83 75 130 93 174 101 174 93 194 94 127 109 176 117 160 6 153 55 11 55 72 41 74 41 72 55 153 181 152 181 153 6 160 117 176 109 127 172 183 87 180 14 148 99 96 57 19 24 70 45 70 24 19 57 96 99 148 14 129 36 82 147 82 36 125 36 129 14 180 87 183 172 127 94 194 93 130 75 83 68 128 68 0
62
155 140 42
131 131
141 62 4 30
176 176
0 80
139 111 139
180 180 69
9 9 34 88
67 67
74 144 74
31 31 196
11 11 171
109 109
122 162 166 122 35
13 13
138 50 138
126 126 20
83 83
117 117 168
72 97 72
52 52
121 23 10 102 121
103 27 184 103
128 128 26
147 59 147
82 82
16 16
6 195
199 199 197
45 137 45
136 136
68 66
125 116 125
158 143
149 145 48 149
98 98 106
160 160
114 114
177 177
85 46 85
87 87
101 91 84
70 70
179 179 156
181 181
73 189
153 105
157 157
183 183
152 152 134
19 19
63 81 63
108 108
113 185 53
36 36
130 130
55 55
198 76 198
75 75
174 174
14 40
17 151 17
