75 71 79 76 79 80 72 74 10 6 8 9 7 2 7 9 8 6 10 11 18 17 16 20 16 17 18 11 10 21 26 29 28 24 30 24 28 29 26 21 10 35 36 39 36 35 37 35 10 43 42 47 42 43 10 51 60 53 60 51 10 61 68 65 70 65 68 61 10 88 81 82 89 82 81 88 10 99 96 92 91 93 97 93 91 92 96 99 10 74 72 80 79 71 75
35
30 22 30
70 63 69 70
36 36
37 37 32
74 74
10 10
43 50
76 78 73 76
75 75
16 13 16
26 26
21 21
72 72
61 67
80 80
89 86 87 89
24 24
20 19 20
2 2 1
53 53 59
11 12
97 94 97
99 98
42 42
65 66
93 100
82 82
92 92
71 71
47 45 47
39 31 33
28 28
91 91
7 7
88 88
