0 168 163 27 163 168 154 168 102 123 102 168 19 168 133 168 174 168 66 168 24 168 194 168 40 168 2 168 30 168 166 168 0 90 0 143 0 36 0 92 0 70 0 86 0 97 0 142 0
25
24 1 21 24 61
2 2 75
154 3 17 25 55 62 64 81
90 4 11 28 34 38 41 54 90
36 5 26 36 60 72 82 100
166 6 31
194 7 23 98
133 8 15 74
92 9 65 79 92
19 10 14 19 42 44 93
66 12 39 66 71
30 13 30 46
102 16 29 32 33 37 52 56 94
143 18 57 76 88
0 20 35 48 69 73 80 87
168 22 58 83 84
27 27 78
40 40 45 47
123 43 68 85 91
142 49 50
174 51 89 95 96
70 53 63 70
163 59 67
97 77 97
86 86 99
