101 130 113 136 134 169 102 194 138 149 100 99 92 95 83 88 86 88 82 88 79 75 78 74 20 26 28 27 25 27 28 65 66 60 67 64 68 17 13 10 14 16 14 10 15 10 13 17 68 64 67 60 62 60 69 60 66 65 28 26 20 74 78 75 37 30 33 34 36 34 33 30 37 75 79 77 76 72 76 77 79 88 83 81 83 95 92 94 96 94 92 99 97 99 100 50 51 50 59 53 52 56 52 41 44 46 45 48 40 48 45 46 44 41 52 53 59 50 100 0 1 0 7 5 8 9 8 5 7 0 100 149 138 194 102 169 134 136 113 130 101
60
0 0
1 1 4
7 2 7
9 3 9
5 5
8 6 8
10 10
16 11 16 18
14 12 14
13 13
15 15 19
17 17
20 20 23
28 21 28
25 22 24 25
26 26 29
27 27
30 30 31
37 32 37
33 33 35
34 34
36 36 38 39
40 40 47
41 41
45 42 45
48 43 48 49
44 44
46 46
50 50 54
51 51 55
52 52
53 53
56 56 58
59 57 59
60 60
62 61 62
69 63 69
64 64
65 65
66 66
67 67
68 68
79 70 79
74 71 74
72 72 73
75 75
76 76
77 77
78 78
81 80 81
82 82 84
83 83
86 85 86 87
88 88 89
92 90 92
96 91 96 98
97 93 97
94 94
95 95
99 99
