Meckgue TheFingers CasterlyRock ProBendingArena CasterlyRock KoralReef Essos Neddingtown RepublicCity Beldenn LakeLaogai ShriekingShack ShatteredPlains Braavos ShatteredPlains ShriekingShack LakeLaogai Eggmanland TheWaystoneInn Eggmanland LakeLaogai Urubaen LakeLaogai Beldenn RepublicCity Vexhollow SerpantsPass Steeltown Gizton Steeltown SerpantsPass Winterfell Millingburg BikiniBottom Murkcairn BikiniBottom Millingburg Winterfell SerpantsPass Vexhollow RepublicCity Neddingtown Essos Sanlow Essos KoralReef CasterlyRock TheFingers Meckgue
24
Murkcairn Murkcairn Ellesmera
TheWaystoneInn TheWaystoneInn Tartarus TheArcanum
Millingburg Grayburn
ShatteredPlains TheSpine ShatteredPlains
RepublicCity Gotham ZhaoFu MysticRuins RepublicCity TreeofTime
Sanlow Sanlow TheBoilingRock
Steeltown EarthKingdom Steeltown
ShriekingShack TheUniversity
Gizton EasternAirTemple Gizton Netherfort Larcbost
Essos Meereen Dagobah TheGodswood
Neddingtown BeyondtheWall TheVale
Braavos Braavos Kinecardine
LakeLaogai VaultofSouls UtgardMountain LeakyCauldron Yunkai LakeLaogai ThePrancingPony
ProBendingArena Lorien TheHogsHead
SerpantsPass Ademre GooLagoon TheKrustyKrab
Meckgue Meckgue
CasterlyRock Keld
KoralReef KoralReef
Winterfell Winterfell
BikiniBottom Carvahall
Urubaen FlourishBlotts Urubaen
Vexhollow Vexhollow
Beldenn Beldenn
Eggmanland Castamere
