s h84 h80 h95 h80 h84 h59 l12 h51 l12 l44 l2 l4 h70 l3 h57 l47 h87 l41 h72 l41 h87 l47 h57 l5 h56 h74 h50 l28 h75 h92 h71 h64 l30 l26 l40 h78 l40 l26 l30 h64 h71 h92 h75 l28 h50 h76 h69 h76 h50 h74 h56 l5 h57 l3 h98 h99 h83 h88 h62 h88 h83 h99 l42 h99 h98 l3 h91 l3 h66 l3 h70 l4 l2 l44 l12 h59 h84 s
33
h50 h50
h51 h51 h81
l44 h52
l41 h53
h76 h54 h76
h62 h55 h62 h82
h56 h56 h60
h57 h57
h72 h58 h72
h59 h59
l40 h61
h92 h63 h65 h92
h64 h64
h66 h66 h67
h69 h68 h69
h70 h70
h71 h71
l30 h73
h74 h74 h90
h75 h75 h79
l12 h77
h78 h78 h93
h80 h80
h83 h83
h84 h84
h87 h85 h87
h95 h86 h95
h88 h88
l42 h89 h94
h91 h91 h97
l5 h96
h98 h98
h99 h99
