node87 node96 node70 node30 node12 node25 node12 node30 node95 node18 node62 node99 node55 node16 node17 node53 node50 node63 node58 node76 node23 node76 node58 node63 node50 node53 node35 node80 node52 node44 node79 node60 node75 node31 node75 node60 node79 node28 node66 node28 node79 node44 node52 node80 node35 node53 node17 node16 node54 node97 node71 node89 node34 node21 node14 node21 node34 node89 node71 node97 node54 node16 node55 node48 node55 node99 node62 node84 node51 node93 node39 node73 node92 node64 node59 node6 node19 node6 node59 node64 node92 node73 node39 node93 node51 node84 node62 node18 node95 node30 node70 node8 node70 node96 node87
32
node39 node29 node39
node48 node83 node48
node14 node14 node69 node42
node64 node64
node96 node11
node23 node23 node57
node55 node55
node8 node27 node8
node35 node35 node56 node45
node79 node47 node79
node76 node76
node80 node2
node54 node54 node94
node53 node53
node59 node59
node17 node17
node95 node95 node37
node66 node86 node38
node6 node6
node99 node99
node12 node12
node19 node5 node19
node89 node15
node25 node25 node72
node92 node92
node75 node75
node93 node93
node31 node85 node31
node71 node74
node18 node88
node97 node97
node60 node1 node60
