8 97 105 152 105 142 104 31 4 29 4 31 104 142 174 142 105 50 48 65 49 65 48 50 105 97 34 53 34 32 82 6 82 32 10 35 16 17 18 23 18 17 16 35 10 32 34 97 126 80 120 123 120 80 121 173 121 80 126 97 153 97 8 98 99 54 106 66 63 66 106 52 106 54 99 38 24 101 109 169 191 192 170 193 170 192 191 169 109 101 24 38 99 88 40 42 28 22 28 41 45 103 140 183 176 131 135 89 137 89 90 149 102 149 90 89 136 146 159 168 159 146 136 89 135 147 135 131 176 183 140 103 45 41 28 42 40 88 36 107 167 108 74 59 74 108 167 107 115 107 36 55 36 88 99 20 21 20 99 98 8
61
123 123 127
149 160 179
24 24
21 25 21
66 66 64
49 49 30 113
121 121
88 88
55 55 69 73
173 124 173
6 5 6 83
105 164 165 105 68
183 183
54 54
23 87 23
97 97
193 193 188
137 137 181
102 102 95
80 80
16 19 85
152 185 152
90 90
63 63 47
191 191
35 35
4 4
8 2
65 65
153 153 144
53 71 53
147 147 100
115 115 72 116
82 82 79
167 167
99 99
174 172 174
169 169
45 45 91 93
109 109
136 136
89 89
135 135
120 120
59 59 78
38 38 39
146 182
29 29 3
22 26 22
126 126
74 118
192 171 192
52 52 33 51
42 42
106 70
17 17
98 145
168 168 190
142 142 125
40 40
41 61
