73 86 32 12 15 43 166 130 113 197 186 138 186 47 186 197 113 76 113 58 110 58 52 156 150 175 150 114 93 139 98 139 93 114 150 156 97 143 191 75 191 143 97 0 97 156 52 58 26 163 48 188 159 165 173 165 159 157 95 33 95 40 95 157 131 62 131 157 159 188 48 163 26 28 22 177 106 78 71 78 106 177 46 80 6 7 60 55 180 123 176 118 120 37 67 162 96 162 67 37 164 1 164 37 120 118 176 123 180 55 168 17 38 79 57 129 174 146 84 68 153 68 84 146 174 129 57 79 38 17 168 55 60 7 6 80 46 177 22 28 26 58 113 130 166 88 27 90 82 90 27 88 166 100 89 69 152 149 126 149 152 69 89 100 145 128 161 128 145 100 166 43 15 12 32 86 73
61
191 191 124
33 11 49 127
163 163
145 145
58 58
27 27 24
46 195 77
1 189 99
84 101
166 166 154
138 16 155 138 136
82 82 107
186 186 63
12 12
110 110 42
62 112 62
96 96 133
52 39 52
60 60 92
153 153 184
129 129
161 2 161
157 66
95 192 95
38 122
47 187 81 47
165 35
6 6
0 0 183 61
57 57
73 73
176 176
168 168
128 128
130 135
175 83 175
75 75 41
126 171 21
113 109
15 15
89 89
76 194 76
162 125 162 185
37 37
68 169 68 119
156 190
173 173 196
55 72 55
26 26 115
143 143
40 19 40
98 98 70
71 71 10
159 159
197 197
7 7 44
123 123
48 48
118 118
174 167
90 53
