Building65 Building66 Building99 Building34 Building38 Building39 Building35 Building41 Building44 Building46 Building44 Building41 Building4 Building7 Building5 Building1 Building5 Building7 Building59 Building62 Building63 Building61 Building60 Building61 Building63 Building62 Building59 Building7 Building4 Building41 Building35 Building39 Building38 Building34 Building99 Building75 Building67 Building70 Building77 Building73 Building82 Building73 Building77 Building70 Building94 Building97 Building94 Building70 Building67 Building75 Building99 Building66 Building83 Building30 Building20 Building18 Building24 Building28 Building25 Building28 Building24 Building18 Building13 Building14 Building12 Building88 Building91 Building88 Building12 Building14 Building13 Building21 Building13 Building18 Building20 Building27 Building23 Building22 Building53 Building51 Building53 Building22 Building23 Building27 Building20 Building30 Building83 Building66 Building65
33
Building27 Building27
Building91 Building84 Building91
Building35 Building42 Building35
Building97 Building96 Building97
Building66 Building64
Building24 Building24 Building32
Building25 Building31 Building25
Building59 Building59
Building44 Building44 Building33
Building88 Building88
Building60 Building58 Building57
Building51 Building54 Building55 Building51
Building14 Building15 Building10
Building21 Building16 Building11
Building82 Building71 Building82
Building4 Building4
Building94 Building94 Building92
Building1 Building8 Building1
Building22 Building22
Building46 Building36 Building46
Building41 Building41
Building61 Building61
Building70 Building76
Building67 Building80
Building38 Building37 Building45
Building99 Building99
Building13 Building13
Building83 Building83
Building77 Building79 Building81
Building20 Building20
Building5 Building3
Building73 Building73
Building30 Building30
