140 153 164 41 180 184 124 16 107 50 157 67 13 67 157 72 76 125 99 82 99 125 76 72 157 50 107 16 124 33 161 186 148 77 148 144 24 151 29 168 69 149 128 149 179 149 69 168 29 151 24 144 25 165 18 165 25 144 148 134 34 61 177 32 177 174 70 160 158 105 56 150 8 150 56 105 158 160 70 174 177 61 34 134 59 62 112 22 112 62 137 197 97 93 97 197 137 62 167 62 59 134 175 134 148 186 161 33 190 146 190 33 124 47 162 172 118 49 1 196 12 196 1 49 118 172 194 181 81 127 45 5 11 19 53 19 11 5 45 127 81 181 194 172 162 103 120 185 133 80 133 185 120 103 162 47 182 47 124 184 180 83 57 147 123 147 73 147 57 83 180 41 164 153 140
65
73 35 73
53 169 53
76 76
179 179 7
177 177
134 42 134
18 18 96
182 14 182
29 44 29
93 93 39 173
19 21 19
103 103 4
50 50
125 125
158 95 158
197 197
33 139
8 166 8
146 94 146
41 41 101
32 32 115
12 193 12
123 176 108 123
107 159
62 62
13 102 13
83 83 142
162 36
185 185
59 59
112 112
196 10 196
80 40 80
160 160
133 114 133
175 175 84
127 127
150 150 27
149 130
22 22 178
77 170 77
49 117 49
25 132 25
11 11 79
45 45
184 85
82 82 89
128 128 51
167 167 9
186 186
140 135
168 168
97 97
57 57
180 6
61 61
47 47
157 65
148 55
56 56 104
190 190
153 153
24 154
151 151
5 5
