AAA AAB AAC AAD ABD ACD ABD AAD AAC AAB ABB AAB AAA ABA ACA ADA BAA BAB BAC BAD BBD BCD BBD BAD BAC BAB BBB BAB BAA BBA BCA BDA CAA CAB CAC CAD CBD CCD CBD CAD CAC CAB CBB CAB CAA CBA CCA CDA DAA DAB DAC DAD DBD DCD DBD DAD DAC DAB DBB DAB DAA DBA DCA DDA EAA EAB EAC EAD EBD ECD EBD EAD EAC EAB EBB EAB EAA EBA ECA EDA FAA FAB FAC FAD FBD FCD FBD FAD FAC FAB FBB FAB FAA FBA FCA FDA GAA GAB GAC GAD GBD GCD GBD GAD GAC GAB GBB GAB GAA GBA GCA GDA HAA HAB HAC HAD HBD HCD HBD HAD HAC HAB HBB HAB HAA HBA HCA HDA IAA IAB IAC IAD IBD ICD IBD IAD IAC IAB IBB IAB IAA IBA ICA IDA JAA JAB JAC JAD JBD JCD JBD JAD JAC JAB JBB JAB JAA JBA JCA JDA KAA KAB KAC KAD KBD KCD KBD KAD KAC KAB KBB KAB KAA KBA KCA KDA LAA LAB LAC LAD LBD LCD LBD LAD LAC LAB LBB LAB LAA KDA KCA KBA KAA JDA JCA JBA JAA IDA ICA IBA IAA HDA HCA HBA HAA GDA GCA GBA GAA FDA FCA FBA FAA EDA ECA EBA EAA DDA DCA DBA DAA CDA CCA CBA CAA BDA BCA BBA BAA ADA ACA ABA AAA
48
AAD AAD
ABB ABB ACB
AAC ABC
ACD ACD ADD
BAD BAD
BBB BBB BCB
BAC BBC
BCD BCD BDD
CAD CAD
CBB CBB CCB
CAC CBC
CCD CCD CDD
DAD DAD
DBB DBB DCB
DAC DBC
DCD DCD DDD
EAD EAD
EBB EBB ECB
EAC EBC
ECD ECD EDD
FAD FAD
FBB FBB FCB
FAC FBC
FCD FCD FDD
GAD GAD
GBB GBB GCB
GAC GBC
GCD GCD GDD
HAD HAD
HBB HBB HCB
HAC HBC
HCD HCD HDD
IAD IAD
IBB IBB ICB
IAC IBC
ICD ICD IDD
JAD JAD
JBB JBB JCB
JAC JBC
JCD JCD JDD
KAD KAD
KBB KBB KCB
KAC KBC
KCD KCD KDD
LAD LAD
LBB LBB LCB
LAC LBC
LCD LCD LDD
