Gastre Triesen Kyrenia Dongola Visby Branson Visby Dongola Kyrenia Triesen Juliaca Scottsdale Tukchi Hope Forteau Aasiaat Forteau Sambava Forteau Coatzacoalcos Polevskoy Palu Charlestown Palu Polevskoy Coatzacoalcos Forteau Hope Tukchi Scottsdale Juliaca Paramount Polatsk Coronel Bell Pingtung Bell Coronel Polatsk Taungoo Winters Taungoo Polatsk Malolos Neryungri Malolos Polatsk Paramount Balzan Liuzhou Caen Benha Scranton Sholapur Scranton Benha Caen Liuzhou Balzan Paramount Juliaca Cocieri Juliaca Triesen Gastre
30
Malolos Malolos
Branson Baicheng Branson Channahon
Triesen Triesen Destrnik
Dongola Punakha Dongola
Cocieri Bosilovo Cocieri
Forteau Forteau
Scranton Scranton
Scottsdale Scottsdale
Tukchi Bovec Tukchi
Charlestown Charlestown Narva Gwadar
Aasiaat Absecon Aasiaat
Sholapur Kindu Derby Daloa Sholapur
Kyrenia Maidenhead Kyrenia
Visby Visby Luganville
Coronel Coronel
Neryungri Bungoma Neryungri
Sambava Chepes Sambava
Benha Benha
Caen Caen
Coatzacoalcos Coatzacoalcos
Paramount Woodinville
Pingtung Leo Pingtung
Taungoo Taungoo
Bell Bell
Polatsk Clay Polatsk Cumming
Polevskoy Polevskoy
Winters Winters Kalgoorlie
Palu Allahabad
Juliaca Juliaca
Hope Hope
