Wrightsville Massena Maywood Gevgelija Kaduna Bayonne Changde Ljutomer Ayacucho Progress Ayacucho Ljutomer Changde Bayonne Kaduna Necochea Leeuwarden Necochea Kaduna Gevgelija Rauna Golubac Coihaique Temirtau Metz Gemena Metz Temirtau Coihaique Golubac Rauna Pljevlja Manta Gyumri Zanzibar Gyumri Manta Pljevlja Rauna Gevgelija Maywood Massena Wrightsville
18
Progress Asti Progress
Gemena Sayhut Gemena
Coihaique Coihaique
Maywood Maywood Praya
Zanzibar Hsinchu Zanzibar
Rauna Rauna Palopo
Pljevlja Pljevlja
Leeuwarden Mzimba Leeuwarden
Metz Metz
Gevgelija Gevgelija
Ayacucho Ayacucho Rivas
Golubac Golubac
Ljutomer Ljutomer
Necochea Necochea
Temirtau Temirtau
Wrightsville Irvington
Bayonne Bayonne
Changde Changde
