mqncr fhsjw qxsoe jkkgv kpxlz yhpwd pnmkd yhpwd kpxlz roimn mlqbj ngjyx jujev cakfa kamos wmdth dtvfs mwoev dtvfs anscp dtvfs mqreu bwbkg ezhmp zmwtk jwmjp dxztc dabkf bwinl dabkf dxztc jwmjp byjai jwmjp zmwtk ezhmp bwbkg iigud macxu iigud gupku wxcvg rtshe mzwec rtshe wxcvg gupku iigud bwbkg ibnyw azsmx weuhz sfgmu ywyyb sxqhs ywyyb sfgmu weuhz azsmx ibnyw bwbkg mqreu dtvfs wmdth qotnp eakkr qotnp wmdth kamos tgxta kamos vdlja innfa vdlja kamos cakfa jujev ngjyx mlqbj olqki gztsf ayayj gsero hdvet vtcqw zfawc vtcqw qwmew vtcqw hdvet gsero ayayj gztsf olqki mlqbj tctxs dsbhm gkosc vnnvv gkosc dsbhm tctxs mlqbj roimn ilbfw fjrpj jydxd mnymy jydxd fjrpj ilbfw hqiic ilbfw derxh fdewe peobk hribg nsllr hribg peobk fdewe derxh ilbfw roimn diapc kwvgs qpjoh hgwal eakbg tyjab iyzri iggzg wxaab maarr ybtvs rjdkz jorhq ssyjd jorhq rjdkz ybtvs maarr wxaab witaj rkzmv kdtrw rkzmv witaj wxaab cegzm wwphq lhsag wwphq cegzm wxaab iggzg iyzri tyjab eakbg hgwal nmygm mjgiw gpwkr mjgiw nmygm hgwal qpjoh lfdet qpjoh kwvgs diapc roimn kpxlz jkkgv qxsoe fhsjw mqncr
61
mlqbj mlqbj
kdtrw nppux kdtrw
mjgiw mjgiw
innfa innfa qrmyp dxllq
gpwkr gpwkr gsdqj
vdlja qfcxo
cakfa cakfa qcfox
iggzg iggzg
tgxta jjlwh pvzeb
zmwtk kqysx igpmu
hgwal lukkm jvfig hrhzb
ssyjd ylsow ssyjd
ywyyb ywyyb
bwinl drrap bwinl
sfgmu drlqp sfgmu
qwmew qwmew fblut
jkkgv jkkgv jemlu
anscp anscp sbnmi
rtshe rtshe
derxh derxh
tyjab tyjab
macxu edxoe macxu
lfdet lfdet zcixl ypkmm
dsbhm dsbhm awsuk
ayayj aoxfw ayayj
ilbfw ilbfw
vnnvv vnnvv mrnva
lhsag irkbu lhsag
mqreu mqreu dkdci
sxqhs eustb sxqhs
yhpwd mxihv
peobk peobk
dxztc eqddq yuuqu
fjrpj fjrpj btqda
gkosc gkosc
cegzm cegzm
nsllr fnipk jxcvu
qpjoh qpjoh
wxcvg piswp xphcw
ibnyw cfspg ibnyw
byjai uooez byjai
mwoev mwoev dsfpg
pnmkd axdtz pnmkd
zfawc tcqqe qkftw
kwvgs kwvgs
iigud iigud
jwmjp jwmjp
wwphq wwphq rnrth
gztsf gztsf
olqki mpjyf bymoa
hribg hribg
mzwec eludu mzwec
tctxs tctxs
hqiic xftof yuvek
mnymy tcxbn mnymy
dtvfs mbqyg
eakkr eakkr vzoqh
qotnp qotnp
qxsoe qxsoe
maarr ygust
diapc diapc
