0 132 62 98 136 19 124 55 5 146 103 14 135 118 150 60 150 118 135 14 103 146 6 71 6 146 5 7 113 9 113 7 5 189 69 65 53 36 53 65 69 189 5 55 124 19 121 73 68 102 51 102 68 73 158 25 168 131 77 188 23 27 23 188 77 72 41 196 114 59 3 59 67 139 57 139 67 59 114 196 41 72 77 131 168 25 158 63 120 157 116 176 125 21 39 88 95 17 66 37 106 37 66 17 95 88 39 21 34 130 165 8 165 42 165 130 34 21 125 94 151 94 125 176 116 183 100 163 128 192 76 64 76 192 128 163 100 183 116 157 120 63 158 73 121 19 136 98 62 132 0 52 49 52 0
47
192 26
0 0
27 27 43
3 3 50 32
42 42 22
14 14
17 20 54 17
77 77
19 19
21 21 24
7 7
132 70 31 11
57 74 57
151 13 12
73 29 73
8 8 15
36 30 36
37 46 47 37
65 65
9 44 9
67 67
76 76
60 4 60
106 16 10
72 72
39 39 61
68 75 68 33
49 1 49
41 41
5 5
53 53
55 56 55
71 48 71
139 28
51 51 58
66 35 66 45
25 25
64 38 64 78
23 23
34 34
62 62
59 2 59
52 52
69 69
95 18
63 63
6 6
