Soda Qqlqdxhzie Jnaceez Qqlqdxhzie Soda Bbqlwgzteg Bjxy Bbqlwgzteg Soda Hfow Lhsmxzizl Mvcjmf Cyvexr Vlgzfpnbc Cyvexr Mvcjmf Xejpqgtkdas Swqguyhe Xejpqgtkdas Mvcjmf Lhsmxzizl Saglt Uqfqb Saglt Kinbv Wmcvikgvq Jfpmcxyq Xccdgajnci Iahhs Slhe Ppbp Myxxw Nqdl Eankdxbivc Xkegoqksfou Yyrymdkl Lwkzgtniodd Qwisoqgzm Shqm Prteefgv Shqm Qwisoqgzm Psynz Hfbml Svdpn Locjp Ibnxkznems Xyqun Phjuuz Mzwrip Phjuuz Xyqun Ibnxkznems Locjp Svdpn Hfbml Psynz Qwisoqgzm Lwkzgtniodd Yyrymdkl Xkegoqksfou Eankdxbivc Nqdl Myxxw Ppbp Slhe Iahhs Xccdgajnci Jfpmcxyq Tbyuqkgtm Jfpmcxyq Wmcvikgvq Kinbv Saglt Pliaph Qwebscsrirm Vevhjnfq Qwebscsrirm Pliaph Saglt Lhsmxzizl Zcefzlovt Lhsmxzizl Hfow Soda
31
Qwisoqgzm Zgvnjegpj
Lhsmxzizl Lhsmxzizl
Phjuuz Phjuuz
Shqm Zxrxvqvnm Lcia
Vevhjnfq Yxjvwhefqif Vvvqw
Pliaph Pliaph
Psynz Psynz
Tbyuqkgtm Fmgwavgppb Rxeuijsrpky
Lwkzgtniodd Hbsc Xbpw Lwkzgtniodd
Bjxy Wyvuhfzpeh Eqtpmllrky
Swqguyhe Swqguyhe Padpmqkrh
Ppbp Fwmaudwdwa
Zcefzlovt Zcefzlovt Nkqzgfasj
Saglt Rchfmjdesx Saglt Lyurrdtdw
Mzwrip Mzwrip Fwerc
Prteefgv Prteefgv Vbbopctjfsu Ugtgajtqmg Kslp
Hfbml Hfbml
Yyrymdkl Yyrymdkl
Xyqun Xyqun
Vlgzfpnbc Vlgzfpnbc Hoir
Slhe Fagweskgci Slhe
Jnaceez Jnaceez Tjqkxczzumv
Cyvexr Cyvexr Ncfr
Nqdl Nqdl
Xkegoqksfou Xkegoqksfou
Svdpn Svdpn
Iahhs Vbibp
Ibnxkznems Ibnxkznems
Uqfqb Uqfqb Usfucahrvrj
Qwebscsrirm Qwebscsrirm
Myxxw Myxxw
