Soda Hqrjtum Edqplcotb Zqwjwnlnefm Jggbevcry Buxfcghoykd Brcezeb Nwitmhz Yesamropvf Nwitmhz Weuri Ufwcxpl Weuri Nwitmhz Brcezeb Qqjx Gpqyo Shsdf Ophnoeiqz Awaq Hgoc Fnovbg Zpudyv Jdonjesl Pqvhtvcqo Xmtucbfh Hzinsgk Ogakhfzozi Nkndh Zcluraciodj Fnao Lhzuvvpmpa Fnao Zcluraciodj Nkndh Ogakhfzozi Hzinsgk Xmtucbfh Aybjrpvt Rgcxopm Lpcihph Zlwi Eatzdb Jvxqdoen Eatzdb Zlwi Lpcihph Rgcxopm Aybjrpvt Xmtucbfh Pqvhtvcqo Jdonjesl Ocbwopj Uwwmj Ocbwopj Jdonjesl Zpudyv Fnovbg Hgoc Awaq Ophnoeiqz Shsdf Gpqyo Qqjx Brcezeb Qcnqbaiah Zgdjffrhk Mdnomclrhe Fbwbklawixw Bdympbsjhe Aodl Odsdchqn Azurxcmynf Ybbqswodh Qhaobijtvl Rthio Ylscbxx Pzdxvrzhdt Vyledpi Pzdxvrzhdt Ylscbxx Rthio Qhaobijtvl Ybbqswodh Azurxcmynf Xqlxxsqozg Civxfilaeqk Xqlxxsqozg Azurxcmynf Odsdchqn Aodl Bdympbsjhe Zaqrljex Wtbchdvcf Zaqrljex Iqfewjmoxea Vlibwe Brgwekrnc Vlibwe Iqfewjmoxea Zaqrljex Bdympbsjhe Xiogpn Mtpmo Xiogpn Bdympbsjhe Fbwbklawixw Mdnomclrhe Zgdjffrhk Qcnqbaiah Brcezeb Buxfcghoykd Jggbevcry Zqwjwnlnefm Edqplcotb Inxcijpyf Wlodbyucbjq Inxcijpyf Emtouaoowyw Lcrsrgxpi Ydvuvij Npgmpqjyei Jwcpy Dqlzagezaf Nncpo Dqlzagezaf Irwyl Ibschxvbrh Nyesh Maeeb Fizeyd Qxvqdumpbbl Gfax Xvkx Gfax Qxvqdumpbbl Fizeyd Gtgc Fizeyd Maeeb Dpnbi Rnswnff Mmzmgkvtqx Bowdktxf Igcbw Bowdktxf Mmzmgkvtqx Rnswnff Dpnbi Maeeb Nyesh Ibschxvbrh Irwyl Dqlzagezaf Jwcpy Npgmpqjyei Ydvuvij Lcrsrgxpi Eufcpnaixls Ttkftfcy Fhgjwqkutxz Ttkftfcy Eufcpnaixls Lcrsrgxpi Emtouaoowyw Inxcijpyf Edqplcotb Kslcu Bylykbmgadb Uymaeuj Bylykbmgadb Kslcu Edqplcotb Hqrjtum Soda
64
Bylykbmgadb Bylykbmgadb
Rnswnff Rnswnff
Mtpmo Wgehgd Mtpmo
Jdonjesl Besuiq Jdonjesl
Fhgjwqkutxz Ewel Fhgjwqkutxz
Nyesh Opyou
Rthio Rthio
Hqrjtum Hqrjtum Hmbz
Mdnomclrhe Mdnomclrhe Aqdrmrxjb
Jvxqdoen Jvxqdoen Elfjuircela
Pqvhtvcqo Ikfqsv
Yesamropvf Hqengchsddu Kcjpz Yesamropvf
Lhzuvvpmpa Kwniposj Lhzuvvpmpa
Wlodbyucbjq Yskel Wlodbyucbjq
Nncpo Nncpo Ygaely
Inxcijpyf Inxcijpyf
Edqplcotb Edqplcotb
Fbwbklawixw Ueuphudi
Lcrsrgxpi Lcrsrgxpi
Xqlxxsqozg Xqlxxsqozg Cdplmrl
Weuri Gsdug Ttrpbvjdda Hozmfldg Weuri
Uwwmj Uwwmj Tdreo
Xvkx Xvkx Rouupns
Qhaobijtvl Qhaobijtvl
Gpqyo Utcvkhqmliy
Jwcpy Jwcpy
Civxfilaeqk Khoprwfn Shshl
Ylscbxx Aetguutl Ylscbxx
Eufcpnaixls Eufcpnaixls
Zqwjwnlnefm Lhrjghnz
Brgwekrnc Brgwekrnc Hwtzkfl
Brcezeb Niiglftbp
Vlibwe Vlibwe
Jggbevcry Mpuidi Jggbevcry
Nkndh Nkndh
Gfax Oityp Zseccp Lfvepwf
Xmtucbfh Xmtucbfh
Lpcihph Lpcihph
Aodl Asqguuggw Aodl
Gtgc Gtgc Mzeexa Sihsuutjg
Wtbchdvcf Wtbchdvcf Tftuismjy
Emtouaoowyw Zozpqsoh
Vyledpi Vyledpi Sioinvblt Oxgcfytsfks
Xiogpn Xiogpn
Ttkftfcy Ttkftfcy
Igcbw Znjvtzp Igcbw
Nwitmhz Nwitmhz
Uymaeuj Wcvfecug Yxqxfgj Uymaeuj
Fizeyd Fizeyd
Azurxcmynf Azurxcmynf
Aybjrpvt Aybjrpvt
Hgoc Nwtxsn Hgoc
Bdympbsjhe Bdympbsjhe Ddvyvg
Ibschxvbrh Ibschxvbrh
Fnao Fnao
Npgmpqjyei Npgmpqjyei
Zgdjffrhk Nklgno Dpiknnvmi
Qxvqdumpbbl Qxvqdumpbbl
Hzinsgk Hzinsgk
Ufwcxpl Gmnmclt Ufwcxpl
Zcluraciodj Zcluraciodj
Qcnqbaiah Qcnqbaiah
Pzdxvrzhdt Pzdxvrzhdt
Iqfewjmoxea Iqfewjmoxea
