0 4 35 4 179 33 21 77 22 1 25 10 15 72 2 43 51 50 6 75 6 50 128 3 97 14 9 174 42 174 9 14 97 18 119 55 76 20 105 95 67 8 67 95 105 20 76 55 119 18 97 3 128 50 51 43 2 72 48 63 37 45 12 45 37 63 48 72 15 10 25 1 22 13 88 7 88 13 22 77 21 33 179 4 0 16 40 16 0 58 38 100 17 100 46 100 38 58 0
34
55 140 55
17 181 130
50 50
33 33
40 52 29 40
37 156
10 118
7 199 104
75 90 160 197
42 152 144 42
15 15 32 27
35 134 35 86
2 153 131
46 46 149
20 106 124
12 12 92
8 125 8
21 53 21
45 45 61
97 97
6 6 98
3 3 108
58 173 58
88 88
1 24
13 23 13
67 80
22 164 34
95 154
179 179
76 102 57
18 93
43 145
128 188
