0 18 13 21 13 117 89 81 37 188 166 60 166 188 37 81 89 117 7 68 71 187 43 11 178 170 5 36 35 110 155 77 42 186 147 97 4 25 33 58 62 47 160 138 124 102 65 44 45 90 50 150 72 150 50 90 45 44 65 102 124 138 160 30 160 47 62 58 33 25 4 97 147 186 42 77 155 110 35 51 35 36 5 170 178 115 61 121 15 23 101 174 14 40 31 133 154 19 12 157 27 157 12 34 12 19 158 146 159 120 161 39 57 39 161 120 159 146 158 19 154 133 31 40 14 174 101 23 15 121 61 136 55 181 134 184 113 98 87 126 169 96 169 126 70 126 87 98 113 184 134 83 134 181 128 171 135 16 177 16 135 151 75 151 135 171 128 181 55 136 61 115 178 11 43 187 111 193 38 193 111 187 71 68 7 117 13 18 0
63
33 33
4 4
97 69 48 97
98 98 59 24
117 85
11 11
47 46 47
13 2 13
35 35
96 6 96
68 68
77 77 28
81 81
44 44 66
89 56 89
0 3 10 0
39 39 63
177 74 67
40 92 94 40 84
146 76
83 83 95
70 70 1
43 43 93
25 25 79
27 27 41
38 53 38
72 72 64
37 37 78
61 61 9
5 5
45 45
65 65
50 50 26
75 22 75
60 49 60
51 32 51 8 20
14 14
21 82 21
30 30 91
15 15
36 36
181 17
102 73
18 18
19 19
193 80
58 58
55 52 55
16 16
57 29 57
62 62
23 23
7 7
31 31
126 88
12 12
87 87
34 34 99
161 86
42 42
157 54
90 90
71 71
