144 47 11 28 11 158 60 120 49 9 121 162 7 99 95 161 8 75 175 23 175 75 8 152 185 10 17 123 122 3 105 32 153 80 16 22 62 13 62 22 16 80 73 132 88 114 88 132 73 80 153 32 105 3 122 66 81 46 89 90 169 90 89 46 81 57 180 12 101 83 181 170 67 168 137 84 124 167 74 56 70 159 70 56 74 167 124 84 137 61 154 146 108 146 154 61 137 168 67 148 104 118 85 156 130 186 35 140 106 173 178 86 164 126 21 126 164 86 178 173 106 140 35 186 130 156 85 118 104 148 67 170 181 83 101 53 101 12 180 57 81 66 122 123 17 10 185 152 8 161 95 99 7 162 121 100 5 69 141 69 51 119 51 69 5 100 121 9 49 64 49 120 26 184 145 177 129 179 45 1 176 33 131 103 131 33 176 1 45 179 129 177 145 184 26 120 60 158 11 47 144
51
3 3
7 7 128
8 8 79
11 11
13 13 110
169 14 169
16 16
141 18 141
28 19 28
21 21 78
108 24 43 108
23 39 188
103 42 87
114 44 112 114
47 47
49 49
51 51
53 53 183
62 62
64 64 136
66 66 165
67 67
70 70
74 74
75 75
131 76 131
83 83 174
88 88
90 90 107
185 92
162 93
95 95
99 99
104 104
106 106
119 119 187
120 120
122 122
124 124
126 126
9 127
130 130
132 132
144 133
45 142
159 147 159
152 152
156 156
84 157
158 158
170 170
