0 24 25 67 95 161 138 186 138 161 95 141 192 183 142 49 44 109 40 155 122 28 122 155 20 155 40 109 29 104 29 182 162 100 41 1 3 158 75 98 120 191 120 98 75 158 86 2 86 158 3 1 41 100 162 182 29 109 107 99 14 91 82 128 82 91 14 99 107 189 139 57 105 124 130 153 130 166 198 166 130 124 105 57 176 180 176 92 176 57 139 189 107 109 44 49 181 4 90 111 18 119 106 179 106 119 18 84 96 84 103 160 149 66 81 69 81 66 149 160 118 160 103 48 103 84 18 111 74 111 90 4 181 49 142 88 142 183 192 194 192 141 95 67 121 135 196 19 196 135 150 135 121 67 25 26 25 24 0
59
0 0
2 2 30 114
4 4 72
196 6 196
189 8
160 10 160
119 12
14 14
153 16 154
18 18 42
20 20 64 70
69 22 38
24 24 132
26 26 152
28 28 76
128 32 128
88 34 88
29 36
40 40
44 44
139 46 144
48 48 146
192 50 192
100 52 100
118 54 118
92 56 68 92 140
104 58 104 164
194 60 194
19 62 148
66 66
74 74 190
90 78 90
191 80 172
82 82
84 84
86 86 94 170
96 96 112
98 98
158 102 158
106 106
25 108
180 110 180
91 116
120 120
122 122
124 124
162 126 162 168
130 130
198 134 198
186 136 186
138 138
142 142
150 150 174
181 156
166 166
176 176
179 178 188
182 182
81 184
