2 41 85 9 60 142 24 103 116 28 174 99 165 140 149 171 179 171 149 140 165 99 174 176 51 176 174 28 116 103 172 137 30 15 57 94 62 90 177 70 100 198 128 173 59 20 27 141 75 64 186 38 83 73 83 38 186 0 186 136 119 68 89 69 13 69 89 68 119 136 186 64 75 141 27 20 59 5 163 188 35 199 121 7 121 196 155 178 155 196 121 199 195 56 195 148 159 156 131 109 161 4 161 109 131 156 159 148 102 45 181 34 23 11 26 11 23 34 181 45 102 148 195 199 35 188 163 158 163 5 125 31 10 194 10 31 125 5 59 173 128 86 37 25 81 12 127 132 47 29 74 144 74 29 47 132 127 12 81 25 37 86 128 198 147 115 147 198 100 114 107 43 71 6 118 80 118 6 71 43 107 114 100 70 177 90 62 139 55 130 184 189 184 130 55 139 62 94 57 15 30 137 172 103 42 50 193 50 42 103 24 142 60 9 85 41 2 157 2
69
194 93 194
142 142
56 52 56
125 125
139 139
157 49 157 53
13 8 13 138
178 178 82
179 179 133
141 141
144 106 97
38 38 46
189 122 189 182
7 79 7
9 61
42 92 42
147 32
73 73 58
131 131
174 174
51 76 51
6 6
116 116 67
171 171 14
196 196
94 94
2 2
193 145 193
130 130
34 34
55 55
173 173 36
90 95 90
0 192 0
4 112 4
114 126 114
121 121
119 119
62 96
149 3 149
28 28
102 164
35 35
25 25
50 50 187
161 161
188 188
99 113
86 86
158 110 158
118 118
177 177
80 80 54
128 128
115 44 115
23 23
100 100
85 85
12 12
136 136
156 156
26 26 63
27 27 98
15 15
30 30
59 59
181 181
165 165
41 48
