71 37 60 44 53 70 42 67 47 26 73 27 18 86 52 39 3 14 54 14 3 16 11 16 3 28 3 39 61 87 7 99 25 30 36 2 36 30 25 99 43 84 81 95 21 95 81 84 43 99 7 87 61 75 19 74 20 88 41 88 20 74 19 75 15 94 45 62 66 58 77 93 55 93 77 58 66 62 45 94 15 75 61 39 52 86 18 27 9 65 9 27 73 26 47 67 42 70 57 98 34 98 57 70 53 44 60 37 71
38
67 85
7 7
28 13 28
21 50 21
87 87
54 49 54
18 18
88 5 88
2 33 2
95 95
74 74
55 55 6
30 30
11 35 11
65 65 96
15 15
37 64
66 66
70 70
26 26
94 94
84 84
47 10 47
36 36
53 53
41 41 79
60 60
86 78 59
39 39
43 38
45 45
9 0
34 69 24
19 19
61 61
16 29
42 42
77 77
