ffffff uu uuu jj nn o nn jj nnn tt mmmm gg kkkk uuuu cc jjj hh ppppp z nnnnnnnn hhh bb kkkkkkk aaaaaa zz iiii nnnnnnn lll hhhh jjjjjjjj oooo zzz ttttt ff y mmm qqqqqq ggggggg qqqqqq mmm eeeee f tttttt kkkkkkkk gggggggg hhhhhhh wwwwww hhhhhhh gggggggg kkkkkkkk tttttt f eeeee mmm y ff ttttt iiiiii ssssss mm eeee mm ssssss iiiiii ttttt zzz oooo llll c uuuuu zzzzzz xx xxxxxxx ccccccc xxxxxxx xx zzzzzz uuuuu sssssss qqq bbbbb ttt t aaaaaaaa t ttt kkkkkk ggg bbbbbbbb ggg kkkkkk ttt bbbbb qqq yy sss yy qqq sssssss uuuuu c llll oooo jjjjjjjj hhhh lll nnnnnnn iiii zz aaaaaa kkkkkkk bb hhh nnnnnnnn z ppppp hh jjj gggg pppp xxxxxx zzzz ppp yyyyyy ooooo wwwww rrrrrrrr vvv llllllll xxxx wwww rr bbb p eeeeeee fff kkkkk fffffff kkkkk fff eeeeeee p bbb rr wwww xxxx llllllll llllll b pppppp yyyy yyyyy ss rrrr iiiiiii rrrr ss ccccc vvvvv ccccc ss yyyyy yyyy pppppp b llllll llllllll vvv rrrrrrrr wwwww ooooo yyyyyy ppp zzzz xxxxxx pppp cccccc pppp gggg jjj cc uuuu kkkk gg ww vvvvvvv ppppppp hhhhhh r m r hhhhhh ppppppp vvvvvvv ww gg mmmm tt nnn jj uuu uu ffffff uuuuuuu ll xxxxx qqqqqqq ggggg rrrrr fffff rrrrr ddddd u jjjj vv dddd vv jjjj u ddddd ttttttt sssss bbbb bbbbbbb d cccc dd cccc d bbbbbbb bbbb sssss ttttttt ddddd rrrrr ggggg qqqqqqq xxxxx ll aaaa ll uuuuuuu ffffff
77
ffffff ffffff
kkkkkkk iiiiiiii
fffffff pppppppp aa
b b
o x o
ppppp ppppp
bbbbbbbb mmmmmmmm bbbbbbbb
ttttttt ttttttt
xxxx xxxx
mm mm tttt
gggg ssss gggg
eeee ffff eeee
vvvvv k vvvvvv vvvvv
xxxxx xxxxx
jjj jjj
zzz zzz
gggggggg q gggggggg
eeeeeee eeeeeee
uuu uuu
yy yy
ll ll
y bbbbbb
ccccccc ccccccc rrrrrr
aaaaaaaa aaaaaaaa e
wwww wwww
iiii oooooooo
dd j dd
m eeeeee m
pppppp uuuuuu
cccc cccc
d d
aaaa aaaa ii
llllll llllll
xxxxxxx xxxxxxx
wwwww wwwww
wwwwww ee wwwwww
nnn nnn
ggggg ggggg
rr rr
bbbb zzzzz
kkkk kkkk
dddd a dddd
lll lll
llllllll llllllll
ooooo ooooo
sssssss sssssss oooooo
iiiiiii iiiiiii lllllll
tt xxx tt
aaaaaa aaaaaa
uuuuuuu uuuuuuu
rrrrr rrrrr
hhhhhhh hhhhhhh
uu uu
bbbbbbb bbbbbbb
kkkkkkkk kkkkkkkk
ttttt ttttt
qqq qqq
z s
kkkkkk kkkkkk
ggggggg aaa ggggggg
fffff fffff nnnnnn
cc cc
sssss sssss
cccccc qq cccccc
ssssss ssssss
jjjj jjjj
tttttt tttttt
mmmm mmmm
hhhh hhhh
iiiiii jjjjjj
eeeee eeeee
sss yyyyyyy sss
qqqqqqq ffffffff
hhh hhh
pppp pppp
qqqqqq qqqqqq
vvv vvv
