f uuu qq xxx ddd ppp oooo t ll ss ffff oo qqqqq uuuuu zzz fffffff ww bbbbbbbb sss rrr dddddddd cccccccc mmmm cccccccc dddddddd rrr sss bbbbbbbb ww fffffff zzz uuuuu qqqqq oo ffff ss ll t oooo ppp ddd xxx qq m z llllll ssssss qqqq sssss ccc s vv wwwwwww kkkkkk pppppppp nnnnnnnn pppppppp kkkkkk wwwwwww vv s ccc sssss v ffffffff ddddddd dd jjjjjjj rrrrrr cccccc eeeeeeee c w rr qqqqqq aaa qqqqqq uu xxxxxx yyyyyyy n ttttt n lllllll bbbbbb ff jjjj wwww pp q pp wwww jjjj ff bbbbbb lllllll n yyyyyyy xxxxxx uu qqqqqq rr w c eeeeeeee cccccc rrrrrr jjjjjjj dd ddddddd ffffffff v sssss ssss sssss qqqq ssssss llllll z m qq uuu f
40
f f
jjjjjjj jjjjjjj
xxx xxx
bbbbbbbb bbbbbbbb
llllll llllll
dddddddd dddddddd
nnnnnnnn iii ggg
v v
aaa p vvvv aaa
qqqqq j
pp aaaaa pp
sss llllllll sss
q q rrrrrrrr
rrrrrr rrrrrr qqqqqqq
wwwwwww wwwwwww
fffffff fffffff
pppppppp nnnn
c c
vv vv
ffffffff ffffffff
ff ff
lllllll ggggg
mmmm a eeee
ttttt hhhh ttttt
wwww wwww
qqqqqq qqqqqq
z z
cccccc hhh
xxxxxx xxxxxx
s s
ssssss ssssss
w w
ssss ssss lllll
uu uu
m m
ss ss
uuuuu uuuuu
qq qq
jjjj jjjj
zzz zzz
