AlbertFredHaines JoannCharlieWilkinso DianeElisePickett FrancisCarolHebb WadeSonnyMcbride ManuelaJoseBailey LillianJuanAncona JuliaMarySmith LillianJuanAncona RickyJamesBrumfield RobertaVirgieBullock AllysonFlorenceSprin KathleenJoseClark AllysonFlorenceSprin AdrieneKathleenShea JackieSharonScherrer AdrieneKathleenShea AllysonFlorenceSprin RobertaVirgieBullock RickyJamesBrumfield LillianJuanAncona ManuelaJoseBailey WadeSonnyMcbride FrancisCarolHebb DianeElisePickett JudyPearlineKaminski DianeElisePickett JoannCharlieWilkinso WilliamDanielleBell BrendaLenaHarris DwainJoeFeldman BernicePennyRiddick JudeJanetHarcourt JohnDarrellThomas MarciaWalterKirschma JohnDarrellThomas JudeJanetHarcourt BernicePennyRiddick DwainJoeFeldman MistyRobertKing JaredEvelynJones WilliamDavidGray MadeleineLeoRoberson JuanitaPhilipParsons MarkAnnetteHendrix HipolitoCandaceHunts GeorgeHenryVillar MinnieLesleyPaulk CharlesDiannaProfitt AndrewSadieBennett FriedaLindaMachesky KelliChristopherBanu FriedaLindaMachesky AndrewSadieBennett CharlesDiannaProfitt ZacharyWarrenKarth CharlesDiannaProfitt MinnieLesleyPaulk GeorgeHenryVillar DavidRaymondJohnson GeorgeHenryVillar MichaelMarkHolloway GeorgeHenryVillar HipolitoCandaceHunts MarkAnnetteHendrix JuanitaPhilipParsons LawrenceBarryHadden JuanitaPhilipParsons MadeleineLeoRoberson WilliamDavidGray JaredEvelynJones GloriaRuthRowland LaurelDwayneAnderson MabelCharleneGarcia MarthaJackRobinson MabelCharleneGarcia LaurelDwayneAnderson GloriaRuthRowland JaredEvelynJones MistyRobertKing DwainJoeFeldman BrendaLenaHarris WilliamDanielleBell JoannCharlieWilkinso CeliaMaryBoone DeniseBrunoWilliam DianeMargaretHammond DeniseBrunoWilliam ClaytonFredrickRicha CarlosTamikaStrand ClaytonFredrickRicha DeniseBrunoWilliam PatriciaRichardSippe PatJasonAaberg PatriciaRichardSippe DeniseBrunoWilliam CeliaMaryBoone FerdinandLukeJackson RolandGregoryWatson SusanSalinaZimmerman WayneGlendaDozier KimMickeyCohen WayneGlendaDozier DeniceRobertHawkins AmyFloydTopper EdwardErnestSinger AmyFloydTopper DeniceRobertHawkins WayneGlendaDozier SusanSalinaZimmerman RolandGregoryWatson FerdinandLukeJackson StormyOllieYork JoshuaDelmarFellers JessicaChristopherHa JoshuaDelmarFellers StormyOllieYork FerdinandLukeJackson BradleyDeborahSaball FerdinandLukeJackson CeliaMaryBoone JoannCharlieWilkinso AlbertFredHaines
45
DavidRaymondJohnson DenaJewellDavis GlennaMichaelBorden
JuanitaPhilipParsons KevinThomasHiggins
ZacharyWarrenKarth TommyAmandaMartin ZacharyWarrenKarth
DianeMargaretHammond CassandraJaniceGlove JoStephenMay PeterJosephBarbee
BradleyDeborahSaball CynthiaConnieWright BradleyDeborahSaball
DwainJoeFeldman DwainJoeFeldman
RickyJamesBrumfield RickyJamesBrumfield
JackieSharonScherrer TravisMichelleMeller JackieSharonScherrer HeidiMayJohnson
StormyOllieYork MichaelElizabethWeav StormyOllieYork RobinStephenWebster
PatJasonAaberg MarkAngelaMccloud DeeAmandaBartley IsaacGregGargano
KelliChristopherBanu ElmerDemetriusLark LynnKennethChavez
LawrenceBarryHadden JosephAmandaMullen LawrenceBarryHadden
BernicePennyRiddick BernicePennyRiddick SandraHarryStewart BrettDominickSonnier DorisJeffreyBinger
JudyPearlineKaminski JudyPearlineKaminski MaryJamesDavila
GeorgeHenryVillar GeorgeHenryVillar
JessicaChristopherHa ThomasEssieEwing JessicaChristopherHa
MistyRobertKing MistyRobertKing JannaDavidCarranza
MarthaJackRobinson MarthaJackRobinson DebraJaneFitzgerald KevinCharlesEvans StevenNeilNguyen
AllysonFlorenceSprin MarkDianeDuchon
FerdinandLukeJackson FerdinandLukeJackson GeorgeWilliamJackson
LaurelDwayneAnderson JimmyFlorTasson
CarlosTamikaStrand GaryCharlesHudson StephenWilliamCoffma
MadeleineLeoRoberson JohnRichardSmith
JuliaMarySmith CherylMaryMorgan PerryJamesBennett
KathleenJoseClark KathleenJoseClark CraigJohnLard
EdwardErnestSinger EdwardErnestSinger KathleenSherryDay
JudeJanetHarcourt JudeJanetHarcourt
MichaelMarkHolloway EricTammyScott MichaelMarkHolloway
MarciaWalterKirschma EricTinaPerea MarciaWalterKirschma
RolandGregoryWatson RolandGregoryWatson
PatriciaRichardSippe RosaPatrickYankey
WilliamDavidGray WilliamDavidGray
DeniseBrunoWilliam JamesJordanZamora DeniseBrunoWilliam
RobertaVirgieBullock HowardKennethCollins
DianeElisePickett DianeElisePickett KellyJohnnaOles EdwardDennisStewart
LillianJuanAncona LillianJuanAncona
WayneGlendaDozier EricJamesJuckett
KimMickeyCohen ClaudeBobbyBaker RonaldEdnaArant
JaredEvelynJones JeremyJamesChavez
ManuelaJoseBailey ManuelaJoseBailey
AndrewSadieBennett JohnBrendaFuller
AlbertFredHaines AlbertFredHaines
WadeSonnyMcbride WadeSonnyMcbride
MinnieLesleyPaulk AnnDeannaLarzazs
JoannCharlieWilkinso JoannCharlieWilkinso
