SueJosephGarza ElsieJosephPhelps LillieKathleenCervan ElsieJosephPhelps SueJosephGarza MarkRobertIvey FrankJennieBarker BrianRolandAli LauraPhilipWinkler PatriciaBernardBrock LauraPhilipWinkler BrianRolandAli NathanKevinCorathers JamesRodneyUpshaw EugeniaKimberlyArauj JamesRodneyUpshaw NathanKevinCorathers BrianRolandAli AndrewRobertEvins BrianSarahCumming DarnellAliciaPeters BrianSarahCumming AndrewRobertEvins MartyDavidWill JerryAnnetteChilds MatthewLarryMeli MelindaKennethAzar JoseBerniceJohnston MariaMarionSimons IraJimmyYang ThomasAnneNeave IolaElfriedaHemenway KennethPamelaManey JamesGladysMccullar KevinHaroldCyr JamesGladysMccullar KennethPamelaManey IolaElfriedaHemenway ThomasAnneNeave IraJimmyYang MariaMarionSimons JoseBerniceJohnston MelindaKennethAzar MatthewLarryMeli JerryAnnetteChilds MartyDavidWill AndrewRobertEvins BrianRolandAli FrankJennieBarker CharlesKristineWhite AnnaKyleChang CharlesKristineWhite FrankJennieBarker PhyllisJackWilson MaryLindaKirkland PhyllisJackWilson FrankJennieBarker MarkRobertIvey DonaldDoloresKelly MarkRobertIvey SueJosephGarza JustinJavierToure RickyLeahGriffin FlorenceWarrenLong BruceTeresaNelson PamelaPageBullock JessicaJohnSpells PamelaPageBullock BruceTeresaNelson HaleyKyleMurphy BruceTeresaNelson FlorenceWarrenLong RickyLeahGriffin JustinJavierToure SueJosephGarza BillyJoshuaBall SueJosephGarza PaulShaneSoldner SueJosephGarza
25
BrianRolandAli BrianRolandAli
MarkRobertIvey OllieGeorgeSova
PatriciaBernardBrock PatriciaBernardBrock MarianLuluDiaz
BrianSarahCumming JamesJaredGonzalez
MaryLindaKirkland MaryLindaKirkland LuisHelenHughes
KevinHaroldCyr LucyBennyHaag KevinHaroldCyr KarenErmaJensen
DarnellAliciaPeters PaulEvanRichard DarnellAliciaPeters
JessicaJohnSpells JessicaJohnSpells MariaChristopherCast
PhyllisJackWilson PhyllisJackWilson
LauraPhilipWinkler LauraPhilipWinkler
MatthewLarryMeli ThomasAnnieRuiz
EugeniaKimberlyArauj WilliamGeorgeWilliam CrystalShermanVida
AnnaKyleChang AnnaKyleChang BrianLuzArce ChristinaDanaGrant
BillyJoshuaBall AshleyWilliamClarke FranciscoFrancesHarr
RickyLeahGriffin WilburnDavidMiller
LillieKathleenCervan LillieKathleenCervan JohnJoseJudd
PamelaPageBullock PamelaPageBullock
IraJimmyYang IraJimmyYang
HaleyKyleMurphy LeroySandraLewis SueCourtneyOsgood
DonaldDoloresKelly AlfredaKirstenMartin DonaldDoloresKelly
PaulShaneSoldner PaulShaneSoldner KennethShannonGardel
MelindaKennethAzar MelindaKennethAzar
ElsieJosephPhelps ElsieJosephPhelps
NathanKevinCorathers NathanKevinCorathers
IolaElfriedaHemenway JohnDustinKenny
