qgyqjgwlbh sjnavteasg fnlmocuczk njgjyqyhsv hkpxcpivyp bngwhjkenc wjicfykuhr hyficezvgi mrjqlvteat swhusujfgz omadaodbkw pmzgeauuov wegckoctcp ajjekwybql hnnlwliezo fwzkdpfinn npffaineub iznialmand npffaineub fwzkdpfinn hnnlwliezo ajjekwybql wegckoctcp pmzgeauuov lpopityrof lhvohluplc ozyhcflvre hqvifzhbmo ozyhcflvre lhvohluplc lpopityrof yeuzdbmimy uqsahbxduy kmwsevkfov ysokdhiaft layuigtfoj omqkvmtjla ysndikwwgh ahfilcjjhz xeuivcdbgm sthbsdqlwm ntlhpzyidk sgizgtdhhn ntlhpzyidk sthbsdqlwm xeuivcdbgm lgwqodunqt uyirsvqblu bzcpozsody sqlbmrxpwv prctwnakif djtmyhmwnn tywawwbwci pcjmzanrrv kgewtltijq hpbkyqcejb yfvfzingng aruweadnpf flqztijwpa eqqtmsgxnc mjgsrzyxra bbtxglggzi atkqvymdax dzokhkbjld iyucjunvyn zzscmbfbic uonnmkkdcs qzcudwawod ekdcatpuui cwlgcuthor sngqmldfxu cwlgcuthor qgdwfpxklr fukxhmvtnm tdqzbpmftq bnfhxmjqzg tdqzbpmftq fukxhmvtnm qgdwfpxklr cwlgcuthor ekdcatpuui qzcudwawod uonnmkkdcs zzscmbfbic iyucjunvyn dzokhkbjld atkqvymdax bbtxglggzi mjgsrzyxra rzgfaqookt mjgsrzyxra eqqtmsgxnc flqztijwpa aruweadnpf yfvfzingng hpbkyqcejb kgewtltijq pcjmzanrrv tywawwbwci djtmyhmwnn prctwnakif sqlbmrxpwv bzcpozsody uyirsvqblu lgwqodunqt xeuivcdbgm ahfilcjjhz ysndikwwgh omqkvmtjla layuigtfoj ysokdhiaft kmwsevkfov uqsahbxduy yeuzdbmimy uipamkyzyc ztbimsomxo czgfnbovhq bdjhlansav lewkphlryf cddppqxsmb tvrzrioagg cddppqxsmb lewkphlryf bdjhlansav czgfnbovhq ztbimsomxo uipamkyzyc yeuzdbmimy lpopityrof pmzgeauuov omadaodbkw swhusujfgz mrjqlvteat hyficezvgi wjicfykuhr bngwhjkenc hkpxcpivyp njgjyqyhsv fnlmocuczk sjnavteasg qgyqjgwlbh
38
uyirsvqblu uyirsvqblu
sqlbmrxpwv sqlbmrxpwv
sgizgtdhhn culutarzsm sgizgtdhhn
ajjekwybql ajjekwybql
hpbkyqcejb hpbkyqcejb
dzokhkbjld hrbvyznkmd
ntlhpzyidk ntlhpzyidk
yfvfzingng yfvfzingng
aruweadnpf aruweadnpf
ahfilcjjhz xpcqolcpnf
cddppqxsmb cddppqxsmb qlieaqyzel
tvrzrioagg tvrzrioagg fdbzjhgcmh
rzgfaqookt gdtsmzpvig rzgfaqookt
fnlmocuczk fnlmocuczk
hnnlwliezo hnnlwliezo
sngqmldfxu sngqmldfxu cynraykzum
iznialmand bvwklxlwsa iznialmand
bnfhxmjqzg feggaeevcb bnfhxmjqzg
hyficezvgi hyficezvgi
lgwqodunqt lgwqodunqt
tdqzbpmftq tdqzbpmftq
kmwsevkfov kmwsevkfov
npffaineub npffaineub
sthbsdqlwm sthbsdqlwm
wegckoctcp wegckoctcp
kgewtltijq kgewtltijq
czgfnbovhq gqulqjeire czgfnbovhq
djtmyhmwnn wmeeitskjx djtmyhmwnn
fwzkdpfinn fwzkdpfinn
zzscmbfbic vvurcgizpo
ysndikwwgh ysndikwwgh
hqvifzhbmo smlsmfgyxa hqvifzhbmo
atkqvymdax atkqvymdax
uipamkyzyc stxmhuffri
layuigtfoj tjcamfqmxd
ekdcatpuui somaaudaxm
bzcpozsody bzcpozsody
lpopityrof lpopityrof
