dweidxeutk hxaoxcleei ebbcmbhgnc audojmtlep gpbaqafhdz audojmtlep toeqvvzlae xqqirblyjw vpghbvlzxd ienasnqnvt vpghbvlzxd xqqirblyjw toeqvvzlae cxrfqntbtm thtlrbqsyp ivgiotlrrr quwglicgzs hkjeujbikz veqndedhgo cwexpxaktw tbpduhasiq wfybmclpmp dllzvxpcgk qtqfcaqlxk vtcyzupdop kjgjbkdckc sjqdgtugly bxdnijtmyn jojgjvziup yugelanmtk qnpmskdtgk ylgtgxhujb dlfzngcmgq okcwuqslme dfgysrnikx arrkheyths jxgwgvfggh tdtlnqnprm tdrceqkdxs mhohxeqbjo itejbhhfxs ouzfljsksj nqdbgeypdu xtugynuehn nqdbgeypdu ouzfljsksj itejbhhfxs mhohxeqbjo tdrceqkdxs tdtlnqnprm jxgwgvfggh arrkheyths dfgysrnikx okcwuqslme dlfzngcmgq ylgtgxhujb depihfdmjk cowtuqqsll wlzaatlgns rwobvahhfa joegbqydne hpqsgalvar nxiuvgpakn zzydddjmri aihlvhrjir ggkwgytekr bcwzxsuutq tofdobbbjt scgsokjwvw gcfwrdoced ctnsbezpjg fuhtgylsov dsflclsebb rbtvffgaks klbefaxnzg gibfnosbtf jiowqcrqpz sjcwiapdwb wjjdafaxvv seqrxdjigd iqbyvqgkcp seqrxdjigd izzewlqzll fhrstihiac vqlbufoinm htfyksgccp yqabjcolzt ffisecgfqt akzsqllzsv eeimgsecwz yvizyauxul kgpqjqjrhc rlgdknlxmz afkxpktsxw mnmjklgmnp afkxpktsxw efgyvzmusc wiwpekzeuz mgzyysypdp kpdfwhwwqb naqyljkxxq wbdpumkvfu hzhmlnosma auonnlthcz hzhmlnosma wbdpumkvfu naqyljkxxq kpdfwhwwqb mgzyysypdp wiwpekzeuz efgyvzmusc afkxpktsxw rlgdknlxmz kgpqjqjrhc yvizyauxul eeimgsecwz akzsqllzsv ffisecgfqt yqabjcolzt htfyksgccp vqlbufoinm fhrstihiac izzewlqzll seqrxdjigd wjjdafaxvv sjcwiapdwb jiowqcrqpz gibfnosbtf klbefaxnzg rbtvffgaks dsflclsebb fuhtgylsov ctnsbezpjg gcfwrdoced scgsokjwvw tofdobbbjt dzzxropcld ltjqdpdqwv tehmqpfdnn xdmzjapanj kufcwxmspu xdmzjapanj tehmqpfdnn ltjqdpdqwv dzzxropcld tofdobbbjt bcwzxsuutq ggkwgytekr aihlvhrjir zzydddjmri nxiuvgpakn hpqsgalvar joegbqydne rwobvahhfa wlzaatlgns cowtuqqsll igvmvwehwa wwmcjuetgz dnbdlutvqn bqrcwxsyuw dnbdlutvqn qoleivbobc cnbqxrvlvl qoleivbobc dnbdlutvqn wwmcjuetgz igvmvwehwa cowtuqqsll depihfdmjk ylgtgxhujb qnpmskdtgk yugelanmtk jojgjvziup bxdnijtmyn sjqdgtugly kjgjbkdckc vtcyzupdop qtqfcaqlxk dllzvxpcgk huciphyuma gvxfzzmwzk flrbhumcno itouxsyevo ulneltboej fxpsowceqq ulneltboej itouxsyevo flrbhumcno gvxfzzmwzk huciphyuma dllzvxpcgk wfybmclpmp tbpduhasiq cwexpxaktw veqndedhgo nimybvgttg veqndedhgo hkjeujbikz khuymesdzs siwbsyuwap sxayjmxdia lotqtcczrg taoimnqdrr lgpbgvlzpo hnaaimhfnz ercawnbbtx hnaaimhfnz lgpbgvlzpo taoimnqdrr lotqtcczrg vtquakjujf gkbqwvqnfu wqeazvzkdf qytpyhwawq fxejnitkot qytpyhwawq wqeazvzkdf gkbqwvqnfu vtquakjujf lotqtcczrg sxayjmxdia siwbsyuwap khuymesdzs hkjeujbikz quwglicgzs ivgiotlrrr thtlrbqsyp cxrfqntbtm toeqvvzlae audojmtlep ebbcmbhgnc hxaoxcleei dweidxeutk
71
dweidxeutk xdhiumwdwn dweidxeutk
gkbqwvqnfu gkbqwvqnfu nmshjtpxad
qoleivbobc fwwnyjpwnp
efgyvzmusc efgyvzmusc
mnmjklgmnp cmelcyxenw elifcmozpf mnmjklgmnp
ouzfljsksj ouzfljsksj
fxpsowceqq fxpsowceqq qjjslhkvnr
wqeazvzkdf gqwhfeepal wqeazvzkdf ftrqchqaif
vpghbvlzxd xwsnmxufqy vpghbvlzxd
dzzxropcld dzzxropcld
akzsqllzsv akzsqllzsv
sjqdgtugly sjqdgtugly
vtquakjujf vtquakjujf
cowtuqqsll cowtuqqsll
nimybvgttg rzqbegeoni hcvrravrik nimybvgttg
cnbqxrvlvl cnbqxrvlvl rqmdukqpbg
wlzaatlgns tzpaywhybw wlzaatlgns
xtugynuehn xtugynuehn rqchbdjiqp
gpbaqafhdz irtbznwvcu gpbaqafhdz
wjjdafaxvv drtcvphibq
ivgiotlrrr ivgiotlrrr
siwbsyuwap siwbsyuwap
auonnlthcz auonnlthcz vteisghgld
depihfdmjk depihfdmjk
tofdobbbjt tofdobbbjt
ctnsbezpjg ctnsbezpjg
audojmtlep audojmtlep
tehmqpfdnn tehmqpfdnn
cwexpxaktw cwexpxaktw
wiwpekzeuz wiwpekzeuz
wfybmclpmp wfybmclpmp
ienasnqnvt ienasnqnvt cpdpvshtof
arrkheyths arrkheyths
wwmcjuetgz wwmcjuetgz
cxrfqntbtm cxrfqntbtm
ltjqdpdqwv gyjkhdbyvm
dfgysrnikx dfgysrnikx
okcwuqslme okcwuqslme
taoimnqdrr taoimnqdrr
bqrcwxsyuw lvqqznnzyn bqrcwxsyuw
hpqsgalvar hpqsgalvar
vqlbufoinm vqlbufoinm
iqbyvqgkcp hjvmodgwdg iqbyvqgkcp
gvxfzzmwzk gvxfzzmwzk
fxejnitkot fxejnitkot dldiwncohw
fuhtgylsov fuhtgylsov
aihlvhrjir aihlvhrjir
klbefaxnzg klbefaxnzg
kufcwxmspu pgiiochubt zdiibealli kufcwxmspu
kgpqjqjrhc kgpqjqjrhc
dlfzngcmgq dlfzngcmgq
tbpduhasiq zbgxyjmdnm
naqyljkxxq naqyljkxxq
tdtlnqnprm tdtlnqnprm
toeqvvzlae toeqvvzlae
ercawnbbtx rulcikswsa hlimwiksjd
bcwzxsuutq bcwzxsuutq
rwobvahhfa rwobvahhfa
xdmzjapanj pphebmysxy xdmzjapanj
afkxpktsxw afkxpktsxw
itouxsyevo itouxsyevo
jiowqcrqpz jiowqcrqpz
mhohxeqbjo lzsvglcvqa
lgpbgvlzpo lgpbgvlzpo
kjgjbkdckc cavyunvwuk kjgjbkdckc
ulneltboej ulneltboej
rlgdknlxmz rlgdknlxmz
sjcwiapdwb uqhdcumthr sjcwiapdwb
htfyksgccp gmvwahagsy
bxdnijtmyn bxdnijtmyn
dllzvxpcgk dllzvxpcgk
