Egsmith Barnton Ashbourne Sudwich Pemlow Sudwich Wetwick Nortley Wetwick Sudwich Ashbourne Barnton Wychbourne Cookford Chelmbeck Marlover Hurstlow Edgey Shaftbage Edgey Hurstlow Marlover Chelmbeck Cookford Farnsmith Wychsmith Farnsmith Cookford Wychbourne Sudtree Wenwold Stainby Brackbrough Stainby Wenwold Sudtree Wychbourne Barnton Shaftsted Egtree Shaftsted Barnton Egsmith Whittree Wenside Whittree Egsmith Blanworth Durnell Burfield Wywick Wychbeck Wywick Burfield Shaftbridge Burfield Durnell Blanworth Egsmith
23
Wychbeck Staplake Wychbeck
Brackbrough Stapbeck Brackbrough
Wychbourne Wychnell Wychbourne Egavon
Stainby Stainby
Wenside Wenside Burbourne
Wenwold Wenwold
Nortley Stainbrough Nortley
Wetwick Wetwick
Farnsmith Farnsmith
Cookford Cookford
Wychsmith Wychsmith Chelmwang
Ashbourne Ashbourne
Shaftbridge Shaftbridge Penborne
Chelmbeck Flitgrove Chelmbeck
Sudtree Leathermere Sudtree
Whittree Alfchester
Wywick Wywick
Edgey Edgey
Shaftbage Ashdown Shaftbage
Pemlow Wenbeck Pemlow
Egsmith Waltditch
Egtree Chelmden Egtree
Barnton Barnton
