qtq xzk pjx rcs ifc fsl sfp blo gac llr lah llr uca qnn tvy hxo tvy qnn uca llr gac blo sfp fsl apg wuf vsu cov lbs jxq itg ick xzf mmf ase mmf xou cpw lfh cpw xou qlo qls qlo xou mmf xzf opt hhe opt xzf ick itg jxq lbs cov vsu wuf apg fsl ifc xmz wpq rwt ahv krg ahv rwt qbh cer tmc udq unk dkn qbj dkn unk udq pwa osc xax gfp otp zye ooi nxr ynq orc pkx qof bpm gup fib cxu fib gup bpm qof pkx orc nhk unf vlt unf nhk orc ynq nxr ooi zye mln yiz ili bsz iuz nfy czf hxp qbq nhr viv tro wpo htv wpo tro viv nhr qbq hxp czf nfy art ooc art nfy iuz bsz ili yiz mln zye otp gfp xax tto qbe tto xax osc pug fgo fbz gud egz gak egz gud fbz fgo pug osc pwa udq tmc cer qbh rwt wpq xmz ifc rcs pjx xzk qtq uxr wuc npu zgf npu wuc uxr eku ahy thd ahy eku uxr qtq
66
pjx pta pjx
ahy xdz ahy
hhe hhe rxi
htv htv eqm jta
itg itg
xax xax
nhk nhk
qtq qtq wju
orc hpb lxt orc
vlt ptq vlt
ase ase vaf
krg krg kza uoz
gup gup
ifc ifc
unk pxs
qbe qbe qfc
thd jno thd
pkx pkx
qnn qnn
cxu nkx cxu
dkn dkn
wuc wuc
sfp sfp
cpw cpw
ooi ooi
zgf zgf cnv
uxr uxr
pwa pwa
egz vub bai egz cjp
ynq ynq
tmc tmc
art idl
fgo fgo
xzf zbn
bsz bsz
hxo hxo ukh
gak qjm gak
tro tro tmd
lah lah xos
qbj rut mnv qbj
nfy nfy plx tnl
uca uca
npu npu
hxp hxp
nhr wiq nhr slq
wuf wuf
ili ili
fsl fsl
qls lnv qls
blo uwp zgs rju
tto txk
yiz yiz
wpo mbx
iuz iuz
udq udq
fib zqn
ooc ooc brk
lfh lfh spp
gfp thz
viv viv
qlo qlo
wpq wpq
rwt rwt
ahv ahv
zye rod
vsu vsu
