Soda Yolo Bristol Sojourner Jones Bret Jones Latham Fresno Bowditch Fresno Olympus Woodhaven Eunice Lewiston Buena Blake Tulare Garber Halkin Addison Shasta Columbia Shasta Addison Halkin Garber Colusa Menlo Bancroft Cutter Sport Cutter Bancroft Menlo Colusa Garber Tulare Haviland Oregon Mabel Spring Mabel Oregon Anne Oregon Haviland Tulare Blake Buena Lewiston Eunice Wheeler Marin Greenwood Heinz Greenwood Marin Fernwald Visalia Ajax Visalia Fernwald Marin Wheeler Eunice Woodhaven Olympus Fresno Latham Jones Sojourner Bristol Keeler Bristol Yolo Soda
26
Addison Addison
Ajax Ajax Forest
Eunice Allston Eunice
Anne Anne Arch
Bancroft Bancroft
Bowditch Bataan Bowditch Haskell
Menlo Belrose Burnett Menlo
Bret Bret Kenilworth Poppy Terrace Vermont
Bristol Bristol Hospital
Soda Browning
Columbia Byron Columbia
Colusa Colusa Fulton
Spring Comstock Poplar Spring
Cutter Cutter Muir
Shasta Domingo Shasta
Lewiston Edith Lewiston
Halkin Florida
Fresno Fresno
Greenwood Greenwood Haste
Haviland Haviland
Heinz Heinz High
Keeler Keeler Pardee
Mabel Mabel
Marin Madera Marin
Yolo Martin
Sport Overlook Summit
