FD AR CZ HB HD HB CZ AR FD AU BG DI GP DF AS AE DD HE ES EM AV EM HO BS HP EP DG FM FA GC HF BY GM BR EL FP GQ BC CL GA AZ GA CL BC GQ FP EL BR GM BY HF GC FA FM CW GG FR AL GZ ED EO AP DR FX HI EC AD DK HN DK AD BZ AD EC HI FX HR EB DB EB HR FX DR AP EO ED GZ AL FR GG CW GF CW FM DG EP HP BS HO AI BK AI HO EM ES GD CS GX FS FQ CE FQ GU EX HQ HK CV GT FJ HC DW EZ FY HM ER FL EN CB CN BA GN BA CN CB EN FL ER HM FY EZ DW HC FJ GT CV HK HQ EX GU DS EK DS GU FQ FS GX CS GD ES HE DD AE AS DF GP DI BG AU GK DP GK AU BV AC FE GH FK GH FE CM BT CM CG CM HH CM FE AC BV AU FD
69
DB DB AJ
GC GC
FJ FJ
EZ EZ
EK FO EK CO
FR FR
GK GK
GN CC GN
AV AV AT
CE AX DQ
AP CT
BZ BZ AK
HC HC BF
EL EL
HN FT BM
AZ BN AZ
DP DP BO
BR ET
FM FM
GG BQ
CW CW
HP HP
FP DC EJ BE FP
FD CU
EM GS FI EM
HM EG FN
FK DM DU
GZ GZ
DD GO
HB HB
FS FS
BK BK AM
HF HF
AU AU AF
GP GP
DF DF
EN FV CF EN
CL CL
BT DE BT
ES ES
GD GD
ED GR DH
HD AW HD
HH HH EE
ER DA ER
CS CS
FL DN
CG CG AG
FY FY
AD AD EY
BC BC DZ
DI DI
GX GX
GQ GQ
DK DK
GH CA
EO EO
BA BA
EX EX
CB CB
BG BG
GF CI GF
GA GA
GM EW
BV BV
HR HR
AC FU
FE CK
HO HO
