Warfield Chilbury Hammenshead Cicombe Dribcastle Candlegrove Elmswang Burcombe Wyborne Cambingstoke Suddlecombe Ashfield Suddlecombe Cambingstoke Wyborne Cammerrensmoor Wyborne Chedberdon Pendingbrook Ketsmith Whitchester Siringwang Chedtree Burglebrough Sudsmith Burglebrough Chedtree Siringwang Whitchester Ketsmith Pendingbrook Chedberdon Wyborne Burcombe Elmswang Candlegrove Dribcastle Cicombe Rotcombe Enswang Ciditch Stainbrough Fulbourne Southbasport Fulbourne Stainbrough Ciditch Enswang Rotcombe Cicombe Falport Pendlewood Falport Faldingney Hamsey Hannenmanswick Hamsling Hannenmanswick Ashborne Tipwick Cannerthorne Todtree Worhall Dribbingworth Worhall Barndberbrough Camwood Chelmstanwell Camwood Barndberbrough Skellingden Dribblewick Windling Dribblewick Skellingden Barndberbrough Worhall Todtree Cannerthorne Tipwick Ashborne Hannenmanswick Hamsey Faldingney Falport Cicombe Hammenshead Chilbury Warfield
31
Hamsling Worberbrook Hamsling
Falport Botherseyworth Falport
Wyborne Wyborne
Pendlewood Pendlewood Horstlescompstoke
Cambingstoke Cambingstoke
Suddlecombe Basringney Suddlecombe Chippingsted Ellingreham
Ashfield Ashfield Ketport Bastleseyham
Dribbingworth Dribbingworth Skelling Leatherbleside
Chelmstanwell Hammerringey Chelmstanwell
Ashborne Ashborne
Stainbrough Stainbrough
Chedtree Chedtree Suddleover
Tipwick Tipwick
Todtree Todtree
Cammerrensmoor Cammerrensmoor Suddleborne
Warfield Warfield
Pendingbrook Pendingbrook Suddlecastle
Burglebrough Burglebrough
Siringwang Siringwang
Cannerthorne Chedderrenswich Soddlewick
Chilbury Brackcompwang Chilbury
Worhall Worhall
Skellingden Skellingden
Barndberbrough Barndberbrough
Southbasport Southbasport Chiphead
Windling Windling Millendon
Whitchester Whitchester
Sudsmith Sudsmith Elmansham
Cicombe Cicombe
Ciditch Northall
Hannenmanswick Hannenmanswick
