0 1 2 3 18 19 4 5 6 7 8 9 24 23 22 38 53 68 53 38 22 23 24 9 10 11 12 27 43 58 73 58 59 74 72 71 56 41 56 71 72 74 59 89 104 89 59 58 43 27 12 11 10 25 10 9 8 7 6 5 20 5 4 19 18 3 2 1 0 16 17 33 48 62 64 65 50 36 51 66 67 69 70 85 100 85 70 69 67 66 51 36 50 65 80 81 82 83 82 81 80 95 80 65 64 62 48 63 48 33 17 16 0 15 30 45 31 45 60 75 76 77 78 79 94 79 78 77 76 75 91 107 122 106 122 107 91 92 108 92 91 75 90 75 60 45 30 15 0
41
0 0
3 3
5 5
7 7
8 8
10 10
12 13
15 15
18 18
20 20 35
23 23
25 25 40
27 28
30 30
31 31 46
19 34
36 36
41 41 55
45 45
63 47 63
50 50
51 51
68 52 68
56 56
73 57 73
70 70
71 71
75 75
76 76
78 78
80 80
83 83 98
85 85 88
90 90 105
94 93 109
95 95 110 111
100 100 115 116
104 103 119
106 106 120 121
108 108 124
122 122
