0 68 73 49 23 47 33 39 33 47 23 49 87 97 21 7 58 4 35 84 50 6 50 84 35 4 58 7 86 10 86 7 21 97 29 55 34 30 48 30 34 20 3 65 74 31 37 9 52 41 52 9 77 45 12 13 1 13 12 45 80 45 77 9 37 31 74 65 92 91 22 91 92 65 3 51 3 20 78 64 93 42 93 64 78 20 34 55 29 97 87 49 73 68 0
32
51 63 51
80 80 79
39 39 59 98
74 74
41 41 95
33 33 62 60
7 7
3 3
1 36 1
34 54 34 16
13 13
10 10 75
6 56 81
35 35
30 30
9 24
4 4
37 32
22 89 22
48 90 48
42 71 42
92 72
84 84
12 12 99
20 20 83
93 93
47 47
86 86
87 87
50 50 11
78 2
64 64
