SantaClarita Carrollton Lubbock Reno Durham FortCollins Spokane Berkeley Spokane FortCollins Fremont GardenGrove Victorville Shreveport Huntsville Thornton Beaumont Thornton Huntsville Shreveport Victorville GardenGrove Fremont FortCollins Durham Reno Lubbock Frisco PembrokePines Austin Indianapolis Stockton Pomona Allentown Peoria Wichita Chesapeake Escondido Oakland Memphis Modesto Independence Fayetteville Fontana Irvine SantaAna SantaRosa Newark OklahomaCity Tulsa Madison Orlando Madison Tulsa Miami Cary RanchoCucamonga Washington Tempe McAllen Lancaster Surprise Torrance Portland Sunnyvale Portland Torrance Surprise Lancaster McAllen Tempe Washington RanchoCucamonga Cary Miami Tulsa OklahomaCity Newark SantaRosa SantaAna Irvine Fontana Bellevue Davidson Alexandria Worcester Alexandria Davidson Bellevue Fontana Fayetteville Independence Modesto Memphis Oakland Escondido Chesapeake Wichita Peoria Allentown Omaha Ontario Boston Hartford Boston Ontario Omaha Allentown Pomona Stockton Indianapolis Austin PembrokePines Frisco SanDiego Frisco Lubbock Carrollton SantaClarita
38
Thornton Midland
Victorville Victorville
Shreveport Shreveport
Washington Washington WestValleyCity
Independence Independence SiouxFalls
OklahomaCity OklahomaCity Lafayette LosAngeles
Sunnyvale Sunnyvale Visalia
Newark Newark
GardenGrove GardenGrove
Frisco LexingtonFa
Irvine Scottsdale
Pomona Pomona
Carrollton Carrollton
Worcester Worcester Garland
Bellevue Bellevue
SanDiego StLouis Waco
Fayetteville Fayetteville
Berkeley Stamford Paterson
Alexandria Alexandria
Boston Boston
Beaumont NewportNews Beaumont
Tulsa StPetersburg
Torrance Henderson
Orlando Brownsville Orlando
Omaha Omaha
Huntsville Huntsville
Lubbock Concord
PembrokePines PembrokePines
Hartford Hartford LouisvilleJefferson LongBeach
RanchoCucamonga RanchoCucamonga
Ontario Ontario
Austin Austin
Memphis Yonkers
Stockton Stockton
Indianapolis Indianapolis
Allentown Allentown
Wichita Wichita
Surprise Surprise
