Soda woolf winifred danyal rosen ishaan sun emily lebron garcia bloch shen liang amanda sunny lewke tamara jarrett deven lin roshan ellen eric franco steven annie eshaan ruhi kevin louie massachusetts curry umar evan noor martinez misyutina gobears wu scott aidan george gregory lo zhou sriram chris rob srinivasan yip alvin lewis hari krishnan ravi robbie andrew lillian winston caroline daniel juliann parham hanafi golden james clark ian rabie sarina ohio walsh persson ritter ashley shah angela blue grace sophia nichole wyatt kanika erika berit chloe berkeley meghan castro singhal connor yu djajadi vilaythong nancy davis garbers davis nancy vilaythong djajadi yu connor singhal castro meghan berkeley chloe berit erika kanika wyatt nichole sophia grace blue angela shah ashley ritter persson walsh ohio sarina rabie ian clark james golden hanafi parham juliann daniel caroline winston lillian andrew robbie ravi krishnan hari lewis alvin yip srinivasan rob chris sriram zhou lo gregory george aidan scott wu gobears misyutina martinez noor evan umar curry massachusetts louie kevin ruhi eshaan annie steven franco eric ellen roshan lin deven jarrett tamara lewke sunny amanda liang shen bloch garcia lebron emily sun ishaan rosen danyal winifred woolf Soda
49
danyal danyal
singhal singhal
grace grace
garbers patagonia garbers
shen shen
sunny sunny
vilaythong vilaythong
alvin alvin
rabie rabie
sriram sriram
daniel daniel
winifred winifred
davis davis
castro castro
rob rob
noor noor
lewke lewke
golden golden
martinez martinez
chloe chloe
garcia garcia
sarina sarina
krishnan krishnan
amanda amanda
massachusetts massachusetts
ruhi ruhi
jarrett jarrett
tamara tamara
rosen rosen
shah shah
woolf woolf
eshaan eshaan
caroline caroline
yip yip
juliann juliann
kevin kevin
lo lo
roshan roshan
annie annie
djajadi djajadi
meghan meghan
ritter ritter
andrew andrew
ian ian
walsh walsh
aidan aidan
connor connor
ashley ashley
berit berit
