Soda chandran gobears tran brady du zou yash jarrett scott nair berit emily jifu winston yip mittal lewke yanay mack sathvik steven kevin vaibhav maya ishaan grace nguyen caroline weaver shahroz shah ellen luo wang gibson gregory curry krista rouzbahani wyatt subbaraj li subbaraj wyatt rouzbahani krista curry gregory gibson wang luo ellen shah shahroz weaver caroline nguyen grace ishaan maya vaibhav kevin steven sathvik mack yanay lewke mittal yip winston jifu emily berit nair scott jarrett yash zou du brady tran gobears chandran Soda
24
yanay yanay
rouzbahani rouzbahani
steven steven
gregory gregory
chandran chandran
jarrett jarrett
sathvik sathvik
du du
berit berit
vaibhav vaibhav
yash yash
gibson gibson
mack mack
caroline caroline
li li sahai
wang wang
tran tran
yip yip
weaver weaver
ellen ellen
scott scott
kevin kevin
Soda kanika
luo luo
