loc79 loc11 loc51 loc22 loc29 loc70 loc27 loc40 loc6 loc66 loc99 loc66 loc6 loc108 loc9 loc108 loc24 loc19 loc24 loc31 loc26 loc33 loc80 loc38 loc78 loc38 loc80 loc33 loc26 loc101 loc12 loc86 loc17 loc86 loc12 loc101 loc30 loc15 loc91 loc15 loc30 loc101 loc26 loc31 loc24 loc48 loc63 loc130 loc63 loc185 loc76 loc185 loc63 loc48 loc178 loc41 loc52 loc41 loc114 loc41 loc120 loc41 loc178 loc48 loc24 loc148 loc37 loc140 loc35 loc152 loc35 loc140 loc37 loc186 loc146 loc186 loc37 loc148 loc24 loc190 loc25 loc49 loc1 loc181 loc1 loc49 loc25 loc132 loc25 loc194 loc16 loc173 loc14 loc60 loc14 loc98 loc14 loc131 loc121 loc131 loc14 loc162 loc13 loc56 loc8 loc56 loc13 loc162 loc14 loc173 loc16 loc194 loc25 loc190 loc24 loc108 loc6 loc40 loc27 loc70 loc29 loc118 loc57 loc73 loc57 loc149 loc2 loc149 loc57 loc118 loc29 loc187 loc0 loc4 loc0 loc42 loc0 loc187 loc29 loc22 loc51 loc11 loc79
58
loc118 loc118
loc4 loc4 loc64
loc57 loc191
loc9 loc9 loc113
loc33 loc180 loc33
loc51 loc90
loc152 loc154 loc152
loc56 loc134 loc167 loc153
loc114 loc114 loc58 loc160
loc6 loc6 loc18
loc17 loc69 loc17
loc26 loc26 loc94 loc92
loc91 loc96 loc91
loc130 loc159 loc130
loc42 loc111 loc171
loc27 loc170
loc148 loc148
loc8 loc8 loc189
loc37 loc43
loc60 loc142 loc60
loc187 loc187
loc121 loc121 loc158
loc30 loc30
loc41 loc41 loc155
loc35 loc68 loc174 loc115
loc120 loc54 loc176 loc120
loc140 loc140
loc2 loc2 loc59
loc0 loc0 loc110 loc50
loc25 loc25 loc145
loc66 loc66
loc16 loc97 loc16 loc106
loc173 loc173
loc1 loc124
loc19 loc128 loc19
loc13 loc127
loc22 loc36 loc3 loc45
loc76 loc107 loc76
loc52 loc133 loc52
loc181 loc181 loc122
loc73 loc73 loc150
loc185 loc44 loc185
loc98 loc98 loc87
loc99 loc89 loc109
loc132 loc132 loc164
loc11 loc11
loc80 loc80
loc48 loc48
loc40 loc40
loc78 loc78 loc196
loc146 loc146 loc62
loc14 loc14
loc70 loc70
loc31 loc34
loc131 loc131
loc186 loc186
loc162 loc162
loc29 loc83
