LesLilas Nahorkatiya TagbilaranCity Nahorkatiya Skelmersdale FortWorth Skelmersdale Geiro Skelmersdale Licata Mondlo Grajau Cherkasy Escada Tias Balachor Ibirataia SouthSaintPaul Djelfa Rivas Djelfa SouthSaintPaul Ibirataia Balachor Tias Escada Mauban Akcaabat Mauban Escada Ipil Escada Cherkasy Grajau Mondlo Botad NorthAurora Aracuai NorthAurora Protaras Bourgoin EastLongmeadow Scottsdale FetestiGara Scottsdale EastLongmeadow Bourgoin GongdanglegiKulon Sobue Mandan NahiyatashShinafiyah Nangi Lembang Acireale Baramula Acireale Banting GuaMusang Andrychow SanJuandelaMaguana Andrychow Magdeburg Haora Magdeburg Andrychow GuaMusang Banting Acireale Lembang Nangi NahiyatashShinafiyah Gorgan Shimofurano Gorgan Manacapuru Gorgan NahiyatashShinafiyah Mandan Pezinok Belalcazar Pezinok Mandan Sobue Johnston Wenchi Hangu Daokou Hangu Wenchi Johnston Sobue GongdanglegiKulon Bury GongdanglegiKulon Bourgoin Malpe Itororo Shchekino Itororo Malpe Shieli Malpe Bourgoin ElCentro Marchena Shobara Marchena ElCentro Pozzuoli ElCentro Bourgoin Kambove CerroAzul Aringay CerroAzul Kambove Bourgoin Protaras HaciendaLaCalera Protaras NorthAurora Botad Kineshma SpanishTown Lloydminster Khulm Anjarah Khulm Lloydminster SpanishTown Kineshma Botad Mondlo Licata Skelmersdale BlueIsland Skelmersdale Nahorkatiya LesLilas
55
Khulm Khulm SenadorPompeu
SouthSaintPaul Kemise SouthSaintPaul Angleton
TagbilaranCity Hirosaki TagbilaranCity
SanJuandelaMaguana SanJuandelaMaguana Gunzenhausen NoblePark
Shchekino Shchekino Espiye
Bury Braila PriegodeCordoba Bury
Ipil SenaMadureira Vaniyambadi Korsakov
Shimofurano Shimofurano Arzamas
Mondlo AinArnat
Licata Rhondda Battambang MonteAlegre
Bourgoin Morwa
Ibirataia Ibirataia
Hangu Hangu
Andrychow Andrychow Turek
Marchena Garbsen
Sobue Sobue
Daokou Sosnovka Daokou
Rivas Rivas Twante
Shieli Yafo Shieli
Haora Haora SaintCyrlEcole
Pozzuoli Haripur Pozzuoli
Geiro CapimGrosso Zhaodong
Aracuai AinBessem Vyazniki Aracuai
Acireale Ontinyent Acireale
SpanishTown SpanishTown
Johnston Johnston Kairouan
Anjarah Nagar Anjarah
Belalcazar Belalcazar Oerlinghausen
HaciendaLaCalera KotRadhaKishan HaciendaLaCalera
BlueIsland BlueIsland ChalcodeDiazCovarrub MineralnyeVody Kotka
Shobara MadinatHamad Izhevsk
Mandan Butuan
FortWorth Langenhorn FortWorth
Kambove Kambove
EastLongmeadow Mocoa Gowurdak EastLongmeadow
Aringay Kaifeng AshtonunderLyne
Baramula Fuxin Baramula Sorada
Mauban WestIslip
Akcaabat Akcaabat Acarau
Skelmersdale Tabou Prostejov Skelmersdale
Itororo Itororo Ortaca
Lloydminster Lloydminster
NahiyatashShinafiyah NahiyatashShinafiyah
GongdanglegiKulon VillaPauladeSarmient
FetestiGara FetestiGara Embu PortoVelho
Manacapuru Manacapuru Shurugwi
Kineshma Kineshma
GuaMusang GuaMusang
Pezinok Pezinok
Gorgan Gorgan
CerroAzul Mabopane
Escada Escada
Malpe Wangon
Wenchi Wenchi
Tias SantanadoLivramento
