EFLJOTk Q7Ib7B EJOi3LI92xJB eJxYI mQzeU6iv7 SoHxfA vngV9R4 SoHxfA mQzeU6iv7 eJxYI EJOi3LI92xJB Q7Ib7B EFLJOTk nhkUU4YlSo 4pWeD5 nhkUU4YlSo EFLJOTk kC Tni sR1n9b j11gCbcMZNJncxiwPV zcsBKP3FYMqw pOoSn8Pa tYEQUyLbbkP1dOjF 6bbt262qZFihQO t8ufBKg6M55z4g 6mx6unEnl K6 6mx6unEnl t8ufBKg6M55z4g 6bbt262qZFihQO 13GDMZYtkIBDG8SVi5px cPnISetFj7gG8o9K m2oGn6oGt5 KOtKYQK22FioLtSNslXR Kc4Vyt uyp6KKxfzDAWVnn YvZ0aTMM I0a5SBtiDKckQxXh155L 3 jTaOOUL TfK0dOIIY4 JQX0b TfK0dOIIY4 jTaOOUL 3 I0a5SBtiDKckQxXh155L YvZ0aTMM uyp6KKxfzDAWVnn EcsTlClw EXfqYjoFSTnavKQ ZaguBxortKIVVjm bvSOq fYU2Uaajqs0pCys q4W 9PHu2NLeEO 1p3lWfo8qHHC 8I1AatPM 1p3lWfo8qHHC 9PHu2NLeEO q4W fYU2Uaajqs0pCys bvSOq ZaguBxortKIVVjm EXfqYjoFSTnavKQ EcsTlClw uyp6KKxfzDAWVnn Kc4Vyt fMV6tQxP Kc4Vyt KOtKYQK22FioLtSNslXR m2oGn6oGt5 cPnISetFj7gG8o9K 13GDMZYtkIBDG8SVi5px 6bbt262qZFihQO tYEQUyLbbkP1dOjF Xn8chReB4cAIE2gsbLF 7F9H97joVTdU8ZEpeb Xn8chReB4cAIE2gsbLF tYEQUyLbbkP1dOjF pOoSn8Pa zcsBKP3FYMqw j11gCbcMZNJncxiwPV sR1n9b Tni kC EFLJOTk
21
K6 qKAN35ZxfJxs2n K6
I0a5SBtiDKckQxXh155L I0a5SBtiDKckQxXh155L
3 QyWIcdD7GorZtfQJb
8I1AatPM Kpec 8I1AatPM
vngV9R4 IRUxJNqQHDtKwk vngV9R4
SoHxfA SoHxfA
m2oGn6oGt5 tZ
fMV6tQxP fMV6tQxP r5x
mQzeU6iv7 mQzeU6iv7 q9b8L0oiOJr
13GDMZYtkIBDG8SVi5px 13GDMZYtkIBDG8SVi5px
cPnISetFj7gG8o9K cPnISetFj7gG8o9K
7F9H97joVTdU8ZEpeb 7F9H97joVTdU8ZEpeb fgxHyKXvIAKSHtMEoO
EJOi3LI92xJB EJOi3LI92xJB
uyp6KKxfzDAWVnn 4W AUKNFdTo
Xn8chReB4cAIE2gsbLF Xn8chReB4cAIE2gsbLF
JQX0b S5 JQX0b
4pWeD5 4pWeD5 Tb5qjVS0DSkDKD
6mx6unEnl 6mx6unEnl
EXfqYjoFSTnavKQ 0e
9PHu2NLeEO 9PHu2NLeEO
1p3lWfo8qHHC 1p3lWfo8qHHC
