2 9 179 49 68 16 11 16 14 35 63 36 88 109 175 178 165 26 119 194 34 194 119 26 165 178 175 87 124 123 101 33 97 135 113 94 160 145 103 42 111 133 154 155 154 129 185 25 185 3 47 3 185 129 154 133 137 28 13 147 1 77 1 147 13 28 137 133 111 42 58 42 103 145 160 94 134 138 60 41 164 83 21 157 21 83 164 41 60 138 134 94 113 195 113 135 97 33 55 33 101 123 124 87 106 6 7 99 105 10 39 95 39 10 105 99 7 6 106 87 175 109 88 115 88 36 63 75 63 35 27 131 27 76 161 76 27 35 14 16 68 31 93 66 189 45 121 45 189 66 56 184 50 158 86 174 37 142 193 144 80 4 72 4 80 144 193 142 37 174 86 158 50 184 56 66 93 31 181 91 181 31 68 49 179 9 2
70
1 1 51
3 3
155 5 155
7 7 151
9 9
11 11 139
13 13
95 15 95
131 17 131
55 19 55
21 21 167
77 23 77 187
25 25 173
27 27 199
161 29 161
31 31
33 33
35 35
37 37
39 39
41 41
160 43
45 45
47 47 107
49 49 73
121 53 121
75 57 75
109 59 109
103 61 103
63 63
91 65 91
34 67 117
135 69 135
195 71 195
157 79 157
72 81 125
83 83
111 85 111
87 87
58 89 163
93 93
97 97
99 99
101 101
105 105
113 113
115 115 183
119 119
123 123
4 127 177
129 129
133 133
137 137
36 141
142 143
145 145
147 147
144 149
158 153
154 159
165 165
181 169 181
10 171
175 175
179 179
185 185
189 189
42 191
193 193
164 197
