74 135 163 169 31 190 184 168 176 159 39 71 175 60 92 60 1 62 95 11 80 34 20 6 161 29 90 183 44 183 90 29 161 6 20 24 61 24 123 24 20 34 80 86 18 86 80 11 95 62 1 60 175 71 39 159 177 50 191 87 141 19 141 87 191 50 177 159 176 193 88 57 115 131 55 131 115 101 12 162 179 0 22 0 179 162 21 162 12 101 186 63 70 142 160 32 160 142 40 142 70 63 186 101 115 57 88 193 176 2 176 168 85 168 184 190 31 169 130 84 43 84 130 48 52 48 130 169 163 135 74
43
0 0
1 1
2 2 35
101 3
21 4 21 38
142 5
6 6
31 7 31
135 8
22 9 22
95 10
11 11
12 12
40 13 40
80 14
190 15 27
44 16 44
62 17 62
18 18 28
19 19 46
20 20
183 23
24 24
32 25 32
60 26 60
29 29
92 30 64
85 33 36
34 34 41
86 37 54
39 39
175 42
43 43 56
123 45 47
48 48
179 49 51
50 50
52 52 65
61 53 61
55 55 58
57 57
162 59
63 63
