56 89 68 19 36 67 83 81 29 81 26 6 85 75 85 6 26 81 10 81 83 67 41 63 41 67 36 19 68 23 46 73 71 9 1 31 32 31 1 9 71 73 46 23 22 24 39 57 58 13 58 84 80 18 44 16 21 65 21 16 44 45 2 76 92 37 47 30 77 4 77 30 47 37 92 76 2 45 44 18 80 84 58 57 39 24 34 15 34 24 22 23 68 89 56
33
75 0 38
1 1
29 3 29
4 4 61
39 5
83 8 83
9 9
10 10 66
13 13 88
15 15 91
63 17 63
19 19
85 20 85
22 22
23 23 82
24 24
30 30 60
31 31
32 32 74
65 33 65
36 36
41 41
92 42 92
68 48 68
34 50
47 54
57 57
58 58
67 67
81 81
84 84
89 89
2 90
