Dannemora Hamburg Hillburn Ghent Freeport Ghent Hillburn Hamburg Fleischmanns Fonda Hempstead Hewlett Fairview Geneva Fairview Hewlett Hempstead Fonda Fabius Mills Fishkill Mills Fabius Glenwood Haviland Highfalls Hicksville Herkimer Fayetteville Herkimer Hicksville Highfalls Haviland Fishers Haviland Glenwood Fabius Fonda Fleischmanns Hamburg Dannemora Fire Goshen Frankfort Goshen Highland Farmingville Florida Deer Delanson Nyack Fulton Gardiner Hannibal Odessa Frewsburg Delhi Freeville Delhi Frewsburg Odessa Hannibal Gardiner Falconer Gardiner Fulton Dexter Germantown Delmar Germantown Deferiet Germantown Galeville Delevan Galeville Germantown Dexter Fulton Nyack Delanson Deer Florida Farmingville Highland Goshen Fire Earlville Fire Dannemora
31
Delevan Dansville Delevan
Fishkill Davis Fishkill
Deer Deer Forestville
Deferiet Deferiet Dunkirk
Delanson Delanson
Delhi Delhi
Delmar Delmar Deposit
Ghent Depauville Ghent
Geneva Depew Fairport Geneva
Hamburg DeRuyter Flower
Dexter Dexter Fairmount Franklinville
Earlville Earlville Firthcliffe
Fabius Fabius
Freeport Fair Freeport
Fairview Fairview
Falconer Falconer Gasport
Farmingville Farmingville Friendship
Freeville Farnham Freeville
Fayetteville Fayetteville Fredonia
Fire Fire
Fishers Fishers Forest
Frankfort Flanders Frankfort
Fleischmanns Fleischmanns
Florida Florida
Fonda Fonda
Haviland Franklin
Frewsburg Frewsburg
Fulton Fulton
Galeville Galeville
Gardiner Gardiner
Germantown Germantown
