Acton Compton Farmington Dublin Arnold Campbell Coachella Calabasas Coachella Campbell Arnold Bradley Arnold Firebaugh Cherryland Avery Chowchilla Avery Georgetown Bellflower Carlsbad Bellflower Bolinas Angwin Atascadero Bonsall Clyde Boronda Buttonwillow Bystrom Anaheim Dunsmuir Calimesa Dunsmuir Anaheim Bystrom Buttonwillow Boronda Clyde Bonsall Atascadero Antioch Atascadero Angwin Bolinas Bellflower Georgetown Avery Cherryland Firebaugh Ferndale Columbia Fillmore Cobb Barstow Cobb Fillmore Columbia Alpine Fontana Colusa Covina Downey Cerritos Bell Alpaugh Escalon Calipatria Escalon Alpaugh Bell Cerritos Bluewater Cartago Covelo Farmersville Delhi Fremont Concow Carrick Alameda Berkeley Armona Berkeley Alameda Carrick Concow Fremont Delhi Farmersville Covelo Cartago Bluewater Cerritos Anderson Calexico Blairsden Calexico Cromberg Cupertino Bloomington Ceres Bloomington Cupertino Cromberg Calexico Colfax Bayview Colfax Calexico Anderson Cerritos Downey Covina Colusa Dinuba Banning Fresno August Clio Etna Copperopolis Etna Clio August Fresno Banning Alamo Banning Dinuba Colusa Fontana Alpine Columbia Fortuna Diablo Brentwood Biola Brentwood Galt Burbank Arcadia Burbank Galt Brentwood Diablo Artesia Fallbrook Fairfax Chino Fairfax Fallbrook Carson Bishop Brea Bishop Fruitdale Byron Fruitdale Escondido Fruitdale Bishop Carson Fallbrook Artesia Diablo Fortuna Columbia Brawley Alhambra Cambria Cayucos Cambria Alhambra Brawley Corning Brisbane Corning Brawley Columbia Ferndale Firebaugh Arnold Dublin Farmington Compton Acton
67
Colusa Adelanto
Alameda Alameda
Alamo Alamo Avalon
Escondido Albany Atwater
Alhambra Alhambra Belden
Cambria Almanor Cambria
Alpaugh Alpaugh
Alpine Alpine
Covelo Altadena
Calexico Alturas Calexico
Coachella Amesti
Anaheim Anaheim Calistoga
Anderson Anderson
Angwin Angwin
Antioch Antioch Caribou
Cerritos Aptos Cerritos
Biola Arbuckle Biola
Arcadia Arcadia Belvedere
Diablo Arcata
Armona Armona Blythe
Arnold Arnold
Calimesa Aromas Calimesa
Artesia Artesia
Cayucos Arvin Cayucos
Ferndale Ashland
Atascadero Atascadero
Blairsden Atherton Blairsden
Cupertino Auberry Carmichael
Ceres Auburn Ceres
August August Boron Castroville
Chowchilla Avenal Benicia
Avery Avery
Brea Azusa Brea
Copperopolis Bakersfield Beaumont
Banning Banning
Barstow Barstow Capitola
Bayview Bayview Burlingame
Boronda Beckwourth Boronda
Bell Bell
Bellflower Bellflower
Brisbane Belmont Brisbane
Berkeley Berkeley
Byron Biggs Bradbury Byron
Bishop Bishop
Bloomington Bloomington
Bluewater Bluewater
Covina Bodfish
Bolinas Bolinas
Fallbrook Bonita
Bonsall Bonsall
Chino Bootjack Burney
Compton Bowles
Bradley Bradley Caruthers
Brawley Brawley
Brentwood Brentwood
Calabasas Broadmoor Calabasas
Burbank Burbank Camarillo
Buttonwillow Buttonwillow
Bystrom Bystrom
Calipatria Cabazon Calipatria
Fortuna Calwa
Campbell Campbell
Carlsbad Canyondam Carlsbad
Columbia Carpinteria
Carrick Carrick
Carson Carson
Cartago Cartago
