Acadia Biscayne Rocky Caverns Congaree Everglades Congaree Caverns Rocky Biscayne Acadia Guadalupe Sequoia Wrangell Teddy Haleakala Shenandoah Clark Canyonlands Brycecanyon Glacier Gunnison Glacier Brycecanyon Isle Kenai Voyageurs Kenai Isle Lassen Channel Lassen Isle Brycecanyon Canyonlands Clark Badlands Crater Badlands Clark Shenandoah Haleakala Teddy Wrangell Sequoia Guadalupe Acadia
18
Crater Arches Crater
Badlands Badlands
Voyageurs Bend Gateway
Biscayne Biscayne
Gunnison Gunnison Basin
Brycecanyon Brycecanyon
Canyonlands Canyonlands
Acadia Capitol Tortugas
Caverns Caverns
Channel Channel Cuyahoga Indiana
Congaree Congaree
Everglades Denali Everglades
Glacier Glacier
Kenai Teton
Lassen Smoky
Guadalupe Guadalupe
Haleakala Haleakala
Isle Isle
