C0 C107 C165 C100 C130 C97 C121 C95 C191 C91 C159 C99 C108 C103 C104 C103 C105 C192 C105 C103 C162 C103 C195 C103 C108 C99 C148 C93 C169 C93 C186 C94 C110 C109 C198 C109 C110 C94 C138 C96 C154 C96 C157 C96 C138 C94 C144 C102 C141 C102 C144 C94 C171 C94 C186 C93 C148 C99 C151 C106 C111 C184 C111 C106 C129 C113 C129 C106 C151 C99 C159 C91 C191 C95 C121 C97 C134 C98 C122 C127 C142 C127 C122 C98 C136 C101 C146 C101 C183 C68 C183 C101 C136 C98 C196 C98 C134 C160 C134 C97 C167 C97 C187 C82 C187 C97 C130 C100 C137 C100 C185 C100 C165 C107 C0
48
C185 C185 C48
C171 C171 C28
C105 C45 C105
C134 C134
C101 C101 C58
C142 C10 C7
C167 C167 C26 C27
C103 C132 C103 C123
C192 C5 C192 C51 C1
C141 C4 C56 C141
C97 C97
C122 C122
C159 C35 C16 C63
C157 C78 C77
C108 C66 C145 C182
C144 C144
C104 C179 C104
C137 C137 C55 C32
C106 C161 C124 C166
C165 C165 C57
C113 C152 C119 C49 C149 C114 C181 C139
C91 C54
C94 C193
C184 C70 C24 C2
C0 C0
C146 C146 C84
C95 C95
C93 C168 C93
C162 C52 C3
C169 C169 C50
C107 C107 C190
C121 C121 C172
C195 C19 C20
C129 C129
C102 C11 C153
C198 C74 C198 C86 C71
C187 C87
C109 C194 C164
C191 C31 C120
C151 C47
C160 C160 C88 C59
C82 C8 C25
C154 C154 C30
C196 C196 C43
C100 C100
C127 C127
C68 C18 C68
C110 C110
