HAZtD 4Eg1F wnnBN Cg1yP J0OP0 F7CZj z82fM EyMEe vfAR8 zg9rt UqGfS zg9rt vfAR8 EyMEe z82fM F7CZj RN9nS 3NU9e CXkxa ED9em CXkxa 3NU9e aWuHk XbFfE mJExt qXBVG p3gJd cpzS8 acHTt kjZGl UQeyk EgumV fWz4T SE1WY VJX0I R6NzB v0WXM 7WH0C DchVt Q5zY0 kvy7i Ia6ul eVDVP Ia6ul kvy7i Q5zY0 69WZh jesVt 4AhmX 93R2m 4AhmX jesVt 69WZh zrVPv 69WZh Q5zY0 DchVt 7WH0C v0WXM R6NzB 0FMEI RWE9G sU69u 9cp56 0F8yg 9cp56 sU69u RWE9G 0FMEI tgL8p DmTRc tgL8p 0FMEI R6NzB VJX0I SE1WY fWz4T EgumV UQeyk kjZGl acHTt cpzS8 AwFdf 2zHfe fExZu wVSYr WVEjT Agb0E WVEjT wVSYr fExZu 2zHfe AwFdf cpzS8 p3gJd rH3nx 1gvq4 Q9Dex lJnz7 Q9Dex 1gvq4 rH3nx p3gJd cC0Rg gpbSj u60s4 Tp7uZ jyRQW Xqwfz jcSDd 7kY28 URrao 7kY28 IOpdQ BaYb3 1VA1I BaYb3 IOpdQ 7kY28 jcSDd Xqwfz sJ62h hA7FQ SxklZ rVnMc 0moVI GUEko iimZq lqKR5 NV1GL GDCfm 6owsT GDCfm NV1GL lqKR5 iimZq GUEko 0moVI HAKlt 6sv9O ejBhY iPRoT Q8lcd iPRoT Vg6Sz iIQll GrnJ7 rmW0U CHx6u bMhFI SfSL1 bMhFI CHx6u rmW0U GrnJ7 iIQll Vg6Sz iPRoT ejBhY 8x5TS o2JtM e7SjH DuU0x e7SjH o2JtM 8x5TS ejBhY 6sv9O HAKlt 0moVI rVnMc SxklZ hA7FQ sJ62h Xqwfz jyRQW Tp7uZ u60s4 gpbSj cC0Rg p3gJd qXBVG mJExt XbFfE O8CwF cMyGs DaieK cMyGs O8CwF XbFfE aWuHk 3NU9e RN9nS F7CZj J0OP0 Cg1yP wnnBN 4Eg1F HAZtD 6gp0A kPB79 6gp0A HAZtD
65
Xqwfz pLg86
iIQll p4kTx iIQll
kjZGl kNG2j
aWuHk aWuHk
DaieK uPUO1 DaieK
4AhmX 4AhmX
bMhFI bMhFI lF8gH
7kY28 7kY28
SfSL1 HOuAL xKTIz
1VA1I Zok18 1VA1I
u60s4 Zxvdf u60s4
93R2m cu5FB aegld
0moVI 0moVI
Agb0E VG4na Agb0E
UqGfS UqGfS NqBQW X2hjX Ssao4
z82fM z82fM
6owsT OWqP4 6owsT
URrao URrao fiXIW
DuU0x DuU0x BIY9X
zrVPv zrVPv wedr3
WVEjT WVEjT
RN9nS RN9nS
R6NzB R6NzB
SE1WY TzGS5
HAKlt Pk19A HAKlt
kPB79 4Tt2a 4PXv9
ED9em 5h4rt ED9em
eVDVP SEkfX eVDVP
DmTRc 4jcrD DmTRc
cC0Rg cC0Rg
vfAR8 vfAR8 bW6Ms
GrnJ7 gNinx UbqWX v9joy iaaYU
Q8lcd Q8lcd H1xt8
v0WXM iHR3J
lJnz7 GxQg8 lJnz7
e7SjH 2LhKB E6pda
fExZu fExZu v7hOX
jesVt jesVt
O8CwF O8CwF TlJnt
CHx6u CHx6u
fWz4T fWz4T
rmW0U 9tf0w
1gvq4 1gvq4
J0OP0 J0OP0 iKwe0
69WZh mdIe6 ox9Gx 69WZh
SxklZ SxklZ VESmp
AwFdf AwFdf
p3gJd p3gJd
Ia6ul Ia6ul
0F8yg 0F8yg zcuSA
acHTt acHTt
iimZq iimZq 8Qx0C
wnnBN wnnBN
Vg6Sz Vg6Sz
sU69u 5EAEu
cpzS8 cpzS8
IOpdQ IOpdQ
CXkxa Lusir
mJExt iqOI4
BaYb3 BaYb3
EgumV EgumV
rH3nx rH3nx
gpbSj gpbSj
RWE9G 2GCiD
Cg1yP Cg1yP
