Taozhuang Chharra Artur Salima Southsea Ulu Rutherglen Ulu Southsea Salima Artur Somma Gua Somma CroixdesBouquets Gudermes Uran Griffith Vernon Guyong Bhit Guyong Tupelo Weimar Boo Weimar Tupelo Guyong Vernon Griffith Uran Gudermes Strathfield Gudermes CroixdesBouquets Villa CroixdesBouquets Somma Artur Chharra Ramla Chharra Jackson Chharra Taozhuang
19
Rutherglen Gauting Rutherglen Alatyr
Villa Nonsan Cibinong Villa Aytos Rafiganj
Jackson Jackson Rosedale
Gua Kallio Middle Oulmes
Ulu Ulu
Southsea Sarandi Calauan Bang Freetown
Boo Donggongon Boo Bourbonnais Memmingen Esmeraldas
Bhit Durazno Camayenne Longgang
Strathfield Strathfield Fort Waverly
Uran Jingzhou Udumalaippettai Pottstown Uran
Artur New Artur Hechingen
Somma Somma
Ramla Azrou Ramla
Chharra Esperanza Ilesa Besuki Wesseling Sicklerville
Vernon Severodvinsk Caravaca
Gudermes Gudermes
Taozhuang Taozhuang
Tupelo Tupelo
CroixdesBouquets Jinotepe
