Ilesa Foshan GavrilovYam Jashpurnagar GavrilovYam Foshan Aklera Bensheim Ventimiglia Malden Tupiza Valday Bogovinje MitryMory Bogovinje Valday Tupiza Malden Ventimiglia Viewpark Oschatz Perth Boyeros Portogruaro Patnos Davis Patnos Portogruaro GatesNorth Belper Jiangyan Sheoganj Valletta Calauan Rhosllanerchrugog Minas Marburg Mexborough Polohy Bavly Polohy Mexborough Marburg Minas Houthalen Zeist Houthalen Minas Rhosllanerchrugog Calauan Reutlingen Batu JalalAbad Aistala Bobigny Liberia Milledgeville Tupelo Memmingen Alexandria Memmingen Tupelo Milledgeville Liberia Bobigny Aistala PortVila Taebaek PortVila Aistala JalalAbad Batu Aleshtar Rafaela Alfenas Uran Alfenas Rafaela Aleshtar Batu Reutlingen Calauan Valletta Sheoganj Jiangyan Krymsk Jiangyan Belper GatesNorth El GatesNorth Portogruaro Boyeros Perth Great Perth Oschatz Viewpark Ventimiglia Bensheim Aklera Foshan Ilesa
48
Rafaela Jagna Hermsdorf
Ventimiglia Sishui Ventimiglia
Alexandria Milagro Alexandria Lille
MitryMory Claremont MitryMory Lodwar Ponta Copperas
Houthalen Palm
Davis Talipparamba Davis
Aklera Aklera
Portogruaro Sillanwali Chacabuco Aurora Rutland
Milledgeville Milledgeville Puerto
Krymsk Ada American
Great Tyoply Great
Bavly Bavly Gariadhar
Mexborough Mexborough Oulmes
El Sceaux DehiwalaMount
Foshan Foshan
Valletta Valletta Itacoatiara
Perth Resplendor Perth UlanUde Tak Niort Brzeg Clermont Villaquilambre
Zeist Brunswick Stupino
Liberia Stuttgart Bon Paredes
Bensheim Bensheim Campobasso An Bang PointeClaire Kyzylorda
Taebaek Sirsi Sorsogon GernikaLumo
Minas New Mouscron Dahlem
Malden Malden
Uran Azrou Landshut Uran
Bogovinje Bogovinje
Reutlingen Oberhausen
Aistala Palafrugell Tharu
Polohy Polohy
Oschatz Yingkou Barracas
Belper Zaozhuang Skalica Guli Meizhou LonsleSaunier
Ilesa Ilesa
Calauan Calauan Tiruppuvanam Onex
GatesNorth Shagamu
Sheoganj Shaowu Ramla
Tupelo Tupelo
Bobigny Bobigny
Valday Toledo Valday
Rhosllanerchrugog Rhosllanerchrugog
PortVila PortVila
Memmingen Memmingen WaltonontheNaze
Viewpark Viewpark
Tupiza Tupiza
Jashpurnagar Magomeni Jashpurnagar
Aleshtar Aleshtar
Marburg Marburg
Jiangyan Jiangyan
Alfenas Alfenas
Patnos Puducherry
