108 69 47 51 170 51 47 133 31 38 190 116 109 76 2 50 179 157 179 50 95 68 95 50 2 105 4 178 34 48 6 23 6 131 140 80 3 139 106 84 196 94 197 58 124 11 193 73 189 56 151 97 128 97 151 56 189 177 189 82 42 18 37 53 90 96 90 93 45 127 26 5 81 174 188 35 188 174 81 5 26 127 45 93 90 53 37 18 42 82 189 73 193 11 124 58 197 192 152 182 148 191 117 25 142 25 117 191 181 165 167 165 181 191 118 191 148 182 152 192 197 94 196 84 106 139 3 80 140 131 6 48 34 178 4 105 161 77 110 75 110 77 161 105 2 76 109 116 190 38 31 133 47 66 21 163 162 44 13 79 13 44 162 163 61 17 61 120 61 163 46 163 21 66 47 69 108
62
188 188 153
51 7 101
193 39
17 67 17
117 99 24 117
48 48
170 54 49 170
142 114 142
23 129 23
37 37 64
148 176 148
96 57 96
174 19 174
95 95
26 26
108 121
191 100
118 184 118
197 137 197
46 46 32
21 63
35 14 35
120 126 120
177 186 177
151 151
11 11
181 181 28
61 61
178 78 130
81 81 144
66 66
69 69
44 44
34 34 1
110 110
68 68 85
167 187 167
128 128 143
45 136 45
157 157 15
38 107 38
182 182
73 134 73
13 13
79 79 36
163 138
6 83
190 190
75 75 150
56 56
139 65
77 77
140 140 43
82 82 71
109 109
31 31
133 133
5 5
179 179
84 84 146
53 53
196 92
