pride thank tourist crackpot exotic reach whole mean preoccupation pawn smile domestic scatter difference craftsman contract snap contract craftsman difference fuss confidence childish fault seller skip seller fault childish confidence fuss difference scatter domestic smile celebration loud hide fortune offensive discrimination feign discrimination offensive fortune hide loud celebration integrated celebration supply illustrate price service create understanding ballot understanding create service price illustrate supply celebration smile pawn preoccupation inhibition present freckle shelter freckle direct merit tease glide tease merit direct freckle present inhibition preoccupation makeup democratic notorious absorption identification dialect identification absorption notorious democratic makeup preoccupation mean stadium exit adult volunteer administration wrong lobby wrong administration volunteer favorable magnetic favorable volunteer adult exit stadium mean whole reach auditor cancel pity work colon work stubborn pupil stubborn work pity pioneer element addition east addition element pioneer pity cancel auditor reach mind gift line withdraw tribe deficit ceiling company vote company ceiling deficit tribe withdraw line gift mind reach concern reach exotic plug scrap plug exotic crackpot tourist thank dairy pull prove basketball prove pull dairy thank pride
63
exotic transmission exotic
absorption farewell absorption
snap trance snap
pride pride
mind mind tin
exit magnitude
ballot predict ballot
discrimination car deck
prove prove appear
tease community
lobby lobby mechanism
adult adult
vote vote transaction
illustrate dramatic maze
create create
east think east
feign feign dilemma
preoccupation crew
skip battery skip
makeup makeup
shelter salmon knit shelter
work work valid rabbit
thank thank equinox
magnetic nationalism magnetic
pupil partnership pupil
tribe tribe
merit dose merit
concern breakin concern
pity homosexual
scrap scrap berry
seller seller steward
glide glide bracket
loud loud
dairy leash
wrong wrong huge
integrated mosaic integrated
fuss minimize fuss
company company
hide hide
domestic accessible domestic
contract belief deter contract
fortune fortune
line suffer line
gift gift
identification top
auditor pastel
craftsman craftsman
colon colon traction
addition dedicate
dialect dialect desk
understanding denial
present present formation
stadium creation
cancel perception cancel
basketball basketball bring
whole whole
smile linear
direct direct
inhibition inhibition
childish childish
celebration celebration
confidence thread
offensive offensive
