0 1 2 3 4 5 6 7 8 18 29 18 8 7 6 16 27 37 27 16 6 5 15 26 36 47 57 68 78 89 78 68 57 47 36 26 15 5 4 14 25 35 46 56 67 77 67 56 46 35 25 14 4 3 13 24 34 45 55 66 76 87 97 108 118 129 118 108 97 87 76 66 55 45 34 24 13 3 2 12 23 33 44 54 65 75 86 96 107 96 86 75 65 54 44 33 23 12 2 1 11 22 32 43 53 64 74 85 95 106 116 127 116 106 95 85 74 64 53 43 32 22 11 1 0 10 20 30 40 50 60 70 80 90 100 110 120 130 140 150 160 150 161 150 140 130 141 151 141 130 120 110 121 131 142 152 142 131 121 110 100 90 101 111 122 132 143 153 143 132 122 111 101 90 80 70 81 91 102 112 123 133 144 154 165 175 186 175 165 154 144 133 123 112 102 91 81 70 60 50 61 71 82 92 103 113 124 134 145 155 166 176 166 155 145 134 124 113 103 92 82 71 61 50 40 30 41 51 62 72 83 93 104 114 125 135 146 156 167 177 188 177 167 156 146 135 125 114 104 93 83 72 62 51 41 30 20 10 21 31 42 52 63 73 84 94 105 115 126 136 147 157 168 178 189 178 168 157 147 136 126 115 105 94 84 73 63 52 42 31 21 10 0
83
53 53
125 125
186 186 196
86 86
31 31
152 152 184
154 154
114 114
61 61
20 20
130 130
160 160 181
80 80
108 108
127 127 158
29 29 39
22 22
89 99 89
77 77 98
12 12
101 101
82 82
15 15
103 103
2 2
178 178
155 155
64 64
21 21
188 188 198
122 122
8 9 8
33 33
132 132
51 51
71 71
16 16
123 123
68 68
129 139 129
95 95
146 146
147 147
5 5
153 164 153
107 149 107
166 166
175 175
18 18
151 151 183
4 4
76 76
167 167
87 87
83 83
189 189 199
118 118
73 73
120 120
81 81
133 133
26 26
7 17
105 105
140 140
111 111
161 182 161
37 48 37
165 165
150 150
43 43
42 42
45 45
94 94
70 70
104 104
96 96
116 116
102 102
24 24
176 187 176
72 72
67 67
