0 181 112 53 21 178 158 20 126 166 199 19 24 118 31 57 10 30 10 57 182 196 26 196 182 57 31 118 24 19 199 166 126 20 8 20 158 2 27 36 51 36 27 2 158 178 21 46 40 46 42 82 4 82 42 185 80 76 35 76 167 32 160 96 94 96 55 96 160 32 167 76 80 185 42 46 21 53 13 92 74 92 59 198 140 58 190 64 190 58 34 37 34 58 140 198 59 73 5 73 59 92 13 195 11 86 11 195 153 68 60 157 162 177 175 117 9 134 71 134 9 117 175 177 162 157 17 29 75 54 61 41 61 54 75 29 156 164 39 164 156 29 17 157 60 68 153 195 13 53 112 181 0
57
0 0 79
51 1 51
2 2
178 3 12 43 49
4 4 56
5 5 65 90
37 6 22 37 67
32 7 32 93
8 8 52 77 85
9 9
10 10
11 11 48
13 13 70
164 14
39 15 39
21 16 21
17 17
42 18 42 97
19 19
20 20 95
30 23 30
24 24 88
41 25 33 41
26 26 78
27 27 89
157 28
29 29
31 31
34 34
35 35 47
36 36 84
74 38 74
40 40 66
86 44 86 87
64 45 64
46 46
60 50 60
53 53
54 54
55 55 62 63
57 57
58 58
59 59 98
61 61
68 68
94 69 94
71 71 81
177 72 99
73 73
75 75
76 76
80 80
82 82
117 83
198 91
92 92
96 96
