point0 point52 point50 point49 point12 point10 point12 point2 point9 point5 point15 point20 point18 point14 point21 point14 point18 point32 point29 point35 point30 point25 point33 point31 point34 point31 point33 point37 point41 point38 point40 point39 point40 point38 point41 point37 point33 point25 point30 point35 point29 point32 point18 point20 point15 point5 point9 point2 point12 point49 point50 point52 point0 point70 point68 point67 point68 point66 point64 point65 point73 point75 point76 point83 point77 point90 point93 point92 point95 point87 point89 point87 point95 point92 point93 point90 point77 point83 point120 point132 point141 point133 point137 point139 point135 point139 point137 point133 point141 point179 point189 point168 point172 point171 point160 point163 point162 point145 point144 point148 point144 point145 point149 point145 point162 point163 point160 point171 point172 point168 point185 point168 point189 point179 point141 point132 point120 point83 point76 point78 point84 point119 point125 point129 point121 point126 point127 point123 point127 point126 point121 point129 point125 point122 point128 point118 point156 point117 point113 point111 point110 point112 point102 point107 point103 point107 point102 point112 point110 point111 point113 point117 point156 point118 point128 point122 point125 point119 point84 point78 point76 point75 point73 point65 point64 point66 point68 point70 point0
58
point12 point1
point21 point3 point21
point5 point5
point15 point6 point13 point15
point10 point10 point11 point54
point32 point16 point17
point18 point18
point34 point27 point34
point29 point29
point30 point30
point31 point31
point33 point33
point38 point38
point39 point39 point42 point43
point40 point40
point41 point41
point49 point49 point56
point50 point51 point55
point52 point52
point67 point67 point109
point0 point69
point68 point72
point73 point73
point75 point75
point76 point76 point79
point78 point78
point83 point83
point87 point85 point87
point93 point86
point89 point89 point91
point90 point94
point107 point100
point102 point102
point103 point103 point108
point110 point110
point111 point111
point112 point112
point113 point113 point115
point119 point119
point120 point120
point122 point122
point123 point123 point124
point126 point126
point135 point131 point135
point132 point132 point138
point139 point134 point139
point144 point144 point153 point157
point148 point148 point151
point149 point149 point152
point163 point155 point163
point162 point158 point162
point160 point160
point172 point172
point171 point177
point179 point179
point141 point180
point189 point183
point185 point184 point185 point187
