Brightmere Windbridge Wildemarsh Marbleiron Strongfall Eastcastle Courtcastle Bluewyn Flowerfield Newley Freyview Bluedell Butterbush Janholt Buttermead Courtedge Woodice Eriwall Fairsage Ironriver Ostwynne Wellmage Corbank Wellbank Oakmere Northriver Lightmere Flowermill Newby Erilyn Southpine Wolflea Greyice Morwall Esterash Stonefair Esterash Windbridge Brightmere
28
Woodice Snowshore Woodice
Newley Newley
Wolflea Wolflea Bushgate
Corbank Corbank Goldwyvern
Northriver Oldmoor Foxvale
Lightmere Lightmere Esterfall
Marbleiron Marbleiron
Eriwall Eriwall
Brightmere Brightmere
Wellmage Southwheat Shoreburn Wellmage
Buttermead Foxhaven Buttermead
Newby Newby
Greyice Irondeer Valhaven Greyice
Oakmere Oakmere
Butterbush Westmill Butterbush
Stonefair Clearnesse Westvale Stonefair
Morwall Ironshore Morwall
Erilyn Westerlight Erilyn Violetley Clearland
Courtedge Rosemill Morwald
Esterash Esterash
Windbridge Lochmage
Ironriver Ironriver
Bluedell Stoneglass Bluedell Courtwall
Wildemarsh Wildemarsh
Fairsage Fairsage Dellwyn
Courtcastle Courtcastle
Eastcastle Eastcastle Greenshore
Freyview Freyview
