Shoreburn Greencliff Redlake Ironhedge Mistwick Fallden Westerlight Bushgate Corbank Bluedell Strongford Cleargrass Fairice Freymere Linville Morwald Clearland Ostham Irondeer Deephedge Fairfort Ironshore Ironriver Newmill Stoneglass Hollowwynne Lochmage Marblehaven Courtwall Aldley Greygrass Silverlea Butterway Seamoor Deerdell Shadowgrass Southpine Woodice Mallowway Icebridge Mistshore Shadowhaven Valhaven Windkeep Wolflea Wellbank Starryhill Fogmarsh Applecastle Morwall Highwell Bellhollow Starrywolf Silverbarrow Bluewyn Stonecrystal Brightelf Stonewolf Eastwald Redby Courtbush Butterbush Orbarrow Rosegate Esterfall Springfalcon Courtedge Lightkeep Blackbush Fairsage Strongfall Fogland Oakmere Pinepond Redwell Erilyn Whiteelf Shorebarrow Springburn Osttown Oldmoor Springfox Snowwinter Wintershore Aelbush Goldcrest Newley Barrowdale Snowsage Greyice Snowsage Barrowdale Newley Wintershore Snowwinter Springfox Springburn Shorebarrow Whiteelf Erilyn Redwell Pinepond Ironhedge Redlake Greencliff Shoreburn
63
Butterway Butterway Esterash
Lochmage Lochmage Butterhill
Goldcrest Stonefair Goldcrest Lightmere
Shorebarrow Highmont Violetley
Oldmoor Oldmoor Wooddell
Clearland Clearland
Bellhollow Wellmage
Fairsage Fairsage
Blackbush Fieldedge Clearnesse Blackbush
Shadowgrass Bluedale
Greyice Greyice Mallowness
Stoneglass Stoneglass
Pinepond Northriver
Bluedell Bluedell Greenshore
Orbarrow Orbarrow
Deerdell Foxvale Silverwitch
Irondeer Newby Freyview Irondeer
Ironriver Mallowbridge Ironriver
Stonecrystal Foxhaven Windbridge
Mistshore Dellwyn Mistshore
Redwell Redwell
Snowsage Snowsage Goldwyvern
Valhaven Valhaven
Starryhill Starryhill Ostwynne
Deephedge Deephedge
Wolflea Wolflea Eriwall
Erilyn Erilyn
Courtedge Courtedge Coldville
Westerlight Westerlight
Osttown Verthedge Southwheat
Butterbush Butterbush
Courtwall Courtwall Flowerfield
Corbank Corbank
Seamoor Seamoor Flowermill
Redlake Bluelake Redlake
Oakmere Oakmere Greensummer Orfort
Newmill Rosemill Newmill
Strongfall Strongfall Westvale
Silverbarrow Snowshore Silverbarrow
Stonewolf Brightmere
Rosegate Rosegate
Fogland Brightrock Fogland Wildemarsh
Bushgate Bushgate
Shoreburn Shoreburn
Mallowway Mallowway
Springfox Springfox
Applecastle Applecastle Violetfay
Southpine Icenesse Southpine
Esterfall Esterfall
Wellbank Janholt Wellbank
Ironshore Ironshore
Highwell Courtcastle
Bluewyn Bluewyn
Mistwick Westmill
Ironhedge Summermage
Woodice Woodice Eastcastle
Freymere Buttermead Northwynne Freymere
Eastwald Marbleiron
Fairice Fairice
Newley Newley
Morwall Morwall
Morwald Morwald
Silverlea Silverlea
