FacultyClub Etcheverry HearstGym LawrenceofScience PacificFilmArchive OBrien PacificFilmArchive LawrenceofScience FacultyClub DonnerLaboratory OptometryLibrary CareerCenter StowPlaza MelvinLaboratory SproulPlaza MartinezCommons Durham Wheeler InternationalHouse Manville Hilgard Birge BancroftDance Warren Mulford Morrison BrainImagingCenter Spieker Stephens Sproul MediaCenter EarthquakeLibrary ArtHistoryLibrary UniversityHouse ArtHistoryLibrary EarthquakeLibrary MediaCenter Sproul Stephens Spieker BancroftDance Birge DonnerLaboratory FacultyClub
18
FacultyClub FacultyClub
HearstGym BioscienceLibrary HearstGym
UniversityHouse SutardjaDai UniversityHouse FPF
Etcheverry Etcheverry
SproulPlaza SproulPlaza
Hilgard Hilgard Cheit
BrainImagingCenter StudentUnion BrainImagingCenter
EarthquakeLibrary EarthquakeLibrary
LawrenceofScience LawrenceofScience
Manville Pimentel Manville
Mulford Mulford
CareerCenter CareerCenter
Durham Durham
OBrien OBrien Library
Spieker Spieker
PacificFilmArchive PacificFilmArchive
Morrison Morrison
Wheeler Wheeler
