FacultyClub EarthquakeLibrary FacultyClub MLK Moses Minor EnvDesignLibrary BrainImagingCenter WooHonFai Bechtel Bowles AquaticCenter MSRI SatherGate Koshland MathLibrary EllsworthParking ClarkKerrCampus Kroeber OldArtGallery CITRIS BerkeleyLawLibrary HearstMining Zellerbach BanwayBuilding Hildebrand Mulford PhilosophyLibrary Cleary BancroftDance LawSchool Boalt ArtHistoryLibrary Durham WomensFacultyClub HaasClubhouse Unit3 BerkeleyWayWest NatrLaboratory DataLab CounselingLibrary Birge Classof54Gate Stephens LeConte Campbell IRLE GraduateServices EngineeringLibrary FoundersRock SEAsianLibrary InsectaryGreenhouse BioscienceLibrary Jacobs Stanley HearstFountain Stanley Jacobs BioscienceLibrary InsectaryGreenhouse SEAsianLibrary FoundersRock Haas Warren OxfordResearchUnit UniversityHouse FSM Blum JuliaMorgan SharedServices Wellman Simon EnergyBuilding LiKaShingCenter Wheeler CareerCenter McCone VisitorCenter HearstFieldAnnex NewspapersLibrary AnthropologyLibrary StudentUnion LawrenceofScience SproulPlaza KoretVisitorCenter Underhill LowerHearstParking EarthLibrary NorthGate BusinessLibrary HearstGym TAAP University LudwigsFountain MusicLibrary ChildStudyCenter Parking EthnicLibrary Hertz Foothill UCBExtension HearstGreekTheatre Unit1 Hilgard DonnerLaboratory Cory MediaCenter StowPlaza BancroftParking Barker PacificFilmArchive MartinezCommons MemorialPool Demography VisualCenter Tan SummerSession MaxwellField Wurster PublicAffairs FoxCottage TennisCenter Davis ChanningBowditch SocialLibrary Barrows Gilman Morgan LBNL EastAsianLibrary BancroftLibrary Library BancroftLibrary MLK FacultyClub
75
FacultyClub FacultyClub
BioscienceLibrary BioscienceLibrary
BancroftLibrary SutardjaDai BancroftLibrary
Underhill Etcheverry Underhill
SproulPlaza SproulPlaza
Hilgard Hilgard
StudentUnion StudentUnion
EarthquakeLibrary EarthquakeLibrary Morrison
UniversityHouse UniversityHouse CesarChavez
LawrenceofScience LawrenceofScience
HearstGym Pimentel HearstGym
Mulford Mulford
CareerCenter CareerCenter Soda
Durham Durham
Stephens OBrien Stephens
Library Library FPF
Kroeber Spieker
PacificFilmArchive PacificFilmArchive Cheit
BrainImagingCenter BrainImagingCenter
Wheeler Wheeler
TAAP Manville TAAP
Koshland Koshland
Jacobs Jacobs OptometryLibrary
ChanningBowditch Investigative MelvinLaboratory
EarthLibrary EarthLibrary
EnergyBuilding EnergyBuilding IdaHouse
MediaCenter MediaCenter UpperHearstParking
StowPlaza StowPlaza
MartinezCommons MartinezCommons
BancroftDance BancroftDance Giauque
Tan AndersenAuditorium
Unit3 Unit3
AnthropologyLibrary AnthropologyLibrary
Davis InternationalHouse Davis
IRLE IRLE SpringerGateway
DonnerLaboratory DonnerLaboratory
ArtHistoryLibrary ArtHistoryLibrary AlumniHouse
BanwayBuilding Sproul BanwayBuilding
Birge Birge
CITRIS CITRIS
NewspapersLibrary NewspapersLibrary
Warren Warren
EastAsianLibrary PhysicsLibrary Evans EastAsianLibrary
BerkeleyWayWest BerkeleyWayWest LatinAmerican
MSRI MSRI
LBNL HealthServices
WooHonFai WooHonFai
MathLibrary MathLibrary
AquaticCenter AquaticCenter
HearstFieldAnnex HearstFieldAnnex
HearstFountain HearstFountain VLSB
BerkeleyLawLibrary BerkeleyLawLibrary
Campbell Campbell
NorthGate NorthGate
Bowles Bowles
Wellman Wellman
EthnicLibrary Senior EthnicLibrary
Stanley Stanley
SocialLibrary SocialLibrary
Wurster SimpsonCenter Latimer
FoxCottage FoxCottage
Hildebrand Hildebrand
MaxwellField MaxwellField
SEAsianLibrary SEAsianLibrary
Bechtel Bechtel
EngineeringLibrary EngineeringLibrary
FSM Durant
McCone McCone
VisualCenter VisualCenter
LawSchool LawSchool
LeConte LeConte
HearstGreekTheatre HearstGreekTheatre
MLK MLK
Boalt Boalt
FoundersRock FoundersRock
