0 20 9 56 19 61 38 85 82 127 102 152 98 78 167 162 60 112 148 27 161 27 32 42 181 157 122 145 122 157 2 3 4 22 10 8 33 170 111 104 171 8 10 22 4 197 13 133 26 198 199 31 117 158 86 44 52 128 74 35 6 118 6 35 7 45 46 125 103 73 71 67 71 73 125 46 45 35 178 49 108 40 77 63 17 12 183 174 55 15 177 195 119 143 106 96 193 190 185 187 114 187 185 190 193 178 35 74 128 52 9 20 0
60
3 3 131
8 8
13 13
15 15 83
17 17
67 18 67 149
19 19 124
118 25 154
26 26
32 32 76
33 33 168
35 35 153
38 38
42 42 105
44 44 80 135
46 46
111 47
77 48 77
49 49 93 175
145 51 145
52 52 113 120
55 55
56 56
114 58 114 140
60 60 155
162 64 162
102 65 102
78 69
71 71
73 73
74 74
82 75 82 191
85 85 92
185 87
112 88 112
7 90 141
96 91 96
104 94 173
199 97 199
86 99
103 103 139
106 106
117 117 134
119 119
197 123 197
143 132 143
133 133
174 136 174
148 148
158 158
161 161 188
167 167
0 169
170 170
171 171 180
128 172
177 177
178 178
181 181
195 195
