Home141 Home109 Home20 Home149 Home88 Home11 Home49 Home11 Home10 Home150 Home36 Home179 Home162 Home101 Home170 Home165 Home79 Home110 Home40 Home83 Home27 Home83 Home40 Home110 Home79 Home165 Home170 Home100 Home67 Home42 Home32 Home42 Home67 Home100 Home170 Home101 Home87 Home101 Home162 Home157 Home92 Home157 Home162 Home179 Home36 Home150 Home28 Home73 Home28 Home104 Home21 Home52 Home66 Home91 Home115 Home120 Home115 Home91 Home66 Home52 Home21 Home96 Home29 Home154 Home128 Home154 Home29 Home96 Home30 Home51 Home30 Home96 Home21 Home104 Home123 Home164 Home53 Home174 Home86 Home5 Home78 Home122 Home143 Home82 Home26 Home121 Home75 Home121 Home26 Home2 Home134 Home62 Home134 Home2 Home159 Home131 Home16 Home60 Home119 Home89 Home119 Home60 Home16 Home131 Home159 Home2 Home26 Home82 Home143 Home122 Home78 Home5 Home86 Home174 Home34 Home174 Home12 Home74 Home12 Home140 Home31 Home140 Home12 Home174 Home53 Home164 Home123 Home104 Home28 Home150 Home76 Home150 Home10 Home11 Home88 Home149 Home20 Home109 Home141
55
Home101 Home4 Home45
Home157 Home157
Home120 Home69 Home120
Home110 Home110
Home154 Home154
Home91 Home91
Home34 Home34 Home173 Home176
Home2 Home97 Home132
Home20 Home20 Home126
Home89 Home3 Home89
Home42 Home7
Home73 Home106 Home114 Home161
Home60 Home60
Home88 Home88
Home78 Home144
Home31 Home31 Home172
Home28 Home35 Home64
Home74 Home25 Home74
Home122 Home122
Home128 Home156 Home128
Home75 Home81 Home75
Home131 Home131
Home149 Home149
Home141 Home15
Home164 Home164
Home62 Home62 Home152 Home127
Home140 Home50
Home82 Home82 Home171 Home177
Home11 Home11
Home76 Home76 Home105
Home29 Home48 Home37
Home83 Home83
Home51 Home147 Home51
Home100 Home100 Home43
Home32 Home32 Home125
Home143 Home143
Home87 Home135 Home87
Home49 Home47 Home136
Home86 Home86
Home134 Home134
Home174 Home167
Home5 Home124 Home63 Home5
Home92 Home13 Home92
Home16 Home112 Home16
Home165 Home165
Home27 Home27 Home111
Home36 Home36 Home103
Home119 Home55
Home170 Home170
Home67 Home67
Home66 Home66
Home96 Home44 Home96
Home26 Home26
Home53 Home53
Home10 Home1
