Satish 4C88SXD PUW25N CKNDWG ZMZIWZ 4UE11 LTI99R LQQ5IH MXJIYJYNH4 9QJRN XV55 CPB2G FPZT G90OCSZY FM2G14H8I P5F5G H1LQ91V U7WDA2Z1 W6YZ5IB VSEMBLQ7O3 Q7ZEY 7GAD3F 5T3W L7QS0UEPJ PIW6IC50D LU68 4P0LGP0 EFIKTK4Y0Y NP5A5 11NACH2LP ALEI6N M35E E37ZKA8WK O44VZ I2GUQ1XYTA OEMHKCHOT B3R68HYWZ 7HSLUFQG A2H6A9I 43IK3HR83 FGYJ1J DNIV2BOR2P FGYJ1J 43IK3HR83 A2H6A9I 7HSLUFQG B3R68HYWZ OEMHKCHOT I2GUQ1XYTA O44VZ E37ZKA8WK 91ZONFE AV4KL I38TH1O QW15YTSV X9MIV9 H41HZ6 E2DHWGC LUQ3 HM48FZD0 26PG 9PCUL07FJ 5Q8CRZ2VCM YSRPP 6Z9AYLO 6VVS6 ZVKJMH7669 8TH7QVQY GNVXN YJYOMJ6A E5HD 2BLLD3SK 4FEG 7622OJ ET82NVH9 PFQFEJGD4C ZZACWP GE62L 4OJB6 7DPM9 JA1QYGQ0N9 JHMI MLKOJ 1UCE 6PVQIBNB9 VGYKKKOFLZ Q7Z37G5 4TME OOAS 3J6SSA GH8C G4QE3I UDBFED J3H3CKHTS ARTWTP9 L2MG8NMU M71OYIS EEZS HQG39M RP28W1 KCOFJD OWZ42C5 8AEKBAKS WCKDX 4RGA VG9H9B 9K8PLAET 6DSNDY DYYG23O YDG8AEOM ETB2 GT9LU 2B1K6EW9CL NL759YK8J GKMO7E DX16SQ 29D6AOX P6RI91D87 RN53CTZ NN7ZEA QWHT 79KTC8AS9 08W7NAP6G 2841 W71YV1R66L LI4EXO81 716QJY 0TRB9358 G7PWWJ QUFALN M649OA AKDE80E0B E9DZLL XU4IP5J BRG51KM Y99D5Y12 7T8I47 CV6NHW7M ETNCY9XH2 2CUB41BE 7YZ45UL88 YQB2CII950 VOAV VIMVIHOY 02X2C 2P6O4RH0 J2ETZ1C CXQDH6YMZ8 5XYO SQLSVN 5XYO CXQDH6YMZ8 J2ETZ1C 2P6O4RH0 7T8I47 Y99D5Y12 BRG51KM XU4IP5J LTI99R 4UE11 ZMZIWZ CKNDWG PUW25N 4C88SXD Satish
84
4TME 3WJYJDDU HBQM42U
9QJRN 9QJRN
GNVXN GNVXN
G7PWWJ 8MDFNIK8AY FWM5C
JA1QYGQ0N9 B690
W71YV1R66L W71YV1R66L
G4QE3I G4QE3I
P6RI91D87 P6RI91D87
ET82NVH9 ET82NVH9
SQLSVN SQLSVN DDB26ZHC
E9DZLL 9V10EOH E9DZLL
1UCE YU3U1T 1UCE
5T3W CB93
2BLLD3SK 2BLLD3SK
RP28W1 IHN21LA4 RP28W1
DNIV2BOR2P DNIV2BOR2P PMXEOGGIQ
91ZONFE 91ZONFE
EFIKTK4Y0Y EFIKTK4Y0Y
G90OCSZY G90OCSZY
0TRB9358 0TRB9358
MLKOJ JX6GCY MLKOJ
YQB2CII950 YQB2CII950
7T8I47 7T8I47
HQG39M HQG39M KBI1CALMNJ
79KTC8AS9 79KTC8AS9
4UE11 4UE11
ETNCY9XH2 ETNCY9XH2
EEZS EEZS
U7WDA2Z1 A118
ZZACWP FM2HEMVR1 ZZACWP
KCOFJD KCOFJD 01G9IQ2
7622OJ 7622OJ
UDBFED 8UPUEGO
ARTWTP9 ARTWTP9
VOAV VOAV
ETB2 ETB2
26PG 26PG
02X2C C8WREP 02X2C
GKMO7E 3IXHQXHYBV
7HSLUFQG LM7KL5G3V
PIW6IC50D PIW6IC50D
QW15YTSV QW15YTSV
M35E M35E
E5HD E5HD
H41HZ6 H41HZ6
J2ETZ1C J2ETZ1C
LQQ5IH LQQ5IH
9K8PLAET A8WYICH3 9K8PLAET
FPZT ZH2INF FPZT
4C88SXD 4C88SXD
L7QS0UEPJ ZMQ5BH L7QS0UEPJ
E2DHWGC E2DHWGC
8TH7QVQY 8TH7QVQY
ZMZIWZ ZMZIWZ
3J6SSA 3J6SSA 5HULMUDLAQ
43IK3HR83 DST5W4G0
MXJIYJYNH4 MXJIYJYNH4
PUW25N PUW25N
Q7ZEY Q7ZEY
YSRPP YSRPP
HM48FZD0 HM48FZD0
CKNDWG CKNDWG
GH8C GH8C
4P0LGP0 4P0LGP0
FM2G14H8I FM2G14H8I
M71OYIS M71OYIS
CV6NHW7M CV6NHW7M
GT9LU LBR67PCKBJ
7GAD3F 7GAD3F
O44VZ O44VZ
AV4KL GILAN21GR3
VGYKKKOFLZ VGYKKKOFLZ
CXQDH6YMZ8 CXQDH6YMZ8
DYYG23O DYYG23O
LUQ3 GN4G0L2
M649OA M649OA
Q7Z37G5 Q7Z37G5
5XYO 5XYO
E37ZKA8WK E37ZKA8WK
BRG51KM 4VE7V
H1LQ91V H1LQ91V
6PVQIBNB9 6PVQIBNB9
2B1K6EW9CL 2B1K6EW9CL
B3R68HYWZ B3R68HYWZ
