Satish ENMF PYD9SISJI KRM4B VFRT26 1BZLEM U0958 TAI8UPP PTL1QU OK29GJ BBFYA9B OXWYDF NSBI 2J5C Z6H98 8U5UW BVNZ YXBMACC VPQ3SCZD ZRYV5F 1ILZRYDHY WZ1MC3189 KSHB2KG R6VBAVZ0B PTWCQ ZY9VPYMXA PTWCQ R6VBAVZ0B ENMF Satish
20
VFRT26 VFRT26
1BZLEM 1BZLEM
ZRYV5F ZRYV5F
YXBMACC YXBMACC
ZY9VPYMXA PZMGYZL ZY9VPYMXA
BVNZ FS1RWBVR7 399VM5PU6
PTWCQ PTWCQ
PYD9SISJI PYD9SISJI
KRM4B KRM4B 92R432
WZ1MC3189 WZ1MC3189
BBFYA9B BBFYA9B
R6VBAVZ0B R6VBAVZ0B
OK29GJ UVP4WIKK
OXWYDF OXWYDF
PTL1QU PTL1QU
Z6H98 Z6H98 ER2YSPML1C
VPQ3SCZD 9XFF
2J5C 4INC2D8SDN
KSHB2KG ICTGXV KSHB2KG
NSBI NSBI
