0 90 79 90 0 112 50 9 107 22 109 5 13 17 33 2 36 2 65 3 12 139 16 57 18 42 10 122 14 61 14 122 10 42 18 198 6 51 30 103 20 103 30 51 6 58 68 58 6 198 18 57 16 197 23 89 26 108 54 24 63 24 84 24 54 108 26 89 73 99 32 99 73 89 23 197 16 139 12 3 65 2 158 40 49 121 11 121 49 40 100 35 124 93 124 35 100 40 158 2 33 7 76 34 76 7 149 8 67 71 67 8 149 7 33 72 28 72 33 17 13 5 109 22 107 9 50 112 0 137 0
55
0 0 15 43 59 62 86
57 1 39 57
2 2 27 78
3 3
79 4 79
5 5
6 6
7 7 19
8 8 45
9 9 64 80
10 10
11 11 75
12 12 66
13 13
14 14 29
16 16
17 17 21 92
18 18 82
20 20 53 60
22 22 46
23 23
24 24 88
32 25 32
26 26
28 28 41
30 30
109 31
33 33 74
34 34 91
35 35 69
36 36 56
137 37 52
93 38 93
40 40
42 42 48 95
100 44
51 47 51 96
49 49
50 50
54 54 98
63 55 63
58 58 77
61 61 70
65 65
67 67
68 68 85
71 71 94
72 72 83
73 73
76 76
107 81
84 84 87 97
89 89
90 90
99 99
