loc0 loc23 loc15 loc89 loc86 loc68 loc86 loc89 loc15 loc23 loc99 loc47 loc25 loc81 loc4 loc67 loc13 loc67 loc4 loc81 loc25 loc46 loc71 loc78 loc9 loc88 loc8 loc5 loc6 loc5 loc8 loc88 loc9 loc78 loc71 loc93 loc72 loc87 loc2 loc1 loc53 loc30 loc37 loc59 loc98 loc90 loc62 loc45 loc43 loc49 loc33 loc49 loc91 loc49 loc43 loc45 loc62 loc90 loc71 loc46 loc25 loc47 loc99 loc23 loc0
24
loc91 loc39 loc91 loc31
loc8 loc8
loc98 loc29 loc75 loc51
loc6 loc6 loc61
loc49 loc40 loc49
loc99 loc21 loc99
loc93 loc93 loc26
loc45 loc45 loc35
loc86 loc69 loc86
loc81 loc81
loc62 loc20 loc16 loc62
loc13 loc79 loc28
loc43 loc24
loc33 loc48 loc33
loc47 loc7
loc68 loc54 loc52
loc90 loc90
loc67 loc65
loc4 loc42
loc25 loc25
loc23 loc23 loc84
loc72 loc72
loc30 loc34
loc88 loc88
