73 96 15 48 13 40 28 91 28 40 13 48 32 1 19 18 76 37 86 37 76 18 19 1 68 4 69 98 9 57 44 57 9 98 69 4 68 92 33 92 68 1 77 14 17 93 64 90 64 93 17 14 77 45 88 22 29 83 55 34 55 83 29 22 88 27 2 94 2 27 88 100 60 46 99 62 99 46 60 100 88 45 77 1 32 48 15 96 38 96 73
34
1 1 50
38 5 8
9 9 71
17 10
33 11 33 82
62 12 65
13 13
15 15 79
14 14
18 18
19 19
34 21 34
22 22
90 25 90
27 27
29 29
44 44 49
46 46 75
48 48
94 53 94
57 57
86 66 86
68 68
4 74 84
76 76
77 77
91 78 81 91
83 83
40 85
93 93
96 96
98 98
99 99
100 100
