112 123 8 73 103 65 113 168 86 129 172 2 4 189 91 26 120 37 15 136 66 133 83 52 81 164 174 152 107 23 101 77 146 84 127 126 29 69 61 155 147 53 50 135 183 34 191 72 78 181 134 24 198 140 42 48 9 79 54 51 32 124 157 188 21 44 182 19 75 170 131 163 160 154 76 167 187 88 27 46 71 190 36 33 197 159 156 14 162 199 58 89 59 141 57 119 150 144 40 13 143 95 28 117 153 0 35 102 118 112
75
83 83
52 52
71 71
147 20 147
46 11 158
160 160
170 170 17
66 149 66
84 84
72 171 72
157 157
58 58
40 40
143 143 60
27 27
102 102 151
42 42 56
131 131
150 138
75 114 75
117 117 166
26 121
78 78
59 59
81 81
120 120
199 80 64
73 73 109
152 152
126 126
36 85 36
127 127
23 23
136 136 169
88 41 99
118 96 118
13 13 94
34 34
156 130
129 129
181 184 181
135 70
174 174
33 33
182 182
183 183
53 53
168 168
172 172 97
124 124 194
107 107 49
14 14
123 123
28 28
29 29
146 146
163 163 68
21 21
144 144 165
188 188 105
167 6
9 9
44 44
24 24
190 190
0 104 0
154 154
69 69
8 8
54 54
95 95
187 187
119 119
162 162
35 35
