0 144 157 16 24 87 188 121 91 67 150 164 156 106 86 139 37 139 86 39 29 39 86 106 146 192 95 192 7 59 174 125 174 53 174 59 7 192 146 106 156 164 150 62 22 82 196 18 32 18 196 155 48 155 111 155 196 82 22 62 140 124 181 168 21 6 21 168 181 124 40 64 40 124 140 62 12 62 83 62 150 67 91 121 188 167 188 87 24 94 130 52 133 4 74 4 133 52 130 94 24 16 113 30 9 98 8 131 80 173 126 36 126 173 80 109 123 45 56 122 41 147 35 147 41 122 56 45 123 65 5 135 145 58 103 100 103 58 145 135 169 66 169 135 5 65 123 72 177 72 123 109 80 31 104 3 90 88 90 3 104 31 80 131 8 98 9 30 113 16 157 144 0
63
113 1 15 99
0 2
3 3
4 4
5 5
6 6 25
7 7 57
8 8 38
9 9 60
12 10 12
64 11 64
106 13 50
121 14
16 16 93
125 17 28
18 18
41 19 41
145 20 34
21 21
22 22
90 23 90
24 24
167 26 79 89
144 27
29 29 76
30 30 42
31 31
32 32 77
177 33 92
35 35 78
36 36 46
37 37 47
39 39
40 40
95 43 95
74 44 74
45 45 85
48 48 49
59 51 59
52 52
53 53 54 55
56 56
58 58
100 61 73 100
62 62
88 63 88
65 65
66 66 97
67 67
83 68 83
157 69
111 70 75
80 71 80
72 72
140 81
82 82
169 84
86 86
87 87
91 91
94 94
181 96
98 98
