48 68 14 116 155 3 65 5 51 180 91 135 147 38 165 38 98 67 50 15 99 152 85 152 99 37 22 169 74 66 74 169 22 37 99 15 50 25 42 9 130 126 92 177 92 126 94 182 113 78 185 168 185 78 138 176 86 72 86 176 138 78 7 154 115 10 159 10 115 154 7 78 113 182 94 126 119 8 162 196 141 129 141 196 162 8 119 126 130 197 61 173 163 171 163 173 145 173 88 127 193 127 88 173 61 197 130 9 42 25 50 67 98 103 57 151 45 107 45 151 57 103 98 101 43 2 43 101 98 38 147 135 84 135 91 180 51 5 65 3 155 143 125 174 59 81 77 81 148 21 148 81 59 174 125 143 155 116 14 68 48
62
138 199 138
171 73 171
143 143 167 64
168 20 109 46
165 93 34 165
154 154 53
141 141
151 151
2 56 23 2
135 135 181
107 107 87
145 118 145
126 126
37 133
148 157 148
180 149 180 156
115 115
66 66 191
94 175
84 60 84 55
68 11
85 85 39
197 197
173 58
162 123
177 177 158 117
196 196 40
38 38
99 110
5 5
129 136 129
163 163
147 147 36
185 190 185
72 186 108
182 182
77 19 164
176 176 170
48 48
25 90 25
152 152 29
21 21 79
10 10
78 78
9 9
103 103
193 193 194 52
42 42
113 113 16 69
119 119
159 179 120
101 101
3 3
88 88
7 7
15 137
81 35
98 98
125 125
155 155
74 74
67 67
