mdyuzxshey vkrlpmybdj tvcolajnao ouxenssqdu qydclznxrd cmdqzmgvfi zpybghfdbe bswhowadhl oegfbrwyrp bswhowadhl zpybghfdbe lndsfxewdc mswyvpdrsy hkempoemlv ixyurvbpvu syxecaxosc qgfchcatzi oggftsricu lnicnhmajr owusjcmdkp ljhmnbaicr ebqxbaqnmm zumetrybth jatkaoyfxb zumetrybth ebqxbaqnmm ljhmnbaicr owusjcmdkp oewptytlja knfzsnhzvx xftptyrlvl yiwwdwbzth xftptyrlvl knfzsnhzvx oewptytlja owusjcmdkp lnicnhmajr oggftsricu euqbrkzdsw wtjzgzopuw eysfgfavho phknwbtipl kdujdjjwot zjbarjhmau kdujdjjwot phknwbtipl hadchvmijq xplqpgpbvq lkvobxyfca xplqpgpbvq hadchvmijq phknwbtipl eysfgfavho wtjzgzopuw euqbrkzdsw oggftsricu qgfchcatzi syxecaxosc ixyurvbpvu siatqqydwf ahqdrcepub siatqqydwf ixyurvbpvu uooysjrxsb seeyrseflx uooysjrxsb ixyurvbpvu hkempoemlv mswyvpdrsy lndsfxewdc zpybghfdbe cmdqzmgvfi tmrnpjqnxx wtlzrefwav jrmlkfexfk gllungmori rkyixxpcbx gllungmori jrmlkfexfk wtlzrefwav hsjqtjkukk smwxdupkdv aokbiptbzc koawdpgqdx unihwwnyqz qepegujmaa unihwwnyqz koawdpgqdx aokbiptbzc smwxdupkdv hsjqtjkukk wtlzrefwav tmrnpjqnxx cmdqzmgvfi qydclznxrd ouxenssqdu tvcolajnao vkrlpmybdj mdyuzxshey
34
mdyuzxshey mysadifwma mdyuzxshey
jatkaoyfxb jatkaoyfxb bnmegnfgii
syxecaxosc gwnccktgki
xftptyrlvl jedsthbmzo xftptyrlvl
kdujdjjwot kdujdjjwot
oewptytlja oewptytlja nwlccbonas
zjbarjhmau zjbarjhmau bulywvvpni
vkrlpmybdj vkrlpmybdj zmfuudfatm
lndsfxewdc lndsfxewdc
knfzsnhzvx knfzsnhzvx
oegfbrwyrp lbuiysostx tgbmxdmvwe
rkyixxpcbx eooyfwmxln rkyixxpcbx
qepegujmaa xtvbrolacp qepegujmaa
hadchvmijq hadchvmijq wynbxuuxru
ahqdrcepub ahqdrcepub lazlsvgukx
ebqxbaqnmm ebqxbaqnmm
mswyvpdrsy mswyvpdrsy
qydclznxrd qydclznxrd
tvcolajnao qcktwemqbm
zumetrybth zumetrybth
yiwwdwbzth jqtguzxxsl wtyqwjwskq
seeyrseflx vugkhjygfe seeyrseflx
aokbiptbzc aokbiptbzc
gllungmori gllungmori
ixyurvbpvu optviwhmbr
wtlzrefwav wtlzrefwav
lkvobxyfca lkvobxyfca fznfvsgjhc
owusjcmdkp owusjcmdkp
cmdqzmgvfi qfbvncxldf cmdqzmgvfi
ljhmnbaicr ljhmnbaicr
koawdpgqdx koawdpgqdx
euqbrkzdsw euqbrkzdsw
lnicnhmajr lnicnhmajr
zpybghfdbe psiebvskfb
