0 15 32 9 41 27 21 76 21 27 34 14 48 79 48 97 48 14 70 14 34 46 5 49 85 49 5 91 5 46 34 27 41 29 44 12 94 12 44 29 41 9 42 50 42 9 6 56 6 9 32 17 19 24 2 4 30 11 68 11 30 4 2 10 66 10 2 39 23 62 23 39 2 73 2 24 19 54 19 82 19 17 32 52 32 15 0 16 3 22 1 60 1 22 3 37 40 64 40 88 40 37 3 16 58 16 0
29
50 50 51
52 52 53
54 54 55
56 56 57
58 58 59
60 60 61
62 62 63
64 64 65
66 66 67
68 68 69
70 70 71
14 72
73 73 74
2 75
76 76 77
21 78
79 79 80
48 81 99
82 82 83
19 84
85 85 86
49 87
88 88 89
40 90
91 91 92
5 93
94 94 95
12 96
97 97 98
