0 75 4 30 29 79 150 94 14 39 35 37 35 39 125 128 117 128 125 39 14 59 19 104 17 104 19 135 109 119 129 180 182 180 14 94 4 100 10 45 170 55 10 12 66 67 66 12 10 100 4 154 9 24 49 160 49 24 70 40 2 40 70 24 90 54 69 74 80 82 108 82 80 54 90 92 90 24 115 77 186 42 186 132 186 77 115 24 9 25 27 65 34 89 145 120 47 120 9 140 195 110 44 110 57 110 0
56
27 27 118
66 66
65 68 65
170 192 172
120 122 120
0 3 133
9 134 87 144
29 124
100 15 100
37 37 36
92 91 92
82 82
17 16 17
186 186
104 104 64
10 13 187
180 180
35 38 35
132 131 132 141
77 116 101
160 136 161 160
2 2 28
14 139
117 166 168
25 25
108 102 108
55 55 58
79 184 79
19 149 99
47 47 183
140 97 142
40 43
145 145 148
57 57 56
12 12 11
182 181 182
34 95
110 113 110
89 114 159
128 128
69 179 69
94 94
150 20 152
44 105 44
54 54
154 154
135 138 52 135
67 67 123
74 74 189
75 78
39 39
30 32 30
42 42 41
129 72 129
125 125
195 197 195
