99 176 103 52 22 52 76 105 131 159 106 108 62 128 164 95 24 194 40 2 86 2 112 19 33 19 95 164 128 62 108 106 159 131 105 76 52 167 154 122 48 13 54 129 29 196 137 85 137 185 137 196 29 129 54 61 135 61 54 13 87 16 197 179 37 23 182 21 5 138 133 113 7 18 43 56 96 157 96 56 43 18 7 113 133 138 5 23 37 53 37 179 197 16 87 13 48 26 199 198 72 74 166 84 160 195 46 144 169 104 169 144 46 27 116 107 49 10 57 193 142 193 57 10 49 107 158 81 100 69 100 81 126 81 158 107 116 27 46 195 160 84 166 74 72 198 26 48 122 154 167 52 103 176 188 175 32 152 6 79 178 79 6 152 32 98 36 155 36 98 32 175 188 176 99
66
53 0 53
19 1 184
107 4 94 163
5 5
135 8 88
81 9
10 10
33 12 33
175 15
16 17 148 190
18 18
138 20
22 22 102
24 24
69 25 83 173
26 26
27 27
129 28
113 30 51 59 114 124 170
32 34
178 35 178
199 39 42
40 40
185 41 185
2 47 63 146
46 55 171
56 56
61 61
43 66 97
126 68 126
142 70 142
62 73
6 75
21 78 165
128 80
104 82 130
152 90
52 92
98 98
99 99
100 100
103 103
106 106
7 111
112 112 192
116 117
157 119 172
122 122
49 123 125
85 127 174 186
131 131
96 132
154 149
137 150
155 151 155
158 158
160 160
76 161
164 164
166 166
167 167
86 168 181
169 169
37 180
95 183
188 188
