loc59 loc79 loc66 loc14 loc90 loc35 loc25 loc62 loc83 loc87 loc6 loc69 loc23 loc61 loc38 loc39 loc17 loc26 loc91 loc30 loc55 loc18 loc95 loc68 loc60 loc36 loc96 loc89 loc32 loc92 loc65 loc43 loc54 loc43 loc65 loc6 loc87 loc83 loc79 loc59
27
loc17 loc17 loc51
loc38 loc2
loc62 loc62 loc74
loc23 loc28 loc46 loc23
loc83 loc83 loc5
loc30 loc13 loc71 loc30
loc39 loc31
loc43 loc43
loc6 loc6
loc68 loc20 loc29 loc68
loc89 loc70 loc89
loc95 loc42 loc41 loc95
loc25 loc50 loc25
loc32 loc32 loc47 loc81
loc35 loc35 loc52
loc60 loc34 loc72
loc90 loc90 loc33 loc1
loc87 loc97
loc96 loc88 loc16
loc54 loc54 loc37
loc65 loc65
loc14 loc4 loc14
loc79 loc11
loc69 loc45
loc92 loc92 loc98
loc55 loc84
loc36 loc36
