woebegone trill fulsome trill Palo Durango cytolysis embassy phylogenetic funky millennium inform millennium funky phylogenetic embassy cytolysis Durango Palo Auberge Palo trill woebegone felony switchmen funny switchmen Gilmore simulate Gilmore switchmen felony casserole MN monotonous MN Hindi combine FPC Winchester bat Winchester oriole PDP Sunday bunch Rio is lordosis lexicon involuntary sacrifice thirteen broil thirteen sacrifice involuntary spill involuntary lexicon Bernini December Fisk swingy dull archive papal archive dull swingy Fisk December Bernini lexicon choice lexicon lordosis is Rio namesake Elizabethan Simon yogurt trimester Curtis illusion transfuse atom Mesopotamia jewel numerology jewel Mesopotamia atom coarse torus icon torus coarse atom yogurt Simon Elizabethan namesake Rio ripe minion brook minion ripe Rio bunch midstream bunch oriole Winchester FPC combine midget grudge cowhand grudge midget combine Wheller creekside taft Tucson taft creekside Dominican Irvin Dominican creekside Wheller combine Hindi MN casserole felony woebegone
53
cowhand Andersen explosion
Auberge Auberge Rodney
Curtis Curtis deduce
Elizabethan Darwin Goodrich
December December Zorn
Durango Durango Hewlett Reilly sinh
Fisk Fisk mediate
Gilmore Gilmore
Irvin Irvin mack
felony Isfahan babysat equipping felony tate thoroughfare
funny McCall funny wingspread
taft Modesto
PDP PDP limitate
Simon Simon
simulate Stephen simulate
Sunday Sunday silage whatsoever
Tucson Tucson extrovert
lexicon Vega
Wheller Wheller
Winchester Winchester connubial
trill administer
brook anvil sphalerite
archive archive postscript softball
involuntary backplate involuntary slowdown
broil barnacle broil
bat bat directory
creekside bifurcate
bunch bunch
papal car papal
casserole casserole renaissance
transfuse catenate transfuse
choice choice shovel
coarse coarse
numerology diligent numerology stanza viscous
monotonous dreadnought monotonous
dull dull
fulsome embroil fulsome
MN exothermic noon
funky funky swordfish yearn
illusion griddle illusion
icon icon update
switchmen imperishable
inform inform secondary
midstream midstream relaxation
millennium millennium
spill mitre spill
oriole oriole
jewel septillion
swingy swingy
thirteen thirteen
woebegone transonic
trimester trimester
yogurt yogurt
