Loc151 Loc40 Loc176 Loc165 Loc98 Loc41 Loc98 Loc136 Loc172 Loc184 Loc3 Loc170 Loc115 Loc36 Loc104 Loc36 Loc115 Loc170 Loc128 Loc16 Loc77 Loc13 Loc6 Loc127 Loc14 Loc68 Loc62 Loc76 Loc46 Loc122 Loc56 Loc157 Loc164 Loc50 Loc181 Loc159 Loc25 Loc194 Loc95 Loc17 Loc5 Loc38 Loc190 Loc38 Loc5 Loc111 Loc123 Loc167 Loc87 Loc179 Loc35 Loc120 Loc43 Loc154 Loc66 Loc18 Loc132 Loc199 Loc102 Loc47 Loc21 Loc89 Loc196 Loc173 Loc65 Loc138 Loc150 Loc88 Loc92 Loc160 Loc9 Loc169 Loc33 Loc84 Loc78 Loc22 Loc152 Loc23 Loc54 Loc7 Loc67 Loc85 Loc79 Loc147 Loc113 Loc180 Loc34 Loc74 Loc188 Loc110 Loc108 Loc27 Loc10 Loc195 Loc24 Loc1 Loc116 Loc52 Loc60 Loc93 Loc2 Loc118 Loc97 Loc141 Loc197 Loc158 Loc106 Loc130 Loc4 Loc48 Loc135 Loc48 Loc4 Loc130 Loc151
71
Loc34 Loc55 Loc34 Loc32
Loc150 Loc49
Loc4 Loc4 Loc131
Loc16 Loc16
Loc184 Loc184
Loc157 Loc94 Loc157
Loc176 Loc177
Loc47 Loc47
Loc160 Loc160
Loc154 Loc109 Loc154
Loc170 Loc170
Loc130 Loc130 Loc171
Loc6 Loc6
Loc41 Loc41 Loc101
Loc151 Loc151
Loc172 Loc172
Loc77 Loc77 Loc61 Loc134
Loc27 Loc27
Loc93 Loc93 Loc126
Loc36 Loc36
Loc7 Loc7
Loc127 Loc127
Loc104 Loc156 Loc104
Loc147 Loc147
Loc98 Loc98
Loc122 Loc122
Loc48 Loc48
Loc68 Loc68
Loc85 Loc85
Loc120 Loc120
Loc92 Loc92
Loc102 Loc124 Loc102
Loc62 Loc62 Loc72
Loc123 Loc185 Loc123
Loc54 Loc54 Loc28 Loc166
Loc106 Loc20 Loc142 Loc182
Loc67 Loc96
Loc195 Loc195
Loc115 Loc115
Loc33 Loc33 Loc148
Loc46 Loc46
Loc21 Loc99 Loc21
Loc196 Loc187
Loc118 Loc118
Loc194 Loc194 Loc15
Loc66 Loc66
Loc52 Loc52 Loc70
Loc173 Loc173 Loc58
Loc2 Loc2 Loc163
Loc181 Loc181
Loc38 Loc38
Loc65 Loc161 Loc65
Loc89 Loc89
Loc116 Loc117
Loc110 Loc110
Loc50 Loc50
Loc141 Loc141 Loc59
Loc43 Loc43
Loc24 Loc24
Loc167 Loc167 Loc183
Loc158 Loc158
Loc13 Loc13
Loc165 Loc165
Loc180 Loc180
Loc138 Loc138
Loc3 Loc3
Loc17 Loc17
Loc128 Loc128
Loc190 Loc190 Loc125
Loc135 Loc57 Loc135
Loc111 Loc111
