g3ylJsdLuC idQHxtSnxr BUMLJo6sc3 TSSOUimHPg IGpxjveim7 yvMowGbkvn vUu8ijgxxf DJYFSgxecW O6QhQ7e2YE 4TTtdOaCTp uqBwmUCwgE u4FAx2sHZm g2I4si69gU Qu2MUNKITj yU6iUY8YgO XOxGPscMMG WcyuqGYOzU oWmQcQwHPo WcyuqGYOzU XOxGPscMMG yU6iUY8YgO Qu2MUNKITj g2I4si69gU u4FAx2sHZm FmtLnHv2HY YpRs8m6oyX FmtLnHv2HY GQ4F0g3Mdj XW1Wn7EqpN rCoEuOa7EU XW1Wn7EqpN GQ4F0g3Mdj FmtLnHv2HY u4FAx2sHZm 1TfvXd6dPZ dC48GQHGzO RN0bCAV6rQ dC48GQHGzO oCk2Yieytb Tk8ERvdKxF WAi18jd2vJ Tk8ERvdKxF oCk2Yieytb 33omYiVXOD 5SSy593K31 qqiMfzDvYA VpC9l6m3bG ZqWjuL44qr jBYJ7v19BQ qjDSEKmZMW jBYJ7v19BQ ZqWjuL44qr VpC9l6m3bG qqiMfzDvYA 5SSy593K31 33omYiVXOD oCk2Yieytb dC48GQHGzO 1TfvXd6dPZ 1N2P3Sa7im x066w6eh4W fWIjO8yhE3 x066w6eh4W Pijq8aHqIR qnkfLCmfDn QTNhZIciNJ CSjLrGbUz3 QTNhZIciNJ qnkfLCmfDn Pijq8aHqIR nFqfAnhO3U euuICgBLD4 nFqfAnhO3U Pijq8aHqIR fXy828RCG4 KUJdxKVZFO 7g0Idy1nzK 03xK87sjTf 7g0Idy1nzK KUJdxKVZFO fXy828RCG4 Pijq8aHqIR s3eMpsYH00 oIVQ2qkgnR s3eMpsYH00 Pijq8aHqIR x066w6eh4W 1N2P3Sa7im srT70dfQEr 1N2P3Sa7im 1TfvXd6dPZ u4FAx2sHZm uqBwmUCwgE 4TTtdOaCTp MXIvZpEPtW pWVnBerIra gTAImjNH8G 7ZWqK2F5XG 0SQlBVJ1YY 0mnwiU4XrT 0SQlBVJ1YY 7ZWqK2F5XG gTAImjNH8G z8wUSSybzM 1KJyArncTt xjSWG1YKh9 Q2bVxDrpEx oEdovEhrWM Q2bVxDrpEx xjSWG1YKh9 KZfI0wRW9K bsEkAY2K41 KZfI0wRW9K 8ZKCAWlImg KZfI0wRW9K xjSWG1YKh9 1KJyArncTt XlU2fx0ZPn BNkM7qaRNw yky49wE4YG 2nSOTVmvxV 5hWe1EOa3M yUArOGL7bN 6akdokYv9t QrJxLpX875 6akdokYv9t yUArOGL7bN 5hWe1EOa3M 2nSOTVmvxV yky49wE4YG 723MhcLxt0 yky49wE4YG BNkM7qaRNw IA0Uf143OT JD3uem81Lg IA0Uf143OT BNkM7qaRNw XlU2fx0ZPn 1KJyArncTt z8wUSSybzM gTAImjNH8G pWVnBerIra MXIvZpEPtW 4TTtdOaCTp O6QhQ7e2YE DJYFSgxecW vUu8ijgxxf yvMowGbkvn QOx0Q2p9eD 5sNanI9agV WCfxK7Y8pw HHHZ1vC1rP 12ECENJIev HHHZ1vC1rP WvFZJEkTrw HHHZ1vC1rP WCfxK7Y8pw 5sNanI9agV QOx0Q2p9eD yvMowGbkvn IGpxjveim7 TSSOUimHPg BUMLJo6sc3 idQHxtSnxr g3ylJsdLuC
60
Pijq8aHqIR lfdanPGo3c Pijq8aHqIR
WAi18jd2vJ S8BtTu4yH9 WAi18jd2vJ 1QXjsHNYao
KUJdxKVZFO 0wTk0mYkLH KUJdxKVZFO
bsEkAY2K41 Q1N77BLmyb bsEkAY2K41
qjDSEKmZMW qjDSEKmZMW TyL7NE2puV
12ECENJIev 12ECENJIev Oiowits7js
oCk2Yieytb oCk2Yieytb bWDewy6WbV
oEdovEhrWM CUEWGmB7Gt oEdovEhrWM
s3eMpsYH00 s3eMpsYH00
YpRs8m6oyX YpRs8m6oyX 2S929yZddP
nFqfAnhO3U TBzLS0OAYU 0hs3CNDF4L
XW1Wn7EqpN XW1Wn7EqpN
WcyuqGYOzU WcyuqGYOzU
oIVQ2qkgnR bhojeHeddF oIVQ2qkgnR
Tk8ERvdKxF uIf3wnJUdn Tk8ERvdKxF
yky49wE4YG WRd4lScvm6 yky49wE4YG Pv5LMSkQii
0SQlBVJ1YY Pz3egMzKU8
8ZKCAWlImg z9nRKYQ1ub tubjzjzUpV t25XjDwQhD
QTNhZIciNJ h5Si5BAPN0 QTNhZIciNJ
JD3uem81Lg CxfzSa2YOV JD3uem81Lg
1TfvXd6dPZ 1TfvXd6dPZ mbSdju1TJK
5hWe1EOa3M LeZK9UvMT9
IA0Uf143OT uvoepIQg9n IA0Uf143OT
0mnwiU4XrT 0mnwiU4XrT wRn7Oi1bcW
723MhcLxt0 gZXiityEnU 723MhcLxt0
5SSy593K31 5SSy593K31
yvMowGbkvn yvMowGbkvn
1N2P3Sa7im u4LnQNaaiz
g2I4si69gU g2I4si69gU oVMPVsMWrZ
pWVnBerIra IT4pKw3giW
QrJxLpX875 QrJxLpX875 dj8JMfo3hX
7ZWqK2F5XG 2O61j91J3T
idQHxtSnxr idQHxtSnxr
GQ4F0g3Mdj GQ4F0g3Mdj
RN0bCAV6rQ RN0bCAV6rQ pk0Vh75DnH
03xK87sjTf 03xK87sjTf nKHFs5cKTX
gTAImjNH8G M2hatQPY96
TSSOUimHPg 97ZNlakBoq LCKLTNE1vp
WvFZJEkTrw WvFZJEkTrw aEo62SfMqH
euuICgBLD4 r8njDwxc2t onlLq65Azx
BNkM7qaRNw BNkM7qaRNw
CSjLrGbUz3 xtp1B5q0W1 CSjLrGbUz3
BUMLJo6sc3 fecMfiAuGC jPXsbXPNMq BUMLJo6sc3
srT70dfQEr K05xB79KZo srT70dfQEr
4TTtdOaCTp FvzkpZRSj8
fWIjO8yhE3 KHDeTTvJC1 8KtuAXHUy3
oWmQcQwHPo oWmQcQwHPo emYRLTiyj9
MXIvZpEPtW 4znnlMjVra biWuM2iRnz
qnkfLCmfDn qnkfLCmfDn dMOAUqH7Z3
Q2bVxDrpEx KpxiCfRqh3
2nSOTVmvxV TP2TNyk7wl
7g0Idy1nzK 7g0Idy1nzK
rCoEuOa7EU mwzQG3SxnO x7iq98BiN3
yU6iUY8YgO yU6iUY8YgO
XlU2fx0ZPn XlU2fx0ZPn
vUu8ijgxxf vUu8ijgxxf
u4FAx2sHZm 2OsmeZV9xh u4FAx2sHZm
VpC9l6m3bG YAqGe4tKAP
fXy828RCG4 fXy828RCG4
jBYJ7v19BQ jBYJ7v19BQ
