SaintPaul Garland Newark Scottsdale Honolulu Memphis Louisville Irving Anaheim Seattle VirginiaBeach StPetersburg Milwaukee Columbus Glendale Hialeah Glendale Columbus Milwaukee StPetersburg Cincinnati ChulaVista Charlotte Phoenix Durham SantaAna Durham Phoenix Charlotte Irvine Buffalo Oakland Philadelphia SanFrancisco Stockton SanFrancisco Philadelphia Oakland Buffalo Irvine Charlotte ChulaVista Baltimore Albuquerque FortWayne Albuquerque Baltimore LongBeach Baltimore ChulaVista SanDiego ChulaVista JerseyCity Toledo JerseyCity Richmond Minneapolis Richmond JerseyCity Lexington Fresno Plano LosAngeles Austin LosAngeles Plano Fresno KansasCity Norfolk Denver Detroit Tucson Detroit Denver Norfolk KansasCity Fresno Lexington JerseyCity ChulaVista Cincinnati StPetersburg VirginiaBeach Seattle Anaheim Irving Louisville Memphis Honolulu Scottsdale Newark Garland SaintPaul
33
Newark Newark
Plano Plano
Scottsdale Scottsdale
Denver Denver
Honolulu Honolulu
Austin SanAntonio Austin
Durham Durham WinstonSalem
Lexington Lexington
Albuquerque FortWorth
StPetersburg Henderson StPetersburg Lubbock
FortWayne FortWayne Anchorage
Baltimore Baltimore Indianapolis
Stockton Houston Stockton
Glendale Glendale
SantaAna Pittsburgh SantaAna
SanDiego SanDiego SanJose
Tucson Tucson Raleigh
Hialeah Hialeah OklahomaCity
Minneapolis Lincoln Bakersfield
LongBeach LongBeach Dallas
Charlotte Charlotte
Fresno Spokane Chesapeake
Milwaukee Milwaukee
Toledo Atlanta Tampa
JerseyCity Laredo JerseyCity
Columbus Columbus
Memphis Memphis
Phoenix Phoenix
Irvine Chandler
KansasCity NewOrleans Aurora
LosAngeles ElPaso
Louisville Madison
Cincinnati Cincinnati
