K B CA FQ FD BJ DV BF GL DP GR CC EY EO DE EV EG AG GG EI BZ DY ES AF BD GC ED GC DJ EE L BB CK FH CJ H FT GK AU AO GM BI CO FW P FJ P FW CO DB DX FK EA FK DX DB CO BI GM AO AU GK FT H CJ FH CK DY BZ EI GG AG EG EP C DR FX CH FU FM DZ CP AW Q AH Q CL O BL GN M BT CF BS AN EB DC U DG DM DI DM DG U DC EB AN DS DH GA BW CG GO FI DD GH DA DT EK DT DA GH DD FL AK BY DW AP FV AV G BA G AV AK FL DD FI GO CG BW GA Y DL EQ CE GF CT GF DL Y GA DH DS AN BS GN BL CP BF DV BJ FD FQ CA GD CA B K
71
B B
G G
DZ I AB DZ
L L
M M
P P EC GJ
O R BG
DT T FO
U U
GO V GO
ED X ED
Y Y
EQ Z EQ
AF AF
AG AG
AH AH EU
DS AJ DS
CF AM CF
AN AN
CL AS
AW AW
FV AX FV
BA BA CB
BB BB CW
BY BE BY
BF BF
BI BI
BJ BJ
BL BL
AP BO
FJ BP FJ
BZ BQ
CJ BR CJ
DP BX DP
CE CE FP
CK CK
CC CM
H CQ
CT CT GI
EV CY EV
DB DB
DC DC
DG DG EL
DH DH
DI DI DK
DR DR
DV DV
DX DX
EA EA EM
EG EG
FU EH FU
GD EJ GD
EK EK GE
FD EN FD
EO EO
CH EZ
DW FE
AO FG
FH FH
FI FI
FM FM
AU FR
K FS
FX FX
DD FZ
GC GC
GF GF
GG GG
GK GK
GL GL
GR GR
