89 68 181 100 113 87 61 122 175 102 143 72 148 62 144 49 128 15 198 82 147 4 127 101 78 27 48 19 106 77 132 179 119 70 136 3 64 31 47 161 118 182 197 142 104 110 172 5 170 83 54 11 20 109 190 145 39 81 38 167 41 37 168 124 99 94 86 53 96 85 33 103 73 133 194 141 46 51 156 79 103 47 179 87 100 181 89
61
100 100
96 96 23
179 179
102 178 102
101 101 169
132 132 195
86 86 173 56
197 197
172 172
127 127 88 80
79 79 36
94 94 151
3 3
190 190
122 122
33 33 25 121
64 18 64
51 51
103 97 193
99 99 44
78 78 75
124 124 59
109 183 109
113 199 112
143 125 114
128 128
156 135 156
147 29 147
81 81
37 37
85 146 85 32
31 107 155 6 31
148 148 13
161 16
136 136
68 69 12
194 194
142 21 188
11 11
145 149
5 5
104 130
83 83
27 27 191
182 98
118 189 118 1
41 41
4 4
49 111 140 49
39 39
73 73
62 160
82 65 82
133 133
38 38
61 61
70 192 70
72 58 187
48 48 9
144 144
141 141
