fmdhlepsteinstdnkill epsteindlsfdntmkillh dnkillepsteinlshdtfm epsteinkillmsftnddlh fkillepsteindlhdnsmt nltdmsfepsteinkilldh fkillepsteindlhdnsmt slepsteinntkillhddfm lsdepsteinfmkillndth tlmsdhdnkillfepstein fmsepsteindntldhkill epsteindfhlmdnskillt fmsepsteindntldhkill tlmsdhdnkillfepstein lsdepsteinfmkillndth slepsteinntkillhddfm fkillepsteindlhdnsmt epsteinkillmsftnddlh dmepsteinfnhltkillsd fshtdepsteinmldnkill dthepsteinkillmsldfn dmdepsteinnhkilllsft epsteinfsddmthkillnl dmdepsteinnhkilllsft dthepsteinkillmsldfn fshtdepsteinmldnkill dmepsteinfnhltkillsd epsteinkillmsftnddlh dnkillepsteinlshdtfm killepsteinlhtfdsmdn epsteinlshkilldnfdmt flepsteindndhmtkills killdmnsfhldepsteint hkilldfepsteinmdlnts fdshnmkillepsteinltd killnsfmhdepsteindtl epsteinskilldlndhmtf lthfkilldnsmepsteind hepsteinsddnfkillmlt lthfkilldnsmepsteind epsteinskilldlndhmtf killnsfmhdepsteindtl fdshnmkillepsteinltd hkilldfepsteinmdlnts killdmnsfhldepsteint flepsteindndhmtkills epsteinlshkilldnfdmt killepsteinlhtfdsmdn dnkillepsteinlshdtfm ddlmnftepsteinhskill dnkillepsteinlshdtfm epsteindlsfdntmkillh fmdhlepsteinstdnkill nhmkilllsftepsteindd ddepsteinhltfkillsmn nmlfshtdkillepsteind nhkillepsteindmdlsft nepsteinlmdkilldhfts ntlepsteindmfdshkill dfdkillepsteinslmhnt lhsepsteindtdnmkillf dfdkillepsteinslmhnt ntlepsteindmfdshkill nepsteinlmdkilldhfts nhkillepsteindmdlsft sldnhepsteindftkillm nfdhkilllsmtepsteind dfkilllmtepsteinhdsn tdfepsteinnlhdkillsm epsteinmhndfkilltdls hsdlepsteinmnkilldft hsndepsteindlmtkillf hsdlepsteinmnkilldft epsteinmhndfkilltdls tdfepsteinnlhdkillsm dfkilllmtepsteinhdsn nfdhkilllsmtepsteind sldnhepsteindftkillm nhkillepsteindmdlsft nmlfshtdkillepsteind ddepsteinhltfkillsmn nhmkilllsftepsteindd fmdhlepsteinstdnkill lkilltndepsteindsmfh tmsdnfdlkillhepstein lkilltndepsteindsmfh fmdhlepsteinstdnkill
32
killnsfmhdepsteindtl msfltdkillnepsteinhd tmlepsteinsdnfkillhd killnsfmhdepsteindtl
nfdhkilllsmtepsteind nfdhkilllsmtepsteind
epsteindlsfdntmkillh epsteindlsfdntmkillh
epsteinkillmsftnddlh epsteinkillmsftnddlh
dmepsteinfnhltkillsd dmepsteinfnhltkillsd
fdshnmkillepsteinltd fdshnmkillepsteinltd
fmsepsteindntldhkill fmsepsteindntldhkill
killdmnsfhldepsteint killdmnsfhldepsteint epsteintdkilllnfdhms
lhsepsteindtdnmkillf lnsmkilltfdepsteindh fhndskillepsteintldm
hkilldfepsteinmdlnts hdepsteinskillldtnfm
dnkillepsteinlshdtfm dnkillepsteinlshdtfm lmhdtfdepsteinnkills
epsteinfsddmthkillnl tlsfdmdepsteinnhkill dhepsteindsnlkillfmt hnsdkilllftdmepstein
killepsteinlhtfdsmdn killepsteinlhtfdsmdn dhkilllsepsteinmntdf
ntlepsteindmfdshkill ntlepsteindmfdshkill killmlepsteindthnfsd
epsteindfhlmdnskillt epsteindfhlmdnskillt dlnsthfmepsteinkilld
nepsteinlmdkilldhfts depsteinnlsfmhtkilld nepsteinlmdkilldhfts
nhmkilllsftepsteindd nhmkilllsftepsteindd
lsdepsteinfmkillndth lsdepsteinfmkillndth
fshtdepsteinmldnkill fshtdepsteinmldnkill
flepsteindndhmtkills flepsteindndhmtkills
hepsteinsddnfkillmlt ddtmkillepsteinflsnh nkilltdhlmdepsteinsf hepsteinsddnfkillmlt
hsndepsteindlmtkillf lndsdkilltmepsteinhf hsndepsteindlmtkillf
slepsteinntkillhddfm ndkillftdsmepsteinlh
nltdmsfepsteinkilldh nltdmsfepsteinkilldh hnfdtmlepsteinkillds
tmsdnfdlkillhepstein mftkillepsteinndlhsd lhepsteinkilldtnmfsd
ddlmnftepsteinhskill fepsteinhsntddkilllm ddlmnftepsteinhskill
epsteinskilldlndhmtf hsdfepsteintlnkilldm epsteinskilldlndhmtf
fkillepsteindlhdnsmt stepsteinhkillfmnldd
tlmsdhdnkillfepstein tlmsdhdnkillfepstein
dfkilllmtepsteinhdsn dfkilllmtepsteinhdsn
epsteinlshkilldnfdmt epsteinlshkilldnfdmt
epsteinmhndfkilltdls epsteinmhndfkilltdls
