FortCollins Harlingen Knoxville Akron FortSmith Arvada Glendale Columbia Barnstable Kenosha Gilbert Kenosha Barnstable Brownsville Fayetteville DaytonaBeach LakeCharles Chattanooga Burlington Garland Fargo Charleston Baltimore Hayward Hartford Aurora ClarkeCounty Independence Bellevue Independence ClarkeCounty Aurora Dallas Clarksville Bradenton Bridgeport McAllen Chicago Clearwater Evansville LosAngeles Jefferson BatonRouge Cambridge Honolulu ElkGrove Harrisburg ElkGrove Honolulu Cambridge BatonRouge Jefferson LosAngeles Dallas Aurora Hartford Hayward Baltimore Charleston Fargo Arvada Hickory Inglewood Lansing DesMoines GreenBay Boston Bloomington Layton LasVegas Kennewick Downey Carrollton Frederick Hampton Lafayette Laredo GardenGrove CollegeStation Fullerton KansasCity FortWorth Berkeley FortWayne Fairfield Joliet Fairfield Kaneohe Albany Kaneohe Fairfield Lancaster ColoradoSprings ChulaVista Howell Flint DalyCity Durham Fitchburg Asheville Escondido LittleRock Houston Fresno Houston Beaumont Lubbock FortWaltonBeach Kissimmee Amarillo AppleValley Corona Allentown Bremerton Henderson HuntingtonBeach Manchester BoiseCity Detroit Lacey Irving Cincinnati Bakersfield Elkhart FortCollins
64
Barnstable Aberdeen Barnstable
LittleRock Abilene LittleRock
Akron Akron Elizabeth
DaytonaBeach Albuquerque
Amarillo Alexandria Amarillo
Allentown Allentown
Kennewick Anaheim Kennewick
Lancaster Anchorage Lancaster
Bakersfield AnnArbor Bakersfield
AppleValley AppleValley
Fayetteville Appleton Fayetteville
Arvada Arvada Erie Leominster
Manchester Atlanta Manchester
Kenosha Augusta
LasVegas Austin Cleveland
Baltimore Baltimore
Beaumont Beaumont Bethlehem
Bellevue Bellevue Lakeland
Berkeley Berkeley ElMonte
CollegeStation Boise CollegeStation ElPaso
BoiseCity BoiseCity Eugene
Charleston BonitaSprings
Bradenton Bradenton
Bremerton Bremerton Grayslake
Lacey Brighton Lacey
Brownsville Brownsville
Cambridge Burbank Fremont Hollywood
KansasCity CapeCoral DavidsonCounty
Carrollton Carrollton
Irving Cary Irving
Albany CedarRapids Lorain
Elkhart Champaign Elkhart
Boston Chandler
Chicago Chicago
ColoradoSprings ColoradoSprings
Dallas Dallas
DalyCity DalyCity
Evansville Danbury Evansville
Layton Denver Layton
DesMoines DesMoines
Detroit Detroit
Fairfield Fairfield
Fargo Fargo
Harrisburg Fontana Harrisburg
FortCollins FortCollins
FortWaltonBeach FortWaltonBeach
Frederick Frederick
Fresno Fresno Kalamazoo
Garland Garland GrandRapids
Gilbert Gilbert Jacksonville
Hampton Hampton
Harlingen Harlingen
Knoxville Hemet Knoxville
Henderson Henderson
Hickory Hickory
Houston Houston
Independence Independence
Burlington Indianapolis
Inglewood Inglewood
ElkGrove Irvine
Jefferson Jefferson
Joliet Joliet LasCruces
Lafayette Lafayette Lakewood
Lubbock Louisville Lubbock
