CorpusChristi ElPaso Akron Cary CedarRapids Burbank Birmingham Anchorage Davenport Buffalo Columbia Canton Bradenton Clearwater Bellevue BoiseCity Danbury DavidsonCounty ColoradoSprings Chicago Denton Charlotte Berkeley Albuquerque Clarksville Chattanooga Escondido Aurora Arlington Augusta BatonRouge Asheville Austin Asheville BatonRouge Augusta Arlington Aurora Escondido Chattanooga Boise Amarillo Boise Chattanooga Clarksville Davenport Anchorage Elkhart Champaign Anaheim Champaign Elkhart Anchorage Birmingham CorpusChristi
31
Akron Akron DalyCity
Albuquerque Albuquerque Columbus
CedarRapids Alexandria BonitaSprings
Amarillo Amarillo Cincinnati
Anaheim Anaheim CathedralCity
DavidsonCounty AppleValley Chandler
Chicago Appleton Bridgeport Chicago
Berkeley Arvada
Asheville Asheville
Augusta Augusta
Austin Austin Beaumont
Anchorage BelAir Deltona
Buffalo Bloomington Carrollton Elizabeth
BoiseCity BoiseCity Brownsville
Clearwater Boulder Clearwater
Denton Bremerton Denton
Charlotte Bryan
Canton Canton
CorpusChristi CapeCoral CorpusChristi Downey
Champaign Champaign
Bradenton Charleston
Chattanooga Chattanooga
ColoradoSprings ColoradoSprings
Columbia Columbia
Danbury Dallas Danbury
Davenport Davenport
Burbank Denver ElMonte
BatonRouge Durham
ElPaso ElPaso
Elkhart Elkhart
Escondido Escondido
