WNYCV UUOP5 18R1B H7R17 WZTTJ PQ40E 91RFG TG5ZG UDC3C 1BUOS P3DJ7 X2AM4 KB443 EYREL PQ40E WZTTJ H7R17 XRQ65 5I6U4 XRQ65 H7R17 LK2JB WH9QK DDBA4 1ACIU B8UZ8 1ACIU DDBA4 WH9QK WJHGG WH9QK LK2JB H7R17 18R1B FS0ES J501P RN3DW URMBF X8T63 KRLTG Z2GJ8 7CXN0 Z2GJ8 KRLTG X8T63 URMBF RN3DW J501P GAXPM J2Z2N 2PD2W XDKMD 639ON KGZCW HR8IA KGZCW 4O059 MB70R BGJ6Q BMC9X 2CPYE F07YB QSI1X F07YB 2CPYE UUOP5 XTUSM UUOP5 WNYCV
32
XRQ65 XRQ65
1ACIU 1ACIU XD7IR
KB443 H8ZPW KB443 YMTTJ
639ON GXYLV
TG5ZG TG5ZG
XDKMD EQWAL 1NBGE XDKMD
91RFG 91RFG
HR8IA OE5TB HR8IA
QSI1X QSI1X 1UWW5
WZTTJ F5YBY
EYREL QTZLJ EYREL
7CXN0 ULCTZ 7CXN0
5I6U4 V11OW 5I6U4 2KYXC
WH9QK XPFOM HHCET 65TK9
X8T63 77EY5
WNYCV K1ZSD
XTUSM XTUSM UGOIO
KRLTG KRLTG 2FT0Z
WJHGG XBRKQ H212X
UUOP5 UUOP5
BMC9X ZA57Z BMC9X
1BUOS 1BUOS
X2AM4 X2AM4
B8UZ8 42QVU B8UZ8
URMBF URMBF
GAXPM GAXPM
MB70R CUG55
2PD2W BO3AW
RN3DW 9HVLF
BGJ6Q HZ80H
F07YB F07YB
18R1B 18R1B
