4HOMU DL8LT X180A LIRLU 4HSLO YJ67U 4HSLO FRZVP ZRPB5 O9J47 Y4WG4 HV4Z2 Y4WG4 O9J47 ZRPB5 61QWU ZRPB5 DL8LT 4HOMU C7WKJ YK7ZR V8GEC 1X6L1 FMCVK WBT4L FMCVK 1X6L1 JF7TT DTPF4 TORQI 1F0YL BELQC BU58G TI35I 6NY7T BE5V8 2P5XR 4WDJE ELH5L B3Y9E UW44H 52MNN 4YS4G ZN2EP 4YS4G 52MNN UW44H VOCAC 1RS2N 945CN Q02X6 Q5DAA KJDC0 N9H3X RU85S N9H3X KJDC0 1RS2N VOCAC UW44H B3Y9E M0J6A TBPBM M1HJR EJSFK 58MIB IF7TL 6ACGE KN0CP KOYRV 0U9HU KN0CP 6ACGE 58MIB EJSFK G5JK6 P2H5X BJ8X0 P419D WI88U W2M5C 4WDJE 2P5XR BE5V8 6NY7T TI35I RAAD4 2KXWI H0BTZ ZGZT5 AT3CI VHCFR AT3CI ZGZT5 QOBDK 76HUN PYPSO HWKGJ LKP22 UX00P H1LTE PTEKT C45HH PTEKT H1LTE UX00P LKP22 HWKGJ ZGZT5 H0BTZ 2KXWI RAAD4 9O1IZ RAAD4 TI35I BU58G BELQC JIVZP L2PQE 53Y1R K50JQ I91NY UDYJK WCHWI 45JXE WCHWI UDYJK I91NY K50JQ 6OA3K CFGE5 6OA3K K50JQ 53Y1R 1X6L1 V8GEC YK7ZR C7WKJ 4HOMU
63
L2PQE L2PQE LEBVZ
945CN 945CN
TORQI L2GJ5 TORQI
LIRLU 2C63O LIRLU
HV4Z2 SYV5N XEEQB WP2MA
YJ67U 768ZF YJ67U
RU85S RU85S HZHRA
KOYRV KOYRV 8CLEZ
0U9HU KC9RF 0U9HU WZB33
ZN2EP ZN2EP IZESQ
45JXE 45JXE PTADN
UW44H UW44H
Q02X6 0D2BR
M1HJR M1HJR ZHSBU NPDI9
1F0YL 1F0YL
WCHWI DOLRQ
IF7TL 50J5H IF7TL
CFGE5 CFGE5 FC0PR
W2M5C Q7FCL W2M5C
KN0CP 0VPRW
AT3CI SHOOM AT3CI
HWKGJ HWKGJ T9O11
6ACGE 6ACGE
DTPF4 DTPF4
WBT4L 7GA8O 2BUI5 6WOBI
53Y1R 7U3JG 53Y1R
BE5V8 BE5V8
61QWU TY0L7 61QWU
4YS4G SA6G0
WI88U WI88U EDSMH
FRZVP DCHO3 FRZVP
RAAD4 RAAD4
TI35I TI35I
M0J6A Y61KP
FMCVK 9WSXC PXCIN
C7WKJ C7WKJ OIPRN
P419D P419D
Q5DAA ZZH8Z 3AIXW Q5DAA SKPO7
UX00P V22SY MC71K
K50JQ K50JQ
4HOMU JXLE1
H1LTE H1LTE OLLV9
DL8LT DDXG0
1RS2N 1RS2N
4WDJE 4WDJE
PYPSO 8EXDQ PYPSO
9O1IZ FCYPJ 69BJO
VHCFR W2H22 VHCFR
6NY7T CM5WA
ZRPB5 ZRPB5
C45HH C45HH BVMDZ
ELH5L ELH5L
X180A X180A
52MNN 52MNN
G5JK6 WXZHF
6OA3K 6OA3K
UDYJK C8O6I
EJSFK LLTLN
TBPBM A1QRL TBPBM
V8GEC V8GEC
O9J47 PMFJ2
JIVZP TCC7B
LKP22 LKP22
