10 59 15 36 54 89 23 21 2 82 2 63 95 63 2 21 23 43 77 76 46 13 67 40 66 40 67 13 46 48 78 48 46 76 77 43 8 61 93 61 8 19 80 19 8 43 23 89 54 36 55 36 15 53 30 35 45 73 72 41 87 51 33 50 33 51 87 41 18 31 91 56 91 31 18 41 72 73 45 24 75 24 45 35 64 26 64 35 84 0 3 71 3 0 84 35 30 53 15 59 10
31
50 50 86
51 51
30 52 88
53 53
54 54
55 55 90
56 56 57
10 58 92
59 59
93 60 93
61 61
63 62 63
64 64
26 65 96
66 66 97
67 67 98
21 68 69
71 70 71
72 72
73 73
75 74 75
76 76
77 77
78 78 79
80 80 81
82 82 83
84 84 85
87 87
89 89
91 91
95 94 95
