COM MDG IDN MMR NPL PRY NPL MMR IDN HKG HTI MKD HUN PAK HUN CHL JPN CHL HUN MKD MDG COM NER COM REU SDN MEX POL PNG PLW NIU PER PRI PCN GMB NGA NFK NGA FSM FIN GAB FIN FSM NGA GMB PCN PRI PER PSE MLT CRI KGZ LAO LUX NIC LUX LAO KGZ CRI CAF CRI MLT PSE PER NIU CZE DEU CZE NIU PLW PNG POL MEX MLI CPV LIE CPV COK HND COK CPV MLI MCO SAU DOM DZA MYS IRN MYS DZA DOM SAU MCO MLI MEX SDN REU COM SGS NZL SGS LBR LBY QAT SGP RUS BLZ BOL BHR BOL BLZ RUS SGP QAT ALB QAT LBY LBR NCL EST GIB GHA GEO GBR FRA ESH FRA GBR GEO GHA GIB EST NCL LBR SGS MUS DJI MUS SGS SHN CHN COD CHN SHN SGS COM
57
CAF CIV LKA NRU CAF
HTI CAN GUM HTI
HND HND GRC MAR
PRY MOZ PRY
MDG ITA
HUN KOR HUN
NER NER MTQ
NZL MYT NZL
REU REU MDA AFG
LUX LUX
DEU CXR DEU
LIE LIE LTU
GAB EGY GAB
MMR MMR
PAK GNQ PAK
PCN PAN
NPL NPL
SHN SHN
FRA FRA
GEO ESP GEO
BLZ BLM BEN
COD COG COD
GIB GIB
CPV MAC CPV RWA
LBR LBR
SGS KHM HRV SGS
MEX MEX
CRI ATG
IDN IDN COL
ALB ARM ALB
DZA DZA
SDN SDN
GBR GBR
JPN LBN JPN
BHR BDI BHR
DJI DMA DJI
BOL BHS AZE BMU
KGZ KNA
RUS RUS HMD
NIC IRL AUS ABW NIC
COK COK
HKG HKG KAZ
NFK NFK JEY ALA
ESH ESH ECU
PNG PNG
MLI MLI
LAO LAO KWT
FSM GIN FSM
CZE CYP
POL POL ARE
CHN CHN
FIN FIN
IRN IRN IOT
PSE PSE
NIU NIU
GMB GMB
GHA GHA
