Wurster Class Montgomery Tennessee Alabama Kleeberger Latimer Barrows Simon Missouri Hesse Raleigh Vermont Juneau Idaho UC McLaughlin Baton Frank Sutardja Florida Pitzer Baton McLaughlin UC Idaho Juneau Class Wurster
21
McLaughlin Silver McLaughlin
Alabama Boston Alabama Sather Massachusetts
Class Honolulu Pennsylvania Stanley Hilgard Optometry Class Indianapolis
Montgomery Montgomery Maxwell Parking
Hesse California Salem Hesse
Frank Frank North Nevada
Baton Hazardous
Sutardja Sutardja
Simon Recreational Simon
Missouri Visitor Moses
Wurster Wurster
Vermont Vermont Simpson
Juneau Juneau
Florida Florida Gilman
Raleigh Raleigh Oregon
Barrows Spieker Blackwell Moffitt Barrows Brain
Tennessee Tennessee Chan Anthony
Pitzer Pitzer Cory
Kleeberger Kleeberger Goldman
Idaho Idaho
Latimer Observatory
