Rhode Life University Kentucky Annapolis McCone Davis South Campanile Genetics Cleary Warren Greenhouse CNMAT Columbia Durham BART Optometry Simon Boalt Wyoming Richmond Maryland Bowles California Heating Energy Golden West Denver Trenton Giannini Morrison Alabama Goldman Kleeberger Kroeber Cory Cheyenne Wurster Lawrence Olympia Kentucky University Life Rhode
37
Greenhouse Krutch Hearst Observatory McLaughlin Jefferson Concord
Energy Energy Pennsylvania
Campanile Campanile Birge LeConte Chou Baton Simpson Oregon Nevada Santa
Richmond Providence Richmond
Columbia Utah Edwards Columbia Tang Jones Madison Police Mulford
California Florida Columbus Hargrove
Alabama Jacobs
CNMAT Clark CNMAT
Cleary Bancroft Hawaii Blackwell Stadium Springer Cleary
Kentucky Harrisburg Silver Hellman Michigan Kentucky Grinnell
Rhode Rhode
Annapolis Annapolis
Cory Cory Moses
Denver Wisconsin
Morrison Haste Moffitt Morrison
Simon Illinois Simon
Wyoming Insectary International
Golden Little Minnesota
Optometry Nashville Class Hertz Salt Tennessee Lower Mathematical Maxwell
Bowles Bowles Chvez Brain
BART Montana BART
Cheyenne East Cheyenne
Heating Hartford Heating Etcheverry
University Donner University
Kroeber Lansing Austin
Olympia McEnerney Olympia
Life Life
Durham Durham Foothill
Davis Berkeley
Boalt Sproul Boalt
Maryland Maryland Topeka
West West Montgomery
Lawrence Martin Valley
Goldman Durant Mississippi
Giannini Barrows
Trenton Trenton
Warren Warren
