100 31 15 27 70 36 33 12 11 10 11 12 33 36 70 27 15 30 16 59 25 22 25 59 16 61 14 34 7 39 7 34 103 13 29 43 72 40 8 9 8 40 72 43 29 13 103 34 14 61 26 45 44 2 17 1 17 2 46 142 131 50 19 47 48 47 19 50 133 141 20 136 188 21 56 21 188 136 20 141 133 50 131 130 129 144 42 3 42 144 129 130 131 142 46 2 44 4 44 45 26 61 16 30 15 31 100 58 55 18 53 23 53 18 55 58 100 86 85 164 165 104 156 153 156 104 165 164 85 86 100
49
1 1 54
2 2
3 3 41
4 4 5
9 6 9
7 7
8 8
10 10 121
11 11
12 12
13 13
14 14
15 15
16 16
17 17
18 18
19 19
20 20
21 21
22 22 60
23 23 51
55 24 55
25 25
26 26
27 27
36 28 36
29 29
30 30
31 31
100 32
33 33
34 34
39 37 39
40 40
42 42
43 43
44 44
45 45
46 46
47 47
48 48 49
50 50
53 52 53
56 56 57
58 58 182
59 59
153 111 153
165 165
86 192
