YuhuaEast TelokBlangahDrive Sennett SerangoonGarden Sennett TelokBlangahDrive CityHall Simpang Mandai PasirRis SembawangStraits OneTreeHill HongKah OneTreeHill Katong BoonTeck ClementiNorth EvertonPark ReservoirView PulauPunggolTimor Khatib SimpangNorth Khatib PulauPunggolTimor ReservoirView EvertonPark Katong OneTreeHill SembawangStraits Shipyard ClarkeQuay Shipyard OrangeGrove PeoplesPark LorongChuan Kangkar JurongRiver Saujana HougangCentral SwissClub WestCoast SouthernIslands Redhill MountEmily KebunBahru Tampines KebunBahru MountEmily PayaLebarEast TohGuan PayaLebarEast MountEmily PayaLebarNorth ConeyIsland ShangriLa TiongBahru ShangriLa ConeyIsland PayaLebarNorth MountEmily Redhill SouthernIslands SembawangHills Dunearn UluPandan Dunearn SenokoNorth PasirPanjang2 BukitBatokSouth WoodlandsWest Northland WoodlandsWest BukitBatokSouth PasirPanjang2 SenokoNorth KianTeck SenokoNorth Dunearn SembawangHills SouthernIslands WestCoast Commonwealth Chatsworth Commonwealth SungeiRoad Commonwealth WestCoast HougangEast Changi Sembawang Changi HougangEast JurongPort PeiChun ChengSan BoonLayPlace ChengSan Sengkang Brickworks KampongUbi TelokBlangahRise KampongUbi Brickworks Sengkang ChengSan JurongWestCentral ClementiWest Anson ClementiWest JurongWestCentral ChengSan Mandai ClementiCentral Midview UpperPayaLebar TagoreSindo UpperPayaLebar Midview ClementiCentral Mandai Simpang CityHall TelokBlangahDrive YuhuaEast
58
Northland Northland Mountbatten
HongKah HongKah UpperThomson
Anson AngMoKioTownCentre OneNorth
TagoreSindo SerangoonNorth TagoreSindo
SimpangNorth Paterson SimpangNorth AlexandraNorth
Midview Punggol
SouthernIslands YioChuKang HongKahNorth SouthernIslands
Commonwealth KentRidge Commonwealth
Dunearn KeatHong PearlsHill
ChengSan BedokNorth
ClementiCentral Serangoon
OneTreeHill OneTreeHill Trafalgar
Sembawang EastCoast Sembawang
Sennett Sennett ChinaSquare
SungeiRoad WaterwayEast SungeiRoad PangSua
TelokBlangahRise SungeiKadut TelokBlangahRise IstanaNegara
PayaLebarNorth TuasPromenade PunggolField Tanglin
PayaLebarEast Museum PayaLebarEast BenoiSector
BoonLayPlace LowerSeletar BoonLayPlace
ClarkeQuay BedokSouth Matilda
SembawangStraits SembawangStraits
WestCoast TuasNorthPioneer
CityHall CityHall
HougangCentral HougangCentral DefuIndustrialPark
TohGuan PasirRisDrive TohGuan
Tampines Tampines BukitBatokWest
JurongRiver ChoaChuKang
Redhill Moulmein
TiongBahru TiongBahru TuasBay
BukitBatokSouth BukitBatokSouth
PasirRis PasirRis
Shipyard Shipyard PasirRisPark ChangiPoint
JurongPort JurongPort JooSengPayaLebar MandaiEast
ClementiNorth ClementiNorth Kembangan
MountEmily GeylangEast
Khatib Khatib
Brickworks Brickworks
Kangkar Aljunied
SerangoonGarden SerangoonGarden SingaporeRiver
PasirPanjang2 SerangoonCentral
SembawangHills SembawangHills
Saujana BoatQuay Saujana
EvertonPark EvertonPark
PeiChun PeiChun DairyFarm
KampongUbi Sentosa
Chatsworth InstitutionHill Chatsworth
KianTeck DhobyGhaut Cairnhill Port
ReservoirView ReservoirView
PulauPunggolTimor PulauPunggolTimor
UluPandan UluPandan YioChuKangEast
HougangEast TampinesNorth
Mandai Geylang Mandai
WoodlandsWest WoodlandsWest
JurongWestCentral JurongWestCentral
PeoplesPark PeoplesPark BayfrontSubzone
Changi ChangiWest
KebunBahru KebunBahru RochorCanal
OrangeGrove OrangeGrove
