139 18 11 85 2 38 2 147 3 17 59 22 41 22 59 17 3 26 16 26 19 26 3 81 3 104 4 6 4 21 79 21 4 84 4 104 3 147 2 149 7 60 12 43 14 15 31 25 31 15 14 43 12 60 7 90 8 178 1 47 32 66 9 66 1 89 1 178 8 90 7 129 10 30 10 37 5 37 10 129 7 149 2 85 11 18 139
39
84 189 84
1 106 1 58 172
16 77 65 108 16 186
10 91 123 130
15 142 15 128 118
47 47
12 146 105
6 125 101 71 188 191
85 85
41 112 41
14 23 14 27 138
8 8 165
26 198 48 26
11 11 127
81 81 122
18 18 57
32 152 33 32
7 74 182 7
43 43
4 173 148 145 75
5 5 95 158 82 35
17 64 187 69
9 78 184 9
22 176 22
25 141 25
60 60
2 2 72 153 98 161 157
3 111 134 96
21 113 21
37 109 37
79 79 114
30 144 13 30
147 147
38 39 44
31 31 131
89 119 89
104 104
178 178
19 67 156
