F8 B8 I5 R9 I9 P1 C5 K7 T1 P7 S7 P7 T1 K7 C5 P6 N9 B4 F5 I4 F5 B4 M9 J7 L3 R7 O6 R7 L3 J7 M9 B4 N9 C5 P1 H1 P1 F0 J4 B3 Q7 B3 J4 F0 P1 I9 R9 I5 B8 F8 O3 R3 O2 R3 J0 K9 C1 K9 E7 K9 J0 R3 O3 F8 C3 C8 D0 S8 R0 I3 M1 H7 C4 T6 N2 E4 J5 E4 M1 I3 D2 B6 I2 T9 N0 G9 D8 T5 T8 H0 T8 T5 A6 K2 J2 I0 S0 O1 S0 D8 G9 N0 Q2 H8 D3 H8 Q2 N0 T9 M3 O7 B7 Q8 B7 O7 M3 P5 H6 P5 M3 T9 I2 G8 T0 G8 I2 A2 F4 Q9 F4 A2 I2 B6 D2 I3 R0 S8 D0 S5 D0 A1 D0 C8 C3 F8 M5 F8
55
J5 H4 E3
T0 T0 Q0 K5 H3 A9
J7 H5 S9
J2 J2 O5
D8 D8
T6 P9 B0
B4 B4 N6 I6
C8 C8 M6
M5 M5 D5
E4 E4 D9
P7 Q3 P7 Q5 R6
D3 C2 D3
O2 R8 O2
N9 N4 A0
S7 S7 N7
T8 T8
T9 E5 B2 T9
A2 A2 H2
H6 H6 N1
N0 N0
O3 K6 O3
C3 N8 C3
I4 I4 F9 L6 F2
O1 O1 E2
C1 D4 C1
H1 G0 P2 H1
I3 I3
Q7 Q7 F6
N2 K3 N2
Q9 C0 M0
A1 A1 K1
P6 R4 P6
O6 G4 D7
Q8 Q8 A8
I2 I2
T1 T1
I9 I9
I0 F1 I0
Q2 G6
P5 P5 S2
K9 L9
J0 J0
R9 R9
D0 E8
H0 H0 I8
E7 A3 E7
S8 S8
G9 G9
R0 R0
B3 B3
R7 J1
T5 T5
S0 S0
S5 G1 S5
C4 C4
