Qwilfish Tropius Drapion Vullaby Jumpluff Vullaby Drapion Tropius Shellos Drampa Phanpy Skiddo Noibat Simisear Sandile Meloetta Inkay Metapod Weezing Metapod Sandile Simisear Slowbro Nincada Slowbro Simisear Noibat Terrakion Politoed Tornadus Kakuna Dewpider Whismur Dewpider Politoed Terrakion Metang Crawdaunt Scatterbug Honedge Skorupi Munna Skorupi Skiddo Phanpy Magmar Volcarona Magmar Phanpy Lotad Amoonguss Lotad Phanpy Drampa Froakie Drampa Gengar Drampa Qwilfish
29
Volcarona Volcarona Steenee
Meloetta Meloetta Porygon2
Gengar Gengar Tauros
Whismur Whismur Bastiodon
Qwilfish Qwilfish
Simisear Simisear
Metapod Metapod
Crawdaunt Woobat Crawdaunt
Sandile Sandile
Nincada Nincada Seaking Comfey
Munna Swadloon Munna
Drapion Drapion Taillow
Scatterbug Scatterbug Shellder
Vullaby Vullaby
Weezing Escavalier Weezing
Inkay Vespiquen Inkay
Skorupi Magnemite Skorupi
Magmar Magmar Conkeldurr
Amoonguss Stufful Amoonguss
Noibat Noibat
Froakie Froakie Bounsweet
Metang Metang Slurpuff
Honedge Weepinbell Honedge
Drampa Drampa
Jumpluff Plusle Jumpluff
Kakuna Treecko Kakuna
Lotad Lotad
Shellos Shellos Wailord
Skiddo Skiddo
