Myrtle Montgomery Lafayette Davidson Charles Bellevue Kansas Joliet Baton Hollywood Cedar Brownsville Cary Albuquerque Canton Bradenton Jacksonville Dallas Hemet Monterey Plen Erie Minneapolis Kissimmee Harlingen Lorain Fayetteville Arvada Appleton Leominster Appleton Arvada Bloomington Arvada Fayetteville Barnstable Nashua Moreno Aribel Abilene GreenBay Lacey Huntington Lacey Kissimmee Albuquerque Cary Charles Davidson Lafayette Montgomery Myrtle
31
Abilene Hartford Abilene
Joliet Joliet Deltona
Barnstable Barnstable Macon
Dallas Dallas Chandler
Jacksonville Grays
Huntington Muskegon Huntington
Moreno Merced Moreno
Erie Erie Huntsville
Fayetteville Chicago Albany
Hollywood Hollywood
Hemet Hemet
Cary Cary
Nashua Bridgeport Nashua
Harlingen Harlingen
Cedar Cedar Champaign
Plen Plen
Bradenton Bradenton
Bloomington Bloomington Medford
Brownsville Brownsville Mobile
Albuquerque Albuquerque
Lorain Lorain Lansing
Kissimmee Miramar Kissimmee
Montgomery Montgomery Cathedral
Davidson Davidson
Leominster Leominster Houma
Minneapolis Minneapolis Lexington Alexandria
GreenBay GreenBay Corpus
Aribel Aribel
Lafayette Baltimore
Kansas Kansas
Appleton Appleton
