DK BG AJ CW AT CK ES BD CV HC FF BF BV HD CY DF ER CE AU BH DB FC HE DZ GO CG CL FQ DN HB FI AM CP BM CP CL DX DA CD AY CO AV FS EG FT AO CF AK DG EF BW DA CG GO DZ CJ AI DI EU EX BK AW AR BZ EP AC FH EA DU AC EP BZ AR AW BK EX AA FB CM EH FD EH CM FB AA EX EU DI AI CJ GY GH BS DO EO HD CW AJ BG DK
60
CD FA CD
DX CS AN DX
EP BC EP DE
HC CA HC
DI DI
BH BH FG EB
CV EY
DZ DZ
DF GB DF CI
DN DN
CE HJ CE
AU AU
GY BE GY
CW CW BI
AO AO AG
DA EN HI
FC DP
HE HE CT
DU DU EW
BS AB GX
DG AZ
BV DM BV
BW ED BW
HB FZ HB
FB FB
CP CP
DO DO DT
EO EO FN
AK AK
DB DB
CY CY
EA EA CX
FQ CR FW
FD FP FD
FH FH DL
EH EL GT
ES HF ES
AJ DD
AT AT
DK EQ
FT FT
AM AM CC GG
CM CM
CK CK
BD GV EM
EX ET
AR GZ
ER GR
CF BR
EG BL
AA AA
BM CU BM
BF BF
AY AY
EF EF BP
AV AV
CG CG
HD HD
CJ GN
BZ BZ
