Soda ResidenceHalls LowerSproulPlaza AlumniHouse HaasPavilion CheitHall BlumHall KroeberHall FacultyClub EvansDiamond BarrowLane BarrowsHall MinorHall DonnerLab GoldmanField LevineFrickeField EdwardsStadium KoshlandHall BerkeleyWayWest BerkeleyArtMuseum AnthonyHall GilmanHall HilgardHall LewisHall BancroftLibrary CalvinLaboratory ClarkKerrCampus McConeHall CampbellHall MLK BowlesHall HertzHall CareerCenter LowerSproulPlaza ResidenceHalls Soda
21
AlumniHouse AlumniHouse BarkerHall DoeMemorialLibrary
AnthonyHall AnthonyHall Campanile ChouHall
BancroftLibrary BancroftLibrary BoaltHall
EdwardsStadium BanwayBldg CaliforniaHall CyclotronRd EdwardsStadium
BarrowLane BarrowLane
BarrowsHall BarrowsHall BARTStation
BerkeleyArtMuseum BerkeleyArtMuseum DavisHall
BerkeleyWayWest BerkeleyWayWest BrainImagingCenter
BlumHall BirgeHall BlumHall
CheitHall BlackwellHall CheitHall
KoshlandHall BotanicalGarden
CampbellHall EastAsianLibrary CampbellHall
CalvinLaboratory CalvinLaboratory
CareerCenter CareerCenter VLSB Dwinelle
DonnerLab ChanShunAuditorium DonnerLab
ClarkKerrCampus ClarkKerrCampus
HertzHall CNMAT EtcheverryHall
GoldmanField Cory
FacultyClub DurantHall EshlemanHall
GilmanHall EastGate
EvansDiamond EvansDiamond
