Soda EtcheverryHall WicksonNaturalArea OptometryClinic Piedmont NorthField FacultyGlade Emeryville HaasSchoolofBusiness LevineFrickeField UniversityHall Hayward FosterCity HertzHall Saratoga MartinezCommons BerkeleyArtMuseum Dwinelle CNMAT EastGate ChouHall TangCenter Hillsborough MLK Healdsburg SutardjaDaiHall Insectary Novato McConeHall SpiekerPlaza EastAsianLibrary CareerCenter OBrienHall ObservatoryHill GianniniHall WarrenHall Albany SanRafael IshiCourt ResidenceHalls GoldmanField BirgeHall WheelerHall GilmanHall HearstGreekTheatre LifeSciencesAddition SantaRosa BrainImagingCenter HildebrandHall Antioch MinorHallAddition StHelena SimonHall ClearyHall KrutchTheater MulfordHall StanleyHall Orinda Oakley BarrowsHall GiauqueHall McLaughlinHall WellmanHall DonnerLab NorthGateHall UCBerkeleyExtension BanwayBldg AlumniHouse BarkerHall UniversityHall LevineFrickeField HaasSchoolofBusiness Emeryville FacultyGlade NorthField Piedmont OptometryClinic WicksonNaturalArea EtcheverryHall Soda
42
SutardjaDaiHall Campanile EvansHall
GiauqueHall GiauqueHall StadiumRimWay Alameda
ClearyHall ClearyHall
IshiCourt IshiCourt Pacifica Benicia
SanRafael Fairfield SanPablo SanRafael
McLaughlinHall LowerSproulPlaza
UniversityHall ZellerbachPlayhouse
SimonHall SatherTower Pinole
MulfordHall ZellerbachHall MulfordHall
Antioch AnthonyHall
AlumniHouse ClarkKerrCampus WursterHall
Healdsburg Healdsburg
DonnerLab DonnerLab
Saratoga Saratoga
EtcheverryHall EtcheverryHall
NorthGateHall NorthGateHall HargroveMusicLibrary
MLK Brisbane WomenFacultyClub
ChouHall Belmont ChouHall
CareerCenter HearstMiningCircle
BarkerHall PimentelHall BarkerHall FrankSchlessingerWay
EastGate BancroftLibrary EastGate
Novato KroeberHall Pittsburg BlumHall
StHelena KleebergerFieldHouse StHelena
Oakley Oakley
GilmanHall GilmanHall
WellmanHall SternHall WellmanHall
WheelerHall WheelerHall WestCircle
HertzHall HertzHall Unit1
BarrowsHall LewisHall WestGate
GoldmanField GoldmanField
MartinezCommons MartinezCommons
Insectary Insectary
HearstGreekTheatre HearstGreekTheatre CalvinLaboratory
MinorHallAddition FoundersRock MinorHallAddition
Piedmont Piedmont
BerkeleyArtMuseum Cory
Orinda Orinda
Hayward Hayward Unit3
Albany Albany
Hillsborough SanRamon Hillsborough
Emeryville Emeryville SproulPlaza
WicksonNaturalArea WicksonNaturalArea
