Pantheon Spectre Kayn Skarner Jhin Kalista Jayce Shyvana Renekton Magnus Undying Thresh Weaver LoneDruid Nautilus Nunu Sona Rammus LegionCommander BountyHunter Chen SkywrathMage ChaosKnight SpiritBreaker Draven Bristleback Ziggs CentaurWarrunner Galio Phoenix Jax Cassiopeia Talon Cassiopeia CentaurWarrunner Ziggs Akali Disruptor KogMaw Disruptor Rammus Sona Thresh Pantheon Ahri Pantheon
27
Draven Jinx Draven
Nunu Nunu Ezreal MasterYi
Akali Akali Heimerdinger
Spectre Spectre
Undying Anivia Morgana
KogMaw CrystalMaiden KogMaw
CentaurWarrunner CentaurWarrunner
LoneDruid Oracle LoneDruid
ChaosKnight Xerath Lich ChaosKnight
Jayce Jayce
Disruptor Disruptor
Jhin Lux Jhin Kled
BountyHunter BountyHunter Slark
Sona Malphite
Thresh Tiny
SpiritBreaker Rumble SpiritBreaker
Talon NightStalker Talon
Bristleback Tailyah Bristleback Maokai
Ziggs Ziggs
Skarner Skarner Bard
Magnus Magnus Lucian
Jax Jax WraithKing
Shyvana Ashe Shyvana
Ahri ArcWarden Ahri
Phoenix Phoenix
Cassiopeia TrollWarlord
Galio Galio
