Fizz Earthshaker Anivia Katarina Nidalee Kennen Gragas Malphite Vi Bard LoneDruid Medusa BountyHunter Fiddlesticks Camille Wukong Mirana Dazzle Akali Tidehunter Silencer Twitch Soraka WinterWyvern Soraka Sven KhaZix ArcWarden Sivir Tiny Teemo Rengar Teemo Sivir ArcWarden LoneDruid Cassiopeia SpiritBreaker Doom Tryndamere Rumble Phoenix Venomancer CrystalMaiden Sniper Oracle Annie Heimerdinger Annie Sniper CrystalMaiden SpiritBreaker Cassiopeia LoneDruid Bard Vi Kayn Irelia Kayn Vi Malphite Gragas Slark Beastmaster FacelessVoid Thresh Jayce Sona Weaver Lina Janna Xerath Orianna Bane Huskar Warlock Kled Maokai Chen Malzahar Xayah Ashe TreantProtector Ziggs Nunu Razor LeBlanc CentaurWarrunner ShadowDemon Hecarim Pantheon DeathProphet Quinn Anivia Earthshaker Fizz
57
Thresh Thresh
Heimerdinger Heimerdinger Azir
Huskar Huskar
Sven Sven Slardar
Silencer Nasus
Medusa Medusa
Tiny Tiny Puck
Katarina Katarina
Malzahar Terrorblade StormSpirit Visage
KhaZix KhaZix Morphling
Razor Kassadin Syndra
Gragas Gragas
Kennen Kennen Vladimir
CentaurWarrunner CentaurWarrunner Magnus
Sniper Sniper
WinterWyvern WinterWyvern Omniknight
Nidalee Nidalee
Quinn NightStalker Quinn
Annie Annie
Rengar Singed Rengar
Sona Ekko Sona Talon
Venomancer Venomancer Brewmaster
Jayce Karma Jayce
BountyHunter BountyHunter
Warlock Warlock Undying Viktor
Weaver Weaver
LeBlanc ShadowFiend LeBlanc
DeathProphet DeathProphet Timbersaw
Fiddlesticks Fiddlesticks
Janna Janna JarvanIV
Fizz Fizz
Xerath TrollWarlord Techies
Kled Kled
Nunu Jinx Nunu
LoneDruid LoneDruid Zilean
Soraka Zed Amumu
Anivia Rubick
Irelia Irelia Ryze
Beastmaster Beastmaster
FacelessVoid FacelessVoid
Xayah VelKoz Xayah
Pantheon Pantheon
ShadowDemon ShadowDemon
SpiritBreaker SpiritBreaker
Bane Bane
Slark Yorick Slark Trundle
Mirana Mirana
Orianna Orianna
Ziggs Ziggs Tristana
Cassiopeia Cassiopeia Lucian
Chen Chen
Oracle Leona Oracle
Vi Vi
Twitch ShadowShaman
Rumble Rumble
Hecarim TahmKench
Kayn Kayn
