6 3 1 4 0 4 1 3 6 11 15 13 14 16 19 12 10 12 19 16 14 13 15 11 24 20 28 26 28 24 30 33 32 38 32 33 30 42 40 44 48 44 40 42 55 51 55 67 66 60 64 68 62 68 64 60 66 67 73 74 78 72 79 75 79 72 78 74 73 80 81 80 96 92 90 96 103 105 101 102 107 102 101 105 103 111 114 112 115 112 114 111 124 126 123 129 128 121 128 129 123 126 124 133 139 130 137 130 139 133 143 146 147 146 143 158 150 158 168 164 162 160 167 160 162 164 168 172 176 170 176 172 189 180 186 184 181 184 186 180 189 172 168 158 143 133 124 111 103 96 80 73 67 55 42 30 24 11 6 199 198 192 190 192 199 6
59
0 8 0
4 4
1 1
6 7
10 10 18
15 15
19 19
14 14
26 23 26
20 20 21
38 39 36 38
30 31
48 46 48
40 41 40
51 50 51 59
55 57
62 62 63
64 65
67 69
60 60
75 77 75
78 78
79 79
74 74
81 87 81
80 88 85
92 97 98
90 90 95
105 106 105
107 109 107
101 101
112 112
115 118 115
111 113
114 114
121 120 125
126 126
129 129
128 128
137 137 132
139 139 134
130 130
143 148
146 146
147 145 149 144
150 153 150 157
158 152
167 167 163 166
164 164
176 176
170 170 178 179
172 177
184 182
181 181 187
186 186
180 185
190 191 190
198 194 198
199 196
