L16 L135 L73 L138 L27 L63 L103 L133 L41 L45 L49 L131 L0 L120 L20 L79 L114 L84 L3 L36 L70 L8 L116 L126 L104 L150 L17 L51 L154 L95 L19 L130 L9 L118 L13 L89 L109 L21 L38 L88 L35 L88 L118 L59 L53 L90 L119 L90 L118 L126 L84 L114 L79 L12 L28 L52 L113 L46 L47 L45 L41 L22 L94 L85 L94 L22 L153 L82 L62 L124 L6 L121 L24 L148 L153 L22 L41 L103 L63 L149 L4 L143 L58 L18 L58 L73 L135 L16
53
L4 L4
L35 L106 L35
L24 L7 L24
L62 L62
L38 L125 L134 L38
L148 L78 L91
L95 L95 L152
L131 L131 L141
L9 L83 L9
L119 L119 L80
L6 L29 L93
L47 L146 L47
L114 L114 L140
L89 L89 L11
L104 L104
L18 L18 L5
L133 L144 L133 L68
L20 L20 L92
L130 L130 L1
L150 L150 L87
L126 L126 L151
L16 L16
L79 L100 L79
L85 L75 L74 L85
L52 L43 L52
L13 L139 L76
L3 L56
L153 L153
L116 L2 L101
L103 L103
L138 L138
L109 L109
L143 L40 L143 L65
L28 L28
L70 L77 L70
L149 L149
L53 L53 L110
L12 L142 L12
L118 L107
L90 L90
L27 L27
L46 L145 L67
L41 L72
L120 L128 L129
L63 L61 L63
L8 L8
L94 L94
L73 L99
L22 L22
L124 L124
L21 L21 L147
L84 L84
L82 L82
