location1 location38 location28 location86 location92 location96 location51 location21 location75 location89 location42 location36 location19 location34 location54 location55 location39 location44 location20 location10 location62 location49 location46 location45 location100 location15 location94 location4 location30 location11 location58 location50 location57 location7 location35 location85 location60 location14 location43 location7 location57 location30 location4 location45 location46 location10 location20 location86 location28 location38 location1
28
location94 location94 location32
location19 location19 location71
location46 location56 location46
location49 location49 location47
location45 location99 location45
location35 location35
location44 location23 location44
location21 location21
location42 location59 location42
location89 location6 location89
location96 location52 location66
location34 location2
location38 location38 location17 location90
location50 location8 location48
location14 location80 location79
location30 location91 location30
location43 location43 location83
location10 location10
location11 location74
location57 location95 location57
location85 location78
location58 location58
location51 location51
location75 location75 location9
location54 location54 location53
location36 location36 location29
location60 location72 location77 location40 location3
location1 location31
