location1 location178 location27 location20 location31 location169 location143 location57 location17 location106 location151 location37 location182 location67 location110 location61 location159 location184 location60 location172 location126 location81 location91 location112 location68 location72 location181 location16 location168 location100 location84 location77 location136 location174 location11 location141 location138 location157 location167 location64 location179 location158 location93 location19 location24 location190 location69 location92 location194 location139 location187 location101 location140 location49 location23 location62 location46 location44 location53 location5 location12 location163 location32 location96 location125 location70 location95 location86 location196 location94 location118 location43 location102 location79 location127 location154 location165 location116 location165 location154 location127 location79 location169 location31 location20 location1
60
location69 location69 location107
location102 location35 location197
location106 location106
location16 location16 location13
location20 location20 location56
location141 location180 location105
location126 location97 location199
location158 location158 location28
location11 location11 location185
location151 location177 location59
location12 location25 location12 location128
location43 location43
location157 location157
location182 location182 location164
location169 location169 location111
location46 location123 location46 location40
location91 location82 location91
location110 location110 location142
location179 location179
location92 location92
location57 location57
location37 location65 location37
location138 location6
location172 location74 location172
location116 location116 location26 location10
location86 location195
location68 location68 location161
location27 location108 location27
location143 location143 location171 location186
location140 location140
location70 location2 location150
location49 location49 location3
location118 location188 location118 location148
location31 location133
location196 location196
location165 location165
location159 location159
location96 location85 location96
location17 location17 location152
location139 location139 location75
location23 location149
location1 location90
location94 location130 location22 location94
location5 location5 location114
location187 location146
location100 location100 location33
location136 location136 location30
location184 location184 location129
location163 location87
location93 location93
location32 location175 location32
location95 location95
location181 location58 location181
location44 location44
location127 location127
location154 location154
location178 location178
location19 location193
location84 location109
location190 location190
