0 194 21 25 78 103 29 199 51 57 94 26 3 83 172 31 129 133 159 166 24 113 16 48 190 46 56 169 97 117 181 186 188 189 40 82 8 13 62 17 171 36 121 61 53 54 53 61 121 36 171 17 62 13 188 186 181 185 167 95 110 130 198 65 177 55 165 93 193 136 158 64 116 45 74 138 1 66 44 161 131 87 79 34 155 91 122 70 197 92 175 107 14 72 14 68 163 52 127 157 126 192 43 37 19 22 49 98 137 11 86 123 108 67 10 170 28 180 60 76 176 32 15 132 9 142 47 89 88 115 124 4 141 182 125 35 143 38 12 18 85 18 0
77
1 1
161 2
3 3
4 4
190 5
72 6 72
54 7 54
8 8 96
9 9 41
10 10
11 11
12 12 80
13 13
14 14
15 15
16 16
17 17
18 18
19 19
49 20 49
21 21
22 22
43 23 43
24 24 73
25 25
26 26
74 27 74
28 28
29 29 59
87 30 71 87
31 31
32 32
36 33 36
34 34 99
35 35
37 37
38 38 39
40 40
125 42
44 44
45 45
46 46
47 47
48 48
177 50
51 51
52 52
53 53
55 55 75
56 56
57 57
91 58 91
60 60 90
61 61
62 62
192 63
64 64
65 65
66 66
67 67
68 68 84
92 69 92
70 70
76 76
95 77 95
78 78
79 79
86 81 86
82 82
83 83
85 85 100
88 88
89 89
93 93
94 94
97 97
98 98
