c5 t1 t0 n2 e3 i9 n4 i4 f0 s0 n0 i5 n9 k4 o5 l9 e7 r3 l3 t6 l8 d9 j5 s1 j0 d5 d1 f1 g7 s9 r6 r4 g4 t5 g8 c7 j1 h0 k0 t3 q0 l7 r1 e8 m4 j7 a0 m7 g1 n1 t2 o7 f4 k1 b9 f6 p4 i3 e6 k2 h2 m5 b6 d0 l6 f8 o1 f9 i7 p8 h1 c4 g9 l0 f3 f5 t7 f2 a3 c0 i6 j6 f7 h3 r7 h4 e4 p1 e1 b4 s5 q3 s2 p0 m0 b1 d4 r8 g0 b0 q5 o2 e0 p9 o8 i2 c2 m1 b3 s3 o9 j2 p6 n8 a6 r0 m9 p7 n7 c8 k9 t4 b8 l1 b5 m3 l4 m3 b5 k4 n9 i5 n0 s0 f0 i9 e3 n2 t0 t1 c5
77
e4 e4
s1 s1 h6
h1 h1
g7 g7
n2 q1
d4 d4 i1
h2 n3 h2
h4 s4 h4
i4 r9 i4
g8 s7 g8
a0 o0 a0
b1 b1
f5 f5
h3 h3
g9 g9
r1 r1
t6 t6
s2 n6 s2
d5 d5
p7 b7 g6 p7
s5 g3 o4
r4 r4
i5 d6 i5
t7 t7
l6 l6
b3 b3 a1
g1 g1 h5
n0 n0
l3 l3
j5 j5
g4 g4
h0 h0
k2 q8
e0 g5 e0
p0 p0
j7 j7
m0 m0
e1 e1
q5 q5
o7 o7
o5 o5
l0 l0
t5 t5 e5
l4 o6 l4
g0 g0
m4 m4
c8 c8
r8 a7
l8 l8 t8
o9 c3
p9 j3 p9
t0 t0
l1 a8 l1
q0 q0
j2 j2
o2 k6 o2
s9 s9
j6 r2 j6
m7 m7
t2 i0 t2
t1 t1
a6 a6
n4 n4
q3 q3
s3 s3
b5 b5
f1 e2
r7 r7
k1 k1
f6 f6
f2 f2
c4 c4
p6 a4
f3 f3
k9 k9
c5 t9
o8 o8
