190 75 166 56 74 60 76 107 62 45 153 68 25 22 117 89 100 179 66 71 66 179 64 44 103 168 23 186 84 194 72 102 151 4 198 160 24 189 24 160 198 102 72 194 186 23 168 103 44 82 52 82 44 18 14 37 182 2 99 2 182 113 55 34 16 21 176 169 176 21 16 34 55 64 65 38 145 112 110 28 133 108 126 9 148 177 148 9 126 108 54 163 93 147 67 33 58 83 58 33 114 92 132 165 199 146 0 95 155 1 155 75 190
63
165 165 136
60 60
146 146 193
148 185
58 141 40
52 138 52
25 104
55 55 36
84 192 84
176 176
99 188 99
151 29 181
1 1 142
34 34
179 11 179
166 166
113 123 113 94
126 3 139 30
54 50 54 32
62 62 46
9 118
168 168
182 182
117 117
4 172 47
108 69 108
102 109 102
21 21
82 61
112 112 149
33 33
177 177 101 173
2 2
190 135
145 137 121
147 27
83 129 83
133 133 156
68 10 68
95 162 95
153 5 153
76 76
38 38
169 57 169
92 92 106
23 23
163 163
100 100
66 66
71 71 195
22 22
56 56
132 132 152
198 198
186 186
45 45
44 44
93 93 116 164
67 67 8
114 114
189 111 189
103 103
65 65
