Loc1 Loc37 Loc49 Loc5 Loc88 Loc45 Loc88 Loc65 Loc53 Loc27 Loc4 Loc87 Loc16 Loc70 Loc50 Loc51 Loc18 Loc90 Loc94 Loc6 Loc75 Loc10 Loc34 Loc2 Loc7 Loc2 Loc31 Loc2 Loc34 Loc10 Loc75 Loc80 Loc55 Loc64 Loc43 Loc64 Loc55 Loc73 Loc3 Loc73 Loc21 Loc73 Loc55 Loc80 Loc75 Loc6 Loc94 Loc90 Loc18 Loc51 Loc50 Loc70 Loc16 Loc87 Loc4 Loc27 Loc92 Loc25 Loc44 Loc25 Loc53 Loc65 Loc69 Loc23 Loc84 Loc17 Loc84 Loc23 Loc65 Loc88 Loc5 Loc49 Loc37 Loc1
29
Loc3 Loc29 Loc3
Loc25 Loc25 Loc56
Loc90 Loc90
Loc44 Loc41 Loc62
Loc6 Loc6
Loc70 Loc70 Loc52
Loc17 Loc17 Loc32
Loc92 Loc13 Loc92
Loc69 Loc72 Loc69
Loc4 Loc4 Loc91
Loc80 Loc80
Loc16 Loc46
Loc31 Loc79 Loc0
Loc87 Loc87 Loc74
Loc34 Loc34
Loc2 Loc11 Loc2
Loc18 Loc63 Loc18 Loc98
Loc45 Loc45 Loc76
Loc50 Loc50
Loc43 Loc43 Loc47
Loc21 Loc9 Loc21
Loc53 Loc53
Loc49 Loc49
Loc55 Loc42 Loc55
Loc7 Loc22 Loc68 Loc7
Loc37 Loc19
Loc10 Loc10 Loc38
Loc65 Loc65 Loc81
Loc64 Loc15
