n0 n163 n136 n171 n39 n78 n187 n83 n192 n32 n87 n2 n81 n125 n199 n154 n93 n65 n55 n109 n142 n23 n67 n186 n172 n100 n10 n20 n74 n165 n179 n16 n8 n36 n151 n25 n99 n96 n162 n17 n156 n147 n173 n91 n158 n72 n108 n148 n176 n75 n86 n121 n47 n170 n70 n26 n106 n144 n41 n73 n58 n97 n35 n76 n43 n149 n5 n53 n153 n174 n180 n164 n190 n64 n71 n95 n30 n89 n111 n90 n117 n98 n107 n183 n63 n84 n27 n150 n14 n161 n82 n24 n198 n9 n3 n79 n85 n131 n68 n31 n66 n195 n191 n34 n181 n137 n115 n77 n12 n33 n92 n45 n196 n178 n196 n45 n92 n33 n12 n77 n115 n137 n181 n34 n191 n195 n66 n31 n68 n131 n85 n0
73
n0 n0 n22
n84 n1 n84
n2 n2
n3 n3
n53 n4 n53
n5 n5
n86 n6 n57 n86
n58 n7 n15 n58
n8 n8
n9 n9
n10 n10
n178 n11 n21
n12 n12 n28
n151 n13
n14 n14
n16 n16 n51 n69
n17 n17
n174 n18
n111 n19
n20 n20 n44
n23 n23
n24 n24 n80
n25 n25 n94
n26 n26 n37
n27 n27
n47 n29 n47
n30 n30
n31 n31
n32 n32
n33 n33 n88
n34 n34 n49
n35 n35
n36 n36
n89 n38 n89
n39 n39
n55 n40 n55
n41 n41
n71 n42 n71
n43 n43
n45 n45 n60
n154 n46
n196 n48
n67 n50 n67
n79 n52 n79
n171 n54
n191 n56
n66 n59 n66
n68 n61 n68
n95 n62 n95
n63 n63
n64 n64
n65 n65
n70 n70
n72 n72
n73 n73
n74 n74
n75 n75
n76 n76
n77 n77
n78 n78
n81 n81
n82 n82
n83 n83
n85 n85
n87 n87
n90 n90
n91 n91
n92 n92
n93 n93
n96 n96
n97 n97
n98 n98
n99 n99
