Liam Jordan Leonardo Xander Maddox Ezekiel Maddox Xander Leonardo George Ethan Brantley Kai Blake Calvin Nathan Kevin Weston Abel Steven James Steven Hunter Zachary Jude Theodore Jude Zachary Hunter Steven Abel Weston Kevin John Messiah Zion Gavin Dawson Gael Wyatt Gael Dawson Declan Brayden Declan Dawson Gavin Zion Messiah Miguel Mateo Aiden Richard Aiden Tucker Charles Tucker Aiden Mateo Miguel Amir Aaron Chase Dean Patrick Oliver Patrick Dean Chase Aaron Amir Miguel Messiah Eric Messiah John Matthew Jayce Gabriel Jayce Henry Malachi Bryson Malachi Adam Malachi Henry Jayce Matthew John Kevin Nathan Connor Jasper Elliot Grayson Maxwell Anthony Maxwell Grayson Elliot Jasper Alan Santiago Kaleb Antonio Grant Max Jayden Bentley Camden Maverick Noah Brandon Kingston Miles Nolan Elijah Nolan Miles Kingston Brandon Noah Maverick Camden Bentley Jayden Max Grant Ashton Jose Ezra Jose Ashton Grant Antonio Kaleb Santiago Carter Elliott Jeremy Joel Dylan Joel Jeremy Elliott Carter Santiago Alan Jasper Connor Nathan Calvin Blake Kai Brantley Ethan Juan Ivan Hudson Jameson Matteo Julian Matteo Jameson Hudson Ivan Juan Ethan George Emmett Xavier Emmett George Leonardo Jordan Jack Joshua Jack Jordan Liam
59
Liam Liam Evan
Noah Noah
Dean William
James James Isaac
Nolan Logan Nolan
Jameson Benjamin
Charles Mason Charles
Elijah Elijah Adrian
Oliver Oliver Andrew
Kevin Jacob
Joshua Lucas Joshua
Aaron Michael Aaron
Grayson Alexander Grayson
Ethan Ethan
Maddox Daniel
Matthew Matthew Jaxon
Aiden Aiden
Henry Henry
Jude Joseph Jace
Ezra Jackson Ezra
Eric Samuel Greyson
Wyatt Sebastian Wyatt
Elliot David
Carter Carter
Jayden Jayden
John John
Antonio Owen
Dylan Dylan Lincoln
Kingston Luke
Gabriel Gabriel Cameron
Anthony Anthony Angel
Jack Jack
Julian Julian Josiah
Xander Levi
Kai Christopher Carson
Mateo Mateo
Xavier Ryan Xavier
Nathan Nathan
Hunter Isaiah Thomas Hunter
Elliott Caleb
Zion Christian Landon Nicholas
Steven Eli
Richard Jonathan Easton
Connor Connor
Brayden Asher Brayden
Bryson Leo Bryson
Theodore Theodore Austin
Ezekiel Jeremiah Ezekiel
Hudson Hudson
Kaleb Robert Elias
Adam Colton Adam
Jordan Jordan
Emmett Dominic
Dawson Ian
Weston Jaxson
Jose Jose
Maverick Maverick
Grant Cooper
Gavin Parker
