zero one eight nine ten nine eight fifteen twentytwo twentythree twentyfour twentythree twentytwo twentynine thirty thirtyone thirtytwo thirtythree thirtytwo thirtyone thirty twentynine thirtysix thirtyseven thirtysix fortythree fortyfour fortyfive fortysix fortyseven fortysix fortyfive fortyfour fortythree fifty fiftyone fiftytwo fiftythree fiftytwo fiftyone fifty fiftyseven fiftyeight fiftynine sixty sixtyone sixty fiftynine fiftyeight fiftyseven sixtyfour sixtyfive sixtysix sixtyseven sixtysix sixtyfive sixtyfour seventyone seventyeight seventynine eighty eightyone eighty seventynine seventyeight eightyfive eightysix eightyseven eightyeight eightyseven eightysix eightyfive seventyeight seventyone sixtyfour fiftyseven fifty fortythree thirtysix twentynine twentytwo fifteen eight one zero
31
zero two three four five six
ten ten twelve
eight fourteen
fifteen fifteen twenty
twentytwo twentytwo
twentyfour twentyfour twentyfive
twentynine twentynine thirtyfive
thirty thirty
thirtythree thirtythree thirtyfour
thirtysix thirtysix
thirtyseven thirtyseven thirtynine
fortyfour fortyfour
fortyfive fortyfive
fortyseven fortyseven fortyeight
fifty fifty
fiftyone fiftyone
fiftythree fiftythree fiftyfive
fiftyseven fiftyseven
sixty sixty
sixtyone sixtyone sixtytwo
sixtyfive sixtyfive
sixtysix sixtysix
sixtyseven sixtyseven sixtyeight
sixtyfour seventy
seventyone seventyone seventyfive seventyseven
seventyeight seventyeight eightyfour
seventynine seventynine
eightyone eightyone eightytwo
eightyseven eightyseven
eightyeight eightyeight eightynine
eightyfive ninetyfive
