pump need preoccupation inquiry voice splurge fitness prevent clock plane salesperson share admiration share salesperson plane clock deprivation sit compromise distributor impound exercise resort sentiment ton sweet ton sentiment packet separate sticky separate exercise sensitivity line operational novel pipe skin reject polish statement valley ghost diagram precede extension descent gun ensure agenda opposition wife performance shed inspector few duck slam Mars sex coma minor pepper pedestrian pepper minor coma few inspector shed depressed hallway feign Bible hierarchy Bible feign tip allow parallel sacrifice wear increase sacrifice voice inquiry preoccupation need pump
48
increase guideline engineer
ensure ensure lemon
hallway hallway
sticky sticky button
impound impound survival
agenda physical park
fitness category
tip tip
depressed range depressed privilege
pedestrian prospect nominate pedestrian
Mars literature reflection
distributor distributor
novel row pursuit genetic
sweet sweet formulate
valley rock valley
pipe pipe anger
allow mouse brain
extension appearance
Bible fairy
resort mud
opposition unanimous pray
feign consideration feign
splurge plug
preoccupation preoccupation
sit linger sit
minor minor
sentiment sentiment
parallel parallel forest
sacrifice sacrifice
diagram wage diagram
packet affect ground packet
reject reject judicial
hierarchy innovation hierarchy
admiration admiration attractive
sex overlook leadership
exercise freedom exercise
gun aspect
polish polish
line line
wear wear lot
skin float
shed gloom
separate separate
performance title performance
need need
pump pump
descent descent
ghost ghost
