Wheeler Doe Campanile LeConte Campbell Haviland Memorial McLaughlin South Stephens HearstAnnex Anthony GBC WayWest Cloyne Cafe3 Hearst Davis Kresge Normandy Cheit Pimentel Morgan CVStarr Moffitt VLSB Etcheverry Latimer Evans Morrison Hertz Kroeber Lewis Greek Cory Jacobs Cory Greek Lewis Kroeber Hertz Morrison Evans Latimer Etcheverry VLSB Moffitt Soda Sather Soda Moffitt CVStarr Morgan Pimentel Cheit Normandy Kresge Davis Hearst Cafe3 Cloyne WayWest GBC Anthony HearstAnnex Stephens South McLaughlin Memorial Haviland Koshland Stonefire Haas Faculty FSM Baker McCone BigC Pavilion Simons Koja Simons Pavilion BigC McCone Baker FSM Faculty Haas Stonefire Koshland Haviland Campbell LeConte Campanile Doe Wheeler
26
Sather Martinez Barker Unit3 OCF
Hearst Hearst
Stonefire Stonefire
Simons Unit2
Koja Legends TriDelta
WayWest Metropolitan Warren
Anthony Anthony
Moffitt Moffitt
Haas Hargrove Haas
Wheeler Sproul Dwinelle
Campbell Birge
Jacobs Bechtel Jacobs
Kroeber Boalt Kroeber
Morrison Morrison
Baker Baker Fiji
McCone CKerr
Pavilion PeoplePark
Koshland RSF
Cheit Cheit
Davis Davis
Cloyne Cloyne
Etcheverry Etcheverry
Latimer Foothill
Memorial IHouse
McLaughlin McLaughlin
Stephens Moses
