MapLocation77 MapLocation67 MapLocation16 MapLocation25 MapLocation47 MapLocation94 MapLocation5 MapLocation4 MapLocation3 MapLocation99 MapLocation0 MapLocation1 MapLocation2 MapLocation13 MapLocation78 MapLocation15 MapLocation68 MapLocation83 MapLocation19 MapLocation96 MapLocation70 MapLocation96 MapLocation19 MapLocation99 MapLocation3 MapLocation91 MapLocation51 MapLocation63 MapLocation29 MapLocation89 MapLocation26 MapLocation88 MapLocation82 MapLocation89 MapLocation29 MapLocation35 MapLocation76 MapLocation49 MapLocation58 MapLocation11 MapLocation61 MapLocation41 MapLocation93 MapLocation39 MapLocation93 MapLocation41 MapLocation27 MapLocation40 MapLocation8 MapLocation40 MapLocation67 MapLocation77
32
MapLocation0 MapLocation0 MapLocation65
MapLocation1 MapLocation1
MapLocation2 MapLocation2
MapLocation3 MapLocation3
MapLocation4 MapLocation4
MapLocation5 MapLocation5
MapLocation82 MapLocation6 MapLocation82
MapLocation70 MapLocation70 MapLocation73
MapLocation19 MapLocation19
MapLocation27 MapLocation27 MapLocation44
MapLocation58 MapLocation37 MapLocation58
MapLocation77 MapLocation77 MapLocation55
MapLocation39 MapLocation17 MapLocation39
MapLocation96 MapLocation20
MapLocation67 MapLocation67
MapLocation61 MapLocation86 MapLocation61
MapLocation68 MapLocation79 MapLocation45 MapLocation14 MapLocation68
MapLocation49 MapLocation80 MapLocation49
MapLocation13 MapLocation13 MapLocation48
MapLocation91 MapLocation91
MapLocation8 MapLocation8 MapLocation97
MapLocation51 MapLocation10 MapLocation51
MapLocation78 MapLocation84 MapLocation72
MapLocation83 MapLocation83 MapLocation74
MapLocation88 MapLocation85 MapLocation88
MapLocation26 MapLocation24
MapLocation93 MapLocation93
MapLocation40 MapLocation40
MapLocation11 MapLocation81
MapLocation47 MapLocation42
MapLocation35 MapLocation35
MapLocation94 MapLocation66
