MapLocation152 MapLocation106 MapLocation41 MapLocation185 MapLocation163 MapLocation74 MapLocation51 MapLocation141 MapLocation65 MapLocation99 MapLocation57 MapLocation24 MapLocation110 MapLocation97 MapLocation154 MapLocation97 MapLocation110 MapLocation24 MapLocation57 MapLocation166 MapLocation89 MapLocation88 MapLocation27 MapLocation96 MapLocation197 MapLocation28 MapLocation42 MapLocation129 MapLocation50 MapLocation7 MapLocation10 MapLocation78 MapLocation175 MapLocation56 MapLocation104 MapLocation67 MapLocation19 MapLocation18 MapLocation17 MapLocation6 MapLocation14 MapLocation15 MapLocation16 MapLocation84 MapLocation162 MapLocation123 MapLocation13 MapLocation123 MapLocation170 MapLocation149 MapLocation11 MapLocation77 MapLocation11 MapLocation18 MapLocation19 MapLocation67 MapLocation10 MapLocation7 MapLocation115 MapLocation135 MapLocation73 MapLocation62 MapLocation80 MapLocation194 MapLocation195 MapLocation68 MapLocation195 MapLocation88 MapLocation89 MapLocation166 MapLocation57 MapLocation99 MapLocation65 MapLocation127 MapLocation29 MapLocation108 MapLocation35 MapLocation94 MapLocation100 MapLocation94 MapLocation35 MapLocation108 MapLocation29 MapLocation127 MapLocation65 MapLocation141 MapLocation3 MapLocation58 MapLocation116 MapLocation169 MapLocation2 MapLocation21 MapLocation146 MapLocation30 MapLocation101 MapLocation40 MapLocation112 MapLocation71 MapLocation173 MapLocation188 MapLocation173 MapLocation58 MapLocation3 MapLocation122 MapLocation3 MapLocation121 MapLocation72 MapLocation79 MapLocation125 MapLocation86 MapLocation156 MapLocation61 MapLocation121 MapLocation3 MapLocation141 MapLocation51 MapLocation74 MapLocation163 MapLocation185 MapLocation9 MapLocation20 MapLocation9 MapLocation185 MapLocation41 MapLocation106 MapLocation152
67
MapLocation14 MapLocation14
MapLocation15 MapLocation15 MapLocation109
MapLocation16 MapLocation16 MapLocation198
MapLocation17 MapLocation17
MapLocation18 MapLocation18 MapLocation81
MapLocation19 MapLocation19
MapLocation20 MapLocation20 MapLocation118
MapLocation96 MapLocation69 MapLocation107 MapLocation96
MapLocation141 MapLocation136
MapLocation35 MapLocation35
MapLocation112 MapLocation186
MapLocation10 MapLocation22 MapLocation10
MapLocation72 MapLocation72
MapLocation13 MapLocation13 MapLocation60
MapLocation6 MapLocation113
MapLocation50 MapLocation50
MapLocation110 MapLocation36
MapLocation67 MapLocation67 MapLocation70
MapLocation97 MapLocation97
MapLocation197 MapLocation12
MapLocation71 MapLocation71 MapLocation128
MapLocation154 MapLocation154 MapLocation8
MapLocation194 MapLocation105 MapLocation194
MapLocation156 MapLocation156 MapLocation182
MapLocation149 MapLocation149 MapLocation43 MapLocation133
MapLocation127 MapLocation127
MapLocation125 MapLocation125
MapLocation129 MapLocation129
MapLocation74 MapLocation192 MapLocation150
MapLocation106 MapLocation106
MapLocation61 MapLocation61 MapLocation153
MapLocation56 MapLocation145 MapLocation56
MapLocation79 MapLocation79
MapLocation123 MapLocation123
MapLocation94 MapLocation94
MapLocation57 MapLocation57
MapLocation188 MapLocation164 MapLocation32
MapLocation41 MapLocation41
MapLocation86 MapLocation53 MapLocation86
MapLocation122 MapLocation137 MapLocation59 MapLocation122 MapLocation92
MapLocation135 MapLocation171 MapLocation135
MapLocation152 MapLocation152 MapLocation103
MapLocation146 MapLocation146
MapLocation100 MapLocation4 MapLocation100
MapLocation104 MapLocation104 MapLocation102
MapLocation9 MapLocation9
MapLocation30 MapLocation119 MapLocation85
MapLocation116 MapLocation116
MapLocation173 MapLocation173
MapLocation170 MapLocation170
MapLocation77 MapLocation47 MapLocation77 MapLocation179
MapLocation80 MapLocation161
MapLocation29 MapLocation29
MapLocation84 MapLocation189
MapLocation73 MapLocation55
MapLocation175 MapLocation175
MapLocation21 MapLocation111
MapLocation58 MapLocation183
MapLocation7 MapLocation7
MapLocation62 MapLocation23 MapLocation62
MapLocation99 MapLocation99
MapLocation68 MapLocation148 MapLocation114
MapLocation185 MapLocation185 MapLocation76
MapLocation121 MapLocation121
MapLocation42 MapLocation42
MapLocation166 MapLocation166
MapLocation28 MapLocation28
