86 67 2 46 2 63 2 171 7 23 8 12 8 55 8 60 1 114 29 108 29 114 1 60 9 128 5 3 11 37 151 37 3 40 15 18 51 43 92 43 51 18 15 32 25 32 15 36 20 36 15 61 71 61 15 40 3 54 3 130 4 130 3 5 98 5 128 9 60 8 78 8 79 8 23 58 23 7 171 2 67 22 68 22 67 86
40
1 1 76 106
2 2
5 5 160
25 6 64 140 150 153 154 158
8 8
9 10 13 26 89 110 181
11 11 196
78 14 148
151 17 194
3 19
79 21 137
22 22
18 27 41 84 139 177
58 28 116
61 30 69 107 189
68 35 90 100
36 36 152
20 38 82
108 44 72 184
7 45 57 101 145 163
12 48 123 125 138 149
51 51
114 52 105
4 53 179 183
54 54 113
23 56 66 169 185
71 71 146
37 73 97 156
63 74 75
60 87
98 91 173
92 92 174
55 93 132
46 94 117
86 120
29 121 129
15 122 199
32 126 157 159 175
43 192
67 198
