45 58 1 64 36 23 46 42 77 91 63 12 70 41 27 30 51 5 87 89 47 54 3 90 71 82 93 59 14 18 80 94 96 97 4 38 50 78 67 66 60 11 57 44 22 81 33 19 7 26 88 24 83 29 65 55 68 34 31 56 31 34 68 55 65 29 83 24 88 26 7 38 4 97 96 5 51 30 27 70 12 63 91 77 42 46 23 36 64 1 58 45
40
90 39
91 91
56 52 56
89 84 89
44 21 44
63 63
34 34
38 38
50 50
87 87
83 69
58 58
41 41 2
27 27 40
59 59
1 1
46 46
94 92 95
26 26
47 47
80 80
24 24
77 77
57 57
51 51
19 35 19
70 70
18 18 17
68 68
82 82
54 54
71 71
23 10
66 66
78 78 53
33 61 33
5 5
7 7
31 31
29 29
