31 74 56 144 157 54 114 126 121 72 140 153 50 45 94 149 82 109 135 136 152 88 16 28 80 143 155 90 83 148 70 110 19 5 43 69 92 38 64 35 125 151 59 11 89 8 57 29 33 137 75 133 159 100 62 172 167 196 161 200 185 188 186 199 179 162 182 180 163 174 187 195 169 178 166 164 173 198 12 24 150 77 76 26 53 6 30 10 119 131 13 81 141 102 134 32 91 61 3 22 103 27 95 85 23 49 147 106 123 86 118 160 67 116 66 48 142 99 73 65 128 124 46 132 112 132 73 31
73
196 175 196
150 127
49 78 49
147 93 147
6 58 6
66 66 14
167 167
69 69
160 160
195 195
13 13
65 65
32 32
198 198 170
162 197
173 173
77 77 42
141 20 141
38 38
80 80
81 81 115
82 82
12 120 12
125 125
22 22
180 180 191
33 105 33
67 108 67
46 46 52
119 119
123 117 123
114 114
143 143
45 21 45
94 94
106 106
74 74
90 90
5 60
88 88
48 48
169 169 171
148 148
164 184 164
151 151
112 112 107
179 179
110 110
27 27
86 86 7 68
140 140
57 34 57
134 138 134
128 128
30 30
188 168 188
103 103
35 35
99 99 156
137 137
28 4 28
121 47 121
64 64
186 186
89 89
132 146
16 9
152 152
149 149
29 29
131 131
83 83
199 199
