A0 F5 X4 J3 F0 Q6 M6 A3 E4 O7 X2 N3 Q5 L3 J6 Z4 M4 L0 B1 B7 D7 M5 W1 U4 N0 W3 Z3 W2 W6 X6 Q1 H0 M0 E1 X1 H7 O4 E5 C3 M1 Q3 R5 B4 M3 I3 O6 W5 S4 Z5 V6 R0 E6 T5 F3 U6 U2 C4 H4 A7 Q7 M7 S2 K1 A1 I5 A2 X0 V4 Y3 D3 P7 J0 Y4 D6 R4 G1 L4 Q0 L1 F1 G0 J1 C2 T0 W0 R6 B0 Y0 D4 W4 U0 D2 U0 F0 J3 X4 A0
64
A0 A0
F5 C0 P5
Y0 D0 Y0
F0 F0
G0 G0
H0 H0
E4 I0 E4
J0 J0 P2
L0 L0 I1
M0 M0 T2
X0 P0 X0 A4
Q0 Q0
A1 A1
E1 E1 X3
G1 G1
J1 J1 A5
K1 K1
M1 M1 V2
L1 N1
X2 S1 X2
X1 X1 Z6
C4 Z1 C4
A2 A2
Z4 B2 Z4
D2 D2 K4
X4 K2 X4
M5 N2 J5 M5 C7
S2 S2
U2 U2 T3
W2 W2 C6
C3 C3
D3 D3 S6
U0 E3
F3 F3 R3
Q5 G3 Q5
I3 I3
M3 M3 O5
Q3 O3
Y3 Y3
Z3 Z3
B4 B4
Z5 F4 Z5
M7 G4
M4 M4
O4 O4
W4 Q4 W4
R4 R4
Y4 Y4
Q6 B5 Q6 T6
E5 E5
I5 I5
W6 L5 W6
R5 R5
T5 T5
W5 W5
R6 A6 F6 R6
U6 G6 U6
Q7 H6 P6
J6 J6
M6 M6
V6 V6
X6 X6
A7 Y6 A7
D7 D7
