142 121 137 66 106 66 110 43 111 90 143 77 160 108 160 77 143 90 111 43 110 66 137 188 83 93 151 181 18 103 6 17 171 140 126 164 59 21 59 164 126 177 16 193 130 58 155 162 166 51 3 174 3 51 166 162 155 58 130 193 60 78 186 78 60 193 16 177 126 140 180 125 194 37 172 52 178 195 178 52 172 37 194 125 180 140 171 63 131 35 182 176 40 116 98 12 197 12 98 116 40 176 182 35 131 63 171 17 6 128 68 128 122 64 122 128 6 103 28 9 33 9 28 103 85 187 132 39 115 39 132 187 85 103 18 181 153 139 154 139 153 181 151 93 83 188 137 48 137 121 142
39
68 150 41
151 144 151 167
154 31 159
140 129 140
195 158 195
90 90
33 133 33
178 178
52 14
181 181 91
116 141
139 30
174 174 4
9 70 7
63 183 63
108 46 108
106 106 127
21 21 157
186 186 55
60 124 60
130 34
121 121
177 177
85 89
115 22 115
153 23
48 76 48
58 145 58
3 3
197 197 38
35 35
16 16
77 77
64 69 64
137 137
93 93
171 97
39 39
66 44
