149 14 68 165 148 48 97 168 72 57 187 63 60 19 41 176 30 50 67 124 95 91 107 181 98 131 104 15 86 27 146 174 161 140 93 94 130 31 106 142 53 147 78 170 81 70 139 92 162 32 145 190 197 196 3 121 58 12 65 152 34 132 83 1 135 118 111 166 84 47 128 113 189 74 117 180 99 122 51 134 112 44 37 116 20 127 151 119 29 43 172 28 105 33 153 66 64 55 38 169 89 120 109 25 6 157 198 56 13 52 160 49 21 17 8 39 87 158 46 61 71 82 193 69 42 36 2 75 59 184 16 188 96 154 171 76 171 154 96 188 16 184 59 75 165 68 14 149
78
1 1
2 2 45
3 3
59 4 59
25 5 25
6 6 11
64 7 64
8 8 35
61 9 61
157 10 90
12 12
13 13
14 14
15 15
16 16
17 17
37 18 37
19 19
20 20 80
21 21 85
38 22 38
99 23 99
149 24
49 26 49
27 27
28 28
29 29 79
30 30
31 31
32 32
33 33
34 34
36 36
39 39
65 40 65
41 41
42 42
43 43
44 44
46 46
47 47
48 48
50 50 62
51 51
52 52
53 53
87 54 87
55 55
56 56
57 57
58 58 73
60 60
63 63
66 66
67 67
68 68
69 69
70 70
71 71 88
72 72
74 74
75 75
76 76 100
82 77 82
78 78
81 81
83 83
84 84
86 86
89 89
91 91
92 92
93 93
94 94
95 95
96 96
97 97
98 98
