myBc2oGXtwQIbhN8LZB1 6X2CNJieZ0I5rs3Wfu65 nmetx4LmU9YBYTmghDrT itlYcr1HLIijK6IEih7d jHmvxfAZsjs2mCnHbbFf fpPjeU3Q7Ml0oxbNnONE THOlWrcPLTG3BoVkMtJU z5q6ttBPV27yxxLLSiEN dOBnQCXLXxGyjTj3QvT5 RBvtNZMBTgecfVkYzQF0 ptVEb5MtTsnyDsszLqdb ncgdwkJBMYlPXBREt3a2 bDUuepVti8upHAAenmtw KtbSULrz2h1IxsKP2DHz UMmbOoOKP6EkLMuN70H3 huAFXwtRjt3SQzwGHlqz o9aZyqilfPONdyLlpTRX ki0pv73E3TweydEr2xMN E1No0jrU6hgJwSJDwUUZ mZGLfn0jbLOpy4dRbGU2 QE7OzkjvlSSywyVvAzrw G6CUgOl4p73Rgc0T3f94 m1eNgjuhkxodElFqqgdb tDBlCuVAUlVhYfGmo0ZK 0XkHA8PrhAZdfyodPJuj uNXUIWejT1w4vLTe7QBt EY74ASuADSlYlDTJLkL6 dDuRIa3uykAHrqtnscL7 o9XvbKLK829LHx1fwro4 9OL9rFCWxsvkui0BnJrR yHPSS57AN08ejjILeFs9 fbJ1XhavEsRSCGVVB1U1 JBiXyXogbhO9RGLjMiRP olDP1pNg8HxpvCq8TOIJ K674cUKePzN7aRSq4iqU o53aRQwjhcCKlIFPSjvf o2dWBGyrvosFrr6mKxkG VThEkwdtHmaZ1zsmfh4s lIw41GL97UpW0SIulzFJ MrSQPZSbMdgYshneAfKf SwF10yYWjKWmqxtGZBky C4VxHS7oWghMg001nCqT fs293gU4e4aMhOljCB50 j2d1svPUTAqQIDPXwffl lRM59z2yUMoVl3kzgo9u w5Yg5o0VnYd77fs4XPRL qizvT7wmu308zgJRCTE2 vDgQrJL5dinUbTXXnFI5 jy3jNWgqegakpFSv6gUm oTKjE2BVS0AvV4XvUeLk e3j3O8zLHFaoF4L54lX4 TN93ZjZBMIgkJh9ck6Ha zWpsWJk9vbOt0JkC0vhz X0l14s0sRXjXSeLRZLOJ 6yzFaM9N8M8BsjLACDds z5q6ttBPV27yxxLLSiEN THOlWrcPLTG3BoVkMtJU fpPjeU3Q7Ml0oxbNnONE myBc2oGXtwQIbhN8LZB1
34
MrSQPZSbMdgYshneAfKf GvRFaXYJvrU5PAeeG88T MrSQPZSbMdgYshneAfKf
RBvtNZMBTgecfVkYzQF0 RBvtNZMBTgecfVkYzQF0
e3j3O8zLHFaoF4L54lX4 5f6BSghRQWi4UfjviKjn e3j3O8zLHFaoF4L54lX4
lRM59z2yUMoVl3kzgo9u bVCSBWLjvEmxQEUvDzc4 lRM59z2yUMoVl3kzgo9u
m1eNgjuhkxodElFqqgdb m1eNgjuhkxodElFqqgdb ZhHxBzOYsJAOHrqq4mZM
X0l14s0sRXjXSeLRZLOJ 1GbSD7rTlpNb4qV46SKR X0l14s0sRXjXSeLRZLOJ
C4VxHS7oWghMg001nCqT qz4O4bOhKA0YZxpN4mu9 C4VxHS7oWghMg001nCqT lYkJhGqsFKbDklNelAfr
o53aRQwjhcCKlIFPSjvf o53aRQwjhcCKlIFPSjvf
myBc2oGXtwQIbhN8LZB1 vy2boLWO2lxg10y7uS0y
itlYcr1HLIijK6IEih7d FMx2ghinkTg3bXUUbaTx
fpPjeU3Q7Ml0oxbNnONE fpPjeU3Q7Ml0oxbNnONE
9OL9rFCWxsvkui0BnJrR 9OL9rFCWxsvkui0BnJrR
KtbSULrz2h1IxsKP2DHz RpB10dFWsUl9DC779n8X KtbSULrz2h1IxsKP2DHz
zWpsWJk9vbOt0JkC0vhz zWpsWJk9vbOt0JkC0vhz
uNXUIWejT1w4vLTe7QBt uNXUIWejT1w4vLTe7QBt
nmetx4LmU9YBYTmghDrT nmetx4LmU9YBYTmghDrT 1ZOzWuPMAgV9noIUn6fI
yHPSS57AN08ejjILeFs9 69TQpRojisYUrVnWqBaA q1ntlEPy5TkjTDK1N7QA
VThEkwdtHmaZ1zsmfh4s LJTA7Za5kd0YC7vjiAyc VThEkwdtHmaZ1zsmfh4s
j2d1svPUTAqQIDPXwffl j2d1svPUTAqQIDPXwffl
jy3jNWgqegakpFSv6gUm jy3jNWgqegakpFSv6gUm
o2dWBGyrvosFrr6mKxkG o2dWBGyrvosFrr6mKxkG SUNxIlWVwIvWYg6OTKeH
oTKjE2BVS0AvV4XvUeLk oTKjE2BVS0AvV4XvUeLk
UMmbOoOKP6EkLMuN70H3 UMmbOoOKP6EkLMuN70H3
K674cUKePzN7aRSq4iqU K674cUKePzN7aRSq4iqU jjCSZnB5168QDqTrFROq
EY74ASuADSlYlDTJLkL6 EY74ASuADSlYlDTJLkL6
6X2CNJieZ0I5rs3Wfu65 6X2CNJieZ0I5rs3Wfu65
w5Yg5o0VnYd77fs4XPRL w5Yg5o0VnYd77fs4XPRL
ki0pv73E3TweydEr2xMN ki0pv73E3TweydEr2xMN saIZq3FqZhdVPNoQWmqU
o9aZyqilfPONdyLlpTRX o9aZyqilfPONdyLlpTRX
olDP1pNg8HxpvCq8TOIJ olDP1pNg8HxpvCq8TOIJ
jHmvxfAZsjs2mCnHbbFf jHmvxfAZsjs2mCnHbbFf 4jo8IXw984NR3wvT2Dr9
6yzFaM9N8M8BsjLACDds yAYyOcL4ZKdEiLdSPQJm 6yzFaM9N8M8BsjLACDds
o9XvbKLK829LHx1fwro4 wy0RiFWOddqgqdcatQ9A
fbJ1XhavEsRSCGVVB1U1 fbJ1XhavEsRSCGVVB1U1
