loc0 loc24 loc3 loc23 loc42 loc11 loc21 loc15 loc89 loc39 loc75 loc20 loc37 loc20 loc61 loc107 loc76 loc19 loc76 loc11 loc42 loc3 loc121 loc1 loc55 loc25 loc36 loc4 loc13 loc86 loc16 loc40 loc16 loc86 loc13 loc4 loc96 loc7 loc185 loc6 loc27 loc28 loc93 loc29 loc45 loc51 loc10 loc14 loc10 loc18 loc26 loc56 loc49 loc30 loc47 loc17 loc9 loc64 loc94 loc5 loc94 loc0
44
loc1 loc1 loc171
loc3 loc3
loc5 loc5 loc83 loc87 loc129 loc139
loc7 loc7 loc149
loc9 loc9 loc119 loc157 loc161
loc11 loc11 loc123
loc13 loc13 loc137
loc15 loc15
loc17 loc17 loc67
loc19 loc19 loc69 loc141 loc145
loc21 loc21 loc77 loc155
loc23 loc23 loc81
loc25 loc25 loc193
loc27 loc27 loc131 loc135 loc163
loc29 loc29 loc97 loc177
loc61 loc31 loc61
loc49 loc33 loc49 loc165
loc18 loc35
loc37 loc37 loc181
loc39 loc39 loc151
loc14 loc41 loc143
loc10 loc43 loc65 loc95 loc125 loc183
loc45 loc45 loc159
loc47 loc47 loc105 loc197
loc51 loc51
loc24 loc53 loc57
loc55 loc55
loc107 loc59 loc107
loc40 loc63 loc117
loc6 loc71 loc91 loc103 loc167 loc175
loc56 loc73 loc199
loc75 loc75
loc30 loc79 loc153 loc173 loc189
loc16 loc85 loc127 loc147
loc89 loc89
loc93 loc93
loc20 loc99 loc179
loc36 loc101 loc111
loc0 loc109
loc64 loc113 loc187
loc4 loc115 loc133 loc169
loc121 loc121
loc185 loc185
loc28 loc191 loc195
