Evans WursterHall Campbell Eshelman Marugame ThaiNoodle Chipotle UCafe Yifang BerkeleyWayWest AlumniHouse ImmThai AshaTeaHouse HilgardHall Bowles KroeberHall Barrows Unit2 Pappys SproulHall LewisHall DavisHall LewisHall SproulHall SatherGate GreekTheatre StrawberryCreek MemorialGlade Milkbomb SouthHall Milkbomb MemorialGlade StrawberryCreek Plentea LatimerHall MLK LatimerHall Plentea StrawberryCreek GreekTheatre SatherGate SproulHall Pappys Unit2 Barrows KroeberHall Bowles Unit3 Bowles HilgardHall AshaTeaHouse ImmThai Blackwell Underhill RSF Firewings CaliforniaHall Firewings RSF Underhill Blackwell ImmThai AlumniHouse BerkeleyWayWest Yifang UCafe Chipotle ThaiNoodle Marugame Eshelman Campbell Morrisonhall Gongcha LeConte Moffit HappyLemon LawrenceHall BancroftLibrary HavilandHall VLSB HavilandHall BancroftLibrary LawrenceHall HappyLemon Moffit LeConte Gongcha Morrisonhall Campbell WursterHall Evans Artichokes Foothill HAAS Foothill Artichokes Evans
32
ThaiNoodle ThaiNoodle
Plentea Doe Soda SutardjaDai
VLSB HearstMining VLSB
Yifang Wheeler UniversityVillage
Marugame Campanile Gilman
LeConte LeConte
Moffit Moffit
MLK Dwinelle MLK HildebrandHall
SouthHall SouthHall HesseHall
CaliforniaHall CaliforniaHall InternationalHouse
Bowles Bowles ZellerbachHall
BancroftLibrary BancroftLibrary
Campbell DurantHall Campbell
Unit2 Stern Unit2
GreekTheatre GreekTheatre CanyonPool
HAAS BAMPFA Unit1 HAAS
BerkeleyWayWest BerkeleyWayWest
LawrenceHall LawrenceHall
Unit3 Unit3 Boalt
Foothill Foothill
RSF RSF
Blackwell Blackwell
Eshelman Eshelman
Evans Cory
Barrows Barrows MemorialStadium
AlumniHouse AlumniHouse
DavisHall BotanicalGardens DavisHall
MemorialGlade Kresge
KroeberHall Etcheverry
SatherGate GiauqueHall
HavilandHall HavilandHall
HilgardHall HilgardHall
