Ippudo Platano Soda HildebrandHall NatApartment Rachas CanyonPool Staples Chipotle HearstMining Campbell EastAsianLibrary LittleCampanile WindmillCoffee PokeBar WindmillCoffee LittleCampanile EastAsianLibrary Campbell Eureka Ikes Fengcha UniversityVillage TToust BobaNinja TennisCourts BancroftLibrary Cheeseboard RSF Eshelman SweetheartCafe Eshelman RSF Cheeseboard BancroftLibrary TennisCourts TPTea Campanile LeConte Cafe3 ThaiNoodle Doe JambaJuice SteamTrains Underhill HortonHall Stern ClarkKerr Stern BerkeleyHigh Toss LaNote Homeroom Underhill SteamTrains JambaJuice Doe ThaiNoodle Cafe3 LeConte AshaTeaHouse JacobsApartment Blackwell SuperDuperBurgers Blackwell JacobsApartment AshaTeaHouse Bowles Namaste Bowles HearstAnnex McDonalds HearstAnnex Bowles AshaTeaHouse Barrows BerkeleyBart BigC BerkeleyBart Barrows AshaTeaHouse LeConte AmoebaMusic SnackShack Artichokes SnackShack AmoebaMusic LeConte Campanile TPTea TennisCourts BobaNinja TToust Crossroads TToust ImmThai BobbyGPizza Marugame Gadani Marugame BobbyGPizza ImmThai TToust UniversityVillage UCafe Flavia AndrewsApartment UrbanOutfitters AndrewsApartment Wheeler GSPP EastBaySpiceCompany HesseHall Kips HesseHall ThaiBasil HesseHall EastBaySpiceCompany GSPP Wheeler AndrewsApartment Flavia HearstGym WursterHall HearstGym Flavia SmokesPoutinerie Flavia UCafe UniversityVillage Fengcha HavilandHall Fengcha Ikes Gongcha MSRI NoodleGirl Unit3 LaBurrita OptometryBuilding YogurtPark GreatChina YogurtPark OptometryBuilding LaBurrita Unit3 NoodleGirl Wikiwiki ACuppaTea GreekTheatre Tilden LatimerHall Jupiter LatimerHall Tilden GreekTheatre ACuppaTea Wikiwiki NoodleGirl MSRI Gongcha Ikes Eureka Campbell HearstMining Chipotle HAAS Mezzo BerkeleyArtStudio Quicklys BerkeleyArtStudio Mezzo HAAS Chipotle Yifang NorthHall DavisHall TukTukThai DavisHall NorthHall Yifang Chipotle Staples CanyonPool Rachas NatApartment HildebrandHall Soda Platano Ippudo
66
HortonHall HortonHall Shengkee Slivers
SteamTrains KroeberHall
LatimerHall LatimerHall
SmokesPoutinerie LewisHall SmokesPoutinerie TheDwight
Jupiter Morganhall TopDog Jupiter
McDonalds Morrisonhall McDonalds
ThaiBasil MulfordHall ThaiBasil
NorthHall NorthHall
OptometryBuilding OptometryBuilding
AshaTeaHouse AshaTeaHouse
HavilandHall Bonchon GrizzlyPeak
Quicklys Firewings Quicklys
BerkeleyBart HappyLemon SproulHall
Crossroads Ucha Crossroads BanshoRamen
Artichokes Artichokes LowerSproul
LaNote TacoBell ExtremePizza LaNote
Gongcha Gongcha
Yifang Yifang
Fengcha Fengcha
UCafe UCafe
TPTea TPTea
GreatChina SatherGate GreatChina
Namaste StrawberryCreek Namaste
BigC BigC TenderGreens
ClarkKerr ClarkKerr TripleRock
Cafe3 Cafe3
BobbyGPizza Raretea
Underhill Underhill
YogurtPark TraderJoes Target
Rachas Safeway Rachas
Marugame Marugame
Kips Kips Muraccis
SuperDuperBurgers Pappys SuperDuperBurgers
NatApartment BetaLounge
WursterHall Spats WursterHall
UrbanOutfitters Cornerstone UrbanOutfitters
PokeBar Plentea PokeBar
Chipotle Chipotle
ImmThai ImmThai
Blackwell Milkbomb
Campbell MemorialGlade
EastAsianLibrary EastAsianLibrary
ThaiNoodle ThaiNoodle
Mezzo Mezzo
Ikes Ikes
NoodleGirl Teazone
Platano Gypsys Platano
SnackShack SnackShack
Eureka Eureka
TukTukThai BSC TukTukThai Venus
EastBaySpiceCompany EastBaySpiceCompany
SweetheartCafe PeoplesCafe SweetheartCafe
JambaJuice JambaJuice
Gadani HalalGuys Gadani
Wikiwiki Wikiwiki
Homeroom TheHabit Homeroom
Cheeseboard Cheeseboard
Campanile ChezPanisse
BobaNinja BobaNinja
Wheeler Wheeler
Tilden Gather
BerkeleyArtStudio SaturnCafe BerkeleyArtStudio
AmoebaMusic AmoebaMusic
LaBurrita LaBurrita
AndrewsApartment AndrewsApartment
LittleCampanile LittleCampanile
