hutmk omjfc dowbf yaxts ablxw rlfxc zbawl aflzx lnfiu uxtfk ugyls yzaje htfom rvhjg tqiky fswhz lsnhz mlfbi nhaik obwid nihqv misyc xeljy efjns ijofp oscrv lskxo xintv ejrpc lcghr tiyfv zsehb tyuep cursl dvkfe ybtpq vmgxh ofjku artvi abupm mzlsn spehv ynfag gizud spuoi kbshp kcley bquaw ounwr cgrwy axmwy aqzce tejxc qtcla edkrj hkdrv guxio cjfpu pyjhz nohqc ejulp nohqc pyjhz cjfpu guxio hkdrv edkrj qtcla hutmk
30
oscrv oscrv
cgrwy hopbn
mlfbi mlfbi
lcghr lcghr
aqzce aqzce
mzlsn mzlsn
zsehb zsehb
tyuep tyuep
xintv coubd xintv
yzaje yzaje
lnfiu lnfiu aeomh
cursl cursl xnysi
omjfc omjfc
tejxc qdzgs tejxc
ijofp ywion ijofp
ablxw gxdqt ablxw
kcley vczkh ugamb
ejulp yiodb otirh
misyc urlkt misyc
rlfxc rlfxc
artvi artvi
vmgxh vmgxh
ugyls ugyls
xeljy xeljy
yaxts yaxts
spuoi spuoi
dowbf dowbf
efjns bcrwj ijvuq
lsnhz lsnhz
axmwy axmwy
