Hayward Asheville Durham Asheville Norman Allentown Springdale Cambridge Carrollton Downey Abilene Atlanta Sebastian Kennewick PuntaGorda Wilmington Winston Hickory Trenton Murfreesboro Yonkers Murfreesboro Trenton Hickory Winston Tucson Bradenton Huntsville Bradenton Tucson Aurora Tucson Winston Wilmington Washington LakeCharles Irvine NewOrleans SaintLouis SanJose DalyCity NewBedford York BelAir York NewBedford DalyCity SanJose SaintLouis NewOrleans Burbank NewOrleans Irvine LakeCharles Washington Wilmington PuntaGorda Omaha Topeka Montgomery Topeka Omaha PuntaGorda Kennewick Sebastian Atlanta Abilene Downey Carrollton Cambridge Springdale McHenry Springdale Corona Modesto Hampton RichmondCounty Hampton Modesto Corona Springdale Allentown Norman Asheville Hayward
30
PuntaGorda PuntaGorda
Hickory Tyler HuntingtonBeach Hickory
Montgomery ThousandOaks SantaCruz
Tucson PalmBay Tucson
Yonkers Barnstable Yonkers Waterloo
Burbank Burbank Chicago
McHenry McHenry Newark Torrance
SaintLouis Harlingen
RichmondCounty Charlotte RichmondCounty
Omaha Omaha
Topeka Topeka
Durham Deltona Durham Bloomington
Atlanta Danbury Atlanta
Downey Downey SaintPaul
Asheville Asheville CedarRapids
Huntsville McAllen Huntsville
Abilene GrandRapids
BelAir BelAir Monroe
Aurora Aurora Bakersfield
LakeCharles LakeCharles
Bradenton Bradenton
Modesto Modesto
Kennewick NewYorkCity Kennewick
Winston Tampa Memphis
Springdale Springdale
Hayward SantaClara
NewBedford NewBedford
York York
NewOrleans Waco
Hampton Hampton
