Hayward Shreveport Hartford Shreveport Seaside CapeCoral Gastonia Hampton Bryan Lubbock Milwaukee StPaul Milwaukee Lubbock CostaMesa VeroBeach PembrokePines SantaMaria Poughkeepsie Salem Poughkeepsie SantaMaria PembrokePines VeroBeach Stamford Marysville Stamford VeroBeach OverlandPark Anchorage OverlandPark VeroBeach KansasCity Houston Jefferson Warren York Warren Jefferson Houston KansasCity VeroBeach CostaMesa Bakersfield SouthBend Youngstown Fullerton Duluth SaintPaul ElPaso SaintPaul Duluth Detroit BoiseCity Harrisburg HuntingtonBeach Harrisburg Arvada Wilmington Vancouver Boston SterlingHeights Champaign SterlingHeights Springfield SterlingHeights Boston Vancouver Tallahassee Muskegon NewportNews Muskegon Tallahassee Vancouver Wilmington Arvada Tyler Arvada Harrisburg BoiseCity Detroit Duluth Fullerton Paterson Victorville Scottsdale Victorville Paterson Fullerton Youngstown SouthBend Bakersfield CostaMesa Lubbock Melbourne Torrance Brighton Oxnard SanBuenaventura Anaheim Columbus Anaheim Eugene Fitchburg Waterbury Fitchburg Oxnard Brighton Torrance Albuquerque Torrance Melbourne Lubbock Bryan HavredeGrace PuntaGorda Hemet PuntaGorda HavredeGrace Bryan NewYork Monroe Escondido Independence Escondido Monroe NewYork Bryan Hampton Gastonia CapeCoral Seaside Worcester Burlington Norwalk Huntsville ThousandOaks Cambridge ThousandOaks Huntsville Kissimmee Marina PortArthur Marina Kissimmee Huntsville Norwalk Burlington Downey Topeka Henderson Topeka Downey Burlington Worcester Seaside Shreveport Hayward
62
PuntaGorda PuntaGorda
Tyler Tyler Nashua
Independence Cincinnati RoundLakeBeach
ThousandOaks ThousandOaks Olympia
SanBuenaventura Norwich SanBuenaventura
Cambridge PalmBay Plano
NewYork Tucson Kalamazoo
Anchorage Utica Anchorage Fresno
PembrokePines Pueblo
Albuquerque Albuquerque Hialeah
Gastonia Laredo
NewportNews NewportNews Aberdeen
Youngstown Barnstable Hagerstown
ElPaso JohnsonCity ElPaso
OverlandPark Greenville OverlandPark Louisville
Eugene Eugene Boise LakeCharles
KansasCity Racine
Springfield Harlingen Spartanburg
Waterbury Newburgh Waterbury
HavredeGrace HavredeGrace
Champaign Charlotte Champaign
Scottsdale Omaha Scottsdale
Topeka Topeka
CapeCoral CapeCoral Bloomington
Salem Deltona Salem
Marina Marina Frederick
Stamford LasVegas Stamford
Downey Downey
Bryan Birmingham
Escondido Mesquite StLouis
Fullerton Flint Fullerton
Detroit McAllen Detroit
Lubbock Lubbock
StPaul CorpusChristi Savannah CathedralCity
Marysville Layton Marysville
Shreveport Bethlehem
Hartford NorthLasVegas Hartford
SaintPaul GrandRapids SaintPaul
Arvada Arvada
Oxnard Oxnard
Hemet Hemet Mobile
HuntingtonBeach Scranton HuntingtonBeach
PortArthur RichmondCounty Lacey
Duluth Duluth
Worcester Modesto
Henderson Henderson NewYorkCity
Huntsville Huntsville
Burlington Burlington
Columbus Columbus SiouxFalls
Vancouver Vancouver
Seaside GreenBay
Bakersfield Bakersfield
Monroe Monroe
VeroBeach SantaClara
Kissimmee Kissimmee
Hampton Newark
Torrance Torrance
Norwalk NewBedford
Poughkeepsie Elkhart
Anaheim Anaheim
York York Ogden
Melbourne Melbourne
