AndyandZeyu c j c AndyandZeyu b2 AndyandZeyu2 d2 c2 i2 e2 f2 e2 i2 c2 d2 AndyandZeyu2 b2 AndyandZeyu b4 i4 b4 AndyandZeyu AndyandZeyu7 j6 c7 b7 h7 b7 c7 j6 AndyandZeyu7 AndyandZeyu b9 i9 b9 AndyandZeyu AndyandZeyu12 j11 c12 b12 h12 b12 c12 j11 AndyandZeyu12 AndyandZeyu b14 i14 b14 AndyandZeyu AndyandZeyu17 j16 c17 b17 h17 b17 c17 j16 AndyandZeyu17 AndyandZeyu h1 b1 h1 AndyandZeyu g6 AndyandZeyu6 g6 AndyandZeyu g11 AndyandZeyu11 g11 AndyandZeyu g16 AndyandZeyu16 g16 AndyandZeyu f3 d3 g3 d3 f3 AndyandZeyu g8 f8 j8 f8 g8 AndyandZeyu g13 f13 j13 f13 g13 AndyandZeyu g18 f18 j18 f18 g18 AndyandZeyu f0 b0 i0 AndyandZeyu0 i0 b0 f0 AndyandZeyu e5 AndyandZeyu5 h5 j4 h5 AndyandZeyu5 e5 AndyandZeyu e10 AndyandZeyu10 h10 j9 h10 AndyandZeyu10 e10 AndyandZeyu e15 AndyandZeyu15 h15 j14 h15 AndyandZeyu15 e15 AndyandZeyu
46
c f
j g i j
AndyandZeyu h g1 j1 g2 g4 f6 i6 f7 i8 g9 f11 i11 f12 i13 g14 f16 i16 f17 i18
f0 f0 h0
AndyandZeyu0 g0 j0
i0 i0
b1 f1 i1
h1 h1
f2 f2 h2
i2 i2
AndyandZeyu2 j2
f3 f3
g3 g3 h3 i3 j3
i4 f4 h4 i4
j4 j4 f5 i5
e5 g5
h5 h5
AndyandZeyu6 j5 h6
g6 g6
j6 j6 i7
h7 g7 h7
j8 j7 j8
f8 f8 h8
g8 g8
i9 f9 h9 i9
j9 j9 f10 i10
e10 g10
h10 h10
AndyandZeyu11 j10 h11
g11 g11
j11 j11 i12
h12 g12 h12
j13 j12 j13
f13 f13 h13
g13 g13
i14 f14 h14 i14
j14 j14 f15 i15
e15 g15
h15 h15
AndyandZeyu16 j15 h16
g16 g16
j16 j16 i17
h17 g17 h17
j18 j17 j18
f18 f18 h18
g18 g18
