1efe0a ca77e1 8035d3 c845ed 8035d3 9e3235 ab6081 9e3235 518f91 8037ff 1cb432 ccf3af efb6f6 6d606b db0cb2 e43f08 bf356c 63e726 640320 bd00fb 640320 63e726 bf356c e43f08 db0cb2 6d606b 7c84e0 388a48 1aef1d 909532 6d8fd3 e99176 ff448b db7e7c e17800 c0df7c 444f08 d1ae8e 444f08 c0df7c e17800 7a569b ca245c 83454a 9fb27b 7b04f8 d4f94d fc6ab6 ef9cce 1c3716 525361 e758e6 525361 1c3716 ae5d4a 8f3f65 70d79e 76bb8e 3efbbd 9b8a2b a4f7ab 770b7a 9b8a2b 3efbbd 76bb8e 70d79e 8f3f65 1efe0a
35
ab6081 ab6081 bf7494
9fb27b 22f6f5
8035d3 8035d3 390b11
ff448b 75b2ff 22b74c ff448b
388a48 1aedf0
d1ae8e a3ccd4 d1ae8e
bf356c bf356c
ccf3af ccf3af
e758e6 e758e6 940b78
efb6f6 efb6f6
bd00fb bd00fb 3c1987
9e3235 9e3235 20ec85
76bb8e 76bb8e
7c84e0 363906
a4f7ab 444533 a4f7ab
909532 909532 5b1cb0
d4f94d d4f94d
6d606b 6d606b
1c3716 1c3716
e17800 e17800
c0df7c c0df7c
525361 525361
c845ed de59c9 b9fcab c845ed
6d8fd3 6d8fd3 bb4650
ae5d4a ae5d4a 98b7f9
ef9cce ef9cce
770b7a 194181 770b7a
518f91 518f91
e99176 e99176
444f08 444f08
9b8a2b d36b6f
83454a 83454a
db0cb2 8903f8
fc6ab6 fc6ab6
640320 640320
