MfdzFvsdGbvl AGbRQRBgaOdX MkUBuIisCVpZ FBJfxxErGDSJ AMizjBPjmCZd nOAOIuLzBRCw mFYKjQfCsRtT QifLRRQkbeZy deJmWrylVSGK CuwogbndJgoN hypFtIVCahEe PnbamVANEguC NlmuUUVQUbgI dDFWxTbuPymh LkEUjKFNAyBd SojgLCNtJNvq mghmklyBsbHa BxGViQLocTbz pQCFwcmaYfTN noaMakAlHdwq pQCFwcmaYfTN BxGViQLocTbz mghmklyBsbHa NtVMseWKItey mtRsLIzrlNLu BkcPMTugAswL pkzKsTORVYro FCrKCfVsEsBk pkzKsTORVYro NtVMseWKItey GuSSYBNHDbKE rVqgoVgUmLRB UUfgFbkMxjKZ arcJTkwUqbUy UUfgFbkMxjKZ rVqgoVgUmLRB GuSSYBNHDbKE NtVMseWKItey mghmklyBsbHa NlmuUUVQUbgI QifLRRQkbeZy dFUHctNjrywb MLnLJmQHwuOS PUcvIgREsriS ZjfLZjjegWJT pWbJtVdThhym rrRAqFcoDYfk jQrllEpFyFwz jBrNTBMPxyQD jQrllEpFyFwz rrRAqFcoDYfk pWbJtVdThhym ZjfLZjjegWJT TbekQRoKcInv IHnRSACwPeSd MLnLJmQHwuOS dFUHctNjrywb QifLRRQkbeZy mFYKjQfCsRtT nOAOIuLzBRCw AMizjBPjmCZd FBJfxxErGDSJ MkUBuIisCVpZ AGbRQRBgaOdX MfdzFvsdGbvl
34
pQCFwcmaYfTN BbyhqvohDUZK pQCFwcmaYfTN
SojgLCNtJNvq ymJllvoAiAsf SojgLCNtJNvq
ZjfLZjjegWJT ZjfLZjjegWJT
jQrllEpFyFwz VARFNCcqfgIc
QifLRRQkbeZy QifLRRQkbeZy VyXrTLUcizAa tywOQDwDhjwZ
rVqgoVgUmLRB rVqgoVgUmLRB
noaMakAlHdwq noaMakAlHdwq PvZWLvSzyZfH hCxjbMrSlUJQ
BkcPMTugAswL DFscNnuMhxUC BkcPMTugAswL
dDFWxTbuPymh dDFWxTbuPymh
rrRAqFcoDYfk rrRAqFcoDYfk
MLnLJmQHwuOS MLnLJmQHwuOS
BxGViQLocTbz DvRTDyBMOCbT
PUcvIgREsriS PUcvIgREsriS QHpWWcCYavdw
TbekQRoKcInv TbekQRoKcInv RICmsRCgzRsB
arcJTkwUqbUy arcJTkwUqbUy SgyAcloZDNJV
IHnRSACwPeSd hLGIbMiwjPgd IHnRSACwPeSd
MkUBuIisCVpZ MkUBuIisCVpZ
GuSSYBNHDbKE uFHfCerNFIme GuSSYBNHDbKE
AMizjBPjmCZd AMizjBPjmCZd
FCrKCfVsEsBk FCrKCfVsEsBk GKWfMfVZxbJi
mFYKjQfCsRtT mFYKjQfCsRtT
PnbamVANEguC buqjmAINqGzN PnbamVANEguC
dFUHctNjrywb dFUHctNjrywb
NtVMseWKItey plKUVNXwKfVb
jBrNTBMPxyQD jBrNTBMPxyQD MOpktZzuQRCH
pWbJtVdThhym GemeldahvdVv
hypFtIVCahEe PQTqeEtJjrHq
FBJfxxErGDSJ axLiuEEXvnsQ
deJmWrylVSGK deJmWrylVSGK
NlmuUUVQUbgI NlmuUUVQUbgI
mtRsLIzrlNLu mtRsLIzrlNLu
pkzKsTORVYro pkzKsTORVYro UVLyMXgqTFaJ
AGbRQRBgaOdX AGbRQRBgaOdX
mghmklyBsbHa EoEdLMroSPNp
