IvOdahrtFwzZ WUqhotrexTBp hzeJgpwlnaPA sTgUExIipvWV RGYiIUdVAiVL YGzazHdyrGCd gJMLzBkWmUoV WWtfhwMSzfGW aSwTAVmQLJow zOkfhFVfOKVi aSwTAVmQLJow gJMLzBkWmUoV YGzazHdyrGCd IfTQNEFsiTgr uZQOmtLXDMXl LdhPogfUCfUq RsVDBpPbAfPa jXgKDXnEJsra etjGizhQhrRW ybLCwZqVZKud QxNjgiXciQma pjemGRILnFei PFpQuVVRxbvV BujzcwTOtypK iCJxwFELfPya sFSBpaJxLpBT TZmWJenJbEsV YyCbFndgmpDL AoaIXEzdsCrm mvdksSctoMVi ZPYnROAizafx wHeDieHMYzAK etbjZlqcYdPF ijesYrTHxMcg kzPlYxPdIHVo ypApeqMQPnQA AuldkFyUpsYo ynBAbhbIrUei TKKLChjfijhn cQMSBGdRWmjB xIUhUxhCILsJ EKWhDcEeEkGK FoZLfdSCJZDk lIUKVwoOnEyc zypYDSZfKAvD SnErwRYEuFXf EUIZeYDuGKec cwlLlHKYSHkG qxhFFIUEfnzV cwlLlHKYSHkG EUIZeYDuGKec SnErwRYEuFXf zypYDSZfKAvD lIUKVwoOnEyc FoZLfdSCJZDk EKWhDcEeEkGK xIUhUxhCILsJ xPYMCFkusDSL UHctRHiZQkpZ WUHzPIhaINNz tkrkUtkDqJLy lRgeGnDJBtMa nyTRNDRCsANl xXoCKkdkKAne cRekprdsHHWw idefWDKaqcyp ocysUjOwnenm idefWDKaqcyp WUHzPIhaINNz UHctRHiZQkpZ xPYMCFkusDSL xIUhUxhCILsJ cQMSBGdRWmjB zcAOlsVDUDkc JNoAmCxHcsYw FLSRuaDcxhdD jXOmYlZmvqnI KpiCGGuakHIr AJnswnydWveO TglqUXfjbefC cpNycWVdmzHJ mZUBOQTZyXOM xogpFjQUGEgg HEwqlaeMfSzl tARvBeqQDqSY fiHhqLtPfdZy vkOqMvrCUWYf fblrDraNAUxK qMdmyWbGDdGe oOIjuHJcVRiV AEFrBHnTsTIs FenKhdsiadPr nxbMBCPhfQij yFQWQWtUUMle YIFfrMiRNqqd hPSXtHMMyKAK NxxrxPgsnMqG EOKLHvbbCToE vfHFyZGRGvFq PiGAjicuPBgs vRfpxkfTkxRJ WnABnktZDxMx WHSGrQQrrotE KxsKsdmykxTa touUfboeiIya yVSfaizVeLPT IvOdahrtFwzZ
64
qxhFFIUEfnzV qxhFFIUEfnzV ctZWqndwhbJm YvLRANdegrdA
jXOmYlZmvqnI jXOmYlZmvqnI
touUfboeiIya touUfboeiIya XwPJYwaGcHxO
fiHhqLtPfdZy fiHhqLtPfdZy WsLfQLsirtHk
zypYDSZfKAvD zypYDSZfKAvD
KpiCGGuakHIr UGahWpWtmUQn ubtvaUeVUfmV AQgpWBullbIi
PFpQuVVRxbvV PFpQuVVRxbvV gkTmCiZxFrJw
KxsKsdmykxTa WRiugWLCujBI QFfSmYtuSTPl
ybLCwZqVZKud ybLCwZqVZKud
RGYiIUdVAiVL RGYiIUdVAiVL
NxxrxPgsnMqG NxxrxPgsnMqG
vkOqMvrCUWYf vkOqMvrCUWYf QDhUZstsJKtV
ijesYrTHxMcg PKHkuTHeRXhO
mvdksSctoMVi ppfBOAvWYXyJ mvdksSctoMVi
wHeDieHMYzAK cQFNlImsTWTM oKIKkmsSWzmH wHeDieHMYzAK
EKWhDcEeEkGK IQvKLYGCcCbd EKWhDcEeEkGK dXlgwkdKhUmB
QxNjgiXciQma nlzJUuBrsbXD QxNjgiXciQma
zOkfhFVfOKVi zOkfhFVfOKVi EwXugPkGUVkm UYTxhnOtiPHB
vfHFyZGRGvFq GvyjKkGcUdcI nKmMbiEuiffc
TglqUXfjbefC TglqUXfjbefC TTwdgXpOLyxF
HEwqlaeMfSzl HEwqlaeMfSzl
ynBAbhbIrUei gXcuqckdTdIP
sTgUExIipvWV SKbQkQUhqQEt sTgUExIipvWV
WUqhotrexTBp WUqhotrexTBp
WHSGrQQrrotE WHSGrQQrrotE
TZmWJenJbEsV TZmWJenJbEsV
qMdmyWbGDdGe evRMhyiHKGXv
yFQWQWtUUMle lznMKRYSMheH yFQWQWtUUMle OIjApACwnyqG
zcAOlsVDUDkc zcAOlsVDUDkc qlMzHEurfTvO
IfTQNEFsiTgr IfTQNEFsiTgr
ypApeqMQPnQA nschEYWjrAsr ypApeqMQPnQA
sFSBpaJxLpBT sFSBpaJxLpBT yHOsEGOhjOLt
pjemGRILnFei RQBxIsRWzmfl pjemGRILnFei
jXgKDXnEJsra jXgKDXnEJsra
xXoCKkdkKAne xXoCKkdkKAne hLCSOZLNEdhX
lRgeGnDJBtMa lRgeGnDJBtMa
FLSRuaDcxhdD qFGlIHDqKyPA
fblrDraNAUxK fblrDraNAUxK
WnABnktZDxMx WnABnktZDxMx
AoaIXEzdsCrm AoaIXEzdsCrm
EOKLHvbbCToE EOKLHvbbCToE JpwDMOwQmqOp
cpNycWVdmzHJ cpNycWVdmzHJ wXjNgGRCXYRl
ocysUjOwnenm ocysUjOwnenm aXlcDzbXwAJW
yVSfaizVeLPT yVSfaizVeLPT mgKEFEWheOqk zCWezcJmUGqs KtoZVrQmJWki LNoKVqXhLEzn
WWtfhwMSzfGW NMSHhfMtAJZb WWtfhwMSzfGW
gJMLzBkWmUoV gJMLzBkWmUoV
AJnswnydWveO HVwGkspnDHbf
hPSXtHMMyKAK hPSXtHMMyKAK
YGzazHdyrGCd YGzazHdyrGCd
SnErwRYEuFXf IcNVObbuvzWY
tkrkUtkDqJLy uzYTzVwixczQ
cRekprdsHHWw quZcTYtpBjSn cRekprdsHHWw
nyTRNDRCsANl nyTRNDRCsANl
ZPYnROAizafx ZPYnROAizafx
cwlLlHKYSHkG AhJBAeSEuUkL
tARvBeqQDqSY tARvBeqQDqSY
JNoAmCxHcsYw JNoAmCxHcsYw
oOIjuHJcVRiV oOIjuHJcVRiV
mZUBOQTZyXOM mZUBOQTZyXOM
TKKLChjfijhn FkNlSGMBOUbz
nxbMBCPhfQij nxbMBCPhfQij
YIFfrMiRNqqd aSpDrTbKBytW
etjGizhQhrRW QZQElPdcHxru
FenKhdsiadPr DiKlonktcqTP
