Soda A E Q E A B S AB Z Y AQ AP AQ Y Z AB S B A C J C A D K AI AH AI K D A F M W M F A Soda a b k l k ab k b a d e p e a g a h ak h a i j aa z aa j i u i a Soda a0 c9 a7 a1 a7 c10 d9 c10 a7 c9 a0 c2 d4 c2 a0 a5 a6 a9 a4 a2 c8 b4 b6 b5 c1 b5 b6 b4 c8 a2 a4 a9 a6 a5 a0 c5 b2 e5 e6 b3 e6 e5 b2 c5 a0 Soda C9 A7 A1 A7 C10 D9 C10 A7 C9 Soda C2 D4 C2 Soda A5 A6 A9 A4 A2 C8 B4 B6 B5 C1 B5 B6 B4 C8 A2 A4 A9 A6 A5 Soda C5 B2 E5 E6 B3 E6 E5 B2 C5 Soda
48
A1 A1 D5
B4 A3
A5 A5
A7 A7
A9 A9 B7
E5 B1 E5
B3 B3 C7
B5 B5
D9 B9 D1 D9
C1 C1 D3
D4 C3 D7 E1
C5 C5 E3
C9 C9
E6 E7
AB AB H
AP AP N
J J AF
AI AS AU
AH AW T
E P
Q AG Q
W AC AO
b b
d d n
g f al
h h
j j
l l ad ax
p p af ah
ak r t aj
u v an
i x ap
z z ar at
ab ab av
a1 a1 d5
b4 a3
a5 a5
a7 a7
a9 a9 b7
e5 b1 e5
b3 b3 c7
b5 b5
d9 b9 d1 d9
c1 c1 d3
d4 c3 d7 e1
c5 c5 e3
c9 c9
e6 e7
