a0 a10 a81 a13 a40 a8 a64 a44 a34 a62 a85 a77 a35 a73 a95 a80 a52 a56 a49 a12 a61 a36 a18 a54 a93 a96 a82 a66 a48 a4 a21 a43 a76 a79 a29 a58 a24 a91 a37 a6 a74 a89 a3 a68 a71 a41 a65 a42 a1 a84 a98 a88 a92 a55 a63 a94 a7 a20 a67 a39 a67 a20 a7 a0
36
a35 a35
a71 a19 a71 a53
a4 a4 a87
a41 a41
a65 a65
a94 a45 a94
a37 a37 a17
a73 a73
a68 a68
a0 a0
a98 a9 a98
a39 a39 a30
a49 a15 a49
a13 a13
a34 a34 a86
a91 a91
a55 a55
a79 a79 a38
a24 a24
a36 a36
a42 a42 a70
a93 a93
a62 a62
a43 a43 a78
a95 a51
a80 a80
a52 a52
a76 a76 a60
a54 a54
a96 a96
a29 a26
a56 a56
a48 a75 a14
a89 a5
a88 a88
a64 a64
