Austin Victoria Adam Jorge Manuel Jorge John Jennifer Brad Scott Peter Scott Paul Kimberly Aaron Juan Jonathan Selena Alexandria Gina Cassandra Robert Cassandra Aaron Kimberly Paul Tracy Dennis Walter Jennifer John Jorge Robin Daniel Hannah Sean Jonathon Tina Kari Amy Alex Eugene Elaine Kyle Arthur Ashley Arthur Kari Tina Jonathon Sean Hannah Adam Victoria Jessica Garrett Jessica Victoria Austin Sara Austin
31
Victoria Victoria
John John
Daniel Debra Daniel
Hannah Hannah Elizabeth
Elaine Elaine
Selena Mariah
Eugene Eugene Ralph
Manuel Patrick Danielle
Walter Joshua Walter
Alexandria Natasha
Sara Sara April
Gina Gina Michael
Paul Paul
Kyle Melissa Kyle
Kari Kari Glenda
Jonathon Edward Maxwell
Austin Jamie Melinda
Ashley Paige Ashley
Robert Robert Jordan
Peter Donald Janet
Amy Amy
Dennis Steven Dennis Monique
Scott Scott
Sean Sean
Juan Juan
Alex Rhonda Alex
Garrett Garrett Rachel
Jonathan Jonathan
Jennifer Jennifer Jeanette
Cassandra Cassandra
Robin Robin
