Jason Reginald Brandi Anthony Cynthia Misty Jill Logan Donald Cristian Derek Kevin Tammy Kara Daniel Wendy Ashley Wendy Kelsey Barbara Carlos Rebecca Aaron Nancy Kari Deanna Kathy Deanna Jane Mary Jane Deanna Kari Douglas Kari Carlos Barbara Garrett Phillip Jeffery Jordan Angelica Erin Nicole Krista Amber Krista Nicole Erin Angelica Jordan Stephen Brad Kelly Jeffrey Robert Jeffrey Jacqueline Ronnie Stacie Diana April Maurice Cindy Dustin Miranda Ronald Roy Gregory Roy Ronald Phillip Garrett Wayne Garrett Barbara Kelsey Wendy Daniel Jose Sabrina Joseph Sabrina Jose Daniel Rachel Monica Erica Leonard Tommy Monique Patricia Johnathan Brittany Sarah Dylan Ralph Victoria Alexandra Victoria Ralph Dylan Sarah Brittany Kyle Joshua Kyle Brittany Kevin Nathaniel Julia Brenda Michael Sandra Molly Regina Angela Edwin Angela Julia Derek Jason
62
Derek Derek
Nathaniel Nathaniel Heather
Erica Gabriel
Joseph Adam Joseph
Misty Misty
Brad Shannon Brad
Gregory Samantha Gregory
Donald Katelyn
Erin Adrian
Krista John
Nicole Nicole
Amber Claire Mark Karen
Miranda David Mercedes
Douglas Lauren Brian
Joshua Joshua Cheryl
Robert Mario Robert
Roy Roy
Kara Kara
Johnathan Johnathan Megan
Edwin Dana Edwin
Cristian Cristian William
Jeffery Ricky Jeffery
Kelsey Tristan Kelsey
Deanna Paul
Carlos Laura Rebekah
Stacie Stacie Carrie
Jose Jose
Ashley Melissa Ashley
Kari Kari
Brittany Evan Brittany
Mary Carol Mary
Rachel Andrew Rachel
Regina Regina Kayla
Wayne Wayne Elizabeth
Jeffrey Jeffrey Grace
Dylan Shane Dylan
Leonard Timothy
Victoria Charles
Monica Crystal Monica
Sabrina Shawn Sabrina
Dustin Dustin Melinda
Jacqueline Jacqueline Kimberly Bryan
Logan Logan
Anthony Amanda Jennifer
Nancy Christina James
Rebecca Rebecca Kristen Brett
Kathy Scott Kathy
Wendy Wendy
Sandra Michelle
Stephen Stephen
Ronnie Ronnie
Jill Jill
Tommy Tommy
April Juan April Robin
Julia Susan
Jane Jane
Alexandra Alexandra Nicholas
Jason Jeremy
Kyle Kyle
Tammy Tammy
Jordan Jordan
Molly Randy
