Granbull PorygonZ Electrode PorygonZ Geodude Altaria Sylveon Altaria Geodude PorygonZ Granbull Bulbasaur Reuniclus Metang Magmar Metang Reuniclus Bulbasaur Ursaring Lycanroc Amoonguss Gorebyss Heliolisk Furret Tyrunt Charizard Volcanion Cyndaquil Corsola Budew Corsola Cyndaquil Volcanion Charizard Tyrunt Sentret Probopass Fletchling Cubone Butterfree Mightyena Bronzor Mightyena Skrelp Glalie Skrelp Mightyena Tyrunt Furret Heliolisk Chespin Eelektrik Spearow Mawile Spinda Mawile Trumbeak Furfrou Elekid Pancham Mudsdale Greninja Tsareena Masquerain Cosmog Smeargle Azurill Krookodile Azurill Smeargle Cosmog Masquerain Tsareena Greninja Mudsdale Pancham Elekid Furfrou Trumbeak Mawile Spearow Eelektrik Whiscash Quilava Rufflet Quilava Whiscash Eelektrik Chespin Illumise Whismur Deino Swadloon Caterpie Bidoof Politoed Klang Chatot Slakoth Lucario Swanna Absol Lileep Rhyhorn Carbink Rhyhorn Lileep Absol Swanna Lucario Zigzagoon Buizel Aipom Nuzleaf Staryu Deoxys Finneon Lunala Kirlia Unown Kirlia Lunala Finneon Deoxys Staryu Flareon Heatmor Serperior Binacle Exeggcute Torracat Exeggcute Binacle Serperior Heatmor Flareon Staryu Machamp Happiny Machamp Staryu Nuzleaf Aipom Buizel Zigzagoon Lucario Gorebyss Mantine Gorebyss Lycanroc Ursaring Bulbasaur Typhlosion Bulbasaur Granbull
60
Tsareena Tsareena Feraligatr
Absol Absol Hitmontop
Unown Unown Relicanth
Bronzor Roserade Bronzor
Aipom Dustox
Heliolisk Heatran
Butterfree Butterfree Beedrill
Altaria Ampharos Malamar Charmander
Spearow Spiritomb
Illumise Torchic
Cosmog Cosmog
Rufflet Arbok Lampent Rufflet
Krookodile Cascoon Krookodile Corphish
Torracat Torracat Lapras
Typhlosion Chinchou Typhlosion
Azurill Crawdaunt
Slakoth Slakoth Ninjask
Glalie Mimikyu Glalie
Happiny Happiny Magmortar
Quilava Quilava Crabominable
Deino Kangaskhan
Whiscash Rockruff Whiscash
Sylveon Bonsly Sylveon
Budew Grumpig Budew
Spinda Spinda Gliscor
Greninja Cinccino Greninja Torkoal
Mawile Mawile Skitty
Buizel Buizel Jolteon
Mantine Mantine Carnivine
Charizard Charizard
Binacle Binacle
Lycanroc Raichu Lycanroc
Cubone Cubone TypeNull
Heatmor Heatmor
Swanna Swanna
Chespin Diggersby Metapod Chespin
Carbink Metagross Reshiram Carbink
Lunala Whimsicott
Mightyena Mightyena
Amoonguss Floette Jirachi Darkrai Golbat
Mudsdale Mudsdale Pidgeot
Reuniclus Reuniclus
Machamp Remoraid Machamp
Magmar Magmar Blissey
Electrode Electrode Flygon
Serperior Serperior Bergmite
Volcanion Infernape
Trumbeak Trumbeak
Flareon Goomy
Probopass Probopass
Exeggcute Exeggcute
Swadloon Electrike
Lileep Lileep
PorygonZ PorygonZ
Lucario Floatzel
Deoxys Deoxys
Fletchling Luvdisc
Pancham Vivillon
Chatot Chatot
Nuzleaf Nuzleaf
