0 43 39 99 27 9 80 34 66 76 72 76 46 76 66 34 80 17 80 9 27 99 39 43 29 77 31 15 45 28 96 53 2 73 83 75 1 42 1 75 83 73 2 53 18 60 24 60 18 53 96 28 45 15 31 87 50 65 50 21 49 78 19 30 35 30 19 78 67 78 49 48 6 59 47 59 6 48 49 21 50 87 31 77 29 54 64 22 61 90 14 55 14 54 29 43 0 16 13 32 13 16 0
32
24 24 94
42 42 7 98
72 26 72
17 52 17
31 40
83 83
96 96
43 23 43
27 27
47 10 20
60 60
46 93 46
9 9 57
90 90 38
61 61
73 11
0 0 89
35 51 35
78 78
55 55 4
21 21
13 13
67 88 67
99 99
18 18
65 65 95
6 58
32 32 71 37
15 3 15
76 8
30 62
45 45
