1 16 1 68 8 100 0 22 35 57 35 22 76 59 76 22 0 100 4 49 4 100 6 100 7 43 7 83 7 100 18 100 19 100 21 100 25 100 27 29 95 32 95 29 27 40 63 40 27 50 39 55 39 50 27 100 44 100 45 100 60 100 84 100 89 100 97 100 1
33
100 174 86 192 54 136 157 183 31 155 3 82 164 38 195 188 153 24 28 138 15 56 148 10 182 36 199 142 137 172 171 150 180 170
89 189 89 186
1 1
83 177 83
49 119 49 193
76 76 80
45 45 196
39 74 131 178
55 127 55
21 141 21 158
43 117 43
57 105 57
27 125 27
68 68
63 113 63
6 159 77 194
29 29
32 163 32
16 160 16
8 12 30 8
18 115 129 18
59 59 121
0 0
25 93 25
84 124 84
60 134 60
19 19 88
50 50 151
44 175 44
35 26 101 35
97 97 99
22 22 111
40 191
