21 152 153 152 111 144 74 160 23 191 151 150 42 41 42 150 85 150 110 43 27 101 8 9 8 101 92 91 178 63 178 179 25 179 178 91 92 101 64 40 176 148 197 95 109 106 105 106 109 176 40 64 101 27 43 4 108 4 43 110 124 189 37 36 35 76 31 113 171 15 171 113 188 134 181 6 33 186 185 143 185 186 33 6 181 134 188 113 31 24 1 139 142 139 168 169 168 139 1 24 31 76 35 36 97 68 84 60 84 68 97 36 37 189 124 125 115 119 115 125 124 123 124 110 150 151 175 151 191 23 79 48 47 48 79 23 160 17 160 74 136 69 66 69 136 74 144 111 152 21 156 93 156 21
57
1 1 3
15 5 15
8 7
9 9 51
41 11 13 41
17 17 77
48 19
21 21
23 23
25 25 165
27 27
35 29 35
31 31
33 33 155
37 37 87
119 39 119 159
43 43 73
156 45
47 47 133
197 49 163 197
150 53
185 55 185
169 57 169
60 59 61
63 63 71 83
175 65 175
66 67 145
69 69
74 75
79 79
113 81 113
85 85 107
93 89 93
91 91
95 95 195
97 97
142 99 149
101 101 193
105 103 105 183
109 109
111 111
115 115
108 117 167
42 121
123 123 131
125 125 137
181 127 181
139 129 139
188 135
151 141 151
143 143 147 157
153 153 173
179 161 179
171 171 177
4 187
189 189
191 191
