74 72 80 79 76 71 75 18 17 16 11 18 38 31 39 36 35 37 35 36 39 31 38 21 26 29 28 24 25 24 28 29 26 21 38 18 46 50 44 41 44 50 46 2 7 9 8 9 7 2 151 157 153 159 152 159 153 157 151 2 46 18 58 53 55 60 51 54 51 60 53 58 18 63 70 65 66 68 65 70 63 18 87 89 82 81 88 83 88 81 82 89 87 18 98 99 98 18 118 116 111 120 115 119 115 120 116 118 18 121 130 121 18 132 138 139 135 140 135 139 138 132 18 141 148 150 146 150 148 141 18 169 165 167 170 162 161 162 170 167 165 169 18 172 171 177 178 179 180 179 177 171 172 18 182 192 200 194 193 198 199 198 193 194 200 192 18 75 71 79 80 72 74
68
148 148
89 86 89
50 50
71 77
146 146 142
135 135
41 47 41
167 167 166
55 52 55
81 81
54 54 57
25 25 23
99 96 99
31 31
199 199 191
152 156 160
28 28
194 197
116 116
179 179
8 6 8
11 11 14
130 126 122
139 137 139
161 161 164 163
26 26
39 39
70 69 70
192 192
140 131 140
24 30
121 128
37 37 32
151 151
76 76 73
165 165
119 113 119
80 80
111 111 114
182 185 189
16 13 19 16
178 178 175
2 2
132 136
118 118
18 104
172 172
66 62 66
58 58 59
83 85 83
36 36
68 68 61
170 168
180 174 180
141 145 141
88 88
153 153
38 38
35 35
46 46
157 157
53 53
29 29
74 74
169 169
198 198
82 82
75 75
