l7 l40 l39 l67 l161 l92 l52 l143 l26 l98 l60 l2 l81 l51 l85 l194 l130 l153 l147 l86 l24 l148 l155 l103 l9 l48 l38 l139 l102 l76 l20 l112 l73 l112 l20 l76 l102 l139 l103 l155 l148 l24 l86 l51 l95 l31 l115 l57 l163 l127 l43 l49 l184 l42 l114 l172 l182 l71 l22 l13 l61 l12 l105 l188 l34 l199 l66 l94 l119 l138 l150 l129 l80 l59 l80 l129 l150 l138 l119 l61 l13 l22 l89 l133 l200 l177 l200 l133 l89 l179 l63 l72 l63 l179 l89 l22 l71 l182 l114 l92 l161 l67 l39 l40 l7
44
l147 l101 l46
l102 l102
l105 l109
l103 l110
l73 l113 l180
l114 l114 l14
l115 l115
l177 l116 l177 l90
l12 l12
l59 l122 l59
l24 l124 l24
l127 l127
l94 l128 l94
l130 l130
l163 l132 l163
l199 l136 l199
l138 l138 l181
l39 l141 l39
l31 l142
l148 l148
l172 l15 l172
l155 l155
l38 l160 l168
l161 l161
l51 l162
l42 l169 l54
l86 l171
l184 l184 l25 l77
l20 l186 l20
l52 l189
l48 l192 l74
l2 l2 l33 l58
l200 l200
l63 l21 l63
l26 l26
l67 l27 l67
l7 l35 l7
l72 l37 l44 l72
l40 l40
l85 l41
l49 l49
l143 l53
l92 l6
l13 l83
