Soda China Kenya Kuwait Spain Maldives Croatia Maldives Spain Kuwait Kenya Czech Burkina Seychelles Congo Luxembourg Argentina Luxembourg Congo Heard Sao Christmas Gambia Qatar Barbados Denmark Sri Sudan Japan Sudan Sri Denmark Barbados Albania Nauru Bahrain Comoros Myanmar Iceland Holy Guyana Colombia Guadeloupe Republic Liberia Republic Guadeloupe Colombia Guyana Korea Guyana Holy Iceland Myanmar Paraguay Libya Hong Palau Hong Libya Paraguay Myanmar Comoros Bahrain Nauru Albania Barbados Qatar Gambia Christmas Sao Heard Singapore Heard Congo Falkland Lao Benin Italy Estonia Solomon United Niger Mozambique Puerto Cocos Dominica French Dominica Cocos Puerto Mozambique Niger Mayotte Saint Costa Germany Fiji Germany Costa Bahamas Costa Saint Mayotte Niger United Solomon Estonia Italy Benin Lao Falkland Congo Seychelles Burkina Czech Kenya Moldova Kenya China Soda
34
United United
Cocos Burundi Antigua
Japan Japan Rwanda
Libya Pakistan
Fiji Fiji Netherlands
Lao Lao
Singapore Singapore Lebanon
Mozambique Nigeria
Luxembourg Luxembourg
Burkina Burkina
Croatia Croatia Sint
Argentina Northern Argentina
Korea Korea British
Sao Sao
Niger Niger Kyrgyzstan
Hong Hong
Mayotte Mayotte Ireland
Falkland Malawi
Puerto Jamaica
French Indonesia Kiribati
Liberia Liberia Aruba
Moldova Latvia Moldova
Bahamas Bahamas Mexico
Republic Republic Algeria
Congo Congo Egypt
Nauru Pitcairn
Palau Belize Palau
Soda Cambodia
Estonia Iraq
Bahrain Finland
Saint Saint
Czech New
Seychelles Macao
Albania Albania
