1 30 18 50 53 3 82 10 21 16 25 71 74 11 6 78 58 23 92 34 26 116 70 42 48 59 97 91 90 75 39 9 31 66 73 72 93 27 32 89 19 110 14 41 65 56 12 15 61 45 63 28 17 49 108 49 1
46
10 10 24
11 11 47
12 12
31 13 31 37
14 14
15 15
16 16
17 17 54
18 18
19 19 35
56 20 56
21 21
34 22 34
23 23
25 25
26 26 38
27 27
28 28 55 77
70 29 70 76
30 30 43
32 32
71 33 71
3 36
39 39
6 40 51
41 41 79
42 42
63 44 63
45 45
65 46 65
48 48 69
49 49
50 50
78 52 78
53 53 60
97 57
58 58
59 59
61 61
108 62 64
66 66
1 67
74 68 74
72 72
73 73
75 75
