Essos Toffingburg Jakku Alethkar FogofLostSouls Prongdale TheSpine Prongdale FogofLostSouls Millhagen FogofLostSouls Alethkar Jakku WesternAirTemple Jakku Ramshorn HighGarden Accrington TheFae Urubaen Naboo MountOlympus Valyria MountOlympus Naboo Urubaen TheWall Urubaen TheFae Toperhagen TheFae Atlantas Grayburn Peridrift TheEyrie Peridrift Grayburn TheFae Accrington HighGarden TheCommonwealth KnifesEdge TheCommonwealth HighGarden Ramshorn Jakku TheWhompingWillow Karth Castamere Karth TheWhompingWillow Jakku Toffingburg LeakyCauldron Yunkai Millingburg Yunkai LeakyCauldron KoralReef LeakyCauldron Toffingburg Riverrun AirTempleIsland Riverrun DiagonAlley Durnatel DiagonAlley Riverrun Toffingburg Essos
33
Toperhagen RepublicCity TheVale Lockinge TheKrustyKrab Toperhagen TheReshiIsles
Alethkar Arcwallow WitheredHeath ShatteredPlains Penketh TheBoilingRock Vintas Alethkar Arkham
Yunkai Trebon Barkamsted SatishVille
Karth Yll Newarre BeyondtheWall Carvahall Karth
Jakku TheSpiritWorld CaveofTwoLovers Jakku Alderaan TheUnderworld
Essos Essos
DiagonAlley Severen DiagonAlley Shinovar
Toffingburg Dubwall Toffingburg JahKeved TheRiverStyx Lorien Aerodenn
KoralReef Ellesmera Hogsmead Arrowcave
Prongdale Netherfort TheChumBucket Sanlow
Urubaen Boatwright Urubaen BaSingSe
Riverrun Tartarus Steeltown Riverrun
AirTempleIsland Tarbean FireNation
TheFae TheFae FleaBottom Helgrind DuWeldenvarden
TheCommonwealth TheCommonwealth
MountOlympus MountOlympus CastleBlack
LeakyCauldron Hogwarts Astapor TheGreatDivide
Atlantas Soda Atlantas
HighGarden Omashu TheGodswood HighGarden Ivormere
Peridrift Chrofall Peridrift GooLagoon Blackwater
Millhagen BikiniBottom Westeros FlourishBlotts
KnifesEdge KnifesEdge ProBendingArena Meereen
Millingburg Azir Braavos Duskhollow Neddingtown
Valyria Valyria Dragonstone
Castamere Castamere Batcave
TheSpine Endor TheSpine
TheWall JarrensOutpost Gizton
TheWhompingWillow TheWhompingWillow
Accrington Accrington
TheEyrie Neddington TheEyrie
Durnatel Keld Grimbarrow
Naboo ShriekingShack Ademre Bobbingbourne
WesternAirTemple WesternAirTemple Winterfell
