21 77 2 44 128 134 94 19 159 80 59 33 117 5 10 180 193 86 61 30 132 73 90 167 129 163 122 144 126 71 152 92 135 11 188 190 188 11 139 196 12 151 9 133 84 72 137 100 109 89 199 158 79 26 66 168 36 108 98 15 42 161 47 52 43 162 3 34 39 64 74 49 149 120 16 32 169 65 114 83 82 4 156 183 123 68 185 130 136 81 67 154 25 70 20 85 24 182 145 105 50 116 198 46 172 27 31 195 147 78 178 119 17 96 78 163 129 167 90 73 132 30 10 5 117 33 59 80 159 19 94 134 118 107 142 107 21
74
147 147 29
20 20 87
130 18 130
120 14 120
17 17 176
136 136 194
190 190 186
42 42
172 170 172
24 24
82 91 82
188 188 56
47 47 7
44 48
33 23
12 51 103
34 34
36 36
135 135 131
15 127 15
25 45
163 163
90 90
61 40 61
10 10
66 125
122 122
167 167
100 100
46 46 177
74 74
2 2
31 31
151 151 184
107 97 54
133 133
142 142 37 121
180 180
30 30
156 156
144 144
116 116
64 64
108 108
149 149 95
154 154
81 81 88
118 118 146
123 160
119 119
139 139
178 178
16 16
78 78
27 27
169 169
96 96 75
152 152
129 102
79 115
21 21
68 68
134 134
85 62
105 38 105
49 49
168 168
32 32
196 196
137 137
159 159
114 114
162 60
72 72 53
