29 26 32 15 9 99 11 36 69 47 8 19 3 33 48 35 5 7 68 57 67 63 67 17 45 40 75 88 95 30 53 23 31 46 10 41 59 87 62 56 55 14 79 82 43 80 2 6 37 20 86 28 66 16 54 98 60 84 73 39 27 39 73 84 60 37 6 2 55 56 62 87 41 10 23 53 30 95 88 75 40 33 3 19 8 47 69 36 11 99 26 29
33
67 67
99 24
59 70 59
86 86
10 10
56 56
46 34 93 46
57 57 0
35 4 35
27 64 77 27
63 63 25
80 80 49
5 5
45 45 97 51
30 71 30
9 9 96
66 66
68 68
3 3
6 85
98 98 90
79 72 79
73 73
23 23
31 31
11 11
69 69 78
82 82
75 75
32 58 32
26 26
7 7
17 17
