node139 node166 node19 node95 node105 node15 node25 node82 node94 node38 node100 node85 node18 node85 node134 node99 node190 node32 node194 node62 node161 node55 node129 node109 node111 node109 node129 node55 node161 node62 node194 node53 node20 node80 node37 node80 node20 node53 node164 node186 node98 node186 node164 node178 node144 node87 node69 node84 node69 node87 node144 node190 node99 node134 node85 node100 node30 node50 node36 node173 node24 node39 node157 node155 node160 node21 node56 node182 node197 node104 node77 node136 node183 node116 node128 node1 node57 node51 node57 node1 node128 node33 node146 node150 node52 node148 node22 node81 node31 node192 node124 node192 node31 node81 node22 node27 node73 node8 node75 node96 node75 node8 node52 node150 node146 node33 node125 node123 node172 node71 node70 node193 node86 node67 node196 node65 node196 node67 node86 node193 node70 node71 node79 node126 node47 node152 node10 node154 node61 node102 node61 node154 node120 node3 node43 node195 node187 node114 node76 node191 node158 node180 node158 node191 node76 node114 node187 node195 node43 node3 node120 node154 node24 node139
68
node195 node195 node59
node96 node60 node96
node8 node8
node178 node178 node162
node114 node114
node125 node125
node98 node119 node98
node61 node184 node61
node192 node192
node53 node53
node51 node107 node51
node73 node5 node26 node188 node73
node50 node50
node193 node185 node72
node158 node158
node100 node100
node37 node37 node200
node123 node123 node143
node20 node20 node112
node21 node181
node124 node17 node124 node54
node38 node38
node80 node80
node71 node49 node71
node86 node86
node3 node3
node126 node126 node97
node65 node65 node141
node187 node163
node10 node10 node108
node111 node66 node111
node24 node24
node30 node30
node191 node191 node159
node160 node92 node160
node33 node33
node173 node42 node173
node22 node22
node152 node152 node12
node134 node134
node146 node146
node182 node182
node19 node19
node129 node129
node154 node154
node47 node47 node16
node81 node81
node102 node48 node102
node36 node165
node85 node85
node77 node149
node109 node109
node84 node130 node84
node186 node186
node196 node41
node27 node27
node180 node167 node180
node1 node1
node157 node157
node94 node94
node82 node117
node190 node190
node18 node18 node169
node55 node55
node57 node57
node52 node52
node56 node56
node116 node116
