507 2c9e2 16eff 648c b4fc 205d1 26a5d 12396 2a6b1 91cb 27972 132ab 23817 2d3f0 374d 12da4 3c54 137b2 73a1 32460 11e8f aff5 1289d 1e2a 155dc 37ede 4662 82b6 87bd 17406 78a8 33375 1ab53 11481 1d892 379d7 5f85 1d38b 219ed 20fdf dd34 aaee 383e5 141c0 24c33 7daf a0e0 23310 1bf6f 2b0bf 2bacd 1c97d 96d2 10065 3387c 1a64c 3519f 3154b 31a52 14bce 5070 5577 e742 2ddfe 1fbc3 fb5e 2abb8 39d08 2ed13 d82d 388ec 10f7a d326 34791 18d29 2e305 392fa 415b 1e7a7 3428a 3a20f 1790d 36ac2 f15 e23b ba03 3012f 3246 22e09 214e6 27e79 360b4 28d8e 2cee9 8cc4 1ba68 15fea 17e14 2838 2b5c6 11988 1056c 18822 365bb 29295 19737 25b48 28380 1c476 c411 34c98 9bd9 2c4db 10a73 2e80c 33d83 6e9a 2fc28 25641 2513a 22902 2513a 26a5d 205d1 b4fc 648c 16eff 2c9e2 507
75
3c54 3c54
aff5 aff5
27e79 27e79
82b6 82b6 32e6e
5577 5577 30636
26a5d 26a5d
91cb 1ecae 91cb
dd34 dd34 1f1b5
507 164f1
32460 32460
27972 27972
2fc28 2d8f7 2fc28
e742 e742
17e14 2f21a 17e14 2472c
374d 200ca 374d
25b48 1923 23d1e 25b48
9bd9 9bd9 6993
4662 4662
15fea 146c7 15fea
33375 33375
1790d 38df3 1790d
2c9e2 2c9e2
1d892 1d892
2b0bf 2b0bf
3387c 3387c
2e305 2e305
78a8 78a8
8cc4 8cc4 1dd99
d326 d326
22902 22902 26f64 356a6
16eff 16eff
2513a 2513a
24c33 24c33
36ac2 36ac2
22e09 22e09
20fdf 20fdf
379d7 379d7
18d29 18d29 1831b
2cee9 2cee9
214e6 214e6
3012f 3012f
ba03 ba03
25641 25641 36fc9
2c4db 150d5
2a6b1 2a6b1
10065 10065 c918
3428a 3428a
155dc 155dc ec49
1a64c 1a64c
360b4 360b4
2bacd 374d0 2bacd
1056c 1056c
1e2a 1e2a
73a1 169f8
18822 18822
23817 23817 2604f
19737 19737
2e80c 4b69
1ab53 1ab53
f15 13cb9
23310 23310
28d8e 28d8e
c411 c411
2ddfe 2ddfe
d82d d82d
12396 12396
388ec 388ec
3246 3246
1c97d 1c97d
11988 11988
31a52 31a52
2b5c6 2b5c6
11e8f 11e8f
648c 648c
1ba68 1ba68
