USZWPSB HVERBTBS WYQMUDM QKULBZUR YFEZIO QINTC RZIWNJFXV WKIASJP TNHRK GSVJPWC ACYPAPBPW RUGMYM AOVKACB EMAAQWO AOVKACB RUGMYM ACYPAPBPW GSVJPWC TNHRK WKIASJP RZIWNJFXV NJLNWKM EHQRYBZ RGLCPSJQE EHQRYBZ NJLNWKM RZIWNJFXV QINTC YFEZIO NXLMTIMTQ AERLK FJQMKJNWE YHITQ DIXXP WEXBJV DIXXP YHITQ LJIWVABQS WUUMGX JOXQIX MSHZNEX GKDIY DFFFG UZGTEP NIVCBBO KRUSUHB NIVCBBO EJXSCSGM ZNZOQPE EJXSCSGM NIVCBBO UZGTEP GKDIY AIGGLZT GKDIY NXLMTIMTQ JEGRK KYSSK CCTJZN WTQCHXQ OIANIWMW TGPYEAP APIOYKU WVLTLUD YCGJNQA LNDUQDYSK GWDJBFTV HWJUZVNH YOUZA GEGFOSJ OIANIWMW FBLXKVQA GLYDZ JIDZW KAUIIR JIDZW RBNAR XENTNT VWNAJFRNG XENTNT RBNAR JIDZW GLYDZ FBLXKVQA TQSCIQTX LYRSZA MBRDNYP OGEJDN MBRDNYP SIJTRDMKR XZUPVI UDNWTRHT XQOMNCXDB JXLFSOAT GMRFZFR JXLFSOAT XQOMNCXDB UDNWTRHT HSAIPP RGSOR HNOOUELP LYRSZA TQSCIQTX FBLXKVQA OIANIWMW YFEZIO QKULBZUR VTPZPDXM TOAKXEQ BDHKKLSE EFOWXJQKY QKULBZUR WYQMUDM HVERBTBS USZWPSB
56
EMAAQWO EMAAQWO FZGDAQKRC
AOVKACB EPJHOESBB AOVKACB RLWAP
DFFFG JVWIZDBS DFFFG
RGSOR BLXWCB RGSOR
AERLK ORCMU VWHRKOPZ
HWJUZVNH SICVXMLGL HWJUZVNH
GMRFZFR YVIRIDDRA ZEZKNGTK UBODMUMJ
EFOWXJQKY EFOWXJQKY MWXYLX
GEGFOSJ GEGFOSJ ILXWSRIC
QKULBZUR MRXNI
WVLTLUD NCPEGX OVKLH
HSAIPP HSAIPP
MSHZNEX MSHZNEX RJDHJFNIN
RUGMYM XHMMLM RUGMYM
UDNWTRHT UDNWTRHT NZJGYK
TNHRK AHZYCQM
JEGRK FPWMJC JEGRK
WEXBJV GNXDBJSVR RVPJHZLQQ MOXGRP WEXBJV
YOUZA SIAFKK YOUZA
XENTNT XENTNT
JOXQIX JOXQIX YAETAC
GKDIY BHAMV YKOGGTNN
ZNZOQPE HSJUMJH ZNZOQPE ZKGYGD
EHQRYBZ EHQRYBZ
XQOMNCXDB XQOMNCXDB
RBNAR RBNAR
AIGGLZT VVSNO AIGGLZT
UZGTEP BCHOPGEE
LNDUQDYSK LNDUQDYSK NHNDWOH CWLLCM
LYRSZA LYRSZA
TQSCIQTX TQSCIQTX
VWNAJFRNG QMHLIXVD XSWDY VWNAJFRNG
JXLFSOAT TTXGTNV JXLFSOAT
RGLCPSJQE RGLCPSJQE VBAQD
KAUIIR KAUIIR HEFYBKPUF MYDTJZPES
CCTJZN CCTJZN
OGEJDN NBRZI ANHOTJN
EJXSCSGM EJXSCSGM
HNOOUELP HNOOUELP APBFJMOOF
TGPYEAP TGPYEAP DKINCMT
YFEZIO NTZSZ YFEZIO
BDHKKLSE OLUPAJLP RQWCFDHW
APIOYKU APIOYKU
TOAKXEQ TOAKXEQ PJXURKPC FLOTLYFG
NIVCBBO NIVCBBO
LJIWVABQS FCWRH
WTQCHXQ WTQCHXQ AXCWU
FJQMKJNWE FZNKCK FJQMKJNWE
KRUSUHB JQHORKB KRUSUHB
DIXXP DIXXP
USZWPSB USZWPSB GALHVZ
GLYDZ GLYDZ
ACYPAPBPW ACYPAPBPW
HVERBTBS HVERBTBS
XZUPVI XZUPVI
FBLXKVQA VFEEU
