UMUCUTWAW CWTNE VYSDBC MWTSDF HQNIKFEGO TOWQNXV PLYPQBTP NYBEJN NDWZKRTIJ USUVN AOWYQNAYA USUVN NDWZKRTIJ NYBEJN YPXLG NYBEJN PLYPQBTP DQOPCH CJLYWOAQ TNKNMUFI JJAQQ WCHJFCRZJ AWEBMY TCXWZV PRIRIKY UGSZCNL VHLSP OVWBCTVDD ATQPANM HREHTSNH OIPVAKF WRQUJ XGGIUBVDN SUIOZK VHHVQ WRQUJ OIPVAKF HREHTSNH ATQPANM OVWBCTVDD JJAQQ TNKNMUFI TOWQNXV AAOLHW RCOMG ONFIHQJYT AWQOWSNYN ONFIHQJYT RCOMG AAOLHW TOWQNXV HQNIKFEGO MWTSDF VYSDBC KAYADTT OMBFD QOHWG RRFKVFYKR QOHWG KUUVZB QOHWG OMBFD KAYADTT VYSDBC CWTNE UMUCUTWAW
29
RRFKVFYKR CNINRTR RRFKVFYKR
CJLYWOAQ CJLYWOAQ JVYIBRJ ELILXSR
WRQUJ WRQUJ
VHHVQ VASGY VHHVQ
KUUVZB KUUVZB XJOXYWA
JJAQQ JOWHZXTIA JJAQQ
TOWQNXV YNHRBC STQNQT
ATQPANM XWBHEYXJU UENPUJ
TNKNMUFI TNKNMUFI
HQNIKFEGO TJFSEUB
KAYADTT KAYADTT FVKLDY
AWQOWSNYN GVNFQM AWQOWSNYN
SUIOZK SUIOZK EGEASKKIE
WCHJFCRZJ ZFMGDWP IZNSKNS
YPXLG YPXLG MHXHJGEF
HREHTSNH ZSHRTZVKO
XGGIUBVDN TNSRRJCDD XGGIUBVDN RDTQTJB
TCXWZV TCXWZV WEPDZ
ONFIHQJYT YFKIFTRS
VHLSP VHLSP ZLYFI
USUVN ZPFHBWI USUVN
AOWYQNAYA CRSMUEPQG AOWYQNAYA
VYSDBC GUDSRTKLA
OMBFD OMBFD
QOHWG QOHWG
DQOPCH DQOPCH
MWTSDF MNWMWDXCQ MWTSDF
PLYPQBTP VSMLVXSP PLYPQBTP
OIPVAKF OIPVAKF
