97 71 73 91 68 83 80 72 85 95 78 89 84 82 77 9 10 11 12 13 14 15 69 66 58 64 62 60 56 52 54 46 48 44 88 67 8 7 6 5 4 3 2 1 17 19 21 23 25 29 33 31 35 37 41 86 81 100 79 96 43 47 49 51 53 57 61 63 20 18 24 22 30 26 28 32 34 36 34 32 28 26 30 22 24 18 20 1 2 3 4 5 6 7 8 67 73 71 97
44
95 95
52 52
96 96
84 84 94
71 71
36 36 40
13 13
43 45
89 75
44 44
28 28
14 14
53 53
6 87 6
63 63 65
8 8
68 68
10 10
51 51
33 33
15 16 15
61 61
21 21
35 35
23 23
7 7
62 62
79 79
58 58
24 24
5 5
86 86
60 60
47 47
67 67
20 20
100 100
30 30
19 19
88 99 88
54 54
48 48
56 56
49 49
