132 130 179 173 185 26 27 28 25 24 23 22 21 20 19 18 17 161 146 186 174 189 157 199 188 149 141 145 196 158 168 181 190 169 192 147 194 170 198 172 151 165 156 143 133 164 167 159 193 135 178 16 15 14 13 12 11 10 9 8 7 6 5 4 3 2 1 34 36 42 40 38 44 50 46 48 54 52 56 60 62 64 66 68 70 76 160 182 78 74 72 80 37 33 35 39 41 49 53 45 43 47 51 57 61 59 65 67 73 81 75 175 154 184 139 153 140 85 87 89 99 97 95 101 105 103 107 111 117 115 121 123 119 128 126 124 116 120 122 118 112 114 110 108 106 100 98 92 96 94 88 86 102 100 106 108 110 114 112 118 122 120 116 124 126 128 132
82
167 171 167 183
60 60
64 64
119 195 113
46 46
80 80 82
192 162 192
96 96
3 3
122 122
184 184
47 47
68 68
45 45
126 126 176
86 86 90
154 154
189 189
174 138
66 66 142
196 196
100 100
25 25
72 72
159 159 152
38 38
28 28 31
44 44
33 33
153 155
161 161
102 104 102
95 95 91
78 78
188 188
8 8
61 61
9 9
98 98
160 160
149 136 149
133 133
106 106
81 81
193 193 197
111 109
85 85
11 177
39 39
5 5
146 146
35 35
17 137 17
6 6
135 135
40 40
156 156
101 101
36 36
194 194
88 88
13 13 180
87 87
182 166 182
118 118
27 27
56 56
181 181
97 97
173 173
198 198
26 26
75 77 75
76 76
105 105
185 185
178 148
41 41
92 92
2 2
108 108
62 62
