TA0 TA1 TA2 TA3 TA4 TA5 TA6 TA7 TA8 TA9 TA35 TA9 TA62 TA63 TA62 TA9 TA8 TA7 TA18 TA7 TA6 TA5 TA4 TA3 TA2 TA1 TA0 TA10 TA11 TA12 TA16 TA17 TA19 TA20 TA21 TA22 TA23 TA30 TA31 TA32 TA31 TA30 TA23 TA22 TA21 TA26 TA27 TA79 TA80 TA79 TA27 TA26 TA21 TA20 TA19 TA17 TA16 TA37 TA39 TA37 TA16 TA12 TA33 TA12 TA38 TA47 TA48 TA47 TA50 TA47 TA38 TA12 TA11 TA10 TA0
30
TA9 TA9
TA38 TA38
TA33 TA76 TA33
TA19 TA19
TA27 TA27 TA28 TA56
TA32 TA58 TA32 TA61
TA39 TA39 TA40
TA80 TA80 TA81
TA48 TA84 TA48 TA94
TA31 TA42
TA47 TA47
TA50 TA86 TA50
TA10 TA59 TA10
TA11 TA85
TA18 TA90 TA18
TA16 TA25
TA26 TA26
TA8 TA49 TA92 TA8
TA20 TA46
TA5 TA54
TA7 TA7 TA73
TA35 TA89 TA35
TA63 TA64 TA63
TA21 TA21
TA62 TA62
TA12 TA71 TA12
TA23 TA23 TA24
TA1 TA1
TA6 TA6
TA0 TA99 TA36
