AAA AAB AAC AAD ABD ACD ABD AAD AAC AAB ABB ABA ACA ADA BAA BAB BAC BAD BBD BCD BBD BAD BAC BAB BBB BBA BCA BDA CAA CAB CAC CAD CBD CCD CBD CAD CAC CAB CBB CBA CCA CDA DAA DAB DAC DAD DBD DCD DBD DAD DAC DAB DBB DBA DCA DDA EAA EAB EAC EAD EBD ECD EBD EAD EAC EAB EBB EBA ECA EDA FAA FAB FAC FAD FBD FCD FBD FAD FAC FAB FBB FAB FAA EDA ECA EBA EAA DDA DCA DBA DAA CDA CCA CBA CAA BDA BCA BBA BAA ADA ACA ABA AAA
24
AAD AAD
ABB ABB ACB
AAC ABC
ACD ACD ADD
BAD BAD
BBB BBB BCB
BAC BBC
BCD BCD BDD
CAD CAD
CBB CBB CCB
CAC CBC
CCD CCD CDD
DAD DAD
DBB DBB DCB
DAC DBC
DCD DCD DDD
EAD EAD
EBB EBB ECB
EAC EBC
ECD ECD EDD
FAD FAD
FBB FBB FCB
FAC FBC
FCD FCD FDD
