Milton Thessalon Stawell Swansboro Chancay Colombo Joliet Maidstone Martin Bam Helotes Berkley Shamva Shu Kimba Toktogul Serpukhov Wallington Cochrane San Skovorodino Lochbuie Chengde Lochbuie Skovorodino San Cochrane Wallington Serpukhov Toktogul Shu Kerma Skiatook Moanda Plainfield Yambol Dalby Multan Pakalongan Cooma Marsaskala Sofia Vinita Sofia Marsaskala Cooma Plast Managua Makinsk Carnikava Rumuruti Nguigmi Scottsdale Piran Karur Lukulu Sari Jeonju Koboko Esperance Hengshui Kardzhali Heath Crawfordsville Moorhead Aylesbury Tabriz Winona Nusaybin Jambi Samux Luga Bonao Zvezdnyy Iturama Campana Grovetown Ashtabula Trang Ashtabula Grovetown Campana Iturama Zvezdnyy Bonao Mold Lucena Clawson Pleasantville Totness Zumpango Boosaaso Yevlax Tallaght Winnsboro Keene Mauldin Barabinsk Kiruna Milton
65
Luga Kasaali Luga
Wallington Wallington
Chancay Lodja Chancay
Skiatook Skiatook Aizawl
Martin Martin
Winona Winona
Joliet Esik Joliet
Karur Tunapuna Karur
Tabriz Dunhuang Tabriz Tabuk
Yevlax Littlestown Yevlax
Marsaskala Marsaskala
Moorhead Moorhead
Chengde Burylbaytal Chicopee
Cooma Cooma
Zumpango Kanoya Zumpango
Barabinsk Siquijor Barabinsk
Nguigmi Nguigmi Ipatinga Kitamilo
Sari Sari
Crawfordsville Zadar Crawfordsville
Nusaybin Nusaybin Quime
Piran Piran
Plainfield Salsk Plainfield Jerusalem
Boosaaso Boosaaso
Rumuruti Rumuruti
Managua Managua
Vinita Elburn Morondava
Kiruna Harahan Kiruna
Hengshui Hengshui
Trang Hayden Trang
Cochrane Cochrane
Toktogul Toktogul
Campana Devine Campana
Yambol Arras
Ashtabula Ashtabula
Samux Samux Cairo
Zvezdnyy Zvezdnyy
Kimba Ihosy Kimba
Shu Shu
Jeonju Jeonju
Carnikava Agago Carnikava
Heath Kirovohrad Heath
Totness Totness
Tallaght Tallaght
Keene Keene
Clawson Clawson
Koboko Koboko
Berkley Berkley
San San
Kerma Kerma
Multan Multan Chicago
Plast Eydhafushi Plast
Sofia Zicheng Sofia
Jambi Jambi Jizan
Helotes Madrid Helotes
Shamva Shamva Pasadena
Bonao Bonao Barddhaman
Scottsdale Scottsdale
Pakalongan Socorro Pakalongan
Mauldin Esmeraldas Kelang Mauldin
Moanda Moanda
Milton Milton
Bam Bam
Pleasantville Pleasantville
Makinsk Makinsk
Dalby Dalby
