mqncr fhsjw qxsoe jkkgv kpxlz yhpwd pnmkd roimn mlqbj ngjyx jujev cakfa kamos wmdth dtvfs mwoev anscp mqreu bwbkg ezhmp zmwtk jwmjp dxztc dabkf bwinl byjai iigud macxu gupku wxcvg rtshe mzwec ibnyw azsmx weuhz sfgmu ywyyb sxqhs qotnp eakkr tgxta vdlja innfa olqki gztsf ayayj gsero hdvet vtcqw zfawc qwmew tctxs dsbhm gkosc vnnvv ilbfw fjrpj jydxd mnymy hqiic derxh fdewe peobk hribg nsllr diapc kwvgs qpjoh hgwal eakbg tyjab iyzri iggzg wxaab maarr ybtvs rjdkz jorhq ssyjd witaj rkzmv kdtrw cegzm wwphq lhsag nmygm mjgiw gpwkr lfdet qpjoh kwvgs diapc roimn kpxlz jkkgv qxsoe fhsjw mqncr
61
mlqbj mlqbj
kdtrw nppux kdtrw
mjgiw mjgiw
innfa innfa qrmyp dxllq
gpwkr gpwkr gsdqj
vdlja qfcxo
cakfa cakfa qcfox
iggzg iggzg
tgxta jjlwh pvzeb
zmwtk kqysx igpmu
hgwal lukkm jvfig hrhzb
ssyjd ylsow ssyjd
ywyyb ywyyb
bwinl drrap bwinl
sfgmu drlqp sfgmu
qwmew qwmew fblut
jkkgv jkkgv jemlu
anscp anscp sbnmi
rtshe rtshe
derxh derxh
tyjab tyjab
macxu edxoe macxu
lfdet lfdet zcixl ypkmm
dsbhm dsbhm awsuk
ayayj aoxfw ayayj
ilbfw ilbfw
vnnvv vnnvv mrnva
lhsag irkbu lhsag
mqreu mqreu dkdci
sxqhs eustb sxqhs
yhpwd mxihv
peobk peobk
dxztc eqddq yuuqu
fjrpj fjrpj btqda
gkosc gkosc
cegzm cegzm
nsllr fnipk jxcvu
qpjoh qpjoh
wxcvg piswp xphcw
ibnyw cfspg ibnyw
byjai uooez byjai
mwoev mwoev dsfpg
pnmkd axdtz pnmkd
zfawc tcqqe qkftw
kwvgs kwvgs
iigud iigud
jwmjp jwmjp
wwphq wwphq rnrth
gztsf gztsf
olqki mpjyf bymoa
hribg hribg
mzwec eludu mzwec
tctxs tctxs
hqiic xftof yuvek
mnymy tcxbn mnymy
dtvfs mbqyg
eakkr eakkr vzoqh
qotnp qotnp
qxsoe qxsoe
maarr ygust
diapc diapc
