xjbms hwhxr ttdxn fuume bicnj ocgbu fxnnl npvgp kymjg qkzwm itxfb hgzmo rlqrg usrtf vlzjn czppi akegy xecik begrs impuz mrnvg bqgqy riwwe yuayd yifeb xvefe lfceh svmzn nnnts bsuwt bwgqu htabn rfxfz tykrt hnizb swhav ybgaf ydhop nwnsv otdam vaeqh ayxok nrtqp lyixz nrtqp ayxok ydhop ybgaf swhav hnizb hwhxr xjbms
36
usrtf rnrnh usrtf
vaeqh qkysn vaeqh
czppi czppi bthif
htabn lkzxl
akegy akegy
vlzjn psudb wnlug
itxfb itxfb
bqgqy bqgqy yztko
lfceh uzzfw lfceh
begrs fnhle
impuz impuz
nnnts dzfkr nnnts
fxnnl fxnnl
fuume fuume lpolv
bsuwt bsuwt kvvqk xeikc
xvefe xvefe
ybgaf ybgaf
bicnj bicnj
xjbms xjbms
riwwe riwwe mbzzn
rlqrg uegez
npvgp npvgp
lyixz lyixz beqlb
tykrt kyaqs tykrt
ocgbu ocgbu iddrb
kymjg wxnxi
yuayd deoux
yifeb hstmf
nrtqp nrtqp
mrnvg mrnvg
xecik xecik
hwhxr hwhxr
bwgqu bwgqu
ydhop ydhop
swhav llwzk
otdam ejwkt
