0 16 23 25 21 51 5 24 5 51 0 56 8 14 92 2 15 4 22 32 35 32 15 2 27 38 34 7 12 17 19 39 31 10 54 11 54 7 58 13 61 3 40 1 6 66 87 9 87 3 61 2 92 0
35
25 62 127
21 21 64
31 52 31
7 50 168 195 110
3 192 72 162 121 63
34 34 140
4 101 163 178 149
2 93 2 133 126 155 59 29 97 73 120
11 143 82 28 183 11 139
12 186 189 12 79 104 30
14 26 141 14
0 103 150
39 39 46
1 47 42 164 142 78 131 71 1
9 193 179 99
23 136 23 91
38 44 38
10 172 10 108 194
27 27
16 105 68
8 94 115 85
87 87
66 170 66
13 130 77 13
19 152
5 5
24 24 49
56 56
51 51
17 146 67
6 76
22 45 22
35 132 35
32 177
15 100 175
