0 55 57 112 2 140 91 23 67 23 91 108 91 140 14 167 98 167 189 167 14 140 2 112 188 61 97 186 97 61 188 112 57 55 178 153 82 153 128 3 128 99 158 38 145 100 145 38 158 99 144 185 35 32 9 187 159 49 85 135 59 135 85 49 159 187 9 32 69 161 151 152 88 157 88 152 151 161 69 12 182 31 58 56 77 21 169 141 95 65 133 126 198 83 101 81 64 81 101 83 198 126 133 65 11 143 96 143 121 143 90 143 11 65 95 141 169 21 77 56 58 31 182 12 69 142 69 32 35 185 109 10 109 185 144 99 128 17 18 106 147 106 18 17 128 153 184 124 184 153 178 132 194 119 134 114 134 119 194 132 178 55 92 55 0 155 0
65
99 99
96 105 46
186 150 186 89
85 85
9 139 9
141 141
21 21
64 64 148
157 45 41 157
108 108 16
14 14
132 132
32 50
121 13 102
82 82 29
57 138 57
12 12
188 188
98 170 166
114 1 103
119 119
161 161
58 129
189 39 71 189
90 90 197
158 175
169 169 66 86
143 143
67 27 67
77 77
124 124 125 26
49 49
91 160
10 20 176 10
56 56
59 74 59
152 152 19
35 35
100 100 51
55 55
3 195 3
23 23
185 185
155 24 137
112 172 112
61 68
81 107
83 83
147 147 104
69 69
167 167
101 101
140 52
2 2 164
142 142 72
194 43
92 94 92
182 73 182
106 196 106
38 38
95 95
11 11
198 198
97 97
128 123
