ffffff uu uuu jj nn o nnn tt mmmm gg kkkk uuuu cc jjj hh ppppp z nnnnnnnn hhh bb kkkkkkk aaaaaa zz iiii nnnnnnn lll hhhh jjjjjjjj oooo zzz ttttt ff y mmm qqqqqq ggggggg eeeee f tttttt kkkkkkkk gggggggg hhhhhhh wwwwww iiiiii ssssss mm eeee llll c uuuuu zzzzzz xx xxxxxxx ccccccc sssssss qqq bbbbb ttt t aaaaaaaa kkkkkk ggg bbbbbbbb yy sss gggg pppp xxxxxx zzzz ppp yyyyyy ooooo wwwww rrrrrrrr vvv llllllll xxxx wwww rr bbb p eeeeeee fff kkkkk fffffff llllll b pppppp yyyy yyyyy ss rrrr iiiiiii ccccc vvvvv cccccc ww vvvvvvv ppppppp hhhhhh r m uuuuuuu ll xxxxx qqqqqqq ggggg rrrrr fffff ddddd u jjjj vv dddd ttttttt sssss bbbb bbbbbbb d cccc dd aaaa ll uuuuuuu ffffff
77
ffffff ffffff
kkkkkkk iiiiiiii
fffffff pppppppp aa
b b
o x o
ppppp ppppp
bbbbbbbb mmmmmmmm bbbbbbbb
ttttttt ttttttt
xxxx xxxx
mm mm tttt
gggg ssss gggg
eeee ffff eeee
vvvvv k vvvvvv vvvvv
xxxxx xxxxx
jjj jjj
zzz zzz
gggggggg q gggggggg
eeeeeee eeeeeee
uuu uuu
yy yy
ll ll
y bbbbbb
ccccccc ccccccc rrrrrr
aaaaaaaa aaaaaaaa e
wwww wwww
iiii oooooooo
dd j dd
m eeeeee m
pppppp uuuuuu
cccc cccc
d d
aaaa aaaa ii
llllll llllll
xxxxxxx xxxxxxx
wwwww wwwww
wwwwww ee wwwwww
nnn nnn
ggggg ggggg
rr rr
bbbb zzzzz
kkkk kkkk
dddd a dddd
lll lll
llllllll llllllll
ooooo ooooo
sssssss sssssss oooooo
iiiiiii iiiiiii lllllll
tt xxx tt
aaaaaa aaaaaa
uuuuuuu uuuuuuu
rrrrr rrrrr
hhhhhhh hhhhhhh
uu uu
bbbbbbb bbbbbbb
kkkkkkkk kkkkkkkk
ttttt ttttt
qqq qqq
z s
kkkkkk kkkkkk
ggggggg aaa ggggggg
fffff fffff nnnnnn
cc cc
sssss sssss
cccccc qq cccccc
ssssss ssssss
jjjj jjjj
tttttt tttttt
mmmm mmmm
hhhh hhhh
iiiiii jjjjjj
eeeee eeeee
sss yyyyyyy sss
qqqqqqq ffffffff
hhh hhh
pppp pppp
qqqqqq qqqqqq
vvv vvv
