199 24 10 151 197 28 158 71 2 27 19 70 19 27 2 71 158 28 197 103 182 35 159 194 64 102 52 183 62 94 55 3 55 83 124 37 145 130 120 32 120 130 145 107 36 47 129 22 63 22 129 47 46 176 189 96 189 176 46 72 46 47 93 178 50 178 93 47 36 107 127 25 113 1 108 57 11 114 59 21 59 114 11 57 61 57 108 1 113 25 127 107 145 16 198 138 198 16 81 43 92 193 31 193 92 43 81 16 145 37 124 119 156 86 65 76 65 5 65 86 14 86 156 163 49 163 156 119 124 83 38 83 55 94 62 183 52 102 64 194 159 80 45 104 85 104 45 80 159 35 182 133 91 133 105 77 105 133 182 103 67 34 98 34 67 103 177 41 157 115 167 173 74 173 167 115 157 41 177 7 29 39 29 7 177 103 197 151 10 24 199
70
49 0 49
1 1
2 2
3 3 18
119 4
5 5 44 48
72 6 72
7 7
98 8 98
96 9 40 60 96
10 10
11 11
91 12 91
50 13 50
14 14 66
62 15 62
16 16
163 17 75
19 19
61 20 61
21 21 73 88
22 22
177 23
24 24
25 25 69
158 26
27 27
28 28
29 29
138 30 89
31 31 97
32 32 84
129 33
34 34
35 35
36 36
37 37
38 38 79
39 39 90
41 41
76 42 76
43 43
45 45
46 46
47 47
77 51 77
52 52
70 53 70
176 54
55 55
93 56 93
57 57
74 58 74
59 59
63 63 68
64 64
65 65
67 67
71 71
167 78
80 80
81 81
199 82
83 83
85 85 99
86 86
197 87
92 92
94 94
189 95
