Chelmbourne Edgwich Staintree Stafthorne Waltbrook Stafthorne Stapwell Alfby Leatherlow Sudgrove Southmere Sudgrove Leatherlow Bracklow Barngrove Southstoke Egwood Edglow Dartsted Kingsbrook Wenden Stainfield Elside Whitavon Nortcastle Egcastle Melborne Sudworth Wenwang Edgchester Wenwang Sudworth Melborne Egcastle Nortcastle Whitavon Elside Stainfield Nortmoor Hornbridge Stapwold Marlton Alfwell Marlton Stapwold Hornbridge Nortmoor Stainfield Wenden Kingsbrook Dartsted Clerethorne Dartsted Edglow Egwood Southstoke Barngrove Egborne Barngrove Hornley Barngrove Bracklow Leatherlow Alfby Stapwell Stafthorne Staintree Elgrove Staflow Cleredon Staflow Rocktree Whitborough Waltwood Harthall Whitover Harthall Waltwood Whitborough Rocktree Barnden Shrivlow Flitham Enbage Prestey Sudwich Enlow Sudwich Prestey Enbage Flitham Shrivlow Barnden Rocktree Staflow Elgrove Staintree Edgwich Chelmbourne
37
Sudwich Sudwich
Sudworth Sudworth
Elside Elside
Clerethorne Barnside Stapthorne
Southstoke Brainbridge
Enbage Enbage
Hornley Hornley Durditch
Chelmbourne Shaftwich Casford
Prestey Stapmoor Prestey
Bracklow Pemwood Sodside Bracklow
Waltbrook Hurstworth Waltbrook
Wenwang Wenwang
Whitborough Whitborough Horndown
Alfby Alfby Leatherlake
Edgwich Edgwich
Southmere Southmere Shrivside Stainhall
Alfwell Aldhall Alfwell
Whitover Stainside Whitover
Flitham Flitham Kingsley
Staflow Bursted Staflow
Edgchester Edgchester Horncester
Elgrove Elgrove Wenborough
Rocktree Cookbridge Rocktree
Dartsted Dartsted
Wenden Wenden
Egborne Barnham Cookton Egborne
Enlow Hartbage Enlow
Melborne Pemwold
Shrivlow Shrivlow
Cleredon Wyhead Cleredon
Leatherlow Leatherlow
Egcastle Egcastle
Stapwell Stapwell
Staintree Staintree
Barngrove Prestdon
Whitavon Whitavon
Marlton Marlton
