Whitgrove Sodberling Ellerbridge Boothingchester Wycastle Bootwick Wycastle Boothingchester Sundendford Botbeck Sundendford Boothingchester Ellerbridge Ketchester Watchlake Bursted Botbage Penddenchester Pemnell Rothingcombe Pemnell Penddenchester Chelmdenmoor Ketnell Toddenmoor Ketnell Rockbage Sundcompney Prestwick Wychchester Durbrook Falderseythorne Worford Hamscombe Stainbrough Maidendstoke Basbage Warblestancester Tippendham Hannersmith Worhall Alddleringworth Leatherport Cireport Egbeck Skellenshot Egbeck Cireport Leatherport Alddleringworth Worhall Hannersmith Tippendham Warblestancester Basbage Southmere Ribberrenston Farnditch Ribberrenston Southmere Rothead Chilsmith Bastlebury Rothendcombe Wychditch Cookfield Staindledown Endingnell Staindledown Cookfield Wychditch Rothendcombe Dribwold Reddingtree Hampingworth Botenbrook Tipstoke Botenbrook Hampingworth Worford Falderseythorne Durbrook Wychchester Barndlesborough Skellingover Candleswick Endleshall Melwood Reddensden Cirerham Reddensden Melwood Suddenmoor Egmerhampton Shaftwick Hurstdown Botshot Hurstdown Shaftwick Egmerhampton Suddenmoor Tippenbrook Marlbeck Enderbeck Sifield Enderbeck Marlbeck Faldenhall Marlbeck Tippenbrook Suddenmoor Melwood Endleshall Candleswick Skellingover Barndlesborough Wychchester Waltbeck Cannerthorne Elside Wetsmith Warsmith Horsnell Siavon Abgleham Sundlethorne Abgleham Siavon Horsnell Warsmith Wetsmith Elside Cannerthorne Waltbeck Hampingcastle Basditch Tipbeck Burglemere Sirenshall Burglemere Southbury Bassinghead Nortwell Bromstanham Sodberling Whitgrove
61
Sifield Sifield Abcester
Melwood Melwood
Faldenhall Wethampton Faldenhall
Tipstoke Tipstoke Endleberey
Ellerbridge Worrenberwang Suddingover Ellerbridge
Cannerthorne Cannerthorne
Worhall Reddendeney Worhall
Ketchester Ketchester
Enderbeck Enderbeck
Farnditch Abglewold Farnditch
Bastlebury Bastlebury Hamwold Emmerley
Ketnell Ketnell
Hamscombe Skelberden Alfmere
Chelmdenmoor Bothenton
Reddingtree Eley Stapbrough
Siavon Siavon
Bootwick Todhampton Bootwick
Hampingcastle Hampingcastle Redcombe
Endingnell Casbrook Endingnell
Hannersmith Shaftborough
Southbury Southbury
Whitgrove Dribblecombe Staplow Whitgrove
Egmerhampton Egmerhampton
Watchlake Watchlake Tippingbage Farndlesover
Bromstanham Clereennell Bromstanham
Elside Penby Elside
Skellenshot Cihead Skellenshot
Rothingcombe Rothingcombe Milthorne
Suddenmoor Staincombe Suddenmoor
Horsnell Horsnell
Wetsmith Wetsmith
Botshot Falworth Wetwick
Nortwell Nortwell Marlcester
Ribberrenston Ribberrenston
Cirerham Dartden Wolley
Worford Rotherlow Worford Dribberham
Basditch Basditch
Prestwick Prestwick
Wycastle Wycastle
Waltbeck Waltbeck Boothingmanstree
Southmere Southmere Egsted
Sundendford Chedworth Sundendford
Hampingworth Hampingworth
Sirenshall Sirenshall Hampingbascombe
Rothead Bothenhall
Candleswick Candleswick
Wychchester Siey Wychchester
Botbeck Whitringlake Botbeck
Toddenmoor Wychcompwold Toddenmoor
Rothendcombe Rothendcombe
Tippenbrook Tippenbrook
Leatherport Leatherport
Skellingover Skellingover
Sodberling Sodberling Bursmith
Durbrook Sodport Durbrook
Tippendham Tippendham
Warsmith Horstleover Marlbrook
Sundlethorne Sundlethorne Blansbrook
Abgleham Abgleham
Stainbrough Wendleringdown
Falderseythorne Falderseythorne
