0 188 28 103 170 1 129 146 136 91 19 85 99 190 48 118 64 118 31 94 86 199 105 186 180 193 186 105 81 181 196 66 26 8 39 8 26 66 196 181 105 199 86 94 31 118 22 150 51 111 51 150 22 118 48 190 99 85 19 91 11 157 50 62 61 24 164 35 167 117 107 143 159 143 131 137 191 134 128 168 156 141 4 141 152 141 60 83 60 59 10 59 60 141 156 168 125 168 128 134 191 127 109 42 84 42 109 127 191 137 131 143 107 117 167 35 164 24 101 15 189 93 132 162 27 185 5 53 154 116 6 153 92 108 92 132 93 189 15 101 24 61 62 50 77 182 45 96 67 47 29 47 67 96 45 182 77 50 157 11 91 136 146 129 1 170 103 163 103 28 188 0
64
84 173 89 65
196 179 196
83 83 36
116 75 116 32 120
85 160 85 145
6 6
103 103
156 156 25
4 14 4
118 17
193 178 193
64 64 58
185 185
109 109
48 48
81 121 81 78
111 126 111 149
24 24
91 91 63
26 26 176
8 166
28 28 155
107 184
186 186 197
125 133 125
39 151 39
182 182
180 180 69
163 194 163
167 9
159 159 87
35 138
42 42
108 108 102
10 12 100 10
86 106
99 175 99
22 22
67 67
153 44 38
53 98
77 77
0 49
157 157 70
62 18
51 51 79
152 130 20
117 117
93 139
137 137
60 104
96 96
134 134
128 128
19 19 74
31 31
168 168
170 170
27 27
50 50
29 119 95
47 47
146 146
199 199
