location0 location11 location118 location190 location140 location13 location151 location35 location25 location35 location151 location27 location151 location13 location140 location190 location155 location106 location72 location87 location72 location93 location107 location105 location97 location133 location180 location48 location32 location90 location32 location195 location103 location197 location98 location197 location132 location22 location132 location197 location103 location195 location32 location48 location180 location54 location60 location54 location23 location68 location23 location54 location180 location133 location97 location105 location107 location74 location107 location93 location72 location106 location188 location67 location126 location34 location170 location2 location51 location160 location18 location115 location28 location174 location28 location115 location18 location160 location51 location2 location170 location189 location53 location50 location30 location99 location30 location50 location53 location189 location152 location1 location3 location141 location166 location89 location41 location61 location141 location3 location64 location3 location1 location152 location76 location162 location146 location21 location146 location162 location76 location152 location189 location170 location34 location126 location67 location6 location83 location124 location5 location131 location46 location131 location5 location124 location83 location6 location154 location65 location154 location184 location40 location26 location56 location184 location154 location6 location67 location188 location106 location155 location190 location37 location104 location179 location78 location179 location104 location7 location111 location12 location111 location7 location104 location37 location190 location118 location11 location0
58
location1 location1 location79
location2 location2
location3 location3 location24
location34 location4 location34
location5 location5
location6 location6 location63
location7 location7 location100
location106 location8 location17
location98 location9 location98
location41 location10 location31 location41
location11 location11
location12 location12 location29
location13 location13 location19
location60 location14 location60
location64 location15 location64
location46 location16 location46
location18 location18 location92
location174 location20 location86
location21 location21 location59 location70
location22 location22 location44
location23 location23
location25 location25 location38 location58 location95
location26 location26 location36 location82
location27 location27 location47
location28 location28
location30 location30
location32 location32
location65 location33 location65
location35 location35
location37 location37 location69
location68 location39 location68 location81
location40 location40 location71
location56 location42 location56
location67 location43 location67
location74 location45 location74
location48 location48 location80
location78 location49 location62 location78
location50 location50
location51 location51
location124 location52
location53 location53
location54 location54
location0 location55 location57
location61 location61 location75
location179 location66
location72 location72
location87 location73 location87
location76 location76
location162 location77
location83 location83
location99 location84 location99
location140 location85
location151 location88 location96
location89 location89
location90 location90 location91
location93 location93
location118 location94
location97 location97
