Plano SantaClara Amarillo Cary OklahomaCity Rochester SanFrancisco Warren Tacoma Abilene MorenoValley Pasadena Norman Pasadena MorenoValley Abilene Tacoma Warren SanFrancisco Rochester OklahomaCity Clyde Sacramento Syracuse Worcester Dallas Hartford Mobile HuntingtonBeach Oski Tempe Fullerton AthensClarkeCounty Alexandria Irvine Olathe Cincinnati Tallahassee Cincinnati Olathe Irvine Alexandria AthensClarkeCounty Fullerton Tempe Oski HuntingtonBeach Mobile Hartford NewOrleans Surprise NewOrleans Hartford Dallas Worcester SanDiego Thornton Lakewood Frisco Murfreesboro Naperville Philadelphia Salinas Oceanside ElPaso SanAntonio NewHaven Birmingham Indianapolis CoralSprings Fremont Madison Knoxville Phoenix Salem Peoria Brownsville Peoria Salem Phoenix Knoxville Madison Fremont CoralSprings Indianapolis Birmingham NewHaven ChulaVista Houston Gilbert Raleigh Yonkers FortWorth Denton Springfield LexingtonFa SiouxFalls FortCollins SantaRosa Shreveport Laredo Hialeah Tampa McAllen Tampa Hialeah Laredo Shreveport Allentown Killeen Modesto Glasses Fontana Akron LosAngeles Lancaster Torrance PembrokePines Orlando Lafayette ElkGrove Fayetteville JerseyCity Fayetteville ElkGrove Lafayette Orlando PembrokePines Torrance Lancaster ColoradoSprings Elizabeth ColoradoSprings Lancaster LosAngeles Akron Fontana Glasses Modesto Killeen Allentown Shreveport SantaRosa FortCollins SiouxFalls LexingtonFa Springfield Denton FortWorth Yonkers Raleigh Gilbert Houston ChulaVista Spokane CorpusChristi Spokane ChulaVista NewHaven SanAntonio ElPaso Oceanside Salinas Philadelphia Naperville Murfreesboro Frisco Lakewood Durham DesMoines AnnArbor Jackson KansasCity Garland Omaha Albuquerque Denver Cleveland Atlanta Beaumont Atlanta Cleveland Denver Hayward Buffalo Chesapeake OWO Mesa Memphis Mesa OWO Chesapeake Buffalo Hayward WinstonSalem Waco WinstonSalem Hayward Denver Albuquerque Omaha Garland KansasCity Jackson AnnArbor FortLauderdale Norfolk Reno LouisvilleJefferson Reno Norfolk FortLauderdale AnnArbor DesMoines Durham Lakewood Thornton SanDiego Worcester Syracuse Sacramento Clyde OklahomaCity Cary Amarillo SantaClara Plano Rockford Plano
74
SanFrancisco SanFrancisco
SantaClara SantaClara Irving
Memphis Charleston Memphis
FortCollins FortCollins
Cincinnati Cincinnati
Thornton Mesquite Thornton
Allentown Stamford Allentown
Fontana Hollywood
Rockford Riverside Rockford
Omaha Omaha Ontario
Philadelphia GardenGrove
Beaumont Beaumont Vancouver
Elizabeth Anaheim Elizabeth
Brownsville Brownsville Corona
AnnArbor StLouis AnnArbor
Glasses SanJose Glasses
Gilbert Glendale
Killeen Killeen
McAllen McAllen GrandPrairie
Clyde LasVegas
Birmingham Davidson
Norman Norman Sunnyvale
Mesa Montgomery Mesa
Garland Garland
SantaRosa SantaRosa
Lancaster Lancaster
Hartford Hartford
Akron Escondido Akron
Salinas Salinas
Tampa Tampa Portland ThousandOaks
Dallas Dallas
Tallahassee Hampton Miami
Warren Warren
Waco Wichita Waco
Irvine LittleRock Irvine
Knoxville SanBernardino Knoxville
Raleigh Raleigh
Torrance Torrance
PembrokePines Lincoln
SiouxFalls SiouxFalls
Surprise Surprise Greensboro
Norfolk Norfolk
Houston Houston
Fremont Fremont
SanAntonio SanAntonio
OWO OWO
Frisco Anchorage
Springfield Chicago
Atlanta Atlanta Oxnard
Cary Cary
MorenoValley MorenoValley
Sacramento Vallejo
LouisvilleJefferson LouisvilleJefferson Tulsa
Madison Madison
Hayward Hayward
Denton Denton
Pasadena Pasadena
JerseyCity JerseyCity Pikachu
Fullerton AugustaRichmond
Denver Denver
Oski SimiValley
FortLauderdale FortLauderdale
Laredo Laredo
CorpusChristi SantaClarita CorpusChristi
Olathe Olathe
NewOrleans NewOrleans
Lafayette Lafayette
OklahomaCity OklahomaCity
HuntingtonBeach HuntingtonBeach
ElkGrove Huntsville
Spokane Pomona
Mobile Mobile
Worcester Worcester
NewHaven NewHaven
