0 185 23 153 162 156 175 117 147 19 125 119 2 119 125 19 11 87 190 87 43 87 49 35 49 87 11 19 147 117 14 117 175 173 6 5 17 114 154 163 154 114 17 72 184 122 195 29 90 133 90 29 195 122 184 57 66 188 22 74 38 145 26 12 26 145 38 74 22 188 66 57 184 72 78 52 78 177 194 176 51 176 194 177 78 72 17 137 129 137 17 30 197 30 17 50 182 135 112 135 61 165 130 9 130 88 67 169 151 169 67 172 67 88 130 48 130 165 61 135 8 37 108 37 101 196 18 196 101 37 8 135 182 50 17 5 6 15 6 173 175 128 28 128 81 123 193 39 193 123 81 128 175 156 162 153 23 185 0
63
0 0
163 1 98 146
2 2 27
35 3 35 157
48 4 24
5 5 160
8 8
9 9 103
11 11 65
14 13 14
15 15 16
17 17 94
18 18 33
108 20 166
190 21 116 190
22 22
23 23
26 26 167
28 28 187
151 31 151
38 38
39 39 56
165 42 80
43 43 159
129 47 129
50 50
51 51 93
52 52 199
123 59 158
66 66
67 67
101 68 101 141
176 69
185 70
197 71 197
72 72
74 74
78 78
81 81 152
87 83
12 84 120
133 86 133
19 89
195 96
112 100 111
153 102 153
128 107 128
114 114
117 115
125 125
130 130
172 134 172
137 137
173 138 173
175 143
154 154
196 164
119 174
177 177
182 182
88 183
184 184
193 193
