13 32 103 162 103 32 127 62 147 178 64 21 42 2 15 2 42 193 168 18 16 67 73 136 170 81 43 110 175 190 195 142 12 88 78 31 40 85 27 61 51 159 165 159 161 33 131 8 171 140 181 174 181 140 36 102 135 102 36 140 171 8 131 33 108 121 24 192 71 49 113 49 71 192 24 158 22 30 22 34 155 87 94 0 115 167 154 129 116 55 104 91 169 119 106 119 169 91 104 55 142 190 175 110 43 81 170 73 67 16 18 130 18 198 18 168 21 64 143 64 62 13
58
178 100 178
165 101 165
102 102 149 163
103 103
104 104
129 105 129 199
106 106 188
143 107 120 143
108 108
127 109 127
110 110
154 111 134 154
42 112
113 113 141
130 114 130
115 115
116 116 148
140 117 140
121 118 121
119 119 191
73 122 196
71 123
62 124 126
78 125 176
30 128 186
131 131
31 132
162 133 156 162
135 135 145 187
136 136 180
193 137 193
168 138 168
174 139 174
142 142 146
167 144 167
147 147
85 150
171 151 171 197
198 152 198
195 153 160 195
155 155 177
192 157 192
158 158
159 159
161 161
15 164 183
16 166
169 169 172
170 170
94 173
175 175
21 179 184
181 181
81 182
27 185
24 189
190 190
43 194
