vLeODpVlYSBeYNDYoXha biqCAetglYuANrTRzMiX DDEuYWXXufMefzDjgEFm CfkBzkPETvagyIDCsLTD oCvaAQKOXXWgeSNnUmae OVoYVQPnlYoZBBKtyuLk TCAkluAESUWAMGFeNcGN FqdjKgdpEanmCnmxJMFA fPxvnMVMFwhJbNBURdgD FqdjKgdpEanmCnmxJMFA gzxzakmqbxbsOczuQVLG wRjMmrpRuknxqunJrMAE DqUxIMslnixWfmkjQTmS wRjMmrpRuknxqunJrMAE gzxzakmqbxbsOczuQVLG FqdjKgdpEanmCnmxJMFA TCAkluAESUWAMGFeNcGN MlwlINEFqmyzZNPXRLJF zxeoSbTqbWPpSzalAtBI MlwlINEFqmyzZNPXRLJF TCAkluAESUWAMGFeNcGN OVoYVQPnlYoZBBKtyuLk oCvaAQKOXXWgeSNnUmae CfkBzkPETvagyIDCsLTD DDEuYWXXufMefzDjgEFm biqCAetglYuANrTRzMiX LGqbVTsFMANIedVHAALW WCCOEUYmDvzZlrkDAqoi LGqbVTsFMANIedVHAALW SouQfuEdAivolPXFbygH VhDSPHxolLkNxxDnpUyx mevvwcZLudaokctOWvKe iBYHAWUhqeQPjphQzpdN mevvwcZLudaokctOWvKe mlipOrSnGcxXtoXBbRyl LOMgYipCQQXQnRqEqRwO kOaPwvTTqhaYDvjPPZCZ fvYrLpgzqLNOAQbahgax McOZQehrTygkGidmwyMe DWWCMAjZQQIEKOIiHFQN cZgmtoPGHxdozTaDMiyf DWWCMAjZQQIEKOIiHFQN McOZQehrTygkGidmwyMe fvYrLpgzqLNOAQbahgax kOaPwvTTqhaYDvjPPZCZ LOMgYipCQQXQnRqEqRwO mlipOrSnGcxXtoXBbRyl mevvwcZLudaokctOWvKe VhDSPHxolLkNxxDnpUyx klkbOWCZrzPBFVDxhNbj gIttwvzcgONwFblnGIqq gMqbbwopmbxmOomqZjfm QkAjrUUuVdzSMnlfJLcO AdXveYSBaneNwCQzrdSw ruLqpYqEzGGiKysvsarb AdXveYSBaneNwCQzrdSw QkAjrUUuVdzSMnlfJLcO FEqXJcVrZfnSsHEUPhnl ASXwCgVTXDdhSXJwFovC LeLGVrNGvkwLbzIWTNFP ubTtmhAXQixwuFvQluYa RjKEHTlRvtaVBbyqZVAw QQSjCkgLAWAPObYQvNsB RjKEHTlRvtaVBbyqZVAw ubTtmhAXQixwuFvQluYa LeLGVrNGvkwLbzIWTNFP ASXwCgVTXDdhSXJwFovC FEqXJcVrZfnSsHEUPhnl QkAjrUUuVdzSMnlfJLcO gMqbbwopmbxmOomqZjfm CmbFyJmcvVqyCmJgQxeI fHcdXnOxSadpKeCUwNYm CmbFyJmcvVqyCmJgQxeI gMqbbwopmbxmOomqZjfm gIttwvzcgONwFblnGIqq klkbOWCZrzPBFVDxhNbj VhDSPHxolLkNxxDnpUyx SouQfuEdAivolPXFbygH LGqbVTsFMANIedVHAALW biqCAetglYuANrTRzMiX vLeODpVlYSBeYNDYoXha
28
fPxvnMVMFwhJbNBURdgD fPxvnMVMFwhJbNBURdgD sBkAYRISjTYinLFSNcKW
cZgmtoPGHxdozTaDMiyf TwgqMzgExFHTIfcwfBnr cZgmtoPGHxdozTaDMiyf
QQSjCkgLAWAPObYQvNsB cvlwIwajcIlbhZbyFgmq QQSjCkgLAWAPObYQvNsB
MlwlINEFqmyzZNPXRLJF tVzUgXVoBYxBMnkkwFmk MlwlINEFqmyzZNPXRLJF
DWWCMAjZQQIEKOIiHFQN DWWCMAjZQQIEKOIiHFQN
FqdjKgdpEanmCnmxJMFA fToHwimUqLsKcKLZHiUX
ASXwCgVTXDdhSXJwFovC ASXwCgVTXDdhSXJwFovC
VhDSPHxolLkNxxDnpUyx VhDSPHxolLkNxxDnpUyx PLDOWRIeaCSVLMyDadzC jwIBHKkXHTPVsOJwBOsr
gzxzakmqbxbsOczuQVLG gzxzakmqbxbsOczuQVLG gEufXNuuWhnlbNYaoQFJ
AdXveYSBaneNwCQzrdSw AdXveYSBaneNwCQzrdSw
DqUxIMslnixWfmkjQTmS DqUxIMslnixWfmkjQTmS TqyFrXuGvuBuqnpYbjKc
gMqbbwopmbxmOomqZjfm aCucdhmWbhlrgfstQigR UgFPXEAdAfcfHGIbNTsq gMqbbwopmbxmOomqZjfm NAHeKyyhAObyyUEUSkSU
WCCOEUYmDvzZlrkDAqoi WCCOEUYmDvzZlrkDAqoi xQaDpDGAXhDYzSMnMWvb
iBYHAWUhqeQPjphQzpdN jzQJaGLLiuQLhhyqBagr iBYHAWUhqeQPjphQzpdN
zxeoSbTqbWPpSzalAtBI uyPyJzKFqWxgSNmpkDrB pdXCnKagnvEntNTuPHdK dyUDfEGgAoSshTRjMZZg zxeoSbTqbWPpSzalAtBI
fHcdXnOxSadpKeCUwNYm fvEcAuRDdfuHEPLNpaTz fHcdXnOxSadpKeCUwNYm
wRjMmrpRuknxqunJrMAE iBjjCWwkYToOKfrrLnny
mlipOrSnGcxXtoXBbRyl NVEtShKeuxpaFIOiyVqE mlipOrSnGcxXtoXBbRyl
FEqXJcVrZfnSsHEUPhnl sXfgLMwoysnMazVSWnhc
CfkBzkPETvagyIDCsLTD iDucfyZGMCbCQbXjbQqM CfkBzkPETvagyIDCsLTD
OVoYVQPnlYoZBBKtyuLk OVoYVQPnlYoZBBKtyuLk CPszTohYUHARNedzFlDK
gIttwvzcgONwFblnGIqq gIttwvzcgONwFblnGIqq
RjKEHTlRvtaVBbyqZVAw RjKEHTlRvtaVBbyqZVAw
CmbFyJmcvVqyCmJgQxeI CmbFyJmcvVqyCmJgQxeI
ruLqpYqEzGGiKysvsarb ruLqpYqEzGGiKysvsarb ybrQlUhznqOhsvndWAbl
fvYrLpgzqLNOAQbahgax BXzACdzjLITNgbmDPlEu
QkAjrUUuVdzSMnlfJLcO QkAjrUUuVdzSMnlfJLcO NciLXNPTvMoXdbTDZmlg
mevvwcZLudaokctOWvKe FcEsyaTmqpoyvbDrHjlc
