wNqlpYNsRbJEgiGpKxrU lbWonvEbeplndKguSTkk lIpVoDPUIfHCPpjswogJ lbWonvEbeplndKguSTkk igyeOiSdezmmXGTwMzLw lbWonvEbeplndKguSTkk shaRjZRSPDzVXmetmolj scpUkbcaYSAsHhSktebT EEeDJaHeajXXlwYcHTeJ MBJqOYmxhUYbldNVEdRy uUKZHvHmBrpBHjYWNaUL HeWrJOKsDjgdrcamgZLN uUKZHvHmBrpBHjYWNaUL MBJqOYmxhUYbldNVEdRy NzDQJknJPDEkcwCHzzbF wvSJDoqoPGAkYgSuPFPw NzDQJknJPDEkcwCHzzbF MBJqOYmxhUYbldNVEdRy QePOUWiXcAUCoHETxuGS MBJqOYmxhUYbldNVEdRy EEeDJaHeajXXlwYcHTeJ efZntVbfQTvIUOiRNPSH shugRMnaHVqQSmKaNBgu yYaxxtTIkvUeyUpwOvuY shugRMnaHVqQSmKaNBgu IvXQutSorlqOgnSVAIUd shugRMnaHVqQSmKaNBgu efZntVbfQTvIUOiRNPSH SiOEBWtHUiopSvDVOkjb oDgfEuAVpeOlkkTIMDLw iVjkcMenotYGMFEBTvoa gFUGYXSirCYiFTivWNah TOntbQDzHvMkxiKuanmw gFUGYXSirCYiFTivWNah erZKLqpCZsYKDnOCaBGq gFUGYXSirCYiFTivWNah RlHeRhvUOhGhZVGGJuED gFUGYXSirCYiFTivWNah iVjkcMenotYGMFEBTvoa CWozbDsqFUhTlbxWhCmh cMYyKTXGNKnFzrpwnXUl CWozbDsqFUhTlbxWhCmh iVjkcMenotYGMFEBTvoa oDgfEuAVpeOlkkTIMDLw eCBFrcppbiLzdGQubocl ubMKewvRqrviLcycMHcN eCBFrcppbiLzdGQubocl oDgfEuAVpeOlkkTIMDLw UIlSMnVKIdNiXZNSiHsI fgzJCwocQniGlXAZHJId vIbIQYXZnmYrooTLYNtu IamFpWICdyBhLFRVaylm twwHXGyTBfZUDOGVnCzA FWnudSYFvYQJHehOpEKf twwHXGyTBfZUDOGVnCzA IamFpWICdyBhLFRVaylm vIbIQYXZnmYrooTLYNtu fgzJCwocQniGlXAZHJId UIlSMnVKIdNiXZNSiHsI CvZkdIYtdeDHtwufupie QyXpliHSeQOPIsurIcpa ANDviqMIuFwdcboQDprt pGEDfjoOOYfHsrRVgAyF gqsFUfkkQrlyYYdSXwmt pGEDfjoOOYfHsrRVgAyF ANDviqMIuFwdcboQDprt QyXpliHSeQOPIsurIcpa DpztIuGTRpGuLsdlODJw QyXpliHSeQOPIsurIcpa CvZkdIYtdeDHtwufupie syonLisTOSczosCwoILE qoaNjvaRghiMQXaVEoQe syonLisTOSczosCwoILE CvZkdIYtdeDHtwufupie UIlSMnVKIdNiXZNSiHsI oDgfEuAVpeOlkkTIMDLw SiOEBWtHUiopSvDVOkjb efZntVbfQTvIUOiRNPSH EEeDJaHeajXXlwYcHTeJ scpUkbcaYSAsHhSktebT FYfGkhtzhjqJHqxmUsVx kwPuYZgJgVVJfdBGUtPw FYfGkhtzhjqJHqxmUsVx scpUkbcaYSAsHhSktebT jUSlIFtitQxyvVLJjiCc scpUkbcaYSAsHhSktebT shaRjZRSPDzVXmetmolj lbWonvEbeplndKguSTkk oZXYedlbtBLmkfoVmgta lbWonvEbeplndKguSTkk wNqlpYNsRbJEgiGpKxrU
42
oZXYedlbtBLmkfoVmgta svUOWvTJLneAqJGnExpc oZXYedlbtBLmkfoVmgta
lIpVoDPUIfHCPpjswogJ cwgJAHVpCCTmuckJkncL yscsUFTNNyaVMKBztBdV nCedHqGgdWAicwyuYWpg WMWBpOSnHGywZjCgaYyY
pGEDfjoOOYfHsrRVgAyF DZEpVGVXkxHljziwItaS
wNqlpYNsRbJEgiGpKxrU NtyLZDOaSczVvOGdocUp
vIbIQYXZnmYrooTLYNtu vIbIQYXZnmYrooTLYNtu
syonLisTOSczosCwoILE syonLisTOSczosCwoILE aIuYyryCOUGVeCAqbqkg
ubMKewvRqrviLcycMHcN ihxEqMQIIvyQmtrtMjeO imEmCMbYEtZJJkwxkSDD xlbpuxAjoVPJWPCWBEkJ
oDgfEuAVpeOlkkTIMDLw ADVVlRLpnspleRTgeTdu wlySPverjehsBxldyigf mgNeYYUOPKpLeiVEFIXd
jUSlIFtitQxyvVLJjiCc bFmSeBrfNuxjYPUDCLYq jUSlIFtitQxyvVLJjiCc
NzDQJknJPDEkcwCHzzbF NzDQJknJPDEkcwCHzzbF pzrGQEObzJGPnfATEYDc NPSPGRTNRcKKVpsBRSwh
iVjkcMenotYGMFEBTvoa ZauPfhkpsGmhbvkhkltR VIPPawblKbhOVWrmrWBx
DpztIuGTRpGuLsdlODJw DpztIuGTRpGuLsdlODJw NJZlnWyeJFrkOwoqHKtT lSJjEsqamUCgRZdCmdyI
scpUkbcaYSAsHhSktebT scpUkbcaYSAsHhSktebT JvFxbsySBAiFiOUrzrBi kyApsCeFkLoLFCdkazaE JVONrXhhmtFWhFfDiOXW
uUKZHvHmBrpBHjYWNaUL ZwvojvRdUOYNJXIwAqgC XvUPApTFkqaSSizYsCIr wfEFdNDcColoskjTjcLm
TOntbQDzHvMkxiKuanmw EmbDgEECbkHbfAfHCgwB zNRhhVdMWUgTnnqmAfeY
FWnudSYFvYQJHehOpEKf FWnudSYFvYQJHehOpEKf fpoTaBKmVdlDCxFwCFoz
IamFpWICdyBhLFRVaylm QeYNNLpZMBxyiFbZMPFY kqcEdfKLaRzxOhAIzchh
ANDviqMIuFwdcboQDprt juzxSpUVuccJUMBOcJjO YTwycpmzEWCqqTELtzXc ANDviqMIuFwdcboQDprt vTbNxpVTEoFlSjvvVvfG
UIlSMnVKIdNiXZNSiHsI eobSFtKBbBdcVrTOREdK bEfUXCTlwRBndElSbPGf UIlSMnVKIdNiXZNSiHsI
cMYyKTXGNKnFzrpwnXUl wuSVWJYvpiWaQAHXocSG cMYyKTXGNKnFzrpwnXUl
EEeDJaHeajXXlwYcHTeJ EEeDJaHeajXXlwYcHTeJ oLMkSrYLQRLHmPiuLCTC
IvXQutSorlqOgnSVAIUd oKAKfpUUuLItChLyByFh edlAtPQdNXJQPCIzpkyX IvXQutSorlqOgnSVAIUd
efZntVbfQTvIUOiRNPSH efZntVbfQTvIUOiRNPSH
igyeOiSdezmmXGTwMzLw igyeOiSdezmmXGTwMzLw KcrnMnFDTrBKaUaGpdLY NYdfLxXxFVvLEbDKzXWn
gqsFUfkkQrlyYYdSXwmt xgBrJmdXVwtxgRuCBhMe nreoVgWrBhNXFZgTBlXO
yYaxxtTIkvUeyUpwOvuY XPPBMlNyfVVeZGIzTCEW pMOSpTzPTPLXHLOQMjnt
MBJqOYmxhUYbldNVEdRy MBJqOYmxhUYbldNVEdRy CbGuHgZfQMmSOfHDFJnK hLaNXBYgTzgUhvjmqUTu PZwTcKCPsEmpxetNZvef
QyXpliHSeQOPIsurIcpa QyXpliHSeQOPIsurIcpa
gFUGYXSirCYiFTivWNah ayQgUwyRuQVKeyFLPNbQ gcXUxTVUZWsOwtRNeDDa
CvZkdIYtdeDHtwufupie EhDFVLWZueLOrdjEOzEQ oHoxoLeyDYnKZDzgMtxI CvZkdIYtdeDHtwufupie szyiMlKhtyOynWjcoMsm ZXihCBEQBTdisqSlEMsj
eCBFrcppbiLzdGQubocl SitzoubgYFeTjmkLjVPz TEPaiCedHTXapLxoBXMp
kwPuYZgJgVVJfdBGUtPw kwPuYZgJgVVJfdBGUtPw GMxGouyyndiUBMqMdOoc
erZKLqpCZsYKDnOCaBGq erZKLqpCZsYKDnOCaBGq NIJaJxCurulNUdZZMxFk
QePOUWiXcAUCoHETxuGS QePOUWiXcAUCoHETxuGS gDYKDrbERUXTnCayjBrC
HeWrJOKsDjgdrcamgZLN HeWrJOKsDjgdrcamgZLN aGPbLNWYAMujnfHCTCMo
lbWonvEbeplndKguSTkk eOfnBeTgmYCNEnRUhlEK qfRRtdRbhYJBARMfPlZM lbWonvEbeplndKguSTkk
fgzJCwocQniGlXAZHJId fgzJCwocQniGlXAZHJId XtZHoAxqEyzvMChzPHpN
qoaNjvaRghiMQXaVEoQe ccdJRKiTXwIErdhSIxfh VRpSthoDcomqMDsGoVql QjbdwbUnopENkiNyqirZ joWAhkfNqIEECnBeulGl
wvSJDoqoPGAkYgSuPFPw wvSJDoqoPGAkYgSuPFPw UdSbtwxTqTJxOiUoxEqw
RlHeRhvUOhGhZVGGJuED jznspKyqlmxZtgfQUJVB RlHeRhvUOhGhZVGGJuED eiLPqIroFfCGzqSAlzAp
FYfGkhtzhjqJHqxmUsVx zHPSSEtFTQIbLYMdHqgP
shugRMnaHVqQSmKaNBgu shugRMnaHVqQSmKaNBgu
