0 58 101 195 1 105 22 49 53 144 149 103 191 96 111 77 93 82 66 82 77 111 96 191 103 49 22 138 23 8 159 15 159 8 23 69 10 54 10 57 188 88 188 57 10 135 114 35 65 43 76 83 24 40 71 40 24 83 43 65 35 109 123 166 178 21 175 196 75 151 42 28 47 28 42 151 23 138 86 138 122 34 122 138 22 1 195 101 58 0 113 18 26 112 7 41 45 163 116 12 119 36 73 150 194 165 170 165 194 150 73 119 190 97 3 167 163 0 155 14 155 0
59
1 1 17 48 100
57 2 57 78
3 3 52
14 4 14
135 5 29
26 6 26
7 7 46
8 8
105 9 37 79
10 10
149 11 32
12 12 63
76 13 76 81
15 15 95
71 16 71
18 18 60
36 19 36
93 20 93
21 21
22 22 51
23 23
24 24
166 25
97 27 97
28 28
144 30
65 31 65
103 33 90
34 34 74
35 35 44 70
175 38 64
86 39 86
40 40
41 41
42 42
43 43 87
45 45 50 67
47 47 68
49 49
53 53
54 54 56
122 55
58 58
194 59
196 61
167 62 99
66 66 72
69 69
73 73
75 75 94
77 77 80
82 82
83 83
165 84
170 85 98
88 88 92
123 89
150 91
96 96
