Soda L59 L19 L29 L33 L29 L22 L67 L22 L29 L19 L59 Soda L88 L43 L58 L63 L93 L12 L20 L94 L16 L42 L17 L75 L17 L42 L16 L94 L20 L12 L26 L34 L56 L8 L1 L96 L25 L21 L0 L91 L85 L91 L0 L21 L96 L1 L8 L56 L34 L26 L12 L93 L63 L49 L66 L82 L66 L49 L63 L4 L83 L28 L45 L28 L83 L4 L63 L58 L72 L78 L80 L78 L72 L6 L72 L58 L43 L88 Soda
28
L67 L11 L67
L22 L87 L5
L94 L94 L3
L29 L29 L98
L82 L82 L30
L33 L2 L23
L16 L31 L16 L35
L63 L89 L63
L8 L15 L8
L45 L50 L92 L46
L6 L36 L51 L6
L75 L75 L18
L85 L85 L57
L66 L52 L66 L55 L84
L43 L39
L80 L64 L80
L25 L95 L25
L91 L91
L56 L56
L21 L21
L83 L83
L78 L41
L19 L10 L19
L59 L97
L26 L26
L17 L69
L12 L12
L1 L1
