loc48 loc50 loc37 loc2 loc86 loc8 loc70 loc21 loc20 loc13 loc68 loc14 loc0 loc39 loc25 loc92 loc98 loc47 loc52 loc35 loc38 loc76 loc6 loc33 loc55 loc3 loc36 loc24 loc72 loc12 loc60 loc7 loc80 loc14 loc20 loc16 loc5 loc44 loc99 loc30 loc17 loc30 loc99 loc2 loc37 loc50 loc48
31
loc36 loc11
loc21 loc21 loc28 loc31
loc20 loc20 loc73
loc12 loc12
loc55 loc90 loc55
loc72 loc72
loc5 loc5
loc47 loc40 loc47
loc44 loc81 loc44
loc7 loc96 loc7 loc27
loc0 loc0
loc35 loc9 loc35
loc98 loc19 loc98
loc2 loc93 loc69
loc3 loc3 loc63
loc86 loc43
loc92 loc92
loc68 loc68 loc4
loc80 loc88 loc80
loc60 loc60
loc16 loc91 loc23
loc38 loc34 loc89
loc17 loc64 loc75 loc26 loc17
loc24 loc24
loc70 loc94
loc48 loc61
loc6 loc6
loc13 loc45
loc33 loc71
loc52 loc52
loc25 loc25
