Jingzhou Fredericia Colachel Carouge Carmichael Kheri Malnate BurgbeiMagdeburg Kabarnet Tabatinga MelitodiNapoli BeneBeraq MelitodiNapoli Tabatinga Kabarnet Sanaa Kabarnet BurgbeiMagdeburg Malnate Kheri Srinagar Kiruna Eregli Jinotega Veenendaal Ghugus Veenendaal Kheri Carouge Depok Carouge Colachel AbualMatamir Bodhan TanahMerah Wittenau Surkhpur Bejucal Xochimilco CiudaddelCarmen SanJosedeOcoa Ketrzyn Ouarzazat Frosinone Ronse AzZuwaytinah Ronse Frosinone Ouarzazat Ketrzyn SanJosedeOcoa CiudaddelCarmen Chambly Khabarovsk Crespo Rembangan Thamaga Rembangan Colachel Fredericia CoonRapids Fredericia Jingzhou
31
CoonRapids CoonRapids Sagalo
Sanaa Sarzedo Sanaa JabalosSaraj
AbualMatamir SaintMichael Ermelo
Colachel Colachel Ibri
Srinagar Entroncamento Srinagar
Khabarovsk Chegem Khabarovsk
Rembangan Rembangan
AzZuwaytinah AzZuwaytinah RioFormoso
Ghugus Manduria Ghugus
BeneBeraq Gangtok BeneBeraq
Thamaga Tottori Thamaga
Ronse Ronse
Eregli Kirovsk
CiudaddelCarmen Chittaranjan
Depok Depok Shively
Veenendaal Shizunaifurukawacho Veenendaal
Crespo Crespo Rangae
Malnate Lysva Jeypore Malnate
TanahMerah TanahMerah
BurgbeiMagdeburg BurgbeiMagdeburg
Kabarnet Kabarnet
Ouarzazat Ouarzazat
Kheri Kheri
SanJosedeOcoa SanJosedeOcoa
Jinotega LondonderryCountyBor FortLauderdale
Ketrzyn Shumen Ketrzyn
Tabatinga Tabatinga
Carouge Carouge
Frosinone Radnor
Carmichael elCampello Carmichael
Bejucal Bejucal
