0 1 6 11 16 21 26 32 33 31 37 36 42 43 41 46 51 57 58 56 61 66 71 76 81 76 71 66 61 56 59 56 58 57 51 53 51 46 41 43 42 36 37 31 35 31 33 32 26 29 26 21 25 21 16 11 12 11 6 1 0 198 197 196 191 192 186 181 176 171 166 167 161 162 156 151 146 141 136 131 126 127 121 116 111 112 106 101 96 91 94 91 92 91 96 101 105 101 103 101 106 112 111 116 121 127 126 130 126 131 136 141 146 151 156 162 161 164 161 167 166 171 176 181 186 192 191 196 197 198 0
52
58 58
25 24 25
41 44
131 135
71 73 72 75 74
96 100 99 98 97
6 7
21 22
35 35 34
92 90 93
16 17 19
136 137 139 140 138
61 63 65 64 62
162 163 162
76 78 79 80
105 105 104
192 192
151 155 152 153
164 164 165
11 14
106 109 107 108
59 60 59
186 189 187
46 48 47
111 114 113
42 42
116 118
181 183 184 185
94 95 94
141 144 143 145 142
191 193 195
53 53 52
81 83 87 84 82
103 103 102
37 38
176 180 179
29 30 29
130 130 129
112 112
33 33
121 122
166 169 170
66 70 68
1 3
127 127 128
26 27
12 13 12
32 32
171 173
36 39
156 159
146 149
