93 18 94 18 62 70 174 143 77 113 75 113 77 143 160 89 49 117 164 87 11 99 14 126 98 107 24 4 97 176 147 118 161 175 73 2 95 33 109 36 9 68 21 119 86 23 152 57 132 104 10 101 8 169 8 101 10 104 132 57 152 23 86 119 21 68 9 69 79 54 47 91 110 128 116 82 151 63 78 72 134 103 159 103 171 41 22 56 144 170 64 12 19 12 100 53 100 12 64 170 144 171 103 134 72 78 47 54 79 69 141 69 9 36 131 38 92 74 129 74 92 38 131 36 109 33 95 2 73 175 161 118 49 89 160 143 165 143 174 70 62 18 93
60
119 1 119
2 2
4 4 76
14 14
18 18 157
19 19 154
169 20 105 155 169
24 24
147 26 147
129 27 129
56 34 56
36 36
38 38
53 39 53 177
91 40 91
165 43 165
94 46 80 138
47 47
49 49
159 51 122 140
151 52 151
57 57
95 61 95
62 62
63 63 163
64 64
126 65
11 66
132 67
70 70 146
72 72
73 73
74 74
75 75 130
77 77
79 79
175 81
82 82
128 84
86 86
87 87 136
176 90 121 176
98 98
99 99
101 101 172
113 102
170 108 170
109 109
110 110
23 111
131 115 131
116 116
117 117
104 124
141 125 141
161 137 161
143 143
89 168
171 171
174 174
