0 10 20 30 40 50 60 70 80 90 100 110 120 130 140 150 160 170 160 150 140 130 131 141 151 142 152 162 172 21 31 41 51 61 71 81 91 82 92 102 112 1 2 12 22 32 42 52 3 13 23 33 43 53 63 73 83 93 103 113 123 133 143 153 163 173 104 114 124 134 144 154 164 174 64 74 84 75 85 95 105 115 125 135 145 155 165 175 96 106 116 126 136 146 156 166 176 186 4 5 15 25 35 45 26 36 46 56 66 6 7 17 27 37 47 57 67 77 87 97 107 117 127 137 147 157 98 108 118 128 138 148 158 168 178 38 48 58 68 78 88 89 99 109 119 129 139 149 8 7 6 5 4 3 2 1 0
78
3 3
4 4 24
6 6
8 8 19 28
1 11
12 12
13 13
15 15
17 17
20 20
22 22
26 26
27 27
30 30
31 31
33 33
35 35
36 36
40 40
43 43
45 45 55
46 46
47 47
51 51
52 52 62
53 54
56 56
57 57
58 58
63 63
64 64
66 66 76
73 73
75 75
77 77
80 80
82 82
84 84 94
85 85
87 87
89 89
90 90
91 91 111
92 92
95 95
104 104
105 105
107 107
112 112 132
114 114
115 115
119 119
123 123
124 124
126 126
135 135
137 137
138 138
139 139
143 143
147 147
148 148
149 149 159
150 150
151 151 161
155 155
156 156
157 157 167
158 158
162 162
168 168
170 171 180
172 172 192
173 173 193
174 174 184
175 175 185
178 178 188
186 186 196
