Loc1 Loc114 Loc10 Loc143 Loc10 Loc114 Loc1 Loc16 Loc42 Loc64 Loc48 Loc162 Loc17 Loc162 Loc48 Loc64 Loc42 Loc16 Loc1 Loc100 Loc156 Loc125 Loc157 Loc38 Loc152 Loc34 Loc88 Loc2 Loc49 Loc76 Loc131 Loc199 Loc14 Loc187 Loc182 Loc139 Loc15 Loc121 Loc195 Loc56 Loc165 Loc188 Loc66 Loc134 Loc106 Loc70 Loc116 Loc65 Loc116 Loc70 Loc23 Loc70 Loc106 Loc134 Loc190 Loc138 Loc28 Loc176 Loc47 Loc168 Loc117 Loc193 Loc51 Loc102 Loc155 Loc99 Loc120 Loc148 Loc60 Loc174 Loc118 Loc93 Loc8 Loc150 Loc183 Loc22 Loc3 Loc29 Loc167 Loc198 Loc80 Loc45 Loc96 Loc186 Loc79 Loc86 Loc178 Loc147 Loc130 Loc194 Loc94 Loc194 Loc130 Loc147 Loc178 Loc86 Loc79 Loc186 Loc96 Loc198 Loc167 Loc29 Loc3 Loc22 Loc183 Loc150 Loc153 Loc90 Loc43 Loc44 Loc197 Loc158 Loc58 Loc161 Loc135 Loc98 Loc75 Loc185 Loc133 Loc164 Loc82 Loc11 Loc126 Loc55 Loc191 Loc26 Loc145 Loc146 Loc36 Loc113 Loc151 Loc59 Loc151 Loc113 Loc36 Loc152 Loc38 Loc157 Loc125 Loc68 Loc125 Loc156 Loc100 Loc1
71
Loc193 Loc0
Loc3 Loc3
Loc121 Loc5 Loc189
Loc191 Loc6 Loc159
Loc131 Loc7
Loc8 Loc8
Loc168 Loc9 Loc168
Loc11 Loc11
Loc143 Loc13 Loc143
Loc14 Loc14
Loc15 Loc15
Loc16 Loc16
Loc17 Loc17 Loc57
Loc88 Loc18
Loc165 Loc19 Loc110 Loc177
Loc158 Loc20 Loc132 Loc140
Loc23 Loc23 Loc95
Loc146 Loc25 Loc97 Loc175
Loc178 Loc27
Loc1 Loc30
Loc47 Loc31 Loc83 Loc163
Loc70 Loc32 Loc124
Loc55 Loc33
Loc162 Loc37 Loc54 Loc144
Loc38 Loc38
Loc68 Loc39 Loc52
Loc44 Loc44
Loc49 Loc46
Loc98 Loc50 Loc85
Loc51 Loc51
Loc22 Loc53
Loc60 Loc60
Loc155 Loc61 Loc109
Loc45 Loc62 Loc170
Loc65 Loc65 Loc160
Loc10 Loc67 Loc107 Loc137
Loc64 Loc71
Loc36 Loc74
Loc75 Loc75 Loc111
Loc76 Loc76
Loc113 Loc77
Loc194 Loc91
Loc94 Loc94 Loc128
Loc96 Loc96
Loc99 Loc99
Loc100 Loc100
Loc174 Loc101
Loc157 Loc103
Loc106 Loc106
Loc118 Loc118
Loc186 Loc122
Loc58 Loc129
Loc133 Loc133 Loc171
Loc126 Loc141
Loc145 Loc145
Loc147 Loc147
Loc135 Loc149
Loc153 Loc153
Loc48 Loc154 Loc172
Loc167 Loc167
Loc176 Loc176
Loc56 Loc180
Loc182 Loc182
Loc183 Loc183
Loc188 Loc188
Loc190 Loc190
Loc156 Loc192
Loc195 Loc195
Loc197 Loc197
Loc151 Loc151
Loc59 Loc59 Loc123
