pace voice financial respect audience class exclusive dip joint demand pain demand cigarette demand joint dip exclusive class disclose skeleton understand figure banana king guarantee dialogue prison solve tolerate forge tolerate solve prison dialogue romantic straighten quality straighten romantic sign legislation enhance dough enhance legislation sign romantic dialogue guarantee king banana judicial glasses judicial banana figure understand paper understand skeleton disclose class audience respect bitter respect injection interactive throne stroke thirsty certain page certain sunrise title shy market miserable environment approval gate mystery gate circulation gate approval environment miserable market shy title sunrise certain thirsty stroke throne interactive injection respect financial voice pace
34
shy shy nationalist
paper swear paper
dough dough linger
pain pain brake
exclusive buffet exclusive
circulation circulation output
class class
dialogue tool likely
interactive honor
prison prison
page imposter page
guarantee guarantee seize
approval other
bitter rob bitter
sunrise sunrise
voice voice
forge winner vegetarian
tolerate tolerate
stroke lake
quality headline quality
throne throne
glasses glasses autonomy
cigarette tablet cigarette
legislation legislation
mystery enter mystery
enhance enhance thumb
disclose injury
dip dip
figure figure
demand demand
financial financial
title title
king king
sign sign
