pace other quadruple ask enemy control beg ex teacher hospitality terms deter note deter linger vegetarian linger decisive tolerate injury flag home flag injury demand feature quiet labour figure clay rage clay figure labour quiet feature demand injury tolerate decisive linger deter terms hospitality teacher ex beg joystick guarantee attraction guarantee joystick swop nationalist acceptance double approval pier bleed curriculum bleed smile bleed sign speaker due ignore shiver blonde native development exempt dramatic opposed dip opposed dramatic exempt buffet election lifestyle election buffet exempt development confrontation development native blonde virgin blonde science begin science separate page separate science blonde shiver ignore due speaker sign honor comfortable likely comfortable honor sign bleed environment bleed pier interactive error shy gate identity gate shy error interactive notebook fortune financial mercy mixture joint single country triple prospect title mystery driver mystery title prospect triple country throne boom throne country single joint mixture mercy embarrassment sunrise rent sunrise embarrassment mercy financial fortune notebook interactive pier approval double acceptance assume railcar tool railcar assume acceptance nationalist swop joystick bowel brake profound view dive view profound coast profound brake bowel joystick beg control enemy ask quadruple other pace
67
dip exclusive dip
identity identity straighten
profound injection profound
vegetarian market exile
acceptance acceptance
exempt exempt
rage coffin rage
begin begin dough
teacher teacher
boom autonomy boom
development development skeleton
view drawer
control control
swop swop electronics
approval stress
ignore audience ignore
injury injury
deter deter
environment environment interface
virgin virgin assignment
note tablet note
joint output
terms thumb
throne structure throne respect
buffet buffet
likely viable likely
dive coincide dive
rent atmosphere rent
lifestyle cotton lifestyle
triple triple
page mature page
pier pig
enemy spoil illusion enemy
curriculum curriculum offset
driver widen driver
shiver shiver
smile smile headline
flag flag
linger physics
railcar railcar
mercy mercy
error error
decisive decisive greeting
home candle home
demand rob
brake scheme
country knot country
comfortable comfortable
native native
guarantee guarantee
coast coast swear
other other
confrontation confrontation forge
pace pace
ask ask
attraction imposter attraction excuse
quadruple quadruple
tool liver tool
notebook pardon
due due
bowel bowel
financial financial
interactive interactive
mixture chair
election election
feature feature
blonde pipe
