9iIwk 6EWVx jT5CK HOs1b qkJ6b QVYVG q0lus 1uRw3 knY3U jAwQw aHGHb jAwQw knY3U 1uRw3 WJNpN AgYPL YH6mk Y7IDR YH6mk 5ioW1 Be0ab XZKtP Be0ab 5ioW1 YH6mk WJNpN 1uRw3 Ri2t4 1uRw3 q0lus QVYVG LZomt QVYVG HOs1b jT5CK 6EWVx 9iIwk jASvw AQ02H MA43U ZzWHp oqPYQ jASvw 9iIwk h2rea 0mah3 ChXAd 0mah3 rrNj1 Esl6u fS0W8 k64Ok BnAjj ZgtaX veOJ7 ZgtaX BnAjj k64Ok fS0W8 Esl6u rrNj1 0mah3 h2rea 9iIwk
26
WJNpN 5VT1H
jT5CK jT5CK 5BDPJ
XZKtP bXinH XZKtP dw7aX
qkJ6b qkJ6b XYzcU 1xmtC
Y7IDR Y7IDR 4a0W8
AgYPL AgYPL tnjfN
knY3U vE0Pj
9iIwk 5R5Xa 9iIwk
ZzWHp iEXNY Mj2eQ ZzWHp
aHGHb WGJpQ kmzhT aHGHb
1uRw3 1uRw3 1pxZM
ChXAd 1eRkH ChXAd
veOJ7 veOJ7 iCgvV
YH6mk YH6mk
jAwQw jAwQw
Ri2t4 Ri2t4 y89SK
QVYVG jYfXn 7G74f RhUVQ
h2rea h2rea
jASvw jASvw
5ioW1 5ioW1
LZomt SgDk6 LZomt
ZgtaX JgjFI pXCjI Vake4 ZgtaX
oqPYQ 0GdkR oqPYQ
fS0W8 fS0W8 p9vQm
Be0ab Be0ab
BnAjj BnAjj
