create glide denial dilemma formation work fuss magnitude perception nationalism thread breakin dialect mind maze mind colon vote whole basketball direct domestic bring steward bring domestic direct vote colon mind dialect breakin bracket minimize thread battery thread nationalism perception magnitude fuss work formation dilemma denial glide create appear feign appear create childish tribe car top scrap cancel scrap top car traction shelter farewell shelter traction car tribe childish seller equinox east equinox seller belief seller childish create
30
vote merit pastel
cancel hide cancel
steward predict steward
fuss fuss
direct direct exotic
glide contract creation
scrap scrap accessible
denial linear community
bracket pride bracket
east crew absorption
maze prove maze
dialect think
battery battery concern
basketball celebration basketball
nationalism nationalism
minimize adult minimize
formation tin skip
feign feign deck
farewell farewell pupil
childish ballot childish company
perception perception
breakin breakin
colon colon
belief dose belief
magnitude transmission magnitude
shelter suffer
top top
appear appear
mind mechanism
thread line
