loc0 loc11 loc120 loc66 loc93 loc116 loc27 loc58 loc33 loc108 loc14 loc18 loc192 loc141 loc52 loc159 loc184 loc15 loc112 loc96 loc140 loc72 loc177 loc94 loc117 loc22 loc186 loc34 loc78 loc26 loc69 loc176 loc147 loc84 loc139 loc42 loc88 loc153 loc138 loc67 loc114 loc109 loc24 loc46 loc3 loc30 loc162 loc180 loc134 loc90 loc21 loc90 loc163 loc144 loc148 loc105 loc48 loc106 loc165 loc126 loc135 loc60 loc28 loc60 loc135 loc126 loc165 loc106 loc105 loc148 loc144 loc13 loc198 loc83 loc174 loc182 loc45 loc70 loc168 loc118 loc123 loc130 loc171 loc12 loc191 loc132 loc19 loc150 loc102 loc36 loc102 loc150 loc19 loc12 loc171 loc0
61
loc0 loc0
loc132 loc2 loc38 loc62 loc74 loc124 loc132
loc165 loc4 loc128
loc45 loc6 loc164
loc147 loc8 loc188
loc48 loc10 loc48
loc12 loc12
loc14 loc14
loc28 loc16 loc28 loc98
loc18 loc18 loc100 loc172 loc178
loc144 loc20 loc32 loc144
loc22 loc22 loc82
loc24 loc24
loc26 loc26
loc30 loc30
loc34 loc34 loc160
loc36 loc36 loc68 loc196
loc123 loc40 loc110
loc42 loc42
loc198 loc44 loc198
loc46 loc46
loc105 loc50
loc52 loc52
loc72 loc54 loc72
loc174 loc56 loc174 loc190
loc58 loc58 loc92
loc60 loc60
loc177 loc64 loc86 loc142
loc66 loc66 loc156
loc70 loc70 loc166
loc130 loc76 loc130
loc78 loc78
loc192 loc80 loc122 loc192
loc84 loc84
loc88 loc88
loc90 loc90
loc94 loc94
loc96 loc96
loc102 loc102
loc21 loc104 loc170
loc106 loc106
loc108 loc108
loc112 loc112
loc114 loc114
loc116 loc116
loc118 loc118
loc120 loc120
loc126 loc126
loc134 loc134
loc117 loc136 loc154 loc158 loc194
loc138 loc138 loc152
loc140 loc140
loc150 loc146 loc150
loc148 loc148
loc162 loc162
loc168 loc168
loc176 loc176
loc180 loc180
loc182 loc182
loc184 loc184
loc186 loc186
