0 1 2 3 7 13 18 24 18 13 7 2 1 6 12 17 23 28 34 28 23 17 12 6 1 0 5 10 15 20 25 30 35 40 45 50 55 60 65 70 75 80 85 91 85 80 75 70 65 60 55 61 66 72 77 83 88 94 88 83 77 72 66 61 55 50 45 40 35 41 46 52 57 52 46 41 35 30 25 31 36 42 47 53 58 64 58 53 47 42 36 31 25 20 15 21 26 32 37 43 37 32 26 21 15 10 5 11 16 22 27 33 38 44 38 33 27 22 16 11 5 0
39
45 89 45
10 10
64 64 69
66 66
83 83
46 46
61 61
35 35
0 0
94 99 94
18 18
43 43 48
44 44 49
34 39 34
57 63 57
70 70
24 24 29
75 92
37 37
17 17
11 11
38 38
3 3 8
20 20
47 47
85 85 90
91 96 91
52 52
55 55
65 65
41 41
13 13
2 2
30 30
5 5
7 7
6 6
21 21
16 16
