BU FF DU AL BJ CV AW FU DH FU AW BP BQ CE GN CE AE CE BQ GE FT BR DL GB AA CY AA GB DL BR AH FI AH GZ DW DB GY CW BI CW FN HI BW AO CR AO EG GO AD CS AD GO DE FB GF DS GF FB DE CK DE GO EG AO BW HI BM BH BM HI FN CW GY DB DW FL EM DF EM FL DW GG DD GP DD GG DW GZ GW CP GC GV HP EF HP GV GC BR FT GE EP FS EP GE DK GE BQ CX BQ BP AR CQ AR BP AW CA AW CV BJ AL BB AT CM AT GX AT GM BE GM AT HA AT BB AL DU GA AM EH AM GA DU BT DU FF BZ FF BU
59
DH DV AY
FS EC FS
BZ AN BZ ER
EF DR DJ
BW BW
BH FD BF BH
CX CX CZ
DK DK DM
FU EO FU
GN GN DQ
FN FN
BU BU
BT FG FP
DE FW AQ DE FY
DF BK FR
EG HC EG CD
DL CT DL
AE EL AE
DS DS GT BA
BE HJ BE
CM CM GQ
CY CY DI
CQ CQ DZ DT
CV CV
AM GK
FF FF
EH EH AX
HI HG
HP HM HP
GY GY
CK CK EY
CS CI CS
GA GA
GC EK
GP GP EV
FL FL
BI AF AV
HA ET HA
DW DP EN
AR EQ AR
AH BY
BM BM
CP CO AP
AT AT
CA HF CA
FB FB
CR BN CR
FI GS FI
GO GO
AL GH
AO DX
GX HH ES
GM GM
CW CW
GE GE
BQ BQ
DD DD
DU DU
AA BG
