l0 h0 l23 h49 h12 l15 h14 h24 h44 h25 h39 l13 l36 h41 l18 h5 h3 h8 l1 l2 h6 h42 h7 h42 h6 l42 h11 l4 l37 l29 l32 l5 l12 h17 l12 l5 l32 h38 h34 h47 l34 h18 h31 l31 h29 l30 h30 h21 h30 h20 l6 h20 h30 l30 h29 l31 h31 h18 l34 l0
34
h0 h0
l0 h1
l6 h2 h19 h48
h3 h3
h8 h4 h8
h5 h5
h6 h6
h7 h7 h10
h11 h9 h11
h12 h12 h13
h14 h14
h38 h15 h38
l12 h16
h17 h17 h37 h43
h18 h18
h20 h20 h28
h21 h21 h22
l30 h23 h27
h24 h24
h25 h25
l13 h26 h40
h29 h29 h32
h30 h30
h31 h31
h47 h33 h47
h34 h34
h41 h35 h41
l32 h36
h39 h39
h42 h42
h44 h44
l1 h45
l36 h46
h49 h49
