55 57 182 173 177 162 130 161 20 89 149 100 171 125 188 125 80 102 88 66 43 140 58 23 10 163 184 153 75 180 85 56 90 146 191 144 40 42 62 179 122 50 6 113 15 97 109 175 3 18 187 99 74 99 187 18 3 175 109 155 54 127 53 178 28 178 53 8 44 67 76 52 64 116 134 32 150 103 167 156 31 30 164 126 34 2 170 27 124 131 39 121 168 7 138 14 138 7 168 121 39 131 89 20 161 130 162 177 45 91 48 63 106 51 120 158 120 51 106 63 48 33 82 83 137 111 176 189 186 96 59 104 119 104 59 96 186 33 48 91 55
74
40 40
161 11
140 140
33 33
59 159 59
97 97
146 146
149 149
45 12 45
170 170
63 63
119 119 152
184 184
28 172 114
188 81 188
14 17 36
32 32
91 91
122 61 122
66 26 66
27 27
3 148
153 78 107 153
182 101 182
62 62
76 76
111 111
23 133
88 88
89 185
90 90
162 162
150 49 150
58 58 166
186 186
189 189 71
138 118
144 181
74 74 77
67 67
15 15 135 13
158 29 158
83 83
53 53
18 41
171 171
134 134
54 54
175 175
177 177 16
130 151
43 43
116 116
106 106
124 105 160
179 179
80 86 80
163 163
131 131
56 56
48 115 48
57 57
137 137
8 8
109 109
126 126
42 42
85 85
113 113
20 20
173 173
44 9
30 30
168 168
