x61 x44 x79 x85 x99 x43 x81 x76 x0 x18 x71 x3 x20 x1 x55 x73 x94 x48 x94 x60 x50 x86 x84 x31 x84 x12 x84 x86 x50 x21 x95 x91 x95 x57 x7 x57 x95 x21 x50 x60 x94 x65 x94 x73 x55 x3 x49 x59 x90 x87 x90 x4 x69 x23 x69 x4 x90 x44 x61 x5 x61
33
x50 x89
x18 x18
x23 x34 x23
x73 x2
x43 x43
x7 x7 x32
x31 x31 x88
x12 x12 x97
x94 x94
x86 x98
x99 x99
x49 x49
x91 x37 x28 x91
x85 x58 x93
x1 x30 x1
x44 x42
x57 x40
x3 x3 x26
x87 x80 x87 x39 x53
x81 x81
x95 x95
x5 x46 x5
x79 x79
x65 x96 x68
x59 x13 x59
x71 x8 x71
x90 x90
x48 x66 x52
x20 x54
x61 x61
x21 x21
x0 x0
x55 x55
